# JRE version: OpenJDK Runtime Environment (11.0.13) (build 11.0.13+0-b1751.21-8125866)
# Java VM: OpenJDK 64-Bit Server VM (11.0.13+0-b1751.21-8125866, mixed mode, tiered, compressed oops, g1 gc, windows-amd64)
Heap:
 garbage-first heap   total 632832K, used 262714K [0x00000000a0000000, 0x0000000100000000)
  region size 1024K, 5 young (5120K), 5 survivors (5120K)
 Metaspace       used 127682K, capacity 130755K, committed 130844K, reserved 1163264K
  class space    used 15230K, capacity 16377K, committed 16460K, reserved 1048576K
GC Heap History (20 events):
Event: 60.643 GC heap after
{Heap after GC invocations=105 (full 0):
 garbage-first heap   total 291840K, used 243689K [0x00000000a0000000, 0x0000000100000000)
  region size 1024K, 2 young (2048K), 2 survivors (2048K)
 Metaspace       used 124960K, capacity 127908K, committed 128028K, reserved 1161216K
  class space    used 15062K, capacity 16186K, committed 16204K, reserved 1048576K
}
Event: 60.689 GC heap before
{Heap before GC invocations=105 (full 0):
 garbage-first heap   total 291840K, used 255977K [0x00000000a0000000, 0x0000000100000000)
  region size 1024K, 14 young (14336K), 2 survivors (2048K)
 Metaspace       used 124963K, capacity 127910K, committed 128028K, reserved 1161216K
  class space    used 15062K, capacity 16186K, committed 16204K, reserved 1048576K
}
Event: 60.694 GC heap after
{Heap after GC invocations=106 (full 0):
 garbage-first heap   total 291840K, used 245711K [0x00000000a0000000, 0x0000000100000000)
  region size 1024K, 2 young (2048K), 2 survivors (2048K)
 Metaspace       used 124963K, capacity 127910K, committed 128028K, reserved 1161216K
  class space    used 15062K, capacity 16186K, committed 16204K, reserved 1048576K
}
Event: 60.757 GC heap before
{Heap before GC invocations=106 (full 0):
 garbage-first heap   total 291840K, used 257999K [0x00000000a0000000, 0x0000000100000000)
  region size 1024K, 14 young (14336K), 2 survivors (2048K)
 Metaspace       used 124973K, capacity 127910K, committed 128028K, reserved 1161216K
  class space    used 15062K, capacity 16186K, committed 16204K, reserved 1048576K
}
Event: 60.763 GC heap after
{Heap after GC invocations=107 (full 0):
 garbage-first heap   total 291840K, used 247682K [0x00000000a0000000, 0x0000000100000000)
  region size 1024K, 2 young (2048K), 2 survivors (2048K)
 Metaspace       used 124973K, capacity 127910K, committed 128028K, reserved 1161216K
  class space    used 15062K, capacity 16186K, committed 16204K, reserved 1048576K
}
Event: 60.817 GC heap before
{Heap before GC invocations=107 (full 0):
 garbage-first heap   total 291840K, used 259970K [0x00000000a0000000, 0x0000000100000000)
  region size 1024K, 14 young (14336K), 2 survivors (2048K)
 Metaspace       used 124974K, capacity 127910K, committed 128028K, reserved 1161216K
  class space    used 15062K, capacity 16186K, committed 16204K, reserved 1048576K
}
Event: 60.822 GC heap after
{Heap after GC invocations=108 (full 0):
 garbage-first heap   total 291840K, used 249262K [0x00000000a0000000, 0x0000000100000000)
  region size 1024K, 2 young (2048K), 2 survivors (2048K)
 Metaspace       used 124974K, capacity 127910K, committed 128028K, reserved 1161216K
  class space    used 15062K, capacity 16186K, committed 16204K, reserved 1048576K
}
Event: 60.875 GC heap before
{Heap before GC invocations=108 (full 0):
 garbage-first heap   total 291840K, used 261550K [0x00000000a0000000, 0x0000000100000000)
  region size 1024K, 14 young (14336K), 2 survivors (2048K)
 Metaspace       used 125001K, capacity 127977K, committed 128028K, reserved 1161216K
  class space    used 15064K, capacity 16187K, committed 16204K, reserved 1048576K
}
Event: 60.881 GC heap after
{Heap after GC invocations=109 (full 0):
 garbage-first heap   total 291840K, used 251252K [0x00000000a0000000, 0x0000000100000000)
  region size 1024K, 2 young (2048K), 2 survivors (2048K)
 Metaspace       used 125001K, capacity 127977K, committed 128028K, reserved 1161216K
  class space    used 15064K, capacity 16187K, committed 16204K, reserved 1048576K
}
Event: 60.986 GC heap before
{Heap before GC invocations=109 (full 0):
 garbage-first heap   total 291840K, used 263540K [0x00000000a0000000, 0x0000000100000000)
  region size 1024K, 14 young (14336K), 2 survivors (2048K)
 Metaspace       used 125204K, capacity 128181K, committed 128284K, reserved 1161216K
  class space    used 15072K, capacity 16189K, committed 16204K, reserved 1048576K
}
Event: 60.997 GC heap after
{Heap after GC invocations=110 (full 0):
 garbage-first heap   total 291840K, used 253793K [0x00000000a0000000, 0x0000000100000000)
  region size 1024K, 2 young (2048K), 2 survivors (2048K)
 Metaspace       used 125204K, capacity 128181K, committed 128284K, reserved 1161216K
  class space    used 15072K, capacity 16189K, committed 16204K, reserved 1048576K
}
Event: 61.045 GC heap before
{Heap before GC invocations=110 (full 0):
 garbage-first heap   total 291840K, used 266081K [0x00000000a0000000, 0x0000000100000000)
  region size 1024K, 14 young (14336K), 2 survivors (2048K)
 Metaspace       used 125212K, capacity 128181K, committed 128284K, reserved 1161216K
  class space    used 15072K, capacity 16189K, committed 16204K, reserved 1048576K
}
Event: 61.060 GC heap after
{Heap after GC invocations=111 (full 0):
 garbage-first heap   total 475136K, used 254944K [0x00000000a0000000, 0x0000000100000000)
  region size 1024K, 1 young (1024K), 1 survivors (1024K)
 Metaspace       used 125212K, capacity 128181K, committed 128284K, reserved 1161216K
  class space    used 15072K, capacity 16189K, committed 16204K, reserved 1048576K
}
Event: 61.497 GC heap before
{Heap before GC invocations=112 (full 0):
 garbage-first heap   total 475136K, used 321504K [0x00000000a0000000, 0x0000000100000000)
  region size 1024K, 66 young (67584K), 1 survivors (1024K)
 Metaspace       used 126860K, capacity 129898K, committed 130076K, reserved 1163264K
  class space    used 15224K, capacity 16375K, committed 16460K, reserved 1048576K
}
Event: 61.504 GC heap after
{Heap after GC invocations=113 (full 0):
 garbage-first heap   total 475136K, used 257764K [0x00000000a0000000, 0x0000000100000000)
  region size 1024K, 4 young (4096K), 4 survivors (4096K)
 Metaspace       used 126860K, capacity 129898K, committed 130076K, reserved 1163264K
  class space    used 15224K, capacity 16375K, committed 16460K, reserved 1048576K
}
Event: 61.979 GC heap before
{Heap before GC invocations=113 (full 0):
 garbage-first heap   total 475136K, used 329444K [0x00000000a0000000, 0x0000000100000000)
  region size 1024K, 74 young (75776K), 4 survivors (4096K)
 Metaspace       used 127443K, capacity 130434K, committed 130588K, reserved 1163264K
  class space    used 15230K, capacity 16377K, committed 16460K, reserved 1048576K
}
Event: 61.990 GC heap after
{Heap after GC invocations=114 (full 0):
 garbage-first heap   total 475136K, used 259859K [0x00000000a0000000, 0x0000000100000000)
  region size 1024K, 6 young (6144K), 6 survivors (6144K)
 Metaspace       used 127443K, capacity 130434K, committed 130588K, reserved 1163264K
  class space    used 15230K, capacity 16377K, committed 16460K, reserved 1048576K
}
Event: 62.452 GC heap before
{Heap before GC invocations=114 (full 0):
 garbage-first heap   total 475136K, used 338707K [0x00000000a0000000, 0x0000000100000000)
  region size 1024K, 83 young (84992K), 6 survivors (6144K)
 Metaspace       used 127651K, capacity 130627K, committed 130844K, reserved 1163264K
  class space    used 15230K, capacity 16377K, committed 16460K, reserved 1048576K
}
Event: 62.463 GC heap after
{Heap after GC invocations=115 (full 0):
 garbage-first heap   total 475136K, used 261738K [0x00000000a0000000, 0x0000000100000000)
  region size 1024K, 8 young (8192K), 8 survivors (8192K)
 Metaspace       used 127651K, capacity 130627K, committed 130844K, reserved 1163264K
  class space    used 15230K, capacity 16377K, committed 16460K, reserved 1048576K
}
Event: 62.784 GC heap before
{Heap before GC invocations=115 (full 0):
 garbage-first heap   total 475136K, used 346730K [0x00000000a0000000, 0x0000000100000000)
  region size 1024K, 91 young (93184K), 8 survivors (8192K)
 Metaspace       used 127682K, capacity 130755K, committed 130844K, reserved 1163264K
  class space    used 15230K, capacity 16377K, committed 16460K, reserved 1048576K
}

