# JRE version: OpenJDK Runtime Environment (8.0_242-b01) (build 1.8.0_242-release-1644-b01)
# Java VM: OpenJDK 64-Bit Server VM (25.242-b01 mixed mode windows-amd64 compressed oops)
Heap:
 PSYoungGen      total 464384K, used 2432K [0x00000000e0000000, 0x0000000100000000, 0x0000000100000000)
  eden space 431104K, 0% used [0x00000000e0000000,0x00000000e0000000,0x00000000fa500000)
  from space 33280K, 7% used [0x00000000fdf80000,0x00000000fe1e0000,0x0000000100000000)
  to   space 46592K, 0% used [0x00000000fa500000,0x00000000fa500000,0x00000000fd280000)
 ParOldGen       total 105984K, used 93296K [0x00000000a0000000, 0x00000000a6780000, 0x00000000e0000000)
  object space 105984K, 88% used [0x00000000a0000000,0x00000000a5b1c008,0x00000000a6780000)
 Metaspace       used 93994K, capacity 98536K, committed 98584K, reserved 1134592K
  class space    used 12385K, capacity 13337K, committed 13352K, reserved 1048576K
GC Heap History (10 events):
Event: 34.735 GC heap after
Heap after GC invocations=11 (full 2):
 PSYoungGen      total 461824K, used 21225K [0x00000000e0000000, 0x0000000100000000, 0x0000000100000000)
  eden space 438784K, 0% used [0x00000000e0000000,0x00000000e0000000,0x00000000fac80000)
  from space 23040K, 92% used [0x00000000fac80000,0x00000000fc13a548,0x00000000fc300000)
  to   space 26112K, 0% used [0x00000000fe680000,0x00000000fe680000,0x0000000100000000)
 ParOldGen       total 72704K, used 28300K [0x00000000a0000000, 0x00000000a4700000, 0x00000000e0000000)
  object space 72704K, 38% used [0x00000000a0000000,0x00000000a1ba3280,0x00000000a4700000)
 Metaspace       used 57044K, capacity 59112K, committed 59160K, reserved 1099776K
  class space    used 7740K, capacity 8197K, committed 8232K, reserved 1048576K
}
Event: 34.735 GC heap before
{Heap before GC invocations=12 (full 3):
 PSYoungGen      total 461824K, used 21225K [0x00000000e0000000, 0x0000000100000000, 0x0000000100000000)
  eden space 438784K, 0% used [0x00000000e0000000,0x00000000e0000000,0x00000000fac80000)
  from space 23040K, 92% used [0x00000000fac80000,0x00000000fc13a548,0x00000000fc300000)
  to   space 26112K, 0% used [0x00000000fe680000,0x00000000fe680000,0x0000000100000000)
 ParOldGen       total 72704K, used 28300K [0x00000000a0000000, 0x00000000a4700000, 0x00000000e0000000)
  object space 72704K, 38% used [0x00000000a0000000,0x00000000a1ba3280,0x00000000a4700000)
 Metaspace       used 57044K, capacity 59112K, committed 59160K, reserved 1099776K
  class space    used 7740K, capacity 8197K, committed 8232K, reserved 1048576K
Event: 34.918 GC heap after
Heap after GC invocations=12 (full 3):
 PSYoungGen      total 461824K, used 0K [0x00000000e0000000, 0x0000000100000000, 0x0000000100000000)
  eden space 438784K, 0% used [0x00000000e0000000,0x00000000e0000000,0x00000000fac80000)
  from space 23040K, 0% used [0x00000000fac80000,0x00000000fac80000,0x00000000fc300000)
  to   space 26112K, 0% used [0x00000000fe680000,0x00000000fe680000,0x0000000100000000)
 ParOldGen       total 105984K, used 36165K [0x00000000a0000000, 0x00000000a6780000, 0x00000000e0000000)
  object space 105984K, 34% used [0x00000000a0000000,0x00000000a2351520,0x00000000a6780000)
 Metaspace       used 57035K, capacity 59082K, committed 59160K, reserved 1099776K
  class space    used 7737K, capacity 8192K, committed 8232K, reserved 1048576K
}
Event: 75.101 GC heap before
{Heap before GC invocations=13 (full 3):
 PSYoungGen      total 461824K, used 438784K [0x00000000e0000000, 0x0000000100000000, 0x0000000100000000)
  eden space 438784K, 100% used [0x00000000e0000000,0x00000000fac80000,0x00000000fac80000)
  from space 23040K, 0% used [0x00000000fac80000,0x00000000fac80000,0x00000000fc300000)
  to   space 26112K, 0% used [0x00000000fe680000,0x00000000fe680000,0x0000000100000000)
 ParOldGen       total 105984K, used 36165K [0x00000000a0000000, 0x00000000a6780000, 0x00000000e0000000)
  object space 105984K, 34% used [0x00000000a0000000,0x00000000a2351520,0x00000000a6780000)
 Metaspace       used 75841K, capacity 79116K, committed 79384K, reserved 1118208K
  class space    used 10278K, capacity 10956K, committed 11048K, reserved 1048576K
Event: 75.186 GC heap after
Heap after GC invocations=13 (full 3):
 PSYoungGen      total 483840K, used 26111K [0x00000000e0000000, 0x0000000100000000, 0x0000000100000000)
  eden space 457728K, 0% used [0x00000000e0000000,0x00000000e0000000,0x00000000fbf00000)
  from space 26112K, 99% used [0x00000000fe680000,0x00000000fffffff8,0x0000000100000000)
  to   space 33280K, 0% used [0x00000000fbf00000,0x00000000fbf00000,0x00000000fdf80000)
 ParOldGen       total 105984K, used 44169K [0x00000000a0000000, 0x00000000a6780000, 0x00000000e0000000)
  object space 105984K, 41% used [0x00000000a0000000,0x00000000a2b22760,0x00000000a6780000)
 Metaspace       used 75841K, capacity 79116K, committed 79384K, reserved 1118208K
  class space    used 10278K, capacity 10956K, committed 11048K, reserved 1048576K
}
Event: 3151.520 GC heap before
{Heap before GC invocations=14 (full 3):
 PSYoungGen      total 483840K, used 483839K [0x00000000e0000000, 0x0000000100000000, 0x0000000100000000)
  eden space 457728K, 100% used [0x00000000e0000000,0x00000000fbf00000,0x00000000fbf00000)
  from space 26112K, 99% used [0x00000000fe680000,0x00000000fffffff8,0x0000000100000000)
  to   space 33280K, 0% used [0x00000000fbf00000,0x00000000fbf00000,0x00000000fdf80000)
 ParOldGen       total 105984K, used 44169K [0x00000000a0000000, 0x00000000a6780000, 0x00000000e0000000)
  object space 105984K, 41% used [0x00000000a0000000,0x00000000a2b22760,0x00000000a6780000)
 Metaspace       used 92340K, capacity 96890K, committed 97176K, reserved 1132544K
  class space    used 12241K, capacity 13164K, committed 13224K, reserved 1048576K
Event: 3151.572 GC heap after
Heap after GC invocations=14 (full 3):
 PSYoungGen      total 491008K, used 33256K [0x00000000e0000000, 0x0000000100000000, 0x0000000100000000)
  eden space 457728K, 0% used [0x00000000e0000000,0x00000000e0000000,0x00000000fbf00000)
  from space 33280K, 99% used [0x00000000fbf00000,0x00000000fdf7a1f8,0x00000000fdf80000)
  to   space 33280K, 0% used [0x00000000fdf80000,0x00000000fdf80000,0x0000000100000000)
 ParOldGen       total 105984K, used 66840K [0x00000000a0000000, 0x00000000a6780000, 0x00000000e0000000)
  object space 105984K, 63% used [0x00000000a0000000,0x00000000a4146048,0x00000000a6780000)
 Metaspace       used 92340K, capacity 96890K, committed 97176K, reserved 1132544K
  class space    used 12241K, capacity 13164K, committed 13224K, reserved 1048576K
}
Event: 3153.314 GC heap before
{Heap before GC invocations=15 (full 3):
 PSYoungGen      total 491008K, used 114568K [0x00000000e0000000, 0x0000000100000000, 0x0000000100000000)
  eden space 457728K, 17% used [0x00000000e0000000,0x00000000e4f68200,0x00000000fbf00000)
  from space 33280K, 99% used [0x00000000fbf00000,0x00000000fdf7a1f8,0x00000000fdf80000)
  to   space 33280K, 0% used [0x00000000fdf80000,0x00000000fdf80000,0x0000000100000000)
 ParOldGen       total 105984K, used 66840K [0x00000000a0000000, 0x00000000a6780000, 0x00000000e0000000)
  object space 105984K, 63% used [0x00000000a0000000,0x00000000a4146048,0x00000000a6780000)
 Metaspace       used 93994K, capacity 98536K, committed 98584K, reserved 1134592K
  class space    used 12385K, capacity 13337K, committed 13352K, reserved 1048576K
Event: 3153.335 GC heap after
Heap after GC invocations=15 (full 3):
 PSYoungGen      total 464384K, used 2432K [0x00000000e0000000, 0x0000000100000000, 0x0000000100000000)
  eden space 431104K, 0% used [0x00000000e0000000,0x00000000e0000000,0x00000000fa500000)
  from space 33280K, 7% used [0x00000000fdf80000,0x00000000fe1e0000,0x0000000100000000)
  to   space 46592K, 0% used [0x00000000fa500000,0x00000000fa500000,0x00000000fd280000)
 ParOldGen       total 105984K, used 93296K [0x00000000a0000000, 0x00000000a6780000, 0x00000000e0000000)
  object space 105984K, 88% used [0x00000000a0000000,0x00000000a5b1c008,0x00000000a6780000)
 Metaspace       used 93994K, capacity 98536K, committed 98584K, reserved 1134592K
  class space    used 12385K, capacity 13337K, committed 13352K, reserved 1048576K
}
Event: 3153.335 GC heap before
{Heap before GC invocations=16 (full 4):
 PSYoungGen      total 464384K, used 2432K [0x00000000e0000000, 0x0000000100000000, 0x0000000100000000)
  eden space 431104K, 0% used [0x00000000e0000000,0x00000000e0000000,0x00000000fa500000)
  from space 33280K, 7% used [0x00000000fdf80000,0x00000000fe1e0000,0x0000000100000000)
  to   space 46592K, 0% used [0x00000000fa500000,0x00000000fa500000,0x00000000fd280000)
 ParOldGen       total 105984K, used 93296K [0x00000000a0000000, 0x00000000a6780000, 0x00000000e0000000)
  object space 105984K, 88% used [0x00000000a0000000,0x00000000a5b1c008,0x00000000a6780000)
 Metaspace       used 93994K, capacity 98536K, committed 98584K, reserved 1134592K
  class space    used 12385K, capacity 13337K, committed 13352K, reserved 1048576K

