# JRE version: OpenJDK Runtime Environment (11.0.13) (build 11.0.13+0-b1751.21-8125866)
# Java VM: OpenJDK 64-Bit Server VM (11.0.13+0-b1751.21-8125866, mixed mode, tiered, compressed oops, g1 gc, windows-amd64)
Heap:
 garbage-first heap   total 466944K, used 102247K [0x00000000a0000000, 0x0000000100000000)
  region size 1024K, 11 young (11264K), 11 survivors (11264K)
 Metaspace       used 93954K, capacity 96624K, committed 96720K, reserved 1132544K
  class space    used 12052K, capacity 13041K, committed 13088K, reserved 1048576K
GC Heap History (20 events):
Event: 11.236 GC heap after
{Heap after GC invocations=34 (full 0):
 garbage-first heap   total 114688K, used 64264K [0x00000000a0000000, 0x0000000100000000)
  region size 1024K, 4 young (4096K), 4 survivors (4096K)
 Metaspace       used 72059K, capacity 73820K, committed 74192K, reserved 1114112K
  class space    used 9260K, capacity 9899K, committed 10016K, reserved 1048576K
}
Event: 11.663 GC heap before
{Heap before GC invocations=35 (full 0):
 garbage-first heap   total 114688K, used 91912K [0x00000000a0000000, 0x0000000100000000)
  region size 1024K, 31 young (31744K), 4 survivors (4096K)
 Metaspace       used 75754K, capacity 77531K, committed 77648K, reserved 1116160K
  class space    used 9682K, capacity 10375K, committed 10400K, reserved 1048576K
}
Event: 11.670 GC heap after
{Heap after GC invocations=36 (full 0):
 garbage-first heap   total 114688K, used 66201K [0x00000000a0000000, 0x0000000100000000)
  region size 1024K, 4 young (4096K), 4 survivors (4096K)
 Metaspace       used 75754K, capacity 77531K, committed 77648K, reserved 1116160K
  class space    used 9682K, capacity 10375K, committed 10400K, reserved 1048576K
}
Event: 11.955 GC heap before
{Heap before GC invocations=36 (full 0):
 garbage-first heap   total 114688K, used 93849K [0x00000000a0000000, 0x0000000100000000)
  region size 1024K, 31 young (31744K), 4 survivors (4096K)
 Metaspace       used 77848K, capacity 79778K, committed 80080K, reserved 1118208K
  class space    used 9975K, capacity 10705K, committed 10784K, reserved 1048576K
}
Event: 12.019 GC heap after
{Heap after GC invocations=37 (full 0):
 garbage-first heap   total 138240K, used 68082K [0x00000000a0000000, 0x0000000100000000)
  region size 1024K, 4 young (4096K), 4 survivors (4096K)
 Metaspace       used 77848K, capacity 79778K, committed 80080K, reserved 1118208K
  class space    used 9975K, capacity 10705K, committed 10784K, reserved 1048576K
}
Event: 12.652 GC heap before
{Heap before GC invocations=38 (full 0):
 garbage-first heap   total 138240K, used 104946K [0x00000000a0000000, 0x0000000100000000)
  region size 1024K, 40 young (40960K), 4 survivors (4096K)
 Metaspace       used 81154K, capacity 83020K, committed 83152K, reserved 1122304K
  class space    used 10468K, capacity 11177K, committed 11296K, reserved 1048576K
}
Event: 12.661 GC heap after
{Heap after GC invocations=39 (full 0):
 garbage-first heap   total 138240K, used 70238K [0x00000000a0000000, 0x0000000100000000)
  region size 1024K, 4 young (4096K), 4 survivors (4096K)
 Metaspace       used 81154K, capacity 83020K, committed 83152K, reserved 1122304K
  class space    used 10468K, capacity 11177K, committed 11296K, reserved 1048576K
}
Event: 13.247 GC heap before
{Heap before GC invocations=39 (full 0):
 garbage-first heap   total 138240K, used 106078K [0x00000000a0000000, 0x0000000100000000)
  region size 1024K, 39 young (39936K), 4 survivors (4096K)
 Metaspace       used 84484K, capacity 86632K, committed 86736K, reserved 1124352K
  class space    used 10928K, capacity 11720K, committed 11808K, reserved 1048576K
}
Event: 13.260 GC heap after
{Heap after GC invocations=40 (full 0):
 garbage-first heap   total 138240K, used 72925K [0x00000000a0000000, 0x0000000100000000)
  region size 1024K, 5 young (5120K), 5 survivors (5120K)
 Metaspace       used 84484K, capacity 86632K, committed 86736K, reserved 1124352K
  class space    used 10928K, capacity 11720K, committed 11808K, reserved 1048576K
}
Event: 13.922 GC heap before
{Heap before GC invocations=41 (full 0):
 garbage-first heap   total 138240K, used 108765K [0x00000000a0000000, 0x0000000100000000)
  region size 1024K, 40 young (40960K), 5 survivors (5120K)
 Metaspace       used 86329K, capacity 88797K, committed 89040K, reserved 1126400K
  class space    used 11271K, capacity 12201K, committed 12320K, reserved 1048576K
}
Event: 13.949 GC heap after
{Heap after GC invocations=42 (full 0):
 garbage-first heap   total 138240K, used 75680K [0x00000000a0000000, 0x0000000100000000)
  region size 1024K, 4 young (4096K), 4 survivors (4096K)
 Metaspace       used 86329K, capacity 88797K, committed 89040K, reserved 1126400K
  class space    used 11271K, capacity 12201K, committed 12320K, reserved 1048576K
}
Event: 14.257 GC heap before
{Heap before GC invocations=42 (full 0):
 garbage-first heap   total 138240K, used 109472K [0x00000000a0000000, 0x0000000100000000)
  region size 1024K, 38 young (38912K), 4 survivors (4096K)
 Metaspace       used 86611K, capacity 89098K, committed 89296K, reserved 1126400K
  class space    used 11276K, capacity 12207K, committed 12320K, reserved 1048576K
}
Event: 14.274 GC heap after
{Heap after GC invocations=43 (full 0):
 garbage-first heap   total 254976K, used 77618K [0x00000000a0000000, 0x0000000100000000)
  region size 1024K, 2 young (2048K), 2 survivors (2048K)
 Metaspace       used 86611K, capacity 89098K, committed 89296K, reserved 1126400K
  class space    used 11276K, capacity 12207K, committed 12320K, reserved 1048576K
}
Event: 15.713 GC heap before
{Heap before GC invocations=44 (full 0):
 garbage-first heap   total 254976K, used 165682K [0x00000000a0000000, 0x0000000100000000)
  region size 1024K, 87 young (89088K), 2 survivors (2048K)
 Metaspace       used 86924K, capacity 89469K, committed 89808K, reserved 1126400K
  class space    used 11287K, capacity 12211K, committed 12320K, reserved 1048576K
}
Event: 15.794 GC heap after
{Heap after GC invocations=45 (full 0):
 garbage-first heap   total 254976K, used 84638K [0x00000000a0000000, 0x0000000100000000)
  region size 1024K, 9 young (9216K), 9 survivors (9216K)
 Metaspace       used 86924K, capacity 89469K, committed 89808K, reserved 1126400K
  class space    used 11287K, capacity 12211K, committed 12320K, reserved 1048576K
}
Event: 17.673 GC heap before
{Heap before GC invocations=45 (full 0):
 garbage-first heap   total 254976K, used 178846K [0x00000000a0000000, 0x0000000100000000)
  region size 1024K, 102 young (104448K), 9 survivors (9216K)
 Metaspace       used 88827K, capacity 91448K, committed 91472K, reserved 1128448K
  class space    used 11443K, capacity 12425K, committed 12448K, reserved 1048576K
}
Event: 17.758 GC heap after
{Heap after GC invocations=46 (full 0):
 garbage-first heap   total 254976K, used 91307K [0x00000000a0000000, 0x0000000100000000)
  region size 1024K, 10 young (10240K), 10 survivors (10240K)
 Metaspace       used 88827K, capacity 91448K, committed 91472K, reserved 1128448K
  class space    used 11443K, capacity 12425K, committed 12448K, reserved 1048576K
}
Event: 19.361 GC heap before
{Heap before GC invocations=46 (full 0):
 garbage-first heap   total 254976K, used 187563K [0x00000000a0000000, 0x0000000100000000)
  region size 1024K, 105 young (107520K), 10 survivors (10240K)
 Metaspace       used 90599K, capacity 93162K, committed 93264K, reserved 1130496K
  class space    used 11680K, capacity 12652K, committed 12704K, reserved 1048576K
}
Event: 19.420 GC heap after
{Heap after GC invocations=47 (full 0):
 garbage-first heap   total 254976K, used 95899K [0x00000000a0000000, 0x0000000100000000)
  region size 1024K, 5 young (5120K), 5 survivors (5120K)
 Metaspace       used 90599K, capacity 93162K, committed 93264K, reserved 1130496K
  class space    used 11680K, capacity 12652K, committed 12704K, reserved 1048576K
}
Event: 27.010 GC heap before
{Heap before GC invocations=47 (full 0):
 garbage-first heap   total 254976K, used 202395K [0x00000000a0000000, 0x0000000100000000)
  region size 1024K, 110 young (112640K), 5 survivors (5120K)
 Metaspace       used 93954K, capacity 96624K, committed 96720K, reserved 1132544K
  class space    used 12052K, capacity 13041K, committed 13088K, reserved 1048576K
}

