# JRE version: OpenJDK Runtime Environment (11.0.13) (build 11.0.13+0-b1751.21-8125866)
# Java VM: OpenJDK 64-Bit Server VM (11.0.13+0-b1751.21-8125866, mixed mode, tiered, compressed oops, g1 gc, windows-amd64)
Heap:
 garbage-first heap   total 530432K, used 149437K [0x00000000a0000000, 0x0000000100000000)
  region size 1024K, 10 young (10240K), 10 survivors (10240K)
 Metaspace       used 109060K, capacity 111574K, committed 111744K, reserved 1146880K
  class space    used 13163K, capacity 14093K, committed 14208K, reserved 1048576K
GC Heap History (20 events):
Event: 29.929 GC heap after
{Heap after GC invocations=77 (full 0):
 garbage-first heap   total 228352K, used 138521K [0x00000000a0000000, 0x0000000100000000)
  region size 1024K, 2 young (2048K), 2 survivors (2048K)
 Metaspace       used 98234K, capacity 100740K, committed 100992K, reserved 1136640K
  class space    used 12158K, capacity 13096K, committed 13184K, reserved 1048576K
}
Event: 30.255 GC heap before
{Heap before GC invocations=77 (full 0):
 garbage-first heap   total 228352K, used 175385K [0x00000000a0000000, 0x0000000100000000)
  region size 1024K, 38 young (38912K), 2 survivors (2048K)
 Metaspace       used 100246K, capacity 102692K, committed 102912K, reserved 1138688K
  class space    used 12316K, capacity 13225K, committed 13312K, reserved 1048576K
}
Event: 30.272 GC heap after
{Heap after GC invocations=78 (full 0):
 garbage-first heap   total 228352K, used 146619K [0x00000000a0000000, 0x0000000100000000)
  region size 1024K, 5 young (5120K), 5 survivors (5120K)
 Metaspace       used 100246K, capacity 102692K, committed 102912K, reserved 1138688K
  class space    used 12316K, capacity 13225K, committed 13312K, reserved 1048576K
}
Event: 30.448 GC heap before
{Heap before GC invocations=79 (full 0):
 garbage-first heap   total 228352K, used 179387K [0x00000000a0000000, 0x0000000100000000)
  region size 1024K, 38 young (38912K), 5 survivors (5120K)
 Metaspace       used 101582K, capacity 104037K, committed 104320K, reserved 1140736K
  class space    used 12419K, capacity 13353K, committed 13440K, reserved 1048576K
}
Event: 30.454 GC heap after
{Heap after GC invocations=80 (full 0):
 garbage-first heap   total 228352K, used 149141K [0x00000000a0000000, 0x0000000100000000)
  region size 1024K, 3 young (3072K), 3 survivors (3072K)
 Metaspace       used 101582K, capacity 104037K, committed 104320K, reserved 1140736K
  class space    used 12419K, capacity 13353K, committed 13440K, reserved 1048576K
}
Event: 30.485 GC heap before
{Heap before GC invocations=80 (full 0):
 garbage-first heap   total 228352K, used 156309K [0x00000000a0000000, 0x0000000100000000)
  region size 1024K, 11 young (11264K), 3 survivors (3072K)
 Metaspace       used 101616K, capacity 104037K, committed 104320K, reserved 1140736K
  class space    used 12420K, capacity 13353K, committed 13440K, reserved 1048576K
}
Event: 30.488 GC heap after
{Heap after GC invocations=81 (full 0):
 garbage-first heap   total 228352K, used 148806K [0x00000000a0000000, 0x0000000100000000)
  region size 1024K, 1 young (1024K), 1 survivors (1024K)
 Metaspace       used 101616K, capacity 104037K, committed 104320K, reserved 1140736K
  class space    used 12420K, capacity 13353K, committed 13440K, reserved 1048576K
}
Event: 30.588 GC heap before
{Heap before GC invocations=81 (full 0):
 garbage-first heap   total 228352K, used 182598K [0x00000000a0000000, 0x0000000100000000)
  region size 1024K, 35 young (35840K), 1 survivors (1024K)
 Metaspace       used 102194K, capacity 104645K, committed 104832K, reserved 1140736K
  class space    used 12460K, capacity 13385K, committed 13440K, reserved 1048576K
}
Event: 30.596 GC heap after
{Heap after GC invocations=82 (full 0):
 garbage-first heap   total 228352K, used 153850K [0x00000000a0000000, 0x0000000100000000)
  region size 1024K, 5 young (5120K), 5 survivors (5120K)
 Metaspace       used 102194K, capacity 104645K, committed 104832K, reserved 1140736K
  class space    used 12460K, capacity 13385K, committed 13440K, reserved 1048576K
}
Event: 30.903 GC heap before
{Heap before GC invocations=82 (full 0):
 garbage-first heap   total 228352K, used 185594K [0x00000000a0000000, 0x0000000100000000)
  region size 1024K, 37 young (37888K), 5 survivors (5120K)
 Metaspace       used 102490K, capacity 104901K, committed 105088K, reserved 1140736K
  class space    used 12462K, capacity 13385K, committed 13440K, reserved 1048576K
}
Event: 30.919 GC heap after
{Heap after GC invocations=83 (full 0):
 garbage-first heap   total 375808K, used 151534K [0x00000000a0000000, 0x0000000100000000)
  region size 1024K, 1 young (1024K), 1 survivors (1024K)
 Metaspace       used 102490K, capacity 104901K, committed 105088K, reserved 1140736K
  class space    used 12462K, capacity 13385K, committed 13440K, reserved 1048576K
}
Event: 31.620 GC heap before
{Heap before GC invocations=84 (full 0):
 garbage-first heap   total 375808K, used 237550K [0x00000000a0000000, 0x0000000100000000)
  region size 1024K, 86 young (88064K), 1 survivors (1024K)
 Metaspace       used 103610K, capacity 106060K, committed 106240K, reserved 1142784K
  class space    used 12574K, capacity 13488K, committed 13568K, reserved 1048576K
}
Event: 31.642 GC heap after
{Heap after GC invocations=85 (full 0):
 garbage-first heap   total 375808K, used 155381K [0x00000000a0000000, 0x0000000100000000)
  region size 1024K, 5 young (5120K), 5 survivors (5120K)
 Metaspace       used 103610K, capacity 106060K, committed 106240K, reserved 1142784K
  class space    used 12574K, capacity 13488K, committed 13568K, reserved 1048576K
}
Event: 31.712 GC heap before
{Heap before GC invocations=85 (full 0):
 garbage-first heap   total 375808K, used 168693K [0x00000000a0000000, 0x0000000100000000)
  region size 1024K, 18 young (18432K), 5 survivors (5120K)
 Metaspace       used 103640K, capacity 106063K, committed 106240K, reserved 1142784K
  class space    used 12575K, capacity 13489K, committed 13568K, reserved 1048576K
}
Event: 31.724 GC heap after
{Heap after GC invocations=86 (full 0):
 garbage-first heap   total 375808K, used 141807K [0x00000000a0000000, 0x0000000100000000)
  region size 1024K, 3 young (3072K), 3 survivors (3072K)
 Metaspace       used 103640K, capacity 106063K, committed 106240K, reserved 1142784K
  class space    used 12575K, capacity 13489K, committed 13568K, reserved 1048576K
}
Event: 32.562 GC heap before
{Heap before GC invocations=86 (full 0):
 garbage-first heap   total 375808K, used 273903K [0x00000000a0000000, 0x0000000100000000)
  region size 1024K, 131 young (134144K), 3 survivors (3072K)
 Metaspace       used 105161K, capacity 107613K, committed 107904K, reserved 1142784K
  class space    used 12710K, capacity 13638K, committed 13696K, reserved 1048576K
}
Event: 32.571 GC heap after
{Heap after GC invocations=87 (full 0):
 garbage-first heap   total 375808K, used 146038K [0x00000000a0000000, 0x0000000100000000)
  region size 1024K, 7 young (7168K), 7 survivors (7168K)
 Metaspace       used 105161K, capacity 107613K, committed 107904K, reserved 1142784K
  class space    used 12710K, capacity 13638K, committed 13696K, reserved 1048576K
}
Event: 33.218 GC heap before
{Heap before GC invocations=87 (full 0):
 garbage-first heap   total 375808K, used 308854K [0x00000000a0000000, 0x0000000100000000)
  region size 1024K, 166 young (169984K), 7 survivors (7168K)
 Metaspace       used 105299K, capacity 107806K, committed 107904K, reserved 1142784K
  class space    used 12710K, capacity 13638K, committed 13696K, reserved 1048576K
}
Event: 33.232 GC heap after
{Heap after GC invocations=88 (full 0):
 garbage-first heap   total 375808K, used 146287K [0x00000000a0000000, 0x0000000100000000)
  region size 1024K, 7 young (7168K), 7 survivors (7168K)
 Metaspace       used 105299K, capacity 107806K, committed 107904K, reserved 1142784K
  class space    used 12710K, capacity 13638K, committed 13696K, reserved 1048576K
}
Event: 35.079 GC heap before
{Heap before GC invocations=88 (full 0):
 garbage-first heap   total 375808K, used 313199K [0x00000000a0000000, 0x0000000100000000)
  region size 1024K, 171 young (175104K), 7 survivors (7168K)
 Metaspace       used 109060K, capacity 111574K, committed 111744K, reserved 1146880K
  class space    used 13163K, capacity 14093K, committed 14208K, reserved 1048576K
}

