# JRE version: OpenJDK Runtime Environment (11.0.13) (build 11.0.13+0-b1751.21-8125866)
# Java VM: OpenJDK 64-Bit Server VM (11.0.13+0-b1751.21-8125866, mixed mode, tiered, compressed oops, g1 gc, windows-amd64)
Heap:
 garbage-first heap   total 801792K, used 241002K [0x00000000a0000000, 0x0000000100000000)
  region size 1024K, 11 young (11264K), 11 survivors (11264K)
 Metaspace       used 131426K, capacity 135259K, committed 136700K, reserved 1167360K
  class space    used 16391K, capacity 17847K, committed 18508K, reserved 1048576K
GC Heap History (20 events):
Event: 449.799 GC heap after
{Heap after GC invocations=131 (full 0):
 garbage-first heap   total 287744K, used 177543K [0x00000000a0000000, 0x0000000100000000)
  region size 1024K, 2 young (2048K), 2 survivors (2048K)
 Metaspace       used 130212K, capacity 133994K, committed 135548K, reserved 1167360K
  class space    used 16331K, capacity 17759K, committed 18380K, reserved 1048576K
}
Event: 449.907 GC heap before
{Heap before GC invocations=131 (full 0):
 garbage-first heap   total 287744K, used 232839K [0x00000000a0000000, 0x0000000100000000)
  region size 1024K, 57 young (58368K), 2 survivors (2048K)
 Metaspace       used 130234K, capacity 134000K, committed 135548K, reserved 1167360K
  class space    used 16331K, capacity 17759K, committed 18380K, reserved 1048576K
}
Event: 449.916 GC heap after
{Heap after GC invocations=132 (full 0):
 garbage-first heap   total 287744K, used 186054K [0x00000000a0000000, 0x0000000100000000)
  region size 1024K, 8 young (8192K), 8 survivors (8192K)
 Metaspace       used 130234K, capacity 134000K, committed 135548K, reserved 1167360K
  class space    used 16331K, capacity 17759K, committed 18380K, reserved 1048576K
}
Event: 450.034 GC heap before
{Heap before GC invocations=132 (full 0):
 garbage-first heap   total 287744K, used 235206K [0x00000000a0000000, 0x0000000100000000)
  region size 1024K, 57 young (58368K), 8 survivors (8192K)
 Metaspace       used 130543K, capacity 134366K, committed 135676K, reserved 1167360K
  class space    used 16391K, capacity 17877K, committed 18508K, reserved 1048576K
}
Event: 450.049 GC heap after
{Heap after GC invocations=133 (full 0):
 garbage-first heap   total 287744K, used 195805K [0x00000000a0000000, 0x0000000100000000)
  region size 1024K, 8 young (8192K), 8 survivors (8192K)
 Metaspace       used 130543K, capacity 134366K, committed 135676K, reserved 1167360K
  class space    used 16391K, capacity 17877K, committed 18508K, reserved 1048576K
}
Event: 450.228 GC heap before
{Heap before GC invocations=133 (full 0):
 garbage-first heap   total 287744K, used 232669K [0x00000000a0000000, 0x0000000100000000)
  region size 1024K, 49 young (50176K), 8 survivors (8192K)
 Metaspace       used 130878K, capacity 134720K, committed 135932K, reserved 1167360K
  class space    used 16396K, capacity 17883K, committed 18508K, reserved 1048576K
}
Event: 450.240 GC heap after
{Heap after GC invocations=134 (full 0):
 garbage-first heap   total 287744K, used 195206K [0x00000000a0000000, 0x0000000100000000)
  region size 1024K, 4 young (4096K), 4 survivors (4096K)
 Metaspace       used 130878K, capacity 134720K, committed 135932K, reserved 1167360K
  class space    used 16396K, capacity 17883K, committed 18508K, reserved 1048576K
}
Event: 450.366 GC heap before
{Heap before GC invocations=135 (full 0):
 garbage-first heap   total 287744K, used 239238K [0x00000000a0000000, 0x0000000100000000)
  region size 1024K, 47 young (48128K), 4 survivors (4096K)
 Metaspace       used 131243K, capacity 135075K, committed 136444K, reserved 1167360K
  class space    used 16409K, capacity 17892K, committed 18508K, reserved 1048576K
}
Event: 450.371 GC heap after
{Heap after GC invocations=136 (full 0):
 garbage-first heap   total 287744K, used 197013K [0x00000000a0000000, 0x0000000100000000)
  region size 1024K, 4 young (4096K), 4 survivors (4096K)
 Metaspace       used 131243K, capacity 135075K, committed 136444K, reserved 1167360K
  class space    used 16409K, capacity 17892K, committed 18508K, reserved 1048576K
}
Event: 450.391 GC heap before
{Heap before GC invocations=136 (full 0):
 garbage-first heap   total 287744K, used 206229K [0x00000000a0000000, 0x0000000100000000)
  region size 1024K, 14 young (14336K), 4 survivors (4096K)
 Metaspace       used 131244K, capacity 135075K, committed 136444K, reserved 1167360K
  class space    used 16409K, capacity 17892K, committed 18508K, reserved 1048576K
}
Event: 450.412 GC heap after
{Heap after GC invocations=137 (full 0):
 garbage-first heap   total 287744K, used 186473K [0x00000000a0000000, 0x0000000100000000)
  region size 1024K, 2 young (2048K), 2 survivors (2048K)
 Metaspace       used 131244K, capacity 135075K, committed 136444K, reserved 1167360K
  class space    used 16409K, capacity 17892K, committed 18508K, reserved 1048576K
}
Event: 450.469 GC heap before
{Heap before GC invocations=137 (full 0):
 garbage-first heap   total 287744K, used 211049K [0x00000000a0000000, 0x0000000100000000)
  region size 1024K, 28 young (28672K), 2 survivors (2048K)
 Metaspace       used 131298K, capacity 135149K, committed 136444K, reserved 1167360K
  class space    used 16409K, capacity 17892K, committed 18508K, reserved 1048576K
}
Event: 450.477 GC heap after
{Heap after GC invocations=138 (full 0):
 garbage-first heap   total 405504K, used 190585K [0x00000000a0000000, 0x0000000100000000)
  region size 1024K, 6 young (6144K), 6 survivors (6144K)
 Metaspace       used 131298K, capacity 135149K, committed 136444K, reserved 1167360K
  class space    used 16409K, capacity 17892K, committed 18508K, reserved 1048576K
}
Event: 451.067 GC heap before
{Heap before GC invocations=138 (full 0):
 garbage-first heap   total 405504K, used 300153K [0x00000000a0000000, 0x0000000100000000)
  region size 1024K, 110 young (112640K), 6 survivors (6144K)
 Metaspace       used 131269K, capacity 135107K, committed 136444K, reserved 1167360K
  class space    used 16383K, capacity 17845K, committed 18508K, reserved 1048576K
}
Event: 451.190 GC heap after
{Heap after GC invocations=139 (full 0):
 garbage-first heap   total 405504K, used 207872K [0x00000000a0000000, 0x0000000100000000)
  region size 1024K, 14 young (14336K), 14 survivors (14336K)
 Metaspace       used 131269K, capacity 135107K, committed 136444K, reserved 1167360K
  class space    used 16383K, capacity 17845K, committed 18508K, reserved 1048576K
}
Event: 451.500 GC heap before
{Heap before GC invocations=140 (full 0):
 garbage-first heap   total 405504K, used 307200K [0x00000000a0000000, 0x0000000100000000)
  region size 1024K, 112 young (114688K), 14 survivors (14336K)
 Metaspace       used 131403K, capacity 135194K, committed 136444K, reserved 1167360K
  class space    used 16390K, capacity 17847K, committed 18508K, reserved 1048576K
}
Event: 451.621 GC heap after
{Heap after GC invocations=141 (full 0):
 garbage-first heap   total 405504K, used 226814K [0x00000000a0000000, 0x0000000100000000)
  region size 1024K, 14 young (14336K), 14 survivors (14336K)
 Metaspace       used 131403K, capacity 135194K, committed 136444K, reserved 1167360K
  class space    used 16390K, capacity 17847K, committed 18508K, reserved 1048576K
}
Event: 451.628 GC heap before
{Heap before GC invocations=141 (full 0):
 garbage-first heap   total 405504K, used 231934K [0x00000000a0000000, 0x0000000100000000)
  region size 1024K, 19 young (19456K), 14 survivors (14336K)
 Metaspace       used 131403K, capacity 135194K, committed 136444K, reserved 1167360K
  class space    used 16390K, capacity 17847K, committed 18508K, reserved 1048576K
}
Event: 451.649 GC heap after
{Heap after GC invocations=142 (full 0):
 garbage-first heap   total 405504K, used 229424K [0x00000000a0000000, 0x0000000100000000)
  region size 1024K, 3 young (3072K), 3 survivors (3072K)
 Metaspace       used 131403K, capacity 135194K, committed 136444K, reserved 1167360K
  class space    used 16390K, capacity 17847K, committed 18508K, reserved 1048576K
}
Event: 451.936 GC heap before
{Heap before GC invocations=142 (full 0):
 garbage-first heap   total 405504K, used 314416K [0x00000000a0000000, 0x0000000100000000)
  region size 1024K, 86 young (88064K), 3 survivors (3072K)
 Metaspace       used 131426K, capacity 135259K, committed 136700K, reserved 1167360K
  class space    used 16391K, capacity 17847K, committed 18508K, reserved 1048576K
}

