# JRE version: OpenJDK Runtime Environment (11.0.13) (build 11.0.13+0-b1751.21-8125866)
# Java VM: OpenJDK 64-Bit Server VM (11.0.13+0-b1751.21-8125866, mixed mode, tiered, compressed oops, g1 gc, windows-amd64)
Heap:
 garbage-first heap   total 906240K, used 253218K [0x00000000a0000000, 0x0000000100000000)
  region size 1024K, 15 young (15360K), 15 survivors (15360K)
 Metaspace       used 106682K, capacity 109739K, committed 109852K, reserved 1144832K
  class space    used 13691K, capacity 14907K, committed 14924K, reserved 1048576K
GC Heap History (20 events):
Event: 15.376 GC heap after
{Heap after GC invocations=55 (full 0):
 garbage-first heap   total 239616K, used 135679K [0x00000000a0000000, 0x0000000100000000)
  region size 1024K, 9 young (9216K), 9 survivors (9216K)
 Metaspace       used 98274K, capacity 100784K, committed 101148K, reserved 1136640K
  class space    used 12571K, capacity 13504K, committed 13644K, reserved 1048576K
}
Event: 15.542 GC heap before
{Heap before GC invocations=55 (full 0):
 garbage-first heap   total 239616K, used 190975K [0x00000000a0000000, 0x0000000100000000)
  region size 1024K, 63 young (64512K), 9 survivors (9216K)
 Metaspace       used 98746K, capacity 101266K, committed 101404K, reserved 1136640K
  class space    used 12639K, capacity 13578K, committed 13644K, reserved 1048576K
}
Event: 15.554 GC heap after
{Heap after GC invocations=56 (full 0):
 garbage-first heap   total 239616K, used 144171K [0x00000000a0000000, 0x0000000100000000)
  region size 1024K, 8 young (8192K), 8 survivors (8192K)
 Metaspace       used 98746K, capacity 101266K, committed 101404K, reserved 1136640K
  class space    used 12639K, capacity 13578K, committed 13644K, reserved 1048576K
}
Event: 15.663 GC heap before
{Heap before GC invocations=57 (full 0):
 garbage-first heap   total 239616K, used 193323K [0x00000000a0000000, 0x0000000100000000)
  region size 1024K, 57 young (58368K), 8 survivors (8192K)
 Metaspace       used 99014K, capacity 101537K, committed 101788K, reserved 1136640K
  class space    used 12690K, capacity 13649K, committed 13772K, reserved 1048576K
}
Event: 15.674 GC heap after
{Heap after GC invocations=58 (full 0):
 garbage-first heap   total 295936K, used 152576K [0x00000000a0000000, 0x0000000100000000)
  region size 1024K, 8 young (8192K), 8 survivors (8192K)
 Metaspace       used 99014K, capacity 101537K, committed 101788K, reserved 1136640K
  class space    used 12690K, capacity 13649K, committed 13772K, reserved 1048576K
}
Event: 15.870 GC heap before
{Heap before GC invocations=58 (full 0):
 garbage-first heap   total 295936K, used 220160K [0x00000000a0000000, 0x0000000100000000)
  region size 1024K, 74 young (75776K), 8 survivors (8192K)
 Metaspace       used 100562K, capacity 103218K, committed 103580K, reserved 1138688K
  class space    used 12914K, capacity 13896K, committed 14028K, reserved 1048576K
}
Event: 15.901 GC heap after
{Heap after GC invocations=59 (full 0):
 garbage-first heap   total 295936K, used 164234K [0x00000000a0000000, 0x0000000100000000)
  region size 1024K, 10 young (10240K), 10 survivors (10240K)
 Metaspace       used 100562K, capacity 103218K, committed 103580K, reserved 1138688K
  class space    used 12914K, capacity 13896K, committed 14028K, reserved 1048576K
}
Event: 15.995 GC heap before
{Heap before GC invocations=59 (full 0):
 garbage-first heap   total 295936K, used 227722K [0x00000000a0000000, 0x0000000100000000)
  region size 1024K, 72 young (73728K), 10 survivors (10240K)
 Metaspace       used 100687K, capacity 103307K, committed 103580K, reserved 1138688K
  class space    used 12926K, capacity 13903K, committed 14028K, reserved 1048576K
}
Event: 16.014 GC heap after
{Heap after GC invocations=60 (full 0):
 garbage-first heap   total 295936K, used 177791K [0x00000000a0000000, 0x0000000100000000)
  region size 1024K, 9 young (9216K), 9 survivors (9216K)
 Metaspace       used 100687K, capacity 103307K, committed 103580K, reserved 1138688K
  class space    used 12926K, capacity 13903K, committed 14028K, reserved 1048576K
}
Event: 16.094 GC heap before
{Heap before GC invocations=60 (full 0):
 garbage-first heap   total 295936K, used 234111K [0x00000000a0000000, 0x0000000100000000)
  region size 1024K, 65 young (66560K), 9 survivors (9216K)
 Metaspace       used 101004K, capacity 103646K, committed 103836K, reserved 1138688K
  class space    used 12952K, capacity 13957K, committed 14028K, reserved 1048576K
}
Event: 16.115 GC heap after
{Heap after GC invocations=61 (full 0):
 garbage-first heap   total 295936K, used 191383K [0x00000000a0000000, 0x0000000100000000)
  region size 1024K, 9 young (9216K), 9 survivors (9216K)
 Metaspace       used 101004K, capacity 103646K, committed 103836K, reserved 1138688K
  class space    used 12952K, capacity 13957K, committed 14028K, reserved 1048576K
}
Event: 16.285 GC heap before
{Heap before GC invocations=62 (full 0):
 garbage-first heap   total 295936K, used 239511K [0x00000000a0000000, 0x0000000100000000)
  region size 1024K, 57 young (58368K), 9 survivors (9216K)
 Metaspace       used 102000K, capacity 104796K, committed 104860K, reserved 1140736K
  class space    used 13149K, capacity 14249K, committed 14284K, reserved 1048576K
}
Event: 16.306 GC heap after
{Heap after GC invocations=63 (full 0):
 garbage-first heap   total 461824K, used 199680K [0x00000000a0000000, 0x0000000100000000)
  region size 1024K, 7 young (7168K), 7 survivors (7168K)
 Metaspace       used 102000K, capacity 104796K, committed 104860K, reserved 1140736K
  class space    used 13149K, capacity 14249K, committed 14284K, reserved 1048576K
}
Event: 16.664 GC heap before
{Heap before GC invocations=63 (full 0):
 garbage-first heap   total 461824K, used 296960K [0x00000000a0000000, 0x0000000100000000)
  region size 1024K, 102 young (104448K), 7 survivors (7168K)
 Metaspace       used 104292K, capacity 107209K, committed 107420K, reserved 1142784K
  class space    used 13528K, capacity 14696K, committed 14796K, reserved 1048576K
}
Event: 16.884 GC heap after
{Heap after GC invocations=64 (full 0):
 garbage-first heap   total 461824K, used 211911K [0x00000000a0000000, 0x0000000100000000)
  region size 1024K, 13 young (13312K), 13 survivors (13312K)
 Metaspace       used 104292K, capacity 107209K, committed 107420K, reserved 1142784K
  class space    used 13528K, capacity 14696K, committed 14796K, reserved 1048576K
}
Event: 17.065 GC heap before
{Heap before GC invocations=64 (full 0):
 garbage-first heap   total 461824K, used 311239K [0x00000000a0000000, 0x0000000100000000)
  region size 1024K, 110 young (112640K), 13 survivors (13312K)
 Metaspace       used 104737K, capacity 107603K, committed 107932K, reserved 1142784K
  class space    used 13538K, capacity 14696K, committed 14796K, reserved 1048576K
}
Event: 17.136 GC heap after
{Heap after GC invocations=65 (full 0):
 garbage-first heap   total 461824K, used 226338K [0x00000000a0000000, 0x0000000100000000)
  region size 1024K, 14 young (14336K), 14 survivors (14336K)
 Metaspace       used 104737K, capacity 107603K, committed 107932K, reserved 1142784K
  class space    used 13538K, capacity 14696K, committed 14796K, reserved 1048576K
}
Event: 17.398 GC heap before
{Heap before GC invocations=65 (full 0):
 garbage-first heap   total 461824K, used 331810K [0x00000000a0000000, 0x0000000100000000)
  region size 1024K, 117 young (119808K), 14 survivors (14336K)
 Metaspace       used 105075K, capacity 107929K, committed 108188K, reserved 1142784K
  class space    used 13538K, capacity 14696K, committed 14796K, reserved 1048576K
}
Event: 17.445 GC heap after
{Heap after GC invocations=66 (full 0):
 garbage-first heap   total 461824K, used 238187K [0x00000000a0000000, 0x0000000100000000)
  region size 1024K, 13 young (13312K), 13 survivors (13312K)
 Metaspace       used 105075K, capacity 107929K, committed 108188K, reserved 1142784K
  class space    used 13538K, capacity 14696K, committed 14796K, reserved 1048576K
}
Event: 17.861 GC heap before
{Heap before GC invocations=66 (full 0):
 garbage-first heap   total 461824K, used 351851K [0x00000000a0000000, 0x0000000100000000)
  region size 1024K, 125 young (128000K), 13 survivors (13312K)
 Metaspace       used 106682K, capacity 109739K, committed 109852K, reserved 1144832K
  class space    used 13691K, capacity 14907K, committed 14924K, reserved 1048576K
}

