# JRE version: OpenJDK Runtime Environment (11.0.13) (build 11.0.13+0-b1751.21-8125866)
# Java VM: OpenJDK 64-Bit Server VM (11.0.13+0-b1751.21-8125866, mixed mode, tiered, compressed oops, g1 gc, windows-amd64)
Heap:
 garbage-first heap   total 374784K, used 251066K [0x00000000a0000000, 0x0000000100000000)
  region size 1024K, 43 young (44032K), 2 survivors (2048K)
 Metaspace       used 125135K, capacity 128240K, committed 128508K, reserved 1161216K
  class space    used 15247K, capacity 16379K, committed 16460K, reserved 1048576K
GC Heap History (20 events):
Event: 80.745 GC heap before
{Heap before GC invocations=94 (full 0):
 garbage-first heap   total 359424K, used 277146K [0x00000000a0000000, 0x0000000100000000)
  region size 1024K, 130 young (133120K), 19 survivors (19456K)
 Metaspace       used 116446K, capacity 119351K, committed 119548K, reserved 1153024K
  class space    used 14098K, capacity 15157K, committed 15180K, reserved 1048576K
}
Event: 80.765 GC heap after
{Heap after GC invocations=95 (full 0):
 garbage-first heap   total 359424K, used 169838K [0x00000000a0000000, 0x0000000100000000)
  region size 1024K, 7 young (7168K), 7 survivors (7168K)
 Metaspace       used 116446K, capacity 119351K, committed 119548K, reserved 1153024K
  class space    used 14098K, capacity 15157K, committed 15180K, reserved 1048576K
}
Event: 81.548 GC heap before
{Heap before GC invocations=96 (full 0):
 garbage-first heap   total 359424K, used 271214K [0x00000000a0000000, 0x0000000100000000)
  region size 1024K, 118 young (120832K), 7 survivors (7168K)
 Metaspace       used 116625K, capacity 119495K, committed 119548K, reserved 1153024K
  class space    used 14111K, capacity 15161K, committed 15180K, reserved 1048576K
}
Event: 81.555 GC heap after
{Heap after GC invocations=97 (full 0):
 garbage-first heap   total 359424K, used 157142K [0x00000000a0000000, 0x0000000100000000)
  region size 1024K, 6 young (6144K), 6 survivors (6144K)
 Metaspace       used 116625K, capacity 119495K, committed 119548K, reserved 1153024K
  class space    used 14111K, capacity 15161K, committed 15180K, reserved 1048576K
}
Event: 81.587 GC heap before
{Heap before GC invocations=97 (full 0):
 garbage-first heap   total 359424K, used 168406K [0x00000000a0000000, 0x0000000100000000)
  region size 1024K, 17 young (17408K), 6 survivors (6144K)
 Metaspace       used 116627K, capacity 119495K, committed 119548K, reserved 1153024K
  class space    used 14111K, capacity 15161K, committed 15180K, reserved 1048576K
}
Event: 81.605 GC heap after
{Heap after GC invocations=98 (full 0):
 garbage-first heap   total 359424K, used 138722K [0x00000000a0000000, 0x0000000100000000)
  region size 1024K, 3 young (3072K), 3 survivors (3072K)
 Metaspace       used 116627K, capacity 119495K, committed 119548K, reserved 1153024K
  class space    used 14111K, capacity 15161K, committed 15180K, reserved 1048576K
}
Event: 82.701 GC heap before
{Heap before GC invocations=98 (full 0):
 garbage-first heap   total 359424K, used 271842K [0x00000000a0000000, 0x0000000100000000)
  region size 1024K, 132 young (135168K), 3 survivors (3072K)
 Metaspace       used 117801K, capacity 120730K, committed 120956K, reserved 1155072K
  class space    used 14207K, capacity 15269K, committed 15308K, reserved 1048576K
}
Event: 82.709 GC heap after
{Heap after GC invocations=99 (full 0):
 garbage-first heap   total 359424K, used 142066K [0x00000000a0000000, 0x0000000100000000)
  region size 1024K, 6 young (6144K), 6 survivors (6144K)
 Metaspace       used 117801K, capacity 120730K, committed 120956K, reserved 1155072K
  class space    used 14207K, capacity 15269K, committed 15308K, reserved 1048576K
}
Event: 83.300 GC heap before
{Heap before GC invocations=99 (full 0):
 garbage-first heap   total 359424K, used 277234K [0x00000000a0000000, 0x0000000100000000)
  region size 1024K, 138 young (141312K), 6 survivors (6144K)
 Metaspace       used 117902K, capacity 120870K, committed 120956K, reserved 1155072K
  class space    used 14213K, capacity 15271K, committed 15308K, reserved 1048576K
}
Event: 83.305 GC heap after
{Heap after GC invocations=100 (full 0):
 garbage-first heap   total 359424K, used 140028K [0x00000000a0000000, 0x0000000100000000)
  region size 1024K, 4 young (4096K), 4 survivors (4096K)
 Metaspace       used 117902K, capacity 120870K, committed 120956K, reserved 1155072K
  class space    used 14213K, capacity 15271K, committed 15308K, reserved 1048576K
}
Event: 92.641 GC heap before
{Heap before GC invocations=100 (full 0):
 garbage-first heap   total 359424K, used 281340K [0x00000000a0000000, 0x0000000100000000)
  region size 1024K, 143 young (146432K), 4 survivors (4096K)
 Metaspace       used 119099K, capacity 121980K, committed 122108K, reserved 1157120K
  class space    used 14336K, capacity 15376K, committed 15436K, reserved 1048576K
}
Event: 92.782 GC heap after
{Heap after GC invocations=101 (full 0):
 garbage-first heap   total 359424K, used 146036K [0x00000000a0000000, 0x0000000100000000)
  region size 1024K, 10 young (10240K), 10 survivors (10240K)
 Metaspace       used 119099K, capacity 121980K, committed 122108K, reserved 1157120K
  class space    used 14336K, capacity 15376K, committed 15436K, reserved 1048576K
}
Event: 124.420 GC heap before
{Heap before GC invocations=102 (full 0):
 garbage-first heap   total 359424K, used 280180K [0x00000000a0000000, 0x0000000100000000)
  region size 1024K, 147 young (150528K), 10 survivors (10240K)
 Metaspace       used 119523K, capacity 122459K, committed 122620K, reserved 1157120K
  class space    used 14349K, capacity 15396K, committed 15436K, reserved 1048576K
}
Event: 124.516 GC heap after
{Heap after GC invocations=103 (full 0):
 garbage-first heap   total 359424K, used 142475K [0x00000000a0000000, 0x0000000100000000)
  region size 1024K, 11 young (11264K), 11 survivors (11264K)
 Metaspace       used 119523K, capacity 122459K, committed 122620K, reserved 1157120K
  class space    used 14349K, capacity 15396K, committed 15436K, reserved 1048576K
}
Event: 124.562 GC heap before
{Heap before GC invocations=103 (full 0):
 garbage-first heap   total 359424K, used 148619K [0x00000000a0000000, 0x0000000100000000)
  region size 1024K, 17 young (17408K), 11 survivors (11264K)
 Metaspace       used 119532K, capacity 122459K, committed 122620K, reserved 1157120K
  class space    used 14349K, capacity 15396K, committed 15436K, reserved 1048576K
}
Event: 124.719 GC heap after
{Heap after GC invocations=104 (full 0):
 garbage-first heap   total 359424K, used 131375K [0x00000000a0000000, 0x0000000100000000)
  region size 1024K, 1 young (1024K), 1 survivors (1024K)
 Metaspace       used 119532K, capacity 122459K, committed 122620K, reserved 1157120K
  class space    used 14349K, capacity 15396K, committed 15436K, reserved 1048576K
}
Event: 127.290 GC heap before
{Heap before GC invocations=104 (full 0):
 garbage-first heap   total 359424K, used 334127K [0x00000000a0000000, 0x0000000100000000)
  region size 1024K, 150 young (153600K), 1 survivors (1024K)
 Metaspace       used 122737K, capacity 125756K, committed 125948K, reserved 1159168K
  class space    used 14773K, capacity 15888K, committed 15948K, reserved 1048576K
}
Event: 127.480 GC heap after
{Heap after GC invocations=105 (full 0):
 garbage-first heap   total 374784K, used 200677K [0x00000000a0000000, 0x0000000100000000)
  region size 1024K, 19 young (19456K), 19 survivors (19456K)
 Metaspace       used 122737K, capacity 125756K, committed 125948K, reserved 1159168K
  class space    used 14773K, capacity 15888K, committed 15948K, reserved 1048576K
}
Event: 127.576 GC heap before
{Heap before GC invocations=105 (full 0):
 garbage-first heap   total 374784K, used 210917K [0x00000000a0000000, 0x0000000100000000)
  region size 1024K, 31 young (31744K), 19 survivors (19456K)
 Metaspace       used 122737K, capacity 125756K, committed 125948K, reserved 1159168K
  class space    used 14773K, capacity 15888K, committed 15948K, reserved 1048576K
}
Event: 127.664 GC heap after
{Heap after GC invocations=106 (full 0):
 garbage-first heap   total 374784K, used 207034K [0x00000000a0000000, 0x0000000100000000)
  region size 1024K, 6 young (6144K), 6 survivors (6144K)
 Metaspace       used 122737K, capacity 125756K, committed 125948K, reserved 1159168K
  class space    used 14773K, capacity 15888K, committed 15948K, reserved 1048576K
}

