# JRE version: OpenJDK Runtime Environment (11.0.13) (build 11.0.13+0-b1751.21-8125866)
# Java VM: OpenJDK 64-Bit Server VM (11.0.13+0-b1751.21-8125866, mixed mode, tiered, compressed oops, g1 gc, windows-amd64)
Heap:
 garbage-first heap   total 121856K, used 59218K [0x00000000c1600000, 0x0000000100000000)
  region size 1024K, 1 young (1024K), 1 survivors (1024K)
 Metaspace       used 52617K, capacity 53254K, committed 53456K, reserved 1097728K
  class space    used 5868K, capacity 6103K, committed 6140K, reserved 1048576K
GC Heap History (20 events):
Event: 2.115 GC heap after
{Heap after GC invocations=4 (full 0):
 garbage-first heap   total 65536K, used 15763K [0x00000000c1600000, 0x0000000100000000)
  region size 1024K, 4 young (4096K), 4 survivors (4096K)
 Metaspace       used 30794K, capacity 31327K, committed 31612K, reserved 1077248K
  class space    used 3635K, capacity 3846K, committed 3964K, reserved 1048576K
}
Event: 2.616 GC heap before
{Heap before GC invocations=4 (full 0):
 garbage-first heap   total 65536K, used 46483K [0x00000000c1600000, 0x0000000100000000)
  region size 1024K, 33 young (33792K), 4 survivors (4096K)
 Metaspace       used 34766K, capacity 35308K, committed 35580K, reserved 1081344K
  class space    used 4263K, capacity 4488K, committed 4604K, reserved 1048576K
}
Event: 2.629 GC heap after
{Heap after GC invocations=5 (full 0):
 garbage-first heap   total 65536K, used 23081K [0x00000000c1600000, 0x0000000100000000)
  region size 1024K, 5 young (5120K), 5 survivors (5120K)
 Metaspace       used 34766K, capacity 35308K, committed 35580K, reserved 1081344K
  class space    used 4263K, capacity 4488K, committed 4604K, reserved 1048576K
}
Event: 2.691 GC heap before
{Heap before GC invocations=5 (full 0):
 garbage-first heap   total 65536K, used 24105K [0x00000000c1600000, 0x0000000100000000)
  region size 1024K, 8 young (8192K), 5 survivors (5120K)
 Metaspace       used 35374K, capacity 35895K, committed 36048K, reserved 1081344K
  class space    used 4335K, capacity 4556K, committed 4604K, reserved 1048576K
}
Event: 2.699 GC heap after
{Heap after GC invocations=6 (full 0):
 garbage-first heap   total 78848K, used 23958K [0x00000000c1600000, 0x0000000100000000)
  region size 1024K, 1 young (1024K), 1 survivors (1024K)
 Metaspace       used 35374K, capacity 35895K, committed 36048K, reserved 1081344K
  class space    used 4335K, capacity 4556K, committed 4604K, reserved 1048576K
}
Event: 3.259 GC heap before
{Heap before GC invocations=7 (full 0):
 garbage-first heap   total 78848K, used 58774K [0x00000000c1600000, 0x0000000100000000)
  region size 1024K, 35 young (35840K), 1 survivors (1024K)
 Metaspace       used 41618K, capacity 42139K, committed 42320K, reserved 1087488K
  class space    used 4937K, capacity 5141K, committed 5244K, reserved 1048576K
}
Event: 3.264 GC heap after
{Heap after GC invocations=8 (full 0):
 garbage-first heap   total 78848K, used 24815K [0x00000000c1600000, 0x0000000100000000)
  region size 1024K, 4 young (4096K), 4 survivors (4096K)
 Metaspace       used 41618K, capacity 42139K, committed 42320K, reserved 1087488K
  class space    used 4937K, capacity 5141K, committed 5244K, reserved 1048576K
}
Event: 3.853 GC heap before
{Heap before GC invocations=8 (full 0):
 garbage-first heap   total 78848K, used 61679K [0x00000000c1600000, 0x0000000100000000)
  region size 1024K, 37 young (37888K), 4 survivors (4096K)
 Metaspace       used 47499K, capacity 48092K, committed 48336K, reserved 1091584K
  class space    used 5539K, capacity 5755K, committed 5884K, reserved 1048576K
}
Event: 3.866 GC heap after
{Heap after GC invocations=9 (full 0):
 garbage-first heap   total 78848K, used 32874K [0x00000000c1600000, 0x0000000100000000)
  region size 1024K, 5 young (5120K), 5 survivors (5120K)
 Metaspace       used 47499K, capacity 48092K, committed 48336K, reserved 1091584K
  class space    used 5539K, capacity 5755K, committed 5884K, reserved 1048576K
}
Event: 4.014 GC heap before
{Heap before GC invocations=9 (full 0):
 garbage-first heap   total 78848K, used 58474K [0x00000000c1600000, 0x0000000100000000)
  region size 1024K, 30 young (30720K), 5 survivors (5120K)
 Metaspace       used 48732K, capacity 49335K, committed 49488K, reserved 1093632K
  class space    used 5650K, capacity 5867K, committed 6012K, reserved 1048576K
}
Event: 4.023 GC heap after
{Heap after GC invocations=10 (full 0):
 garbage-first heap   total 78848K, used 34603K [0x00000000c1600000, 0x0000000100000000)
  region size 1024K, 2 young (2048K), 2 survivors (2048K)
 Metaspace       used 48732K, capacity 49335K, committed 49488K, reserved 1093632K
  class space    used 5650K, capacity 5867K, committed 6012K, reserved 1048576K
}
Event: 4.406 GC heap before
{Heap before GC invocations=10 (full 0):
 garbage-first heap   total 78848K, used 58155K [0x00000000c1600000, 0x0000000100000000)
  region size 1024K, 26 young (26624K), 2 survivors (2048K)
 Metaspace       used 49942K, capacity 50534K, committed 50768K, reserved 1093632K
  class space    used 5687K, capacity 5901K, committed 6012K, reserved 1048576K
}
Event: 4.416 GC heap after
{Heap after GC invocations=11 (full 0):
 garbage-first heap   total 95232K, used 38912K [0x00000000c1600000, 0x0000000100000000)
  region size 1024K, 4 young (4096K), 4 survivors (4096K)
 Metaspace       used 49942K, capacity 50534K, committed 50768K, reserved 1093632K
  class space    used 5687K, capacity 5901K, committed 6012K, reserved 1048576K
}
Event: 4.790 GC heap before
{Heap before GC invocations=11 (full 0):
 garbage-first heap   total 95232K, used 70656K [0x00000000c1600000, 0x0000000100000000)
  region size 1024K, 33 young (33792K), 4 survivors (4096K)
 Metaspace       used 50229K, capacity 50791K, committed 51024K, reserved 1093632K
  class space    used 5693K, capacity 5901K, committed 6012K, reserved 1048576K
}
Event: 4.816 GC heap after
{Heap after GC invocations=12 (full 0):
 garbage-first heap   total 95232K, used 48759K [0x00000000c1600000, 0x0000000100000000)
  region size 1024K, 5 young (5120K), 5 survivors (5120K)
 Metaspace       used 50229K, capacity 50791K, committed 51024K, reserved 1093632K
  class space    used 5693K, capacity 5901K, committed 6012K, reserved 1048576K
}
Event: 5.227 GC heap before
{Heap before GC invocations=12 (full 0):
 garbage-first heap   total 95232K, used 72311K [0x00000000c1600000, 0x0000000100000000)
  region size 1024K, 28 young (28672K), 5 survivors (5120K)
 Metaspace       used 52249K, capacity 52867K, committed 52944K, reserved 1095680K
  class space    used 5859K, capacity 6103K, committed 6140K, reserved 1048576K
}
Event: 5.242 GC heap after
{Heap after GC invocations=13 (full 0):
 garbage-first heap   total 95232K, used 53248K [0x00000000c1600000, 0x0000000100000000)
  region size 1024K, 4 young (4096K), 4 survivors (4096K)
 Metaspace       used 52249K, capacity 52867K, committed 52944K, reserved 1095680K
  class space    used 5859K, capacity 6103K, committed 6140K, reserved 1048576K
}
Event: 5.454 GC heap before
{Heap before GC invocations=14 (full 0):
 garbage-first heap   total 95232K, used 74752K [0x00000000c1600000, 0x0000000100000000)
  region size 1024K, 25 young (25600K), 4 survivors (4096K)
 Metaspace       used 52569K, capacity 53190K, committed 53456K, reserved 1097728K
  class space    used 5867K, capacity 6103K, committed 6140K, reserved 1048576K
}
Event: 5.468 GC heap after
{Heap after GC invocations=15 (full 0):
 garbage-first heap   total 95232K, used 57856K [0x00000000c1600000, 0x0000000100000000)
  region size 1024K, 4 young (4096K), 4 survivors (4096K)
 Metaspace       used 52569K, capacity 53190K, committed 53456K, reserved 1097728K
  class space    used 5867K, capacity 6103K, committed 6140K, reserved 1048576K
}
Event: 5.538 GC heap before
{Heap before GC invocations=15 (full 0):
 garbage-first heap   total 95232K, used 75264K [0x00000000c1600000, 0x0000000100000000)
  region size 1024K, 21 young (21504K), 4 survivors (4096K)
 Metaspace       used 52617K, capacity 53254K, committed 53456K, reserved 1097728K
  class space    used 5868K, capacity 6103K, committed 6140K, reserved 1048576K
}

