# JRE version: OpenJDK Runtime Environment (11.0.13) (build 11.0.13+0-b1751.21-8125866)
# Java VM: OpenJDK 64-Bit Server VM (11.0.13+0-b1751.21-8125866, mixed mode, tiered, compressed oops, g1 gc, windows-amd64)
Heap:
 garbage-first heap   total 199680K, used 166558K [0x00000000a0000000, 0x0000000100000000)
  region size 1024K, 29 young (29696K), 8 survivors (8192K)
 Metaspace       used 95159K, capacity 97497K, committed 97872K, reserved 1134592K
  class space    used 12171K, capacity 13024K, committed 13216K, reserved 1048576K
GC Heap History (20 events):
Event: 9.131 GC heap before
{Heap before GC invocations=34 (full 0):
 garbage-first heap   total 138240K, used 105679K [0x00000000a0000000, 0x0000000100000000)
  region size 1024K, 45 young (46080K), 5 survivors (5120K)
 Metaspace       used 77378K, capacity 79296K, committed 79568K, reserved 1118208K
  class space    used 9935K, capacity 10672K, committed 10784K, reserved 1048576K
}
Event: 9.137 GC heap after
{Heap after GC invocations=35 (full 0):
 garbage-first heap   total 138240K, used 67390K [0x00000000a0000000, 0x0000000100000000)
  region size 1024K, 5 young (5120K), 5 survivors (5120K)
 Metaspace       used 77378K, capacity 79296K, committed 79568K, reserved 1118208K
  class space    used 9935K, capacity 10672K, committed 10784K, reserved 1048576K
}
Event: 9.541 GC heap before
{Heap before GC invocations=35 (full 0):
 garbage-first heap   total 138240K, used 109374K [0x00000000a0000000, 0x0000000100000000)
  region size 1024K, 46 young (47104K), 5 survivors (5120K)
 Metaspace       used 81391K, capacity 83326K, committed 83664K, reserved 1122304K
  class space    used 10491K, capacity 11212K, committed 11296K, reserved 1048576K
}
Event: 9.550 GC heap after
{Heap after GC invocations=36 (full 0):
 garbage-first heap   total 138240K, used 69818K [0x00000000a0000000, 0x0000000100000000)
  region size 1024K, 6 young (6144K), 6 survivors (6144K)
 Metaspace       used 81391K, capacity 83326K, committed 83664K, reserved 1122304K
  class space    used 10491K, capacity 11212K, committed 11296K, reserved 1048576K
}
Event: 10.036 GC heap before
{Heap before GC invocations=37 (full 0):
 garbage-first heap   total 138240K, used 110778K [0x00000000a0000000, 0x0000000100000000)
  region size 1024K, 46 young (47104K), 6 survivors (6144K)
 Metaspace       used 84812K, capacity 86998K, committed 87120K, reserved 1124352K
  class space    used 11016K, capacity 11817K, committed 11936K, reserved 1048576K
}
Event: 10.044 GC heap after
{Heap after GC invocations=38 (full 0):
 garbage-first heap   total 138240K, used 73393K [0x00000000a0000000, 0x0000000100000000)
  region size 1024K, 6 young (6144K), 6 survivors (6144K)
 Metaspace       used 84812K, capacity 86998K, committed 87120K, reserved 1124352K
  class space    used 11016K, capacity 11817K, committed 11936K, reserved 1048576K
}
Event: 10.441 GC heap before
{Heap before GC invocations=38 (full 0):
 garbage-first heap   total 138240K, used 112305K [0x00000000a0000000, 0x0000000100000000)
  region size 1024K, 44 young (45056K), 6 survivors (6144K)
 Metaspace       used 85865K, capacity 88263K, committed 88528K, reserved 1126400K
  class space    used 11164K, capacity 12036K, committed 12064K, reserved 1048576K
}
Event: 10.449 GC heap after
{Heap after GC invocations=39 (full 0):
 garbage-first heap   total 165888K, used 75808K [0x00000000a0000000, 0x0000000100000000)
  region size 1024K, 3 young (3072K), 3 survivors (3072K)
 Metaspace       used 85865K, capacity 88263K, committed 88528K, reserved 1126400K
  class space    used 11164K, capacity 12036K, committed 12064K, reserved 1048576K
}
Event: 10.813 GC heap before
{Heap before GC invocations=40 (full 0):
 garbage-first heap   total 165888K, used 124960K [0x00000000a0000000, 0x0000000100000000)
  region size 1024K, 51 young (52224K), 3 survivors (3072K)
 Metaspace       used 86080K, capacity 88431K, committed 88528K, reserved 1126400K
  class space    used 11170K, capacity 12042K, committed 12064K, reserved 1048576K
}
Event: 10.818 GC heap after
{Heap after GC invocations=41 (full 0):
 garbage-first heap   total 165888K, used 81708K [0x00000000a0000000, 0x0000000100000000)
  region size 1024K, 7 young (7168K), 7 survivors (7168K)
 Metaspace       used 86080K, capacity 88431K, committed 88528K, reserved 1126400K
  class space    used 11170K, capacity 12042K, committed 12064K, reserved 1048576K
}
Event: 11.266 GC heap before
{Heap before GC invocations=41 (full 0):
 garbage-first heap   total 165888K, used 129836K [0x00000000a0000000, 0x0000000100000000)
  region size 1024K, 55 young (56320K), 7 survivors (7168K)
 Metaspace       used 86370K, capacity 88774K, committed 88912K, reserved 1126400K
  class space    used 11197K, capacity 12085K, committed 12192K, reserved 1048576K
}
Event: 11.284 GC heap after
{Heap after GC invocations=42 (full 0):
 garbage-first heap   total 165888K, used 85195K [0x00000000a0000000, 0x0000000100000000)
  region size 1024K, 5 young (5120K), 5 survivors (5120K)
 Metaspace       used 86370K, capacity 88774K, committed 88912K, reserved 1126400K
  class space    used 11197K, capacity 12085K, committed 12192K, reserved 1048576K
}
Event: 11.723 GC heap before
{Heap before GC invocations=43 (full 0):
 garbage-first heap   total 165888K, used 131275K [0x00000000a0000000, 0x0000000100000000)
  region size 1024K, 51 young (52224K), 5 survivors (5120K)
 Metaspace       used 86988K, capacity 89401K, committed 89680K, reserved 1126400K
  class space    used 11245K, capacity 12105K, committed 12192K, reserved 1048576K
}
Event: 11.730 GC heap after
{Heap after GC invocations=44 (full 0):
 garbage-first heap   total 165888K, used 89573K [0x00000000a0000000, 0x0000000100000000)
  region size 1024K, 5 young (5120K), 5 survivors (5120K)
 Metaspace       used 86988K, capacity 89401K, committed 89680K, reserved 1126400K
  class space    used 11245K, capacity 12105K, committed 12192K, reserved 1048576K
}
Event: 11.918 GC heap before
{Heap before GC invocations=44 (full 0):
 garbage-first heap   total 165888K, used 132581K [0x00000000a0000000, 0x0000000100000000)
  region size 1024K, 48 young (49152K), 5 survivors (5120K)
 Metaspace       used 88689K, capacity 91108K, committed 91344K, reserved 1128448K
  class space    used 11399K, capacity 12313K, committed 12320K, reserved 1048576K
}
Event: 11.926 GC heap after
{Heap after GC invocations=45 (full 0):
 garbage-first heap   total 199680K, used 92266K [0x00000000a0000000, 0x0000000100000000)
  region size 1024K, 3 young (3072K), 3 survivors (3072K)
 Metaspace       used 88689K, capacity 91108K, committed 91344K, reserved 1128448K
  class space    used 11399K, capacity 12313K, committed 12320K, reserved 1048576K
}
Event: 12.187 GC heap before
{Heap before GC invocations=46 (full 0):
 garbage-first heap   total 199680K, used 151658K [0x00000000a0000000, 0x0000000100000000)
  region size 1024K, 62 young (63488K), 3 survivors (3072K)
 Metaspace       used 90002K, capacity 92332K, committed 92880K, reserved 1130496K
  class space    used 11518K, capacity 12368K, committed 12576K, reserved 1048576K
}
Event: 12.193 GC heap after
{Heap after GC invocations=47 (full 0):
 garbage-first heap   total 199680K, used 94147K [0x00000000a0000000, 0x0000000100000000)
  region size 1024K, 5 young (5120K), 5 survivors (5120K)
 Metaspace       used 90002K, capacity 92332K, committed 92880K, reserved 1130496K
  class space    used 11518K, capacity 12368K, committed 12576K, reserved 1048576K
}
Event: 12.270 GC heap before
{Heap before GC invocations=47 (full 0):
 garbage-first heap   total 199680K, used 116675K [0x00000000a0000000, 0x0000000100000000)
  region size 1024K, 29 young (29696K), 5 survivors (5120K)
 Metaspace       used 90705K, capacity 93008K, committed 93392K, reserved 1130496K
  class space    used 11596K, capacity 12439K, committed 12576K, reserved 1048576K
}
Event: 12.277 GC heap after
{Heap after GC invocations=48 (full 0):
 garbage-first heap   total 199680K, used 95651K [0x00000000a0000000, 0x0000000100000000)
  region size 1024K, 7 young (7168K), 7 survivors (7168K)
 Metaspace       used 90705K, capacity 93008K, committed 93392K, reserved 1130496K
  class space    used 11596K, capacity 12439K, committed 12576K, reserved 1048576K
}

