# JRE version: OpenJDK Runtime Environment (11.0.13) (build 11.0.13+0-b1751.21-8125866)
# Java VM: OpenJDK 64-Bit Server VM (11.0.13+0-b1751.21-8125866, mixed mode, tiered, compressed oops, g1 gc, windows-amd64)
Heap:
 garbage-first heap   total 859136K, used 286331K [0x00000000a0000000, 0x0000000100000000)
  region size 1024K, 5 young (5120K), 5 survivors (5120K)
 Metaspace       used 100263K, capacity 102809K, committed 103036K, reserved 1138688K
  class space    used 12984K, capacity 13929K, committed 14028K, reserved 1048576K
GC Heap History (20 events):
Event: 20.637 GC heap after
{Heap after GC invocations=57 (full 0):
 garbage-first heap   total 223232K, used 179578K [0x00000000a0000000, 0x0000000100000000)
  region size 1024K, 3 young (3072K), 3 survivors (3072K)
 Metaspace       used 95538K, capacity 97789K, committed 98172K, reserved 1134592K
  class space    used 12191K, capacity 13048K, committed 13260K, reserved 1048576K
}
Event: 20.744 GC heap before
{Heap before GC invocations=58 (full 0):
 garbage-first heap   total 223232K, used 190842K [0x00000000a0000000, 0x0000000100000000)
  region size 1024K, 13 young (13312K), 3 survivors (3072K)
 Metaspace       used 96083K, capacity 98458K, committed 98684K, reserved 1134592K
  class space    used 12290K, capacity 13170K, committed 13260K, reserved 1048576K
}
Event: 20.756 GC heap after
{Heap after GC invocations=59 (full 0):
 garbage-first heap   total 223232K, used 186335K [0x00000000a0000000, 0x0000000100000000)
  region size 1024K, 2 young (2048K), 2 survivors (2048K)
 Metaspace       used 96083K, capacity 98458K, committed 98684K, reserved 1134592K
  class space    used 12290K, capacity 13170K, committed 13260K, reserved 1048576K
}
Event: 20.845 GC heap before
{Heap before GC invocations=59 (full 0):
 garbage-first heap   total 223232K, used 193503K [0x00000000a0000000, 0x0000000100000000)
  region size 1024K, 10 young (10240K), 2 survivors (2048K)
 Metaspace       used 97666K, capacity 100007K, committed 100348K, reserved 1136640K
  class space    used 12665K, capacity 13546K, committed 13644K, reserved 1048576K
}
Event: 20.854 GC heap after
{Heap after GC invocations=60 (full 0):
 garbage-first heap   total 268288K, used 188104K [0x00000000a0000000, 0x0000000100000000)
  region size 1024K, 2 young (2048K), 2 survivors (2048K)
 Metaspace       used 97666K, capacity 100007K, committed 100348K, reserved 1136640K
  class space    used 12665K, capacity 13546K, committed 13644K, reserved 1048576K
}
Event: 20.967 GC heap before
{Heap before GC invocations=60 (full 0):
 garbage-first heap   total 268288K, used 208584K [0x00000000a0000000, 0x0000000100000000)
  region size 1024K, 23 young (23552K), 2 survivors (2048K)
 Metaspace       used 97833K, capacity 100287K, committed 100604K, reserved 1136640K
  class space    used 12670K, capacity 13551K, committed 13644K, reserved 1048576K
}
Event: 20.987 GC heap after
{Heap after GC invocations=61 (full 0):
 garbage-first heap   total 268288K, used 198723K [0x00000000a0000000, 0x0000000100000000)
  region size 1024K, 3 young (3072K), 3 survivors (3072K)
 Metaspace       used 97833K, capacity 100287K, committed 100604K, reserved 1136640K
  class space    used 12670K, capacity 13551K, committed 13644K, reserved 1048576K
}
Event: 21.027 GC heap before
{Heap before GC invocations=61 (full 0):
 garbage-first heap   total 268288K, used 216131K [0x00000000a0000000, 0x0000000100000000)
  region size 1024K, 20 young (20480K), 3 survivors (3072K)
 Metaspace       used 97897K, capacity 100295K, committed 100604K, reserved 1136640K
  class space    used 12670K, capacity 13551K, committed 13644K, reserved 1048576K
}
Event: 21.036 GC heap after
{Heap after GC invocations=62 (full 0):
 garbage-first heap   total 268288K, used 208254K [0x00000000a0000000, 0x0000000100000000)
  region size 1024K, 3 young (3072K), 3 survivors (3072K)
 Metaspace       used 97897K, capacity 100295K, committed 100604K, reserved 1136640K
  class space    used 12670K, capacity 13551K, committed 13644K, reserved 1048576K
}
Event: 21.065 GC heap before
{Heap before GC invocations=62 (full 0):
 garbage-first heap   total 268288K, used 221566K [0x00000000a0000000, 0x0000000100000000)
  region size 1024K, 17 young (17408K), 3 survivors (3072K)
 Metaspace       used 97922K, capacity 100363K, committed 100604K, reserved 1136640K
  class space    used 12670K, capacity 13551K, committed 13644K, reserved 1048576K
}
Event: 21.072 GC heap after
{Heap after GC invocations=63 (full 0):
 garbage-first heap   total 268288K, used 216274K [0x00000000a0000000, 0x0000000100000000)
  region size 1024K, 3 young (3072K), 3 survivors (3072K)
 Metaspace       used 97922K, capacity 100363K, committed 100604K, reserved 1136640K
  class space    used 12670K, capacity 13551K, committed 13644K, reserved 1048576K
}
Event: 21.089 GC heap before
{Heap before GC invocations=63 (full 0):
 garbage-first heap   total 268288K, used 226514K [0x00000000a0000000, 0x0000000100000000)
  region size 1024K, 13 young (13312K), 3 survivors (3072K)
 Metaspace       used 97923K, capacity 100363K, committed 100604K, reserved 1136640K
  class space    used 12670K, capacity 13551K, committed 13644K, reserved 1048576K
}
Event: 21.119 GC heap after
{Heap after GC invocations=64 (full 0):
 garbage-first heap   total 381952K, used 222208K [0x00000000a0000000, 0x0000000100000000)
  region size 1024K, 2 young (2048K), 2 survivors (2048K)
 Metaspace       used 97923K, capacity 100363K, committed 100604K, reserved 1136640K
  class space    used 12670K, capacity 13551K, committed 13644K, reserved 1048576K
}
Event: 21.228 GC heap before
{Heap before GC invocations=64 (full 0):
 garbage-first heap   total 381952K, used 268288K [0x00000000a0000000, 0x0000000100000000)
  region size 1024K, 48 young (49152K), 2 survivors (2048K)
 Metaspace       used 97930K, capacity 100363K, committed 100604K, reserved 1136640K
  class space    used 12670K, capacity 13551K, committed 13644K, reserved 1048576K
}
Event: 21.260 GC heap after
{Heap after GC invocations=65 (full 0):
 garbage-first heap   total 381952K, used 246381K [0x00000000a0000000, 0x0000000100000000)
  region size 1024K, 6 young (6144K), 6 survivors (6144K)
 Metaspace       used 97930K, capacity 100363K, committed 100604K, reserved 1136640K
  class space    used 12670K, capacity 13551K, committed 13644K, reserved 1048576K
}
Event: 21.529 GC heap before
{Heap before GC invocations=65 (full 0):
 garbage-first heap   total 381952K, used 283245K [0x00000000a0000000, 0x0000000100000000)
  region size 1024K, 44 young (45056K), 6 survivors (6144K)
 Metaspace       used 97884K, capacity 100269K, committed 100604K, reserved 1136640K
  class space    used 12651K, capacity 13516K, committed 13644K, reserved 1048576K
}
Event: 21.566 GC heap after
{Heap after GC invocations=66 (full 0):
 garbage-first heap   total 381952K, used 267028K [0x00000000a0000000, 0x0000000100000000)
  region size 1024K, 6 young (6144K), 6 survivors (6144K)
 Metaspace       used 97884K, capacity 100269K, committed 100604K, reserved 1136640K
  class space    used 12651K, capacity 13516K, committed 13644K, reserved 1048576K
}
Event: 22.106 GC heap before
{Heap before GC invocations=67 (full 0):
 garbage-first heap   total 381952K, used 297748K [0x00000000a0000000, 0x0000000100000000)
  region size 1024K, 37 young (37888K), 6 survivors (6144K)
 Metaspace       used 99987K, capacity 102456K, committed 102652K, reserved 1138688K
  class space    used 12949K, capacity 13898K, committed 13900K, reserved 1048576K
}
Event: 22.179 GC heap after
{Heap after GC invocations=68 (full 0):
 garbage-first heap   total 381952K, used 278997K [0x00000000a0000000, 0x0000000100000000)
  region size 1024K, 5 young (5120K), 5 survivors (5120K)
 Metaspace       used 99987K, capacity 102456K, committed 102652K, reserved 1138688K
  class space    used 12949K, capacity 13898K, committed 13900K, reserved 1048576K
}
Event: 22.391 GC heap before
{Heap before GC invocations=68 (full 0):
 garbage-first heap   total 381952K, used 306645K [0x00000000a0000000, 0x0000000100000000)
  region size 1024K, 33 young (33792K), 5 survivors (5120K)
 Metaspace       used 100263K, capacity 102809K, committed 103036K, reserved 1138688K
  class space    used 12984K, capacity 13929K, committed 14028K, reserved 1048576K
}

