# JRE version: OpenJDK Runtime Environment (11.0.13) (build 11.0.13+0-b1751.21-8125866)
# Java VM: OpenJDK 64-Bit Server VM (11.0.13+0-b1751.21-8125866, mixed mode, tiered, compressed oops, g1 gc, windows-amd64)
Heap:
 garbage-first heap   total 614400K, used 241684K [0x00000000a0000000, 0x0000000100000000)
  region size 1024K, 5 young (5120K), 5 survivors (5120K)
 Metaspace       used 126959K, capacity 129946K, committed 130128K, reserved 1163264K
  class space    used 15155K, capacity 16278K, committed 16288K, reserved 1048576K
GC Heap History (20 events):
Event: 78.625 GC heap after
{Heap after GC invocations=111 (full 0):
 garbage-first heap   total 240640K, used 214901K [0x00000000a0000000, 0x0000000100000000)
  region size 1024K, 2 young (2048K), 2 survivors (2048K)
 Metaspace       used 124629K, capacity 127611K, committed 127696K, reserved 1161216K
  class space    used 14985K, capacity 16087K, committed 16160K, reserved 1048576K
}
Event: 78.672 GC heap before
{Heap before GC invocations=111 (full 0):
 garbage-first heap   total 240640K, used 224117K [0x00000000a0000000, 0x0000000100000000)
  region size 1024K, 11 young (11264K), 2 survivors (2048K)
 Metaspace       used 124644K, capacity 127615K, committed 127696K, reserved 1161216K
  class space    used 14985K, capacity 16087K, committed 16160K, reserved 1048576K
}
Event: 78.678 GC heap after
{Heap after GC invocations=112 (full 0):
 garbage-first heap   total 240640K, used 217088K [0x00000000a0000000, 0x0000000100000000)
  region size 1024K, 2 young (2048K), 2 survivors (2048K)
 Metaspace       used 124644K, capacity 127615K, committed 127696K, reserved 1161216K
  class space    used 14985K, capacity 16087K, committed 16160K, reserved 1048576K
}
Event: 78.749 GC heap before
{Heap before GC invocations=112 (full 0):
 garbage-first heap   total 240640K, used 226304K [0x00000000a0000000, 0x0000000100000000)
  region size 1024K, 11 young (11264K), 2 survivors (2048K)
 Metaspace       used 124669K, capacity 127679K, committed 127952K, reserved 1161216K
  class space    used 14985K, capacity 16087K, committed 16160K, reserved 1048576K
}
Event: 78.755 GC heap after
{Heap after GC invocations=113 (full 0):
 garbage-first heap   total 288768K, used 218632K [0x00000000a0000000, 0x0000000100000000)
  region size 1024K, 2 young (2048K), 2 survivors (2048K)
 Metaspace       used 124669K, capacity 127679K, committed 127952K, reserved 1161216K
  class space    used 14985K, capacity 16087K, committed 16160K, reserved 1048576K
}
Event: 78.857 GC heap before
{Heap before GC invocations=114 (full 0):
 garbage-first heap   total 288768K, used 235016K [0x00000000a0000000, 0x0000000100000000)
  region size 1024K, 18 young (18432K), 2 survivors (2048K)
 Metaspace       used 124706K, capacity 127681K, committed 127952K, reserved 1161216K
  class space    used 14985K, capacity 16087K, committed 16160K, reserved 1048576K
}
Event: 78.864 GC heap after
{Heap after GC invocations=115 (full 0):
 garbage-first heap   total 288768K, used 220734K [0x00000000a0000000, 0x0000000100000000)
  region size 1024K, 3 young (3072K), 3 survivors (3072K)
 Metaspace       used 124706K, capacity 127681K, committed 127952K, reserved 1161216K
  class space    used 14985K, capacity 16087K, committed 16160K, reserved 1048576K
}
Event: 78.901 GC heap before
{Heap before GC invocations=115 (full 0):
 garbage-first heap   total 288768K, used 231998K [0x00000000a0000000, 0x0000000100000000)
  region size 1024K, 14 young (14336K), 3 survivors (3072K)
 Metaspace       used 124726K, capacity 127681K, committed 127952K, reserved 1161216K
  class space    used 14985K, capacity 16087K, committed 16160K, reserved 1048576K
}
Event: 78.909 GC heap after
{Heap after GC invocations=116 (full 0):
 garbage-first heap   total 288768K, used 218226K [0x00000000a0000000, 0x0000000100000000)
  region size 1024K, 2 young (2048K), 2 survivors (2048K)
 Metaspace       used 124726K, capacity 127681K, committed 127952K, reserved 1161216K
  class space    used 14985K, capacity 16087K, committed 16160K, reserved 1048576K
}
Event: 78.965 GC heap before
{Heap before GC invocations=116 (full 0):
 garbage-first heap   total 288768K, used 235634K [0x00000000a0000000, 0x0000000100000000)
  region size 1024K, 19 young (19456K), 2 survivors (2048K)
 Metaspace       used 124763K, capacity 127747K, committed 127952K, reserved 1161216K
  class space    used 14989K, capacity 16087K, committed 16160K, reserved 1048576K
}
Event: 78.972 GC heap after
{Heap after GC invocations=117 (full 0):
 garbage-first heap   total 288768K, used 221291K [0x00000000a0000000, 0x0000000100000000)
  region size 1024K, 3 young (3072K), 3 survivors (3072K)
 Metaspace       used 124763K, capacity 127747K, committed 127952K, reserved 1161216K
  class space    used 14989K, capacity 16087K, committed 16160K, reserved 1048576K
}
Event: 79.026 GC heap before
{Heap before GC invocations=117 (full 0):
 garbage-first heap   total 288768K, used 238699K [0x00000000a0000000, 0x0000000100000000)
  region size 1024K, 20 young (20480K), 3 survivors (3072K)
 Metaspace       used 124786K, capacity 127749K, committed 127952K, reserved 1161216K
  class space    used 14989K, capacity 16087K, committed 16160K, reserved 1048576K
}
Event: 79.034 GC heap after
{Heap after GC invocations=118 (full 0):
 garbage-first heap   total 374784K, used 223344K [0x00000000a0000000, 0x0000000100000000)
  region size 1024K, 2 young (2048K), 2 survivors (2048K)
 Metaspace       used 124786K, capacity 127749K, committed 127952K, reserved 1161216K
  class space    used 14989K, capacity 16087K, committed 16160K, reserved 1048576K
}
Event: 79.191 GC heap before
{Heap before GC invocations=118 (full 0):
 garbage-first heap   total 374784K, used 268400K [0x00000000a0000000, 0x0000000100000000)
  region size 1024K, 46 young (47104K), 2 survivors (2048K)
 Metaspace       used 124804K, capacity 127751K, committed 127952K, reserved 1161216K
  class space    used 14989K, capacity 16087K, committed 16160K, reserved 1048576K
}
Event: 79.204 GC heap after
{Heap after GC invocations=119 (full 0):
 garbage-first heap   total 374784K, used 229853K [0x00000000a0000000, 0x0000000100000000)
  region size 1024K, 6 young (6144K), 6 survivors (6144K)
 Metaspace       used 124804K, capacity 127751K, committed 127952K, reserved 1161216K
  class space    used 14989K, capacity 16087K, committed 16160K, reserved 1048576K
}
Event: 79.378 GC heap before
{Heap before GC invocations=119 (full 0):
 garbage-first heap   total 374784K, used 276957K [0x00000000a0000000, 0x0000000100000000)
  region size 1024K, 52 young (53248K), 6 survivors (6144K)
 Metaspace       used 125044K, capacity 128023K, committed 128208K, reserved 1161216K
  class space    used 14999K, capacity 16090K, committed 16160K, reserved 1048576K
}
Event: 79.395 GC heap after
{Heap after GC invocations=120 (full 0):
 garbage-first heap   total 374784K, used 237197K [0x00000000a0000000, 0x0000000100000000)
  region size 1024K, 7 young (7168K), 7 survivors (7168K)
 Metaspace       used 125044K, capacity 128023K, committed 128208K, reserved 1161216K
  class space    used 14999K, capacity 16090K, committed 16160K, reserved 1048576K
}
Event: 79.560 GC heap before
{Heap before GC invocations=120 (full 0):
 garbage-first heap   total 374784K, used 284301K [0x00000000a0000000, 0x0000000100000000)
  region size 1024K, 53 young (54272K), 7 survivors (7168K)
 Metaspace       used 125913K, capacity 128896K, committed 129104K, reserved 1163264K
  class space    used 15106K, capacity 16233K, committed 16288K, reserved 1048576K
}
Event: 79.571 GC heap after
{Heap after GC invocations=121 (full 0):
 garbage-first heap   total 374784K, used 239981K [0x00000000a0000000, 0x0000000100000000)
  region size 1024K, 3 young (3072K), 3 survivors (3072K)
 Metaspace       used 125913K, capacity 128896K, committed 129104K, reserved 1163264K
  class space    used 15106K, capacity 16233K, committed 16288K, reserved 1048576K
}
Event: 80.085 GC heap before
{Heap before GC invocations=121 (full 0):
 garbage-first heap   total 374784K, used 290157K [0x00000000a0000000, 0x0000000100000000)
  region size 1024K, 52 young (53248K), 3 survivors (3072K)
 Metaspace       used 126959K, capacity 129946K, committed 130128K, reserved 1163264K
  class space    used 15155K, capacity 16278K, committed 16288K, reserved 1048576K
}

