# JRE version: OpenJDK Runtime Environment (8.0_202-b03) (build 1.8.0_202-release-1483-b03)
# Java VM: OpenJDK 64-Bit Server VM (25.202-b03 mixed mode windows-amd64 compressed oops)
Heap:
 PSYoungGen      total 39936K, used 36923K [0x00000000e0000000, 0x00000000e3180000, 0x0000000100000000)
  eden space 31232K, 100% used [0x00000000e0000000,0x00000000e1e80000,0x00000000e1e80000)
  from space 8704K, 65% used [0x00000000e2900000,0x00000000e2e8ec40,0x00000000e3180000)
  to   space 9728K, 50% used [0x00000000e1e80000,0x00000000e2340000,0x00000000e2800000)
 ParOldGen       total 46080K, used 8404K [0x00000000a0000000, 0x00000000a2d00000, 0x00000000e0000000)
  object space 46080K, 18% used [0x00000000a0000000,0x00000000a0835300,0x00000000a2d00000)
 Metaspace       used 30297K, capacity 30858K, committed 31232K, reserved 1077248K
  class space    used 4118K, capacity 4300K, committed 4352K, reserved 1048576K
GC Heap History (10 events):
Event: 11.870 GC heap after
Heap after GC invocations=5 (full 0):
 PSYoungGen      total 37888K, used 5092K [0x00000000e0000000, 0x00000000e3500000, 0x0000000100000000)
  eden space 32768K, 0% used [0x00000000e0000000,0x00000000e0000000,0x00000000e2000000)
  from space 5120K, 99% used [0x00000000e2080000,0x00000000e2579050,0x00000000e2580000)
  to   space 10752K, 0% used [0x00000000e2a80000,0x00000000e2a80000,0x00000000e3500000)
 ParOldGen       total 87552K, used 8630K [0x00000000a0000000, 0x00000000a5580000, 0x00000000e0000000)
  object space 87552K, 9% used [0x00000000a0000000,0x00000000a086db48,0x00000000a5580000)
 Metaspace       used 19119K, capacity 19628K, committed 19968K, reserved 1067008K
  class space    used 2772K, capacity 2958K, committed 3072K, reserved 1048576K
}
Event: 12.472 GC heap before
{Heap before GC invocations=6 (full 0):
 PSYoungGen      total 37888K, used 17063K [0x00000000e0000000, 0x00000000e3500000, 0x0000000100000000)
  eden space 32768K, 36% used [0x00000000e0000000,0x00000000e0bb0ee8,0x00000000e2000000)
  from space 5120K, 99% used [0x00000000e2080000,0x00000000e2579050,0x00000000e2580000)
  to   space 10752K, 0% used [0x00000000e2a80000,0x00000000e2a80000,0x00000000e3500000)
 ParOldGen       total 87552K, used 8630K [0x00000000a0000000, 0x00000000a5580000, 0x00000000e0000000)
  object space 87552K, 9% used [0x00000000a0000000,0x00000000a086db48,0x00000000a5580000)
 Metaspace       used 20710K, capacity 21138K, committed 21296K, reserved 1067008K
  class space    used 2954K, capacity 3119K, committed 3200K, reserved 1048576K
Event: 12.478 GC heap after
Heap after GC invocations=6 (full 0):
 PSYoungGen      total 41472K, used 7183K [0x00000000e0000000, 0x00000000e3380000, 0x0000000100000000)
  eden space 32256K, 0% used [0x00000000e0000000,0x00000000e0000000,0x00000000e1f80000)
  from space 9216K, 77% used [0x00000000e2a80000,0x00000000e3183e68,0x00000000e3380000)
  to   space 10240K, 0% used [0x00000000e1f80000,0x00000000e1f80000,0x00000000e2980000)
 ParOldGen       total 87552K, used 8638K [0x00000000a0000000, 0x00000000a5580000, 0x00000000e0000000)
  object space 87552K, 9% used [0x00000000a0000000,0x00000000a086fb48,0x00000000a5580000)
 Metaspace       used 20710K, capacity 21138K, committed 21296K, reserved 1067008K
  class space    used 2954K, capacity 3119K, committed 3200K, reserved 1048576K
}
Event: 12.478 GC heap before
{Heap before GC invocations=7 (full 1):
 PSYoungGen      total 41472K, used 7183K [0x00000000e0000000, 0x00000000e3380000, 0x0000000100000000)
  eden space 32256K, 0% used [0x00000000e0000000,0x00000000e0000000,0x00000000e1f80000)
  from space 9216K, 77% used [0x00000000e2a80000,0x00000000e3183e68,0x00000000e3380000)
  to   space 10240K, 0% used [0x00000000e1f80000,0x00000000e1f80000,0x00000000e2980000)
 ParOldGen       total 87552K, used 8638K [0x00000000a0000000, 0x00000000a5580000, 0x00000000e0000000)
  object space 87552K, 9% used [0x00000000a0000000,0x00000000a086fb48,0x00000000a5580000)
 Metaspace       used 20710K, capacity 21138K, committed 21296K, reserved 1067008K
  class space    used 2954K, capacity 3119K, committed 3200K, reserved 1048576K
Event: 12.536 GC heap after
Heap after GC invocations=7 (full 1):
 PSYoungGen      total 41472K, used 0K [0x00000000e0000000, 0x00000000e3380000, 0x0000000100000000)
  eden space 32256K, 0% used [0x00000000e0000000,0x00000000e0000000,0x00000000e1f80000)
  from space 9216K, 0% used [0x00000000e2a80000,0x00000000e2a80000,0x00000000e3380000)
  to   space 10240K, 0% used [0x00000000e1f80000,0x00000000e1f80000,0x00000000e2980000)
 ParOldGen       total 46080K, used 8380K [0x00000000a0000000, 0x00000000a2d00000, 0x00000000e0000000)
  object space 46080K, 18% used [0x00000000a0000000,0x00000000a082f300,0x00000000a2d00000)
 Metaspace       used 20710K, capacity 21138K, committed 21296K, reserved 1067008K
  class space    used 2954K, capacity 3119K, committed 3200K, reserved 1048576K
}
Event: 14.225 GC heap before
{Heap before GC invocations=8 (full 1):
 PSYoungGen      total 41472K, used 32256K [0x00000000e0000000, 0x00000000e3380000, 0x0000000100000000)
  eden space 32256K, 100% used [0x00000000e0000000,0x00000000e1f80000,0x00000000e1f80000)
  from space 9216K, 0% used [0x00000000e2a80000,0x00000000e2a80000,0x00000000e3380000)
  to   space 10240K, 0% used [0x00000000e1f80000,0x00000000e1f80000,0x00000000e2980000)
 ParOldGen       total 46080K, used 8380K [0x00000000a0000000, 0x00000000a2d00000, 0x00000000e0000000)
  object space 46080K, 18% used [0x00000000a0000000,0x00000000a082f300,0x00000000a2d00000)
 Metaspace       used 26045K, capacity 26584K, committed 26880K, reserved 1073152K
  class space    used 3517K, capacity 3735K, committed 3840K, reserved 1048576K
Event: 14.232 GC heap after
Heap after GC invocations=8 (full 1):
 PSYoungGen      total 36864K, used 4711K [0x00000000e0000000, 0x00000000e3300000, 0x0000000100000000)
  eden space 31744K, 0% used [0x00000000e0000000,0x00000000e0000000,0x00000000e1f00000)
  from space 5120K, 92% used [0x00000000e1f80000,0x00000000e2419f30,0x00000000e2480000)
  to   space 10240K, 0% used [0x00000000e2900000,0x00000000e2900000,0x00000000e3300000)
 ParOldGen       total 46080K, used 8388K [0x00000000a0000000, 0x00000000a2d00000, 0x00000000e0000000)
  object space 46080K, 18% used [0x00000000a0000000,0x00000000a0831300,0x00000000a2d00000)
 Metaspace       used 26045K, capacity 26584K, committed 26880K, reserved 1073152K
  class space    used 3517K, capacity 3735K, committed 3840K, reserved 1048576K
}
Event: 14.952 GC heap before
{Heap before GC invocations=9 (full 1):
 PSYoungGen      total 36864K, used 36455K [0x00000000e0000000, 0x00000000e3300000, 0x0000000100000000)
  eden space 31744K, 100% used [0x00000000e0000000,0x00000000e1f00000,0x00000000e1f00000)
  from space 5120K, 92% used [0x00000000e1f80000,0x00000000e2419f30,0x00000000e2480000)
  to   space 10240K, 0% used [0x00000000e2900000,0x00000000e2900000,0x00000000e3300000)
 ParOldGen       total 46080K, used 8388K [0x00000000a0000000, 0x00000000a2d00000, 0x00000000e0000000)
  object space 46080K, 18% used [0x00000000a0000000,0x00000000a0831300,0x00000000a2d00000)
 Metaspace       used 28925K, capacity 29478K, committed 29696K, reserved 1075200K
  class space    used 3900K, capacity 4096K, committed 4096K, reserved 1048576K
Event: 14.956 GC heap after
Heap after GC invocations=9 (full 1):
 PSYoungGen      total 39936K, used 5691K [0x00000000e0000000, 0x00000000e3180000, 0x0000000100000000)
  eden space 31232K, 0% used [0x00000000e0000000,0x00000000e0000000,0x00000000e1e80000)
  from space 8704K, 65% used [0x00000000e2900000,0x00000000e2e8ec40,0x00000000e3180000)
  to   space 9728K, 0% used [0x00000000e1e80000,0x00000000e1e80000,0x00000000e2800000)
 ParOldGen       total 46080K, used 8396K [0x00000000a0000000, 0x00000000a2d00000, 0x00000000e0000000)
  object space 46080K, 18% used [0x00000000a0000000,0x00000000a0833300,0x00000000a2d00000)
 Metaspace       used 28925K, capacity 29478K, committed 29696K, reserved 1075200K
  class space    used 3900K, capacity 4096K, committed 4096K, reserved 1048576K
}
Event: 15.626 GC heap before
{Heap before GC invocations=10 (full 1):
 PSYoungGen      total 39936K, used 36923K [0x00000000e0000000, 0x00000000e3180000, 0x0000000100000000)
  eden space 31232K, 100% used [0x00000000e0000000,0x00000000e1e80000,0x00000000e1e80000)
  from space 8704K, 65% used [0x00000000e2900000,0x00000000e2e8ec40,0x00000000e3180000)
  to   space 9728K, 0% used [0x00000000e1e80000,0x00000000e1e80000,0x00000000e2800000)
 ParOldGen       total 46080K, used 8396K [0x00000000a0000000, 0x00000000a2d00000, 0x00000000e0000000)
  object space 46080K, 18% used [0x00000000a0000000,0x00000000a0833300,0x00000000a2d00000)
 Metaspace       used 30297K, capacity 30858K, committed 31232K, reserved 1077248K
  class space    used 4118K, capacity 4300K, committed 4352K, reserved 1048576K

