# JRE version: OpenJDK Runtime Environment (11.0.13) (build 11.0.13+0-b1751.21-8125866)
# Java VM: OpenJDK 64-Bit Server VM (11.0.13+0-b1751.21-8125866, mixed mode, tiered, compressed oops, g1 gc, windows-amd64)
Heap:
 garbage-first heap   total 128000K, used 53592K [0x00000000c1600000, 0x0000000100000000)
  region size 1024K, 4 young (4096K), 4 survivors (4096K)
 Metaspace       used 52263K, capacity 52879K, committed 52944K, reserved 1095680K
  class space    used 5859K, capacity 6103K, committed 6144K, reserved 1048576K
GC Heap History (20 events):
Event: 1.108 GC heap after
{Heap after GC invocations=3 (full 0):
 garbage-first heap   total 65536K, used 9811K [0x00000000c1600000, 0x0000000100000000)
  region size 1024K, 1 young (1024K), 1 survivors (1024K)
 Metaspace       used 20995K, capacity 21222K, committed 21248K, reserved 1069056K
  class space    used 2210K, capacity 2293K, committed 2304K, reserved 1048576K
}
Event: 1.960 GC heap before
{Heap before GC invocations=4 (full 0):
 garbage-first heap   total 65536K, used 41555K [0x00000000c1600000, 0x0000000100000000)
  region size 1024K, 29 young (29696K), 1 survivors (1024K)
 Metaspace       used 30198K, capacity 30710K, committed 30972K, reserved 1077248K
  class space    used 3572K, capacity 3747K, committed 3840K, reserved 1048576K
}
Event: 1.965 GC heap after
{Heap after GC invocations=5 (full 0):
 garbage-first heap   total 65536K, used 14563K [0x00000000c1600000, 0x0000000100000000)
  region size 1024K, 3 young (3072K), 3 survivors (3072K)
 Metaspace       used 30198K, capacity 30710K, committed 30972K, reserved 1077248K
  class space    used 3572K, capacity 3747K, committed 3840K, reserved 1048576K
}
Event: 2.363 GC heap before
{Heap before GC invocations=5 (full 0):
 garbage-first heap   total 65536K, used 44259K [0x00000000c1600000, 0x0000000100000000)
  region size 1024K, 31 young (31744K), 3 survivors (3072K)
 Metaspace       used 33646K, capacity 34156K, committed 34428K, reserved 1079296K
  class space    used 4150K, capacity 4360K, committed 4480K, reserved 1048576K
}
Event: 2.375 GC heap after
{Heap after GC invocations=6 (full 0):
 garbage-first heap   total 78848K, used 21934K [0x00000000c1600000, 0x0000000100000000)
  region size 1024K, 4 young (4096K), 4 survivors (4096K)
 Metaspace       used 33646K, capacity 34156K, committed 34428K, reserved 1079296K
  class space    used 4150K, capacity 4360K, committed 4480K, reserved 1048576K
}
Event: 2.500 GC heap before
{Heap before GC invocations=6 (full 0):
 garbage-first heap   total 78848K, used 29102K [0x00000000c1600000, 0x0000000100000000)
  region size 1024K, 12 young (12288K), 4 survivors (4096K)
 Metaspace       used 35387K, capacity 35895K, committed 36048K, reserved 1081344K
  class space    used 4335K, capacity 4556K, committed 4608K, reserved 1048576K
}
Event: 2.507 GC heap after
{Heap after GC invocations=7 (full 0):
 garbage-first heap   total 78848K, used 23270K [0x00000000c1600000, 0x0000000100000000)
  region size 1024K, 1 young (1024K), 1 survivors (1024K)
 Metaspace       used 35387K, capacity 35895K, committed 36048K, reserved 1081344K
  class space    used 4335K, capacity 4556K, committed 4608K, reserved 1048576K
}
Event: 2.794 GC heap before
{Heap before GC invocations=8 (full 0):
 garbage-first heap   total 78848K, used 44774K [0x00000000c1600000, 0x0000000100000000)
  region size 1024K, 23 young (23552K), 1 survivors (1024K)
 Metaspace       used 39302K, capacity 39795K, committed 40016K, reserved 1085440K
  class space    used 4712K, capacity 4914K, committed 4992K, reserved 1048576K
}
Event: 2.799 GC heap after
{Heap after GC invocations=9 (full 0):
 garbage-first heap   total 78848K, used 23908K [0x00000000c1600000, 0x0000000100000000)
  region size 1024K, 3 young (3072K), 3 survivors (3072K)
 Metaspace       used 39302K, capacity 39795K, committed 40016K, reserved 1085440K
  class space    used 4712K, capacity 4914K, committed 4992K, reserved 1048576K
}
Event: 3.171 GC heap before
{Heap before GC invocations=9 (full 0):
 garbage-first heap   total 78848K, used 46436K [0x00000000c1600000, 0x0000000100000000)
  region size 1024K, 26 young (26624K), 3 survivors (3072K)
 Metaspace       used 44083K, capacity 44606K, committed 44752K, reserved 1089536K
  class space    used 5161K, capacity 5342K, committed 5376K, reserved 1048576K
}
Event: 3.178 GC heap after
{Heap after GC invocations=10 (full 0):
 garbage-first heap   total 78848K, used 27163K [0x00000000c1600000, 0x0000000100000000)
  region size 1024K, 4 young (4096K), 4 survivors (4096K)
 Metaspace       used 44083K, capacity 44606K, committed 44752K, reserved 1089536K
  class space    used 5161K, capacity 5342K, committed 5376K, reserved 1048576K
}
Event: 3.510 GC heap before
{Heap before GC invocations=10 (full 0):
 garbage-first heap   total 78848K, used 53787K [0x00000000c1600000, 0x0000000100000000)
  region size 1024K, 27 young (27648K), 4 survivors (4096K)
 Metaspace       used 47499K, capacity 48092K, committed 48208K, reserved 1091584K
  class space    used 5542K, capacity 5755K, committed 5760K, reserved 1048576K
}
Event: 3.520 GC heap after
{Heap after GC invocations=11 (full 0):
 garbage-first heap   total 95232K, used 33231K [0x00000000c1600000, 0x0000000100000000)
  region size 1024K, 4 young (4096K), 4 survivors (4096K)
 Metaspace       used 47499K, capacity 48092K, committed 48208K, reserved 1091584K
  class space    used 5542K, capacity 5755K, committed 5760K, reserved 1048576K
}
Event: 3.725 GC heap before
{Heap before GC invocations=11 (full 0):
 garbage-first heap   total 95232K, used 60879K [0x00000000c1600000, 0x0000000100000000)
  region size 1024K, 31 young (31744K), 4 survivors (4096K)
 Metaspace       used 48959K, capacity 49559K, committed 49744K, reserved 1093632K
  class space    used 5677K, capacity 5899K, committed 6016K, reserved 1048576K
}
Event: 3.737 GC heap after
{Heap after GC invocations=12 (full 0):
 garbage-first heap   total 95232K, used 35112K [0x00000000c1600000, 0x0000000100000000)
  region size 1024K, 2 young (2048K), 2 survivors (2048K)
 Metaspace       used 48959K, capacity 49559K, committed 49744K, reserved 1093632K
  class space    used 5677K, capacity 5899K, committed 6016K, reserved 1048576K
}
Event: 4.146 GC heap before
{Heap before GC invocations=12 (full 0):
 garbage-first heap   total 95232K, used 64808K [0x00000000c1600000, 0x0000000100000000)
  region size 1024K, 29 young (29696K), 2 survivors (2048K)
 Metaspace       used 49985K, capacity 50598K, committed 50768K, reserved 1093632K
  class space    used 5686K, capacity 5901K, committed 6016K, reserved 1048576K
}
Event: 4.160 GC heap after
{Heap after GC invocations=13 (full 0):
 garbage-first heap   total 95232K, used 42362K [0x00000000c1600000, 0x0000000100000000)
  region size 1024K, 4 young (4096K), 4 survivors (4096K)
 Metaspace       used 49985K, capacity 50598K, committed 50768K, reserved 1093632K
  class space    used 5686K, capacity 5901K, committed 6016K, reserved 1048576K
}
Event: 4.415 GC heap before
{Heap before GC invocations=13 (full 0):
 garbage-first heap   total 95232K, used 66938K [0x00000000c1600000, 0x0000000100000000)
  region size 1024K, 29 young (29696K), 4 survivors (4096K)
 Metaspace       used 50265K, capacity 50867K, committed 51024K, reserved 1093632K
  class space    used 5694K, capacity 5901K, committed 6016K, reserved 1048576K
}
Event: 4.437 GC heap after
{Heap after GC invocations=14 (full 0):
 garbage-first heap   total 95232K, used 49152K [0x00000000c1600000, 0x0000000100000000)
  region size 1024K, 4 young (4096K), 4 survivors (4096K)
 Metaspace       used 50265K, capacity 50867K, committed 51024K, reserved 1093632K
  class space    used 5694K, capacity 5901K, committed 6016K, reserved 1048576K
}
Event: 4.716 GC heap before
{Heap before GC invocations=14 (full 0):
 garbage-first heap   total 95232K, used 70656K [0x00000000c1600000, 0x0000000100000000)
  region size 1024K, 25 young (25600K), 4 survivors (4096K)
 Metaspace       used 52263K, capacity 52879K, committed 52944K, reserved 1095680K
  class space    used 5859K, capacity 6103K, committed 6144K, reserved 1048576K
}

