# JRE version: OpenJDK Runtime Environment (11.0.13) (build 11.0.13+0-b1751.21-8125866)
# Java VM: OpenJDK 64-Bit Server VM (11.0.13+0-b1751.21-8125866, mixed mode, tiered, compressed oops, g1 gc, windows-amd64)
Heap:
 garbage-first heap   total 444416K, used 107279K [0x00000000a0000000, 0x0000000100000000)
  region size 1024K, 13 young (13312K), 13 survivors (13312K)
 Metaspace       used 94276K, capacity 96814K, committed 97020K, reserved 1132544K
  class space    used 12071K, capacity 13011K, committed 13132K, reserved 1048576K
GC Heap History (20 events):
Event: 14.434 GC heap after
{Heap after GC invocations=48 (full 0):
 garbage-first heap   total 118784K, used 64271K [0x00000000a0000000, 0x0000000100000000)
  region size 1024K, 2 young (2048K), 2 survivors (2048K)
 Metaspace       used 68486K, capacity 70179K, committed 70396K, reserved 1110016K
  class space    used 8604K, capacity 9214K, committed 9292K, reserved 1048576K
}
Event: 14.890 GC heap before
{Heap before GC invocations=49 (full 0):
 garbage-first heap   total 118784K, used 90895K [0x00000000a0000000, 0x0000000100000000)
  region size 1024K, 28 young (28672K), 2 survivors (2048K)
 Metaspace       used 71765K, capacity 73509K, committed 73852K, reserved 1114112K
  class space    used 9208K, capacity 9834K, committed 9932K, reserved 1048576K
}
Event: 14.902 GC heap after
{Heap after GC invocations=50 (full 0):
 garbage-first heap   total 118784K, used 65553K [0x00000000a0000000, 0x0000000100000000)
  region size 1024K, 4 young (4096K), 4 survivors (4096K)
 Metaspace       used 71765K, capacity 73509K, committed 73852K, reserved 1114112K
  class space    used 9208K, capacity 9834K, committed 9932K, reserved 1048576K
}
Event: 15.303 GC heap before
{Heap before GC invocations=50 (full 0):
 garbage-first heap   total 118784K, used 92177K [0x00000000a0000000, 0x0000000100000000)
  region size 1024K, 30 young (30720K), 4 survivors (4096K)
 Metaspace       used 75453K, capacity 77199K, committed 77308K, reserved 1116160K
  class space    used 9658K, capacity 10304K, committed 10316K, reserved 1048576K
}
Event: 15.316 GC heap after
{Heap after GC invocations=51 (full 0):
 garbage-first heap   total 156672K, used 67290K [0x00000000a0000000, 0x0000000100000000)
  region size 1024K, 4 young (4096K), 4 survivors (4096K)
 Metaspace       used 75453K, capacity 77199K, committed 77308K, reserved 1116160K
  class space    used 9658K, capacity 10304K, committed 10316K, reserved 1048576K
}
Event: 15.789 GC heap before
{Heap before GC invocations=52 (full 0):
 garbage-first heap   total 156672K, used 109274K [0x00000000a0000000, 0x0000000100000000)
  region size 1024K, 45 young (46080K), 4 survivors (4096K)
 Metaspace       used 78685K, capacity 80552K, committed 80636K, reserved 1120256K
  class space    used 10080K, capacity 10808K, committed 10828K, reserved 1048576K
}
Event: 15.798 GC heap after
{Heap after GC invocations=53 (full 0):
 garbage-first heap   total 156672K, used 70500K [0x00000000a0000000, 0x0000000100000000)
  region size 1024K, 5 young (5120K), 5 survivors (5120K)
 Metaspace       used 78685K, capacity 80552K, committed 80636K, reserved 1120256K
  class space    used 10080K, capacity 10808K, committed 10828K, reserved 1048576K
}
Event: 16.611 GC heap before
{Heap before GC invocations=53 (full 0):
 garbage-first heap   total 156672K, used 119652K [0x00000000a0000000, 0x0000000100000000)
  region size 1024K, 53 young (54272K), 5 survivors (5120K)
 Metaspace       used 83240K, capacity 85081K, committed 85372K, reserved 1124352K
  class space    used 10696K, capacity 11381K, committed 11468K, reserved 1048576K
}
Event: 16.639 GC heap after
{Heap after GC invocations=54 (full 0):
 garbage-first heap   total 156672K, used 73181K [0x00000000a0000000, 0x0000000100000000)
  region size 1024K, 6 young (6144K), 6 survivors (6144K)
 Metaspace       used 83240K, capacity 85081K, committed 85372K, reserved 1124352K
  class space    used 10696K, capacity 11381K, committed 11468K, reserved 1048576K
}
Event: 17.464 GC heap before
{Heap before GC invocations=54 (full 0):
 garbage-first heap   total 156672K, used 121309K [0x00000000a0000000, 0x0000000100000000)
  region size 1024K, 54 young (55296K), 6 survivors (6144K)
 Metaspace       used 86315K, capacity 88700K, committed 88956K, reserved 1126400K
  class space    used 11226K, capacity 12117K, committed 12236K, reserved 1048576K
}
Event: 17.506 GC heap after
{Heap after GC invocations=55 (full 0):
 garbage-first heap   total 156672K, used 77336K [0x00000000a0000000, 0x0000000100000000)
  region size 1024K, 7 young (7168K), 7 survivors (7168K)
 Metaspace       used 86315K, capacity 88700K, committed 88956K, reserved 1126400K
  class space    used 11226K, capacity 12117K, committed 12236K, reserved 1048576K
}
Event: 18.315 GC heap before
{Heap before GC invocations=55 (full 0):
 garbage-first heap   total 156672K, used 124440K [0x00000000a0000000, 0x0000000100000000)
  region size 1024K, 54 young (55296K), 7 survivors (7168K)
 Metaspace       used 86769K, capacity 89168K, committed 89468K, reserved 1126400K
  class space    used 11237K, capacity 12130K, committed 12236K, reserved 1048576K
}
Event: 18.375 GC heap after
{Heap after GC invocations=56 (full 0):
 garbage-first heap   total 247808K, used 80047K [0x00000000a0000000, 0x0000000100000000)
  region size 1024K, 4 young (4096K), 4 survivors (4096K)
 Metaspace       used 86769K, capacity 89168K, committed 89468K, reserved 1126400K
  class space    used 11237K, capacity 12130K, committed 12236K, reserved 1048576K
}
Event: 19.451 GC heap before
{Heap before GC invocations=57 (full 0):
 garbage-first heap   total 247808K, used 159919K [0x00000000a0000000, 0x0000000100000000)
  region size 1024K, 82 young (83968K), 4 survivors (4096K)
 Metaspace       used 87104K, capacity 89533K, committed 89724K, reserved 1126400K
  class space    used 11271K, capacity 12176K, committed 12236K, reserved 1048576K
}
Event: 19.493 GC heap after
{Heap after GC invocations=58 (full 0):
 garbage-first heap   total 247808K, used 86628K [0x00000000a0000000, 0x0000000100000000)
  region size 1024K, 10 young (10240K), 10 survivors (10240K)
 Metaspace       used 87104K, capacity 89533K, committed 89724K, reserved 1126400K
  class space    used 11271K, capacity 12176K, committed 12236K, reserved 1048576K
}
Event: 20.868 GC heap before
{Heap before GC invocations=58 (full 0):
 garbage-first heap   total 247808K, used 197220K [0x00000000a0000000, 0x0000000100000000)
  region size 1024K, 119 young (121856K), 10 survivors (10240K)
 Metaspace       used 89142K, capacity 91658K, committed 91772K, reserved 1128448K
  class space    used 11455K, capacity 12380K, committed 12492K, reserved 1048576K
}
Event: 20.903 GC heap after
{Heap after GC invocations=59 (full 0):
 garbage-first heap   total 247808K, used 93746K [0x00000000a0000000, 0x0000000100000000)
  region size 1024K, 14 young (14336K), 14 survivors (14336K)
 Metaspace       used 89142K, capacity 91658K, committed 91772K, reserved 1128448K
  class space    used 11455K, capacity 12380K, committed 12492K, reserved 1048576K
}
Event: 22.763 GC heap before
{Heap before GC invocations=59 (full 0):
 garbage-first heap   total 247808K, used 193074K [0x00000000a0000000, 0x0000000100000000)
  region size 1024K, 112 young (114688K), 14 survivors (14336K)
 Metaspace       used 92645K, capacity 95197K, committed 95484K, reserved 1132544K
  class space    used 11879K, capacity 12812K, committed 12876K, reserved 1048576K
}
Event: 22.878 GC heap after
{Heap after GC invocations=60 (full 0):
 garbage-first heap   total 247808K, used 99471K [0x00000000a0000000, 0x0000000100000000)
  region size 1024K, 7 young (7168K), 7 survivors (7168K)
 Metaspace       used 92645K, capacity 95197K, committed 95484K, reserved 1132544K
  class space    used 11879K, capacity 12812K, committed 12876K, reserved 1048576K
}
Event: 27.048 GC heap before
{Heap before GC invocations=60 (full 0):
 garbage-first heap   total 247808K, used 196751K [0x00000000a0000000, 0x0000000100000000)
  region size 1024K, 103 young (105472K), 7 survivors (7168K)
 Metaspace       used 94276K, capacity 96814K, committed 97020K, reserved 1132544K
  class space    used 12071K, capacity 13011K, committed 13132K, reserved 1048576K
}

