# JRE version: OpenJDK Runtime Environment (11.0.13) (build 11.0.13+0-b1751.21-8125866)
# Java VM: OpenJDK 64-Bit Server VM (11.0.13+0-b1751.21-8125866, mixed mode, tiered, compressed oops, g1 gc, windows-amd64)
Heap:
 garbage-first heap   total 282624K, used 190188K [0x00000000a0000000, 0x0000000100000000)
  region size 1024K, 86 young (88064K), 3 survivors (3072K)
 Metaspace       used 115728K, capacity 118279K, committed 118480K, reserved 1153024K
  class space    used 13953K, capacity 14912K, committed 14976K, reserved 1048576K
GC Heap History (20 events):
Event: 4418.798 GC heap before
{Heap before GC invocations=91 (full 0):
 garbage-first heap   total 214016K, used 173470K [0x00000000a0000000, 0x0000000100000000)
  region size 1024K, 55 young (56320K), 9 survivors (9216K)
 Metaspace       used 106430K, capacity 109025K, committed 109136K, reserved 1144832K
  class space    used 13039K, capacity 14016K, committed 14080K, reserved 1048576K
}
Event: 4418.819 GC heap after
{Heap after GC invocations=92 (full 0):
 garbage-first heap   total 214016K, used 138863K [0x00000000a0000000, 0x0000000100000000)
  region size 1024K, 7 young (7168K), 7 survivors (7168K)
 Metaspace       used 106430K, capacity 109025K, committed 109136K, reserved 1144832K
  class space    used 13039K, capacity 14016K, committed 14080K, reserved 1048576K
}
Event: 4419.284 GC heap before
{Heap before GC invocations=93 (full 0):
 garbage-first heap   total 214016K, used 167535K [0x00000000a0000000, 0x0000000100000000)
  region size 1024K, 43 young (44032K), 7 survivors (7168K)
 Metaspace       used 108916K, capacity 111470K, committed 111696K, reserved 1146880K
  class space    used 13231K, capacity 14209K, committed 14336K, reserved 1048576K
}
Event: 4419.296 GC heap after
{Heap after GC invocations=94 (full 0):
 garbage-first heap   total 214016K, used 136612K [0x00000000a0000000, 0x0000000100000000)
  region size 1024K, 4 young (4096K), 4 survivors (4096K)
 Metaspace       used 108916K, capacity 111470K, committed 111696K, reserved 1146880K
  class space    used 13231K, capacity 14209K, committed 14336K, reserved 1048576K
}
Event: 4419.309 GC heap before
{Heap before GC invocations=94 (full 0):
 garbage-first heap   total 214016K, used 142756K [0x00000000a0000000, 0x0000000100000000)
  region size 1024K, 10 young (10240K), 4 survivors (4096K)
 Metaspace       used 109050K, capacity 111598K, committed 111952K, reserved 1146880K
  class space    used 13242K, capacity 14209K, committed 14336K, reserved 1048576K
}
Event: 4419.314 GC heap after
{Heap after GC invocations=95 (full 0):
 garbage-first heap   total 214016K, used 125357K [0x00000000a0000000, 0x0000000100000000)
  region size 1024K, 2 young (2048K), 2 survivors (2048K)
 Metaspace       used 109050K, capacity 111598K, committed 111952K, reserved 1146880K
  class space    used 13242K, capacity 14209K, committed 14336K, reserved 1048576K
}
Event: 4419.459 GC heap before
{Heap before GC invocations=95 (full 0):
 garbage-first heap   total 214016K, used 170413K [0x00000000a0000000, 0x0000000100000000)
  region size 1024K, 47 young (48128K), 2 survivors (2048K)
 Metaspace       used 109694K, capacity 112207K, committed 112464K, reserved 1146880K
  class space    used 13283K, capacity 14241K, committed 14336K, reserved 1048576K
}
Event: 4419.466 GC heap after
{Heap after GC invocations=96 (full 0):
 garbage-first heap   total 214016K, used 130894K [0x00000000a0000000, 0x0000000100000000)
  region size 1024K, 6 young (6144K), 6 survivors (6144K)
 Metaspace       used 109694K, capacity 112207K, committed 112464K, reserved 1146880K
  class space    used 13283K, capacity 14241K, committed 14336K, reserved 1048576K
}
Event: 4419.802 GC heap before
{Heap before GC invocations=97 (full 0):
 garbage-first heap   total 214016K, used 172878K [0x00000000a0000000, 0x0000000100000000)
  region size 1024K, 49 young (50176K), 6 survivors (6144K)
 Metaspace       used 109862K, capacity 112464K, committed 112720K, reserved 1148928K
  class space    used 13284K, capacity 14241K, committed 14336K, reserved 1048576K
}
Event: 4419.813 GC heap after
{Heap after GC invocations=98 (full 0):
 garbage-first heap   total 214016K, used 130588K [0x00000000a0000000, 0x0000000100000000)
  region size 1024K, 1 young (1024K), 1 survivors (1024K)
 Metaspace       used 109862K, capacity 112464K, committed 112720K, reserved 1148928K
  class space    used 13284K, capacity 14241K, committed 14336K, reserved 1048576K
}
Event: 4419.862 GC heap before
{Heap before GC invocations=98 (full 0):
 garbage-first heap   total 214016K, used 139804K [0x00000000a0000000, 0x0000000100000000)
  region size 1024K, 10 young (10240K), 1 survivors (1024K)
 Metaspace       used 109867K, capacity 112464K, committed 112720K, reserved 1148928K
  class space    used 13284K, capacity 14241K, committed 14336K, reserved 1048576K
}
Event: 4419.869 GC heap after
{Heap after GC invocations=99 (full 0):
 garbage-first heap   total 282624K, used 127378K [0x00000000a0000000, 0x0000000100000000)
  region size 1024K, 1 young (1024K), 1 survivors (1024K)
 Metaspace       used 109867K, capacity 112464K, committed 112720K, reserved 1148928K
  class space    used 13284K, capacity 14241K, committed 14336K, reserved 1048576K
}
Event: 4420.464 GC heap before
{Heap before GC invocations=99 (full 0):
 garbage-first heap   total 282624K, used 197010K [0x00000000a0000000, 0x0000000100000000)
  region size 1024K, 70 young (71680K), 1 survivors (1024K)
 Metaspace       used 110865K, capacity 113468K, committed 113616K, reserved 1148928K
  class space    used 13396K, capacity 14379K, committed 14464K, reserved 1048576K
}
Event: 4420.485 GC heap after
{Heap after GC invocations=100 (full 0):
 garbage-first heap   total 282624K, used 132151K [0x00000000a0000000, 0x0000000100000000)
  region size 1024K, 6 young (6144K), 6 survivors (6144K)
 Metaspace       used 110865K, capacity 113468K, committed 113616K, reserved 1148928K
  class space    used 13396K, capacity 14379K, committed 14464K, reserved 1048576K
}
Event: 4420.903 GC heap before
{Heap before GC invocations=101 (full 0):
 garbage-first heap   total 282624K, used 194615K [0x00000000a0000000, 0x0000000100000000)
  region size 1024K, 78 young (79872K), 6 survivors (6144K)
 Metaspace       used 111286K, capacity 113908K, committed 114128K, reserved 1148928K
  class space    used 13435K, capacity 14419K, committed 14464K, reserved 1048576K
}
Event: 4420.910 GC heap after
{Heap after GC invocations=102 (full 0):
 garbage-first heap   total 282624K, used 123760K [0x00000000a0000000, 0x0000000100000000)
  region size 1024K, 5 young (5120K), 5 survivors (5120K)
 Metaspace       used 111286K, capacity 113908K, committed 114128K, reserved 1148928K
  class space    used 13435K, capacity 14419K, committed 14464K, reserved 1048576K
}
Event: 4420.940 GC heap before
{Heap before GC invocations=102 (full 0):
 garbage-first heap   total 282624K, used 130928K [0x00000000a0000000, 0x0000000100000000)
  region size 1024K, 13 young (13312K), 5 survivors (5120K)
 Metaspace       used 111307K, capacity 113908K, committed 114128K, reserved 1148928K
  class space    used 13436K, capacity 14419K, committed 14464K, reserved 1048576K
}
Event: 4420.946 GC heap after
{Heap after GC invocations=103 (full 0):
 garbage-first heap   total 282624K, used 102909K [0x00000000a0000000, 0x0000000100000000)
  region size 1024K, 2 young (2048K), 2 survivors (2048K)
 Metaspace       used 111307K, capacity 113908K, committed 114128K, reserved 1148928K
  class space    used 13436K, capacity 14419K, committed 14464K, reserved 1048576K
}
Event: 4421.081 GC heap before
{Heap before GC invocations=103 (full 0):
 garbage-first heap   total 282624K, used 124413K [0x00000000a0000000, 0x0000000100000000)
  region size 1024K, 24 young (24576K), 2 survivors (2048K)
 Metaspace       used 111869K, capacity 114452K, committed 114768K, reserved 1148928K
  class space    used 13523K, capacity 14515K, committed 14592K, reserved 1048576K
}
Event: 4421.087 GC heap after
{Heap after GC invocations=104 (full 0):
 garbage-first heap   total 282624K, used 104172K [0x00000000a0000000, 0x0000000100000000)
  region size 1024K, 3 young (3072K), 3 survivors (3072K)
 Metaspace       used 111869K, capacity 114452K, committed 114768K, reserved 1148928K
  class space    used 13523K, capacity 14515K, committed 14592K, reserved 1048576K
}

