# JRE version: OpenJDK Runtime Environment (11.0.13) (build 11.0.13+0-b1751.21-8125866)
# Java VM: OpenJDK 64-Bit Server VM (11.0.13+0-b1751.21-8125866, mixed mode, tiered, compressed oops, g1 gc, windows-amd64)
Heap:
 garbage-first heap   total 541696K, used 215552K [0x00000000a0000000, 0x0000000100000000)
  region size 1024K, 5 young (5120K), 5 survivors (5120K)
 Metaspace       used 98095K, capacity 100525K, committed 100944K, reserved 1136640K
  class space    used 12687K, capacity 13627K, committed 13824K, reserved 1048576K
GC Heap History (20 events):
Event: 20.609 GC heap after
{Heap after GC invocations=51 (full 0):
 garbage-first heap   total 186368K, used 74883K [0x00000000a0000000, 0x0000000100000000)
  region size 1024K, 8 young (8192K), 8 survivors (8192K)
 Metaspace       used 84659K, capacity 86753K, committed 86864K, reserved 1124352K
  class space    used 10961K, capacity 11734K, committed 11776K, reserved 1048576K
}
Event: 21.379 GC heap before
{Heap before GC invocations=51 (full 0):
 garbage-first heap   total 186368K, used 137347K [0x00000000a0000000, 0x0000000100000000)
  region size 1024K, 70 young (71680K), 8 survivors (8192K)
 Metaspace       used 86636K, capacity 89052K, committed 89168K, reserved 1126400K
  class space    used 11265K, capacity 12190K, committed 12288K, reserved 1048576K
}
Event: 21.391 GC heap after
{Heap after GC invocations=52 (full 0):
 garbage-first heap   total 186368K, used 79233K [0x00000000a0000000, 0x0000000100000000)
  region size 1024K, 9 young (9216K), 9 survivors (9216K)
 Metaspace       used 86636K, capacity 89052K, committed 89168K, reserved 1126400K
  class space    used 11265K, capacity 12190K, committed 12288K, reserved 1048576K
}
Event: 22.000 GC heap before
{Heap before GC invocations=52 (full 0):
 garbage-first heap   total 186368K, used 148865K [0x00000000a0000000, 0x0000000100000000)
  region size 1024K, 77 young (78848K), 9 survivors (9216K)
 Metaspace       used 86976K, capacity 89442K, committed 89680K, reserved 1126400K
  class space    used 11275K, capacity 12199K, committed 12288K, reserved 1048576K
}
Event: 22.013 GC heap after
{Heap after GC invocations=53 (full 0):
 garbage-first heap   total 186368K, used 84992K [0x00000000a0000000, 0x0000000100000000)
  region size 1024K, 10 young (10240K), 10 survivors (10240K)
 Metaspace       used 86976K, capacity 89442K, committed 89680K, reserved 1126400K
  class space    used 11275K, capacity 12199K, committed 12288K, reserved 1048576K
}
Event: 22.415 GC heap before
{Heap before GC invocations=53 (full 0):
 garbage-first heap   total 186368K, used 148480K [0x00000000a0000000, 0x0000000100000000)
  region size 1024K, 73 young (74752K), 10 survivors (10240K)
 Metaspace       used 87292K, capacity 89805K, committed 89936K, reserved 1126400K
  class space    used 11305K, capacity 12245K, committed 12288K, reserved 1048576K
}
Event: 22.458 GC heap after
{Heap after GC invocations=54 (full 0):
 garbage-first heap   total 186368K, used 88397K [0x00000000a0000000, 0x0000000100000000)
  region size 1024K, 6 young (6144K), 6 survivors (6144K)
 Metaspace       used 87292K, capacity 89805K, committed 89936K, reserved 1126400K
  class space    used 11305K, capacity 12245K, committed 12288K, reserved 1048576K
}
Event: 22.825 GC heap before
{Heap before GC invocations=54 (full 0):
 garbage-first heap   total 186368K, used 147789K [0x00000000a0000000, 0x0000000100000000)
  region size 1024K, 65 young (66560K), 6 survivors (6144K)
 Metaspace       used 87768K, capacity 90286K, committed 90448K, reserved 1128448K
  class space    used 11345K, capacity 12276K, committed 12288K, reserved 1048576K
}
Event: 22.839 GC heap after
{Heap after GC invocations=55 (full 0):
 garbage-first heap   total 186368K, used 92430K [0x00000000a0000000, 0x0000000100000000)
  region size 1024K, 9 young (9216K), 9 survivors (9216K)
 Metaspace       used 87768K, capacity 90286K, committed 90448K, reserved 1128448K
  class space    used 11345K, capacity 12276K, committed 12288K, reserved 1048576K
}
Event: 23.317 GC heap before
{Heap before GC invocations=55 (full 0):
 garbage-first heap   total 186368K, used 149774K [0x00000000a0000000, 0x0000000100000000)
  region size 1024K, 66 young (67584K), 9 survivors (9216K)
 Metaspace       used 89005K, capacity 91286K, committed 92240K, reserved 1128448K
  class space    used 11366K, capacity 12206K, committed 12544K, reserved 1048576K
}
Event: 23.400 GC heap after
{Heap after GC invocations=56 (full 0):
 garbage-first heap   total 186368K, used 95413K [0x00000000a0000000, 0x0000000100000000)
  region size 1024K, 8 young (8192K), 8 survivors (8192K)
 Metaspace       used 89005K, capacity 91286K, committed 92240K, reserved 1128448K
  class space    used 11366K, capacity 12206K, committed 12544K, reserved 1048576K
}
Event: 23.647 GC heap before
{Heap before GC invocations=57 (full 0):
 garbage-first heap   total 186368K, used 151733K [0x00000000a0000000, 0x0000000100000000)
  region size 1024K, 64 young (65536K), 8 survivors (8192K)
 Metaspace       used 90331K, capacity 92655K, committed 93776K, reserved 1130496K
  class space    used 11541K, capacity 12404K, committed 12800K, reserved 1048576K
}
Event: 23.711 GC heap after
{Heap after GC invocations=58 (full 0):
 garbage-first heap   total 283648K, used 98086K [0x00000000a0000000, 0x0000000100000000)
  region size 1024K, 6 young (6144K), 6 survivors (6144K)
 Metaspace       used 90331K, capacity 92655K, committed 93776K, reserved 1130496K
  class space    used 11541K, capacity 12404K, committed 12800K, reserved 1048576K
}
Event: 24.873 GC heap before
{Heap before GC invocations=58 (full 0):
 garbage-first heap   total 283648K, used 200486K [0x00000000a0000000, 0x0000000100000000)
  region size 1024K, 74 young (75776K), 6 survivors (6144K)
 Metaspace       used 95396K, capacity 97716K, committed 98640K, reserved 1134592K
  class space    used 12177K, capacity 13024K, committed 13312K, reserved 1048576K
}
Event: 24.896 GC heap after
{Heap after GC invocations=59 (full 0):
 garbage-first heap   total 283648K, used 134351K [0x00000000a0000000, 0x0000000100000000)
  region size 1024K, 15 young (15360K), 15 survivors (15360K)
 Metaspace       used 95396K, capacity 97716K, committed 98640K, reserved 1134592K
  class space    used 12177K, capacity 13024K, committed 13312K, reserved 1048576K
}
Event: 25.495 GC heap before
{Heap before GC invocations=60 (full 0):
 garbage-first heap   total 283648K, used 233679K [0x00000000a0000000, 0x0000000100000000)
  region size 1024K, 98 young (100352K), 15 survivors (15360K)
 Metaspace       used 95702K, capacity 98026K, committed 98896K, reserved 1134592K
  class space    used 12209K, capacity 13063K, committed 13312K, reserved 1048576K
}
Event: 25.723 GC heap after
{Heap after GC invocations=61 (full 0):
 garbage-first heap   total 283648K, used 172617K [0x00000000a0000000, 0x0000000100000000)
  region size 1024K, 13 young (13312K), 13 survivors (13312K)
 Metaspace       used 95702K, capacity 98026K, committed 98896K, reserved 1134592K
  class space    used 12209K, capacity 13063K, committed 13312K, reserved 1048576K
}
Event: 26.339 GC heap before
{Heap before GC invocations=62 (full 0):
 garbage-first heap   total 283648K, used 225865K [0x00000000a0000000, 0x0000000100000000)
  region size 1024K, 64 young (65536K), 13 survivors (13312K)
 Metaspace       used 98059K, capacity 100519K, committed 100944K, reserved 1136640K
  class space    used 12687K, capacity 13627K, committed 13824K, reserved 1048576K
}
Event: 26.379 GC heap after
{Heap after GC invocations=63 (full 0):
 garbage-first heap   total 283648K, used 199025K [0x00000000a0000000, 0x0000000100000000)
  region size 1024K, 8 young (8192K), 8 survivors (8192K)
 Metaspace       used 98059K, capacity 100519K, committed 100944K, reserved 1136640K
  class space    used 12687K, capacity 13627K, committed 13824K, reserved 1048576K
}
Event: 26.475 GC heap before
{Heap before GC invocations=63 (full 0):
 garbage-first heap   total 283648K, used 228721K [0x00000000a0000000, 0x0000000100000000)
  region size 1024K, 37 young (37888K), 8 survivors (8192K)
 Metaspace       used 98095K, capacity 100525K, committed 100944K, reserved 1136640K
  class space    used 12687K, capacity 13627K, committed 13824K, reserved 1048576K
}

