# JRE version: OpenJDK Runtime Environment (11.0.13) (build 11.0.13+0-b1751.21-8125866)
# Java VM: OpenJDK 64-Bit Server VM (11.0.13+0-b1751.21-8125866, mixed mode, tiered, compressed oops, g1 gc, windows-amd64)
Heap:
 garbage-first heap   total 626688K, used 352783K [0x00000000a0000000, 0x0000000100000000)
  region size 1024K, 3 young (3072K), 3 survivors (3072K)
 Metaspace       used 133727K, capacity 136846K, committed 137212K, reserved 1169408K
  class space    used 15937K, capacity 17116K, committed 17228K, reserved 1048576K
GC Heap History (20 events):
Event: 124.422 GC heap after
{Heap after GC invocations=167 (full 0):
 garbage-first heap   total 390144K, used 323387K [0x00000000a0000000, 0x0000000100000000)
  region size 1024K, 3 young (3072K), 3 survivors (3072K)
 Metaspace       used 131482K, capacity 134519K, committed 134780K, reserved 1167360K
  class space    used 15652K, capacity 16783K, committed 16844K, reserved 1048576K
}
Event: 124.469 GC heap before
{Heap before GC invocations=167 (full 0):
 garbage-first heap   total 390144K, used 341819K [0x00000000a0000000, 0x0000000100000000)
  region size 1024K, 21 young (21504K), 3 survivors (3072K)
 Metaspace       used 131797K, capacity 134870K, committed 135036K, reserved 1167360K
  class space    used 15695K, capacity 16838K, committed 16844K, reserved 1048576K
}
Event: 124.471 GC heap after
{Heap after GC invocations=168 (full 0):
 garbage-first heap   total 390144K, used 325436K [0x00000000a0000000, 0x0000000100000000)
  region size 1024K, 3 young (3072K), 3 survivors (3072K)
 Metaspace       used 131797K, capacity 134870K, committed 135036K, reserved 1167360K
  class space    used 15695K, capacity 16838K, committed 16844K, reserved 1048576K
}
Event: 124.546 GC heap before
{Heap before GC invocations=168 (full 0):
 garbage-first heap   total 390144K, used 342844K [0x00000000a0000000, 0x0000000100000000)
  region size 1024K, 20 young (20480K), 3 survivors (3072K)
 Metaspace       used 131950K, capacity 135068K, committed 135164K, reserved 1167360K
  class space    used 15721K, capacity 16885K, committed 16972K, reserved 1048576K
}
Event: 124.549 GC heap after
{Heap after GC invocations=169 (full 0):
 garbage-first heap   total 390144K, used 327059K [0x00000000a0000000, 0x0000000100000000)
  region size 1024K, 2 young (2048K), 2 survivors (2048K)
 Metaspace       used 131950K, capacity 135068K, committed 135164K, reserved 1167360K
  class space    used 15721K, capacity 16885K, committed 16972K, reserved 1048576K
}
Event: 124.575 GC heap before
{Heap before GC invocations=169 (full 0):
 garbage-first heap   total 390144K, used 344467K [0x00000000a0000000, 0x0000000100000000)
  region size 1024K, 19 young (19456K), 2 survivors (2048K)
 Metaspace       used 132250K, capacity 135337K, committed 135420K, reserved 1167360K
  class space    used 15766K, capacity 16936K, committed 16972K, reserved 1048576K
}
Event: 124.577 GC heap after
{Heap after GC invocations=170 (full 0):
 garbage-first heap   total 390144K, used 328704K [0x00000000a0000000, 0x0000000100000000)
  region size 1024K, 3 young (3072K), 3 survivors (3072K)
 Metaspace       used 132250K, capacity 135337K, committed 135420K, reserved 1167360K
  class space    used 15766K, capacity 16936K, committed 16972K, reserved 1048576K
}
Event: 124.599 GC heap before
{Heap before GC invocations=170 (full 0):
 garbage-first heap   total 390144K, used 345088K [0x00000000a0000000, 0x0000000100000000)
  region size 1024K, 19 young (19456K), 3 survivors (3072K)
 Metaspace       used 132586K, capacity 135689K, committed 136060K, reserved 1169408K
  class space    used 15806K, capacity 16968K, committed 17100K, reserved 1048576K
}
Event: 124.601 GC heap after
{Heap after GC invocations=171 (full 0):
 garbage-first heap   total 390144K, used 330187K [0x00000000a0000000, 0x0000000100000000)
  region size 1024K, 3 young (3072K), 3 survivors (3072K)
 Metaspace       used 132586K, capacity 135689K, committed 136060K, reserved 1169408K
  class space    used 15806K, capacity 16968K, committed 17100K, reserved 1048576K
}
Event: 124.628 GC heap before
{Heap before GC invocations=171 (full 0):
 garbage-first heap   total 390144K, used 346571K [0x00000000a0000000, 0x0000000100000000)
  region size 1024K, 19 young (19456K), 3 survivors (3072K)
 Metaspace       used 132843K, capacity 135931K, committed 136060K, reserved 1169408K
  class space    used 15833K, capacity 17006K, committed 17100K, reserved 1048576K
}
Event: 124.631 GC heap after
{Heap after GC invocations=172 (full 0):
 garbage-first heap   total 390144K, used 332010K [0x00000000a0000000, 0x0000000100000000)
  region size 1024K, 3 young (3072K), 3 survivors (3072K)
 Metaspace       used 132843K, capacity 135931K, committed 136060K, reserved 1169408K
  class space    used 15833K, capacity 17006K, committed 17100K, reserved 1048576K
}
Event: 124.695 GC heap before
{Heap before GC invocations=172 (full 0):
 garbage-first heap   total 390144K, used 348394K [0x00000000a0000000, 0x0000000100000000)
  region size 1024K, 19 young (19456K), 3 survivors (3072K)
 Metaspace       used 133084K, capacity 136169K, committed 136316K, reserved 1169408K
  class space    used 15865K, capacity 17043K, committed 17100K, reserved 1048576K
}
Event: 124.702 GC heap after
{Heap after GC invocations=173 (full 0):
 garbage-first heap   total 390144K, used 335869K [0x00000000a0000000, 0x0000000100000000)
  region size 1024K, 3 young (3072K), 3 survivors (3072K)
 Metaspace       used 133084K, capacity 136169K, committed 136316K, reserved 1169408K
  class space    used 15865K, capacity 17043K, committed 17100K, reserved 1048576K
}
Event: 124.773 GC heap before
{Heap before GC invocations=173 (full 0):
 garbage-first heap   total 390144K, used 351229K [0x00000000a0000000, 0x0000000100000000)
  region size 1024K, 19 young (19456K), 3 survivors (3072K)
 Metaspace       used 133317K, capacity 136463K, committed 136572K, reserved 1169408K
  class space    used 15890K, capacity 17077K, committed 17100K, reserved 1048576K
}
Event: 124.789 GC heap after
{Heap after GC invocations=174 (full 0):
 garbage-first heap   total 390144K, used 340662K [0x00000000a0000000, 0x0000000100000000)
  region size 1024K, 3 young (3072K), 3 survivors (3072K)
 Metaspace       used 133317K, capacity 136463K, committed 136572K, reserved 1169408K
  class space    used 15890K, capacity 17077K, committed 17100K, reserved 1048576K
}
Event: 124.855 GC heap before
{Heap before GC invocations=174 (full 0):
 garbage-first heap   total 390144K, used 356022K [0x00000000a0000000, 0x0000000100000000)
  region size 1024K, 19 young (19456K), 3 survivors (3072K)
 Metaspace       used 133635K, capacity 136771K, committed 136956K, reserved 1169408K
  class space    used 15934K, capacity 17115K, committed 17228K, reserved 1048576K
}
Event: 124.864 GC heap after
{Heap after GC invocations=175 (full 0):
 garbage-first heap   total 390144K, used 344368K [0x00000000a0000000, 0x0000000100000000)
  region size 1024K, 3 young (3072K), 3 survivors (3072K)
 Metaspace       used 133635K, capacity 136771K, committed 136956K, reserved 1169408K
  class space    used 15934K, capacity 17115K, committed 17228K, reserved 1048576K
}
Event: 124.947 GC heap before
{Heap before GC invocations=175 (full 0):
 garbage-first heap   total 390144K, used 359728K [0x00000000a0000000, 0x0000000100000000)
  region size 1024K, 19 young (19456K), 3 survivors (3072K)
 Metaspace       used 133658K, capacity 136771K, committed 136956K, reserved 1169408K
  class space    used 15935K, capacity 17115K, committed 17228K, reserved 1048576K
}
Event: 124.957 GC heap after
{Heap after GC invocations=176 (full 0):
 garbage-first heap   total 390144K, used 348249K [0x00000000a0000000, 0x0000000100000000)
  region size 1024K, 3 young (3072K), 3 survivors (3072K)
 Metaspace       used 133658K, capacity 136771K, committed 136956K, reserved 1169408K
  class space    used 15935K, capacity 17115K, committed 17228K, reserved 1048576K
}
Event: 125.003 GC heap before
{Heap before GC invocations=176 (full 0):
 garbage-first heap   total 390144K, used 364633K [0x00000000a0000000, 0x0000000100000000)
  region size 1024K, 19 young (19456K), 3 survivors (3072K)
 Metaspace       used 133727K, capacity 136846K, committed 137212K, reserved 1169408K
  class space    used 15937K, capacity 17116K, committed 17228K, reserved 1048576K
}

