# JRE version: OpenJDK Runtime Environment (11.0.13) (build 11.0.13+0-b1751.21-8125866)
# Java VM: OpenJDK 64-Bit Server VM (11.0.13+0-b1751.21-8125866, mixed mode, tiered, compressed oops, g1 gc, windows-amd64)
Heap:
 garbage-first heap   total 292864K, used 139594K [0x00000000a0000000, 0x0000000100000000)
  region size 1024K, 2 young (2048K), 2 survivors (2048K)
 Metaspace       used 113473K, capacity 116526K, committed 116688K, reserved 1150976K
  class space    used 13938K, capacity 15088K, committed 15136K, reserved 1048576K
GC Heap History (20 events):
Event: 393.247 GC heap after
{Heap after GC invocations=101 (full 0):
 garbage-first heap   total 202752K, used 138757K [0x00000000a0000000, 0x0000000100000000)
  region size 1024K, 1 young (1024K), 1 survivors (1024K)
 Metaspace       used 110730K, capacity 113831K, committed 114128K, reserved 1148928K
  class space    used 13684K, capacity 14832K, committed 14880K, reserved 1048576K
}
Event: 393.853 GC heap before
{Heap before GC invocations=101 (full 0):
 garbage-first heap   total 202752K, used 169477K [0x00000000a0000000, 0x0000000100000000)
  region size 1024K, 31 young (31744K), 1 survivors (1024K)
 Metaspace       used 110827K, capacity 113895K, committed 114128K, reserved 1148928K
  class space    used 13684K, capacity 14832K, committed 14880K, reserved 1048576K
}
Event: 393.856 GC heap after
{Heap after GC invocations=102 (full 0):
 garbage-first heap   total 202752K, used 139985K [0x00000000a0000000, 0x0000000100000000)
  region size 1024K, 1 young (1024K), 1 survivors (1024K)
 Metaspace       used 110827K, capacity 113895K, committed 114128K, reserved 1148928K
  class space    used 13684K, capacity 14832K, committed 14880K, reserved 1048576K
}
Event: 395.513 GC heap before
{Heap before GC invocations=102 (full 0):
 garbage-first heap   total 202752K, used 170705K [0x00000000a0000000, 0x0000000100000000)
  region size 1024K, 32 young (32768K), 1 survivors (1024K)
 Metaspace       used 110913K, capacity 113936K, committed 114128K, reserved 1148928K
  class space    used 13682K, capacity 14828K, committed 14880K, reserved 1048576K
}
Event: 395.540 GC heap after
{Heap after GC invocations=103 (full 0):
 garbage-first heap   total 243712K, used 139158K [0x00000000a0000000, 0x0000000100000000)
  region size 1024K, 2 young (2048K), 2 survivors (2048K)
 Metaspace       used 110913K, capacity 113936K, committed 114128K, reserved 1148928K
  class space    used 13682K, capacity 14828K, committed 14880K, reserved 1048576K
}
Event: 396.160 GC heap before
{Heap before GC invocations=104 (full 0):
 garbage-first heap   total 243712K, used 179094K [0x00000000a0000000, 0x0000000100000000)
  region size 1024K, 43 young (44032K), 2 survivors (2048K)
 Metaspace       used 110992K, capacity 114065K, committed 114384K, reserved 1148928K
  class space    used 13682K, capacity 14828K, committed 14880K, reserved 1048576K
}
Event: 396.204 GC heap after
{Heap after GC invocations=105 (full 0):
 garbage-first heap   total 243712K, used 139345K [0x00000000a0000000, 0x0000000100000000)
  region size 1024K, 2 young (2048K), 2 survivors (2048K)
 Metaspace       used 110992K, capacity 114065K, committed 114384K, reserved 1148928K
  class space    used 13682K, capacity 14828K, committed 14880K, reserved 1048576K
}
Event: 398.406 GC heap before
{Heap before GC invocations=106 (full 0):
 garbage-first heap   total 243712K, used 194641K [0x00000000a0000000, 0x0000000100000000)
  region size 1024K, 56 young (57344K), 2 survivors (2048K)
 Metaspace       used 113148K, capacity 116191K, committed 116432K, reserved 1150976K
  class space    used 13933K, capacity 15087K, committed 15136K, reserved 1048576K
}
Event: 398.426 GC heap after
{Heap after GC invocations=107 (full 0):
 garbage-first heap   total 243712K, used 140675K [0x00000000a0000000, 0x0000000100000000)
  region size 1024K, 2 young (2048K), 2 survivors (2048K)
 Metaspace       used 113148K, capacity 116191K, committed 116432K, reserved 1150976K
  class space    used 13933K, capacity 15087K, committed 15136K, reserved 1048576K
}
Event: 398.519 GC heap before
{Heap before GC invocations=107 (full 0):
 garbage-first heap   total 243712K, used 148867K [0x00000000a0000000, 0x0000000100000000)
  region size 1024K, 11 young (11264K), 2 survivors (2048K)
 Metaspace       used 113179K, capacity 116191K, committed 116432K, reserved 1150976K
  class space    used 13933K, capacity 15087K, committed 15136K, reserved 1048576K
}
Event: 398.528 GC heap after
{Heap after GC invocations=108 (full 0):
 garbage-first heap   total 243712K, used 138190K [0x00000000a0000000, 0x0000000100000000)
  region size 1024K, 1 young (1024K), 1 survivors (1024K)
 Metaspace       used 113179K, capacity 116191K, committed 116432K, reserved 1150976K
  class space    used 13933K, capacity 15087K, committed 15136K, reserved 1048576K
}
Event: 399.698 GC heap before
{Heap before GC invocations=108 (full 0):
 garbage-first heap   total 243712K, used 197582K [0x00000000a0000000, 0x0000000100000000)
  region size 1024K, 59 young (60416K), 1 survivors (1024K)
 Metaspace       used 113248K, capacity 116259K, committed 116432K, reserved 1150976K
  class space    used 13933K, capacity 15087K, committed 15136K, reserved 1048576K
}
Event: 399.730 GC heap after
{Heap after GC invocations=109 (full 0):
 garbage-first heap   total 243712K, used 138817K [0x00000000a0000000, 0x0000000100000000)
  region size 1024K, 1 young (1024K), 1 survivors (1024K)
 Metaspace       used 113248K, capacity 116259K, committed 116432K, reserved 1150976K
  class space    used 13933K, capacity 15087K, committed 15136K, reserved 1048576K
}
Event: 401.524 GC heap before
{Heap before GC invocations=110 (full 0):
 garbage-first heap   total 243712K, used 201281K [0x00000000a0000000, 0x0000000100000000)
  region size 1024K, 62 young (63488K), 1 survivors (1024K)
 Metaspace       used 113278K, capacity 116323K, committed 116432K, reserved 1150976K
  class space    used 13933K, capacity 15087K, committed 15136K, reserved 1048576K
}
Event: 401.537 GC heap after
{Heap after GC invocations=111 (full 0):
 garbage-first heap   total 243712K, used 139427K [0x00000000a0000000, 0x0000000100000000)
  region size 1024K, 2 young (2048K), 2 survivors (2048K)
 Metaspace       used 113278K, capacity 116323K, committed 116432K, reserved 1150976K
  class space    used 13933K, capacity 15087K, committed 15136K, reserved 1048576K
}
Event: 401.682 GC heap before
{Heap before GC invocations=111 (full 0):
 garbage-first heap   total 243712K, used 147619K [0x00000000a0000000, 0x0000000100000000)
  region size 1024K, 11 young (11264K), 2 survivors (2048K)
 Metaspace       used 113285K, capacity 116323K, committed 116432K, reserved 1150976K
  class space    used 13933K, capacity 15087K, committed 15136K, reserved 1048576K
}
Event: 401.687 GC heap after
{Heap after GC invocations=112 (full 0):
 garbage-first heap   total 243712K, used 138617K [0x00000000a0000000, 0x0000000100000000)
  region size 1024K, 1 young (1024K), 1 survivors (1024K)
 Metaspace       used 113285K, capacity 116323K, committed 116432K, reserved 1150976K
  class space    used 13933K, capacity 15087K, committed 15136K, reserved 1048576K
}
Event: 402.827 GC heap before
{Heap before GC invocations=112 (full 0):
 garbage-first heap   total 243712K, used 202105K [0x00000000a0000000, 0x0000000100000000)
  region size 1024K, 63 young (64512K), 1 survivors (1024K)
 Metaspace       used 113414K, capacity 116458K, committed 116688K, reserved 1150976K
  class space    used 13933K, capacity 15087K, committed 15136K, reserved 1048576K
}
Event: 402.852 GC heap after
{Heap after GC invocations=113 (full 0):
 garbage-first heap   total 243712K, used 139134K [0x00000000a0000000, 0x0000000100000000)
  region size 1024K, 2 young (2048K), 2 survivors (2048K)
 Metaspace       used 113414K, capacity 116458K, committed 116688K, reserved 1150976K
  class space    used 13933K, capacity 15087K, committed 15136K, reserved 1048576K
}
Event: 407.789 GC heap before
{Heap before GC invocations=114 (full 0):
 garbage-first heap   total 243712K, used 203646K [0x00000000a0000000, 0x0000000100000000)
  region size 1024K, 65 young (66560K), 2 survivors (2048K)
 Metaspace       used 113473K, capacity 116526K, committed 116688K, reserved 1150976K
  class space    used 13938K, capacity 15088K, committed 15136K, reserved 1048576K
}

