# JRE version: OpenJDK Runtime Environment (11.0.13) (build 11.0.13+0-b1751.21-8125866)
# Java VM: OpenJDK 64-Bit Server VM (11.0.13+0-b1751.21-8125866, mixed mode, tiered, compressed oops, g1 gc, windows-amd64)
Heap:
 garbage-first heap   total 450560K, used 342698K [0x00000000a0000000, 0x0000000100000000)
  region size 1024K, 32 young (32768K), 4 survivors (4096K)
 Metaspace       used 114048K, capacity 116826K, committed 117072K, reserved 1150976K
  class space    used 14075K, capacity 15143K, committed 15264K, reserved 1048576K
GC Heap History (20 events):
Event: 110.169 GC heap before
{Heap before GC invocations=130 (full 0):
 garbage-first heap   total 403456K, used 356355K [0x00000000a0000000, 0x0000000100000000)
  region size 1024K, 53 young (54272K), 3 survivors (3072K)
 Metaspace       used 113946K, capacity 116691K, committed 116816K, reserved 1150976K
  class space    used 14075K, capacity 15143K, committed 15264K, reserved 1048576K
}
Event: 110.175 GC heap after
{Heap after GC invocations=131 (full 0):
 garbage-first heap   total 403456K, used 305789K [0x00000000a0000000, 0x0000000100000000)
  region size 1024K, 4 young (4096K), 4 survivors (4096K)
 Metaspace       used 113946K, capacity 116691K, committed 116816K, reserved 1150976K
  class space    used 14075K, capacity 15143K, committed 15264K, reserved 1048576K
}
Event: 110.362 GC heap before
{Heap before GC invocations=131 (full 0):
 garbage-first heap   total 403456K, used 355965K [0x00000000a0000000, 0x0000000100000000)
  region size 1024K, 53 young (54272K), 4 survivors (4096K)
 Metaspace       used 113946K, capacity 116691K, committed 116816K, reserved 1150976K
  class space    used 14075K, capacity 15143K, committed 15264K, reserved 1048576K
}
Event: 110.370 GC heap after
{Heap after GC invocations=132 (full 0):
 garbage-first heap   total 403456K, used 306765K [0x00000000a0000000, 0x0000000100000000)
  region size 1024K, 5 young (5120K), 5 survivors (5120K)
 Metaspace       used 113946K, capacity 116691K, committed 116816K, reserved 1150976K
  class space    used 14075K, capacity 15143K, committed 15264K, reserved 1048576K
}
Event: 110.570 GC heap before
{Heap before GC invocations=132 (full 0):
 garbage-first heap   total 403456K, used 355917K [0x00000000a0000000, 0x0000000100000000)
  region size 1024K, 53 young (54272K), 5 survivors (5120K)
 Metaspace       used 113948K, capacity 116691K, committed 116816K, reserved 1150976K
  class space    used 14075K, capacity 15143K, committed 15264K, reserved 1048576K
}
Event: 110.578 GC heap after
{Heap after GC invocations=133 (full 0):
 garbage-first heap   total 403456K, used 307391K [0x00000000a0000000, 0x0000000100000000)
  region size 1024K, 4 young (4096K), 4 survivors (4096K)
 Metaspace       used 113948K, capacity 116691K, committed 116816K, reserved 1150976K
  class space    used 14075K, capacity 15143K, committed 15264K, reserved 1048576K
}
Event: 110.796 GC heap before
{Heap before GC invocations=133 (full 0):
 garbage-first heap   total 403456K, used 357567K [0x00000000a0000000, 0x0000000100000000)
  region size 1024K, 53 young (54272K), 4 survivors (4096K)
 Metaspace       used 113948K, capacity 116691K, committed 116816K, reserved 1150976K
  class space    used 14075K, capacity 15143K, committed 15264K, reserved 1048576K
}
Event: 110.807 GC heap after
{Heap after GC invocations=134 (full 0):
 garbage-first heap   total 403456K, used 308587K [0x00000000a0000000, 0x0000000100000000)
  region size 1024K, 4 young (4096K), 4 survivors (4096K)
 Metaspace       used 113948K, capacity 116691K, committed 116816K, reserved 1150976K
  class space    used 14075K, capacity 15143K, committed 15264K, reserved 1048576K
}
Event: 111.081 GC heap before
{Heap before GC invocations=134 (full 0):
 garbage-first heap   total 403456K, used 357739K [0x00000000a0000000, 0x0000000100000000)
  region size 1024K, 52 young (53248K), 4 survivors (4096K)
 Metaspace       used 113955K, capacity 116757K, committed 117072K, reserved 1150976K
  class space    used 14075K, capacity 15143K, committed 15264K, reserved 1048576K
}
Event: 111.090 GC heap after
{Heap after GC invocations=135 (full 0):
 garbage-first heap   total 403456K, used 309727K [0x00000000a0000000, 0x0000000100000000)
  region size 1024K, 5 young (5120K), 5 survivors (5120K)
 Metaspace       used 113955K, capacity 116757K, committed 117072K, reserved 1150976K
  class space    used 14075K, capacity 15143K, committed 15264K, reserved 1048576K
}
Event: 111.277 GC heap before
{Heap before GC invocations=135 (full 0):
 garbage-first heap   total 403456K, used 356831K [0x00000000a0000000, 0x0000000100000000)
  region size 1024K, 51 young (52224K), 5 survivors (5120K)
 Metaspace       used 113960K, capacity 116757K, committed 117072K, reserved 1150976K
  class space    used 14075K, capacity 15143K, committed 15264K, reserved 1048576K
}
Event: 111.288 GC heap after
{Heap after GC invocations=136 (full 0):
 garbage-first heap   total 403456K, used 311304K [0x00000000a0000000, 0x0000000100000000)
  region size 1024K, 5 young (5120K), 5 survivors (5120K)
 Metaspace       used 113960K, capacity 116757K, committed 117072K, reserved 1150976K
  class space    used 14075K, capacity 15143K, committed 15264K, reserved 1048576K
}
Event: 111.489 GC heap before
{Heap before GC invocations=136 (full 0):
 garbage-first heap   total 403456K, used 356360K [0x00000000a0000000, 0x0000000100000000)
  region size 1024K, 49 young (50176K), 5 survivors (5120K)
 Metaspace       used 113968K, capacity 116757K, committed 117072K, reserved 1150976K
  class space    used 14075K, capacity 15143K, committed 15264K, reserved 1048576K
}
Event: 111.499 GC heap after
{Heap after GC invocations=137 (full 0):
 garbage-first heap   total 403456K, used 312371K [0x00000000a0000000, 0x0000000100000000)
  region size 1024K, 4 young (4096K), 4 survivors (4096K)
 Metaspace       used 113968K, capacity 116757K, committed 117072K, reserved 1150976K
  class space    used 14075K, capacity 15143K, committed 15264K, reserved 1048576K
}
Event: 111.660 GC heap before
{Heap before GC invocations=137 (full 0):
 garbage-first heap   total 403456K, used 357427K [0x00000000a0000000, 0x0000000100000000)
  region size 1024K, 48 young (49152K), 4 survivors (4096K)
 Metaspace       used 114010K, capacity 116760K, committed 117072K, reserved 1150976K
  class space    used 14075K, capacity 15143K, committed 15264K, reserved 1048576K
}
Event: 111.668 GC heap after
{Heap after GC invocations=138 (full 0):
 garbage-first heap   total 403456K, used 313469K [0x00000000a0000000, 0x0000000100000000)
  region size 1024K, 4 young (4096K), 4 survivors (4096K)
 Metaspace       used 114010K, capacity 116760K, committed 117072K, reserved 1150976K
  class space    used 14075K, capacity 15143K, committed 15264K, reserved 1048576K
}
Event: 111.851 GC heap before
{Heap before GC invocations=138 (full 0):
 garbage-first heap   total 403456K, used 357501K [0x00000000a0000000, 0x0000000100000000)
  region size 1024K, 47 young (48128K), 4 survivors (4096K)
 Metaspace       used 114021K, capacity 116760K, committed 117072K, reserved 1150976K
  class space    used 14075K, capacity 15143K, committed 15264K, reserved 1048576K
}
Event: 111.861 GC heap after
{Heap after GC invocations=139 (full 0):
 garbage-first heap   total 403456K, used 314449K [0x00000000a0000000, 0x0000000100000000)
  region size 1024K, 4 young (4096K), 4 survivors (4096K)
 Metaspace       used 114021K, capacity 116760K, committed 117072K, reserved 1150976K
  class space    used 14075K, capacity 15143K, committed 15264K, reserved 1048576K
}
Event: 112.094 GC heap before
{Heap before GC invocations=139 (full 0):
 garbage-first heap   total 403456K, used 357457K [0x00000000a0000000, 0x0000000100000000)
  region size 1024K, 46 young (47104K), 4 survivors (4096K)
 Metaspace       used 114036K, capacity 116825K, committed 117072K, reserved 1150976K
  class space    used 14075K, capacity 15143K, committed 15264K, reserved 1048576K
}
Event: 112.102 GC heap after
{Heap after GC invocations=140 (full 0):
 garbage-first heap   total 450560K, used 315050K [0x00000000a0000000, 0x0000000100000000)
  region size 1024K, 4 young (4096K), 4 survivors (4096K)
 Metaspace       used 114036K, capacity 116825K, committed 117072K, reserved 1150976K
  class space    used 14075K, capacity 15143K, committed 15264K, reserved 1048576K
}

