# JRE version: OpenJDK Runtime Environment (11.0.13) (build 11.0.13+0-b1751.21-8125866)
# Java VM: OpenJDK 64-Bit Server VM (11.0.13+0-b1751.21-8125866, mixed mode, tiered, compressed oops, g1 gc, windows-amd64)
Heap:
 garbage-first heap   total 576512K, used 270235K [0x00000000a0000000, 0x0000000100000000)
  region size 1024K, 10 young (10240K), 10 survivors (10240K)
 Metaspace       used 140493K, capacity 144518K, committed 144848K, reserved 1175552K
  class space    used 17172K, capacity 18821K, committed 18944K, reserved 1048576K
GC Heap History (20 events):
Event: 61.229 GC heap after
{Heap after GC invocations=146 (full 0):
 garbage-first heap   total 453632K, used 284191K [0x00000000a0000000, 0x0000000100000000)
  region size 1024K, 12 young (12288K), 12 survivors (12288K)
 Metaspace       used 128969K, capacity 132049K, committed 132176K, reserved 1165312K
  class space    used 15335K, capacity 16477K, committed 16512K, reserved 1048576K
}
Event: 61.760 GC heap before
{Heap before GC invocations=146 (full 0):
 garbage-first heap   total 453632K, used 396831K [0x00000000a0000000, 0x0000000100000000)
  region size 1024K, 113 young (115712K), 12 survivors (12288K)
 Metaspace       used 131050K, capacity 134283K, committed 134608K, reserved 1167360K
  class space    used 15616K, capacity 16787K, committed 16896K, reserved 1048576K
}
Event: 61.779 GC heap after
{Heap after GC invocations=147 (full 0):
 garbage-first heap   total 453632K, used 302353K [0x00000000a0000000, 0x0000000100000000)
  region size 1024K, 15 young (15360K), 15 survivors (15360K)
 Metaspace       used 131050K, capacity 134283K, committed 134608K, reserved 1167360K
  class space    used 15616K, capacity 16787K, committed 16896K, reserved 1048576K
}
Event: 61.915 GC heap before
{Heap before GC invocations=147 (full 0):
 garbage-first heap   total 453632K, used 384273K [0x00000000a0000000, 0x0000000100000000)
  region size 1024K, 96 young (98304K), 15 survivors (15360K)
 Metaspace       used 132311K, capacity 135472K, committed 135760K, reserved 1167360K
  class space    used 15772K, capacity 16927K, committed 17024K, reserved 1048576K
}
Event: 61.932 GC heap after
{Heap after GC invocations=148 (full 0):
 garbage-first heap   total 453632K, used 313680K [0x00000000a0000000, 0x0000000100000000)
  region size 1024K, 11 young (11264K), 11 survivors (11264K)
 Metaspace       used 132311K, capacity 135472K, committed 135760K, reserved 1167360K
  class space    used 15772K, capacity 16927K, committed 17024K, reserved 1048576K
}
Event: 62.017 GC heap before
{Heap before GC invocations=148 (full 0):
 garbage-first heap   total 453632K, used 386384K [0x00000000a0000000, 0x0000000100000000)
  region size 1024K, 82 young (83968K), 11 survivors (11264K)
 Metaspace       used 132957K, capacity 136196K, committed 136400K, reserved 1169408K
  class space    used 15871K, capacity 17068K, committed 17152K, reserved 1048576K
}
Event: 62.022 GC heap after
{Heap after GC invocations=149 (full 0):
 garbage-first heap   total 453632K, used 321147K [0x00000000a0000000, 0x0000000100000000)
  region size 1024K, 7 young (7168K), 7 survivors (7168K)
 Metaspace       used 132957K, capacity 136196K, committed 136400K, reserved 1169408K
  class space    used 15871K, capacity 17068K, committed 17152K, reserved 1048576K
}
Event: 62.232 GC heap before
{Heap before GC invocations=149 (full 0):
 garbage-first heap   total 453632K, used 346747K [0x00000000a0000000, 0x0000000100000000)
  region size 1024K, 73 young (74752K), 7 survivors (7168K)
 Metaspace       used 134044K, capacity 137297K, committed 137552K, reserved 1169408K
  class space    used 15994K, capacity 17178K, committed 17280K, reserved 1048576K
}
Event: 62.250 GC heap after
{Heap after GC invocations=150 (full 0):
 garbage-first heap   total 453632K, used 294377K [0x00000000a0000000, 0x0000000100000000)
  region size 1024K, 10 young (10240K), 10 survivors (10240K)
 Metaspace       used 134044K, capacity 137297K, committed 137552K, reserved 1169408K
  class space    used 15994K, capacity 17178K, committed 17280K, reserved 1048576K
}
Event: 62.427 GC heap before
{Heap before GC invocations=151 (full 0):
 garbage-first heap   total 453632K, used 376297K [0x00000000a0000000, 0x0000000100000000)
  region size 1024K, 91 young (93184K), 10 survivors (10240K)
 Metaspace       used 134484K, capacity 137760K, committed 137808K, reserved 1169408K
  class space    used 16065K, capacity 17268K, committed 17280K, reserved 1048576K
}
Event: 62.452 GC heap after
{Heap after GC invocations=152 (full 0):
 garbage-first heap   total 453632K, used 310002K [0x00000000a0000000, 0x0000000100000000)
  region size 1024K, 12 young (12288K), 12 survivors (12288K)
 Metaspace       used 134484K, capacity 137760K, committed 137808K, reserved 1169408K
  class space    used 16065K, capacity 17268K, committed 17280K, reserved 1048576K
}
Event: 62.473 GC heap before
{Heap before GC invocations=152 (full 0):
 garbage-first heap   total 453632K, used 320242K [0x00000000a0000000, 0x0000000100000000)
  region size 1024K, 22 young (22528K), 12 survivors (12288K)
 Metaspace       used 134516K, capacity 137768K, committed 137808K, reserved 1169408K
  class space    used 16065K, capacity 17268K, committed 17280K, reserved 1048576K
}
Event: 62.488 GC heap after
{Heap after GC invocations=153 (full 0):
 garbage-first heap   total 453632K, used 264768K [0x00000000a0000000, 0x0000000100000000)
  region size 1024K, 3 young (3072K), 3 survivors (3072K)
 Metaspace       used 134516K, capacity 137768K, committed 137808K, reserved 1169408K
  class space    used 16065K, capacity 17268K, committed 17280K, reserved 1048576K
}
Event: 62.519 GC heap before
{Heap before GC invocations=153 (full 0):
 garbage-first heap   total 453632K, used 284224K [0x00000000a0000000, 0x0000000100000000)
  region size 1024K, 22 young (22528K), 3 survivors (3072K)
 Metaspace       used 134538K, capacity 137834K, committed 138064K, reserved 1169408K
  class space    used 16065K, capacity 17268K, committed 17280K, reserved 1048576K
}
Event: 62.534 GC heap after
{Heap after GC invocations=154 (full 0):
 garbage-first heap   total 453632K, used 227328K [0x00000000a0000000, 0x0000000100000000)
  region size 1024K, 3 young (3072K), 3 survivors (3072K)
 Metaspace       used 134538K, capacity 137834K, committed 138064K, reserved 1169408K
  class space    used 16065K, capacity 17268K, committed 17280K, reserved 1048576K
}
Event: 62.779 GC heap before
{Heap before GC invocations=154 (full 0):
 garbage-first heap   total 453632K, used 339968K [0x00000000a0000000, 0x0000000100000000)
  region size 1024K, 114 young (116736K), 3 survivors (3072K)
 Metaspace       used 136948K, capacity 140400K, committed 140624K, reserved 1171456K
  class space    used 16408K, capacity 17707K, committed 17792K, reserved 1048576K
}
Event: 62.807 GC heap after
{Heap after GC invocations=155 (full 0):
 garbage-first heap   total 453632K, used 248737K [0x00000000a0000000, 0x0000000100000000)
  region size 1024K, 15 young (15360K), 15 survivors (15360K)
 Metaspace       used 136948K, capacity 140400K, committed 140624K, reserved 1171456K
  class space    used 16408K, capacity 17707K, committed 17792K, reserved 1048576K
}
Event: 62.973 GC heap before
{Heap before GC invocations=155 (full 0):
 garbage-first heap   total 453632K, used 351137K [0x00000000a0000000, 0x0000000100000000)
  region size 1024K, 116 young (118784K), 15 survivors (15360K)
 Metaspace       used 139347K, capacity 143398K, committed 143568K, reserved 1173504K
  class space    used 16994K, capacity 18618K, committed 18688K, reserved 1048576K
}
Event: 62.997 GC heap after
{Heap after GC invocations=156 (full 0):
 garbage-first heap   total 453632K, used 259668K [0x00000000a0000000, 0x0000000100000000)
  region size 1024K, 10 young (10240K), 10 survivors (10240K)
 Metaspace       used 139347K, capacity 143398K, committed 143568K, reserved 1173504K
  class space    used 16994K, capacity 18618K, committed 18688K, reserved 1048576K
}
Event: 63.121 GC heap before
{Heap before GC invocations=156 (full 0):
 garbage-first heap   total 453632K, used 360020K [0x00000000a0000000, 0x0000000100000000)
  region size 1024K, 109 young (111616K), 10 survivors (10240K)
 Metaspace       used 140493K, capacity 144518K, committed 144848K, reserved 1175552K
  class space    used 17172K, capacity 18821K, committed 18944K, reserved 1048576K
}

