# JRE version: OpenJDK Runtime Environment (11.0.13) (build 11.0.13+0-b1751.21-8125866)
# Java VM: OpenJDK 64-Bit Server VM (11.0.13+0-b1751.21-8125866, mixed mode, tiered, compressed oops, g1 gc, windows-amd64)
Heap:
 garbage-first heap   total 654336K, used 311619K [0x00000000a0000000, 0x0000000100000000)
  region size 1024K, 8 young (8192K), 8 survivors (8192K)
 Metaspace       used 137902K, capacity 142378K, committed 142672K, reserved 1173504K
  class space    used 16889K, capacity 18611K, committed 18688K, reserved 1048576K
GC Heap History (20 events):
Event: 12461.524 GC heap after
{Heap after GC invocations=179 (full 1):
 garbage-first heap   total 375808K, used 228355K [0x00000000a0000000, 0x0000000100000000)
  region size 1024K, 14 young (14336K), 14 survivors (14336K)
 Metaspace       used 137890K, capacity 142331K, committed 142416K, reserved 1173504K
  class space    used 16893K, capacity 18617K, committed 18688K, reserved 1048576K
}
Event: 12461.631 GC heap before
{Heap before GC invocations=179 (full 1):
 garbage-first heap   total 375808K, used 304131K [0x00000000a0000000, 0x0000000100000000)
  region size 1024K, 89 young (91136K), 14 survivors (14336K)
 Metaspace       used 137884K, capacity 142377K, committed 142672K, reserved 1173504K
  class space    used 16889K, capacity 18611K, committed 18688K, reserved 1048576K
}
Event: 12461.653 GC heap after
{Heap after GC invocations=180 (full 1):
 garbage-first heap   total 375808K, used 241738K [0x00000000a0000000, 0x0000000100000000)
  region size 1024K, 12 young (12288K), 12 survivors (12288K)
 Metaspace       used 137884K, capacity 142377K, committed 142672K, reserved 1173504K
  class space    used 16889K, capacity 18611K, committed 18688K, reserved 1048576K
}
Event: 12461.710 GC heap before
{Heap before GC invocations=180 (full 1):
 garbage-first heap   total 375808K, used 309322K [0x00000000a0000000, 0x0000000100000000)
  region size 1024K, 78 young (79872K), 12 survivors (12288K)
 Metaspace       used 137884K, capacity 142377K, committed 142672K, reserved 1173504K
  class space    used 16889K, capacity 18611K, committed 18688K, reserved 1048576K
}
Event: 12461.730 GC heap after
{Heap after GC invocations=181 (full 1):
 garbage-first heap   total 375808K, used 252347K [0x00000000a0000000, 0x0000000100000000)
  region size 1024K, 10 young (10240K), 10 survivors (10240K)
 Metaspace       used 137884K, capacity 142377K, committed 142672K, reserved 1173504K
  class space    used 16889K, capacity 18611K, committed 18688K, reserved 1048576K
}
Event: 12461.776 GC heap before
{Heap before GC invocations=182 (full 1):
 garbage-first heap   total 375808K, used 311739K [0x00000000a0000000, 0x0000000100000000)
  region size 1024K, 68 young (69632K), 10 survivors (10240K)
 Metaspace       used 137884K, capacity 142377K, committed 142672K, reserved 1173504K
  class space    used 16889K, capacity 18611K, committed 18688K, reserved 1048576K
}
Event: 12461.794 GC heap after
{Heap after GC invocations=183 (full 1):
 garbage-first heap   total 375808K, used 262075K [0x00000000a0000000, 0x0000000100000000)
  region size 1024K, 9 young (9216K), 9 survivors (9216K)
 Metaspace       used 137884K, capacity 142377K, committed 142672K, reserved 1173504K
  class space    used 16889K, capacity 18611K, committed 18688K, reserved 1048576K
}
Event: 12461.802 GC heap before
{Heap before GC invocations=183 (full 1):
 garbage-first heap   total 375808K, used 271291K [0x00000000a0000000, 0x0000000100000000)
  region size 1024K, 18 young (18432K), 9 survivors (9216K)
 Metaspace       used 137884K, capacity 142377K, committed 142672K, reserved 1173504K
  class space    used 16889K, capacity 18611K, committed 18688K, reserved 1048576K
}
Event: 12461.821 GC heap after
{Heap after GC invocations=184 (full 1):
 garbage-first heap   total 375808K, used 257284K [0x00000000a0000000, 0x0000000100000000)
  region size 1024K, 3 young (3072K), 3 survivors (3072K)
 Metaspace       used 137884K, capacity 142377K, committed 142672K, reserved 1173504K
  class space    used 16889K, capacity 18611K, committed 18688K, reserved 1048576K
}
Event: 12461.862 GC heap before
{Heap before GC invocations=184 (full 1):
 garbage-first heap   total 375808K, used 313604K [0x00000000a0000000, 0x0000000100000000)
  region size 1024K, 58 young (59392K), 3 survivors (3072K)
 Metaspace       used 137886K, capacity 142377K, committed 142672K, reserved 1173504K
  class space    used 16889K, capacity 18611K, committed 18688K, reserved 1048576K
}
Event: 12461.877 GC heap after
{Heap after GC invocations=185 (full 1):
 garbage-first heap   total 375808K, used 265897K [0x00000000a0000000, 0x0000000100000000)
  region size 1024K, 8 young (8192K), 8 survivors (8192K)
 Metaspace       used 137886K, capacity 142377K, committed 142672K, reserved 1173504K
  class space    used 16889K, capacity 18611K, committed 18688K, reserved 1048576K
}
Event: 12461.921 GC heap before
{Heap before GC invocations=185 (full 1):
 garbage-first heap   total 375808K, used 316073K [0x00000000a0000000, 0x0000000100000000)
  region size 1024K, 57 young (58368K), 8 survivors (8192K)
 Metaspace       used 137886K, capacity 142377K, committed 142672K, reserved 1173504K
  class space    used 16889K, capacity 18611K, committed 18688K, reserved 1048576K
}
Event: 12461.947 GC heap after
{Heap after GC invocations=186 (full 1):
 garbage-first heap   total 423936K, used 273658K [0x00000000a0000000, 0x0000000100000000)
  region size 1024K, 8 young (8192K), 8 survivors (8192K)
 Metaspace       used 137886K, capacity 142377K, committed 142672K, reserved 1173504K
  class space    used 16889K, capacity 18611K, committed 18688K, reserved 1048576K
}
Event: 12462.016 GC heap before
{Heap before GC invocations=186 (full 1):
 garbage-first heap   total 423936K, used 344314K [0x00000000a0000000, 0x0000000100000000)
  region size 1024K, 77 young (78848K), 8 survivors (8192K)
 Metaspace       used 137886K, capacity 142377K, committed 142672K, reserved 1173504K
  class space    used 16889K, capacity 18611K, committed 18688K, reserved 1048576K
}
Event: 12462.033 GC heap after
{Heap after GC invocations=187 (full 1):
 garbage-first heap   total 423936K, used 283831K [0x00000000a0000000, 0x0000000100000000)
  region size 1024K, 10 young (10240K), 10 survivors (10240K)
 Metaspace       used 137886K, capacity 142377K, committed 142672K, reserved 1173504K
  class space    used 16889K, capacity 18611K, committed 18688K, reserved 1048576K
}
Event: 12462.098 GC heap before
{Heap before GC invocations=187 (full 1):
 garbage-first heap   total 423936K, used 350391K [0x00000000a0000000, 0x0000000100000000)
  region size 1024K, 76 young (77824K), 10 survivors (10240K)
 Metaspace       used 137887K, capacity 142377K, committed 142672K, reserved 1173504K
  class space    used 16889K, capacity 18611K, committed 18688K, reserved 1048576K
}
Event: 12462.115 GC heap after
{Heap after GC invocations=188 (full 1):
 garbage-first heap   total 423936K, used 294183K [0x00000000a0000000, 0x0000000100000000)
  region size 1024K, 10 young (10240K), 10 survivors (10240K)
 Metaspace       used 137887K, capacity 142377K, committed 142672K, reserved 1173504K
  class space    used 16889K, capacity 18611K, committed 18688K, reserved 1048576K
}
Event: 12462.169 GC heap before
{Heap before GC invocations=188 (full 1):
 garbage-first heap   total 423936K, used 355623K [0x00000000a0000000, 0x0000000100000000)
  region size 1024K, 70 young (71680K), 10 survivors (10240K)
 Metaspace       used 137889K, capacity 142377K, committed 142672K, reserved 1173504K
  class space    used 16889K, capacity 18611K, committed 18688K, reserved 1048576K
}
Event: 12462.183 GC heap after
{Heap after GC invocations=189 (full 1):
 garbage-first heap   total 423936K, used 303574K [0x00000000a0000000, 0x0000000100000000)
  region size 1024K, 9 young (9216K), 9 survivors (9216K)
 Metaspace       used 137889K, capacity 142377K, committed 142672K, reserved 1173504K
  class space    used 16889K, capacity 18611K, committed 18688K, reserved 1048576K
}
Event: 12462.238 GC heap before
{Heap before GC invocations=189 (full 1):
 garbage-first heap   total 423936K, used 358870K [0x00000000a0000000, 0x0000000100000000)
  region size 1024K, 63 young (64512K), 9 survivors (9216K)
 Metaspace       used 137902K, capacity 142378K, committed 142672K, reserved 1173504K
  class space    used 16889K, capacity 18611K, committed 18688K, reserved 1048576K
}

