# JRE version: OpenJDK Runtime Environment (11.0.13) (build 11.0.13+0-b1751.21-8125866)
# Java VM: OpenJDK 64-Bit Server VM (11.0.13+0-b1751.21-8125866, mixed mode, tiered, compressed oops, g1 gc, windows-amd64)
Heap:
 garbage-first heap   total 171008K, used 102274K [0x00000000a0000000, 0x0000000100000000)
  region size 1024K, 33 young (33792K), 7 survivors (7168K)
 Metaspace       used 86468K, capacity 88817K, committed 89168K, reserved 1126400K
  class space    used 11196K, capacity 12067K, committed 12192K, reserved 1048576K
GC Heap History (20 events):
Event: 8.616 GC heap before
{Heap before GC invocations=36 (full 0):
 garbage-first heap   total 95232K, used 74345K [0x00000000a0000000, 0x0000000100000000)
  region size 1024K, 19 young (19456K), 2 survivors (2048K)
 Metaspace       used 63204K, capacity 64847K, committed 65104K, reserved 1105920K
  class space    used 7929K, capacity 8517K, committed 8608K, reserved 1048576K
}
Event: 8.619 GC heap after
{Heap after GC invocations=37 (full 0):
 garbage-first heap   total 114688K, used 58014K [0x00000000a0000000, 0x0000000100000000)
  region size 1024K, 3 young (3072K), 3 survivors (3072K)
 Metaspace       used 63204K, capacity 64847K, committed 65104K, reserved 1105920K
  class space    used 7929K, capacity 8517K, committed 8608K, reserved 1048576K
}
Event: 8.737 GC heap before
{Heap before GC invocations=37 (full 0):
 garbage-first heap   total 114688K, used 70302K [0x00000000a0000000, 0x0000000100000000)
  region size 1024K, 17 young (17408K), 3 survivors (3072K)
 Metaspace       used 64377K, capacity 66018K, committed 66256K, reserved 1107968K
  class space    used 8089K, capacity 8691K, committed 8736K, reserved 1048576K
}
Event: 8.740 GC heap after
{Heap after GC invocations=38 (full 0):
 garbage-first heap   total 114688K, used 59046K [0x00000000a0000000, 0x0000000100000000)
  region size 1024K, 3 young (3072K), 3 survivors (3072K)
 Metaspace       used 64377K, capacity 66018K, committed 66256K, reserved 1107968K
  class space    used 8089K, capacity 8691K, committed 8736K, reserved 1048576K
}
Event: 9.042 GC heap before
{Heap before GC invocations=39 (full 0):
 garbage-first heap   total 114688K, used 85670K [0x00000000a0000000, 0x0000000100000000)
  region size 1024K, 28 young (28672K), 3 survivors (3072K)
 Metaspace       used 66878K, capacity 68557K, committed 68688K, reserved 1110016K
  class space    used 8410K, capacity 9043K, committed 9120K, reserved 1048576K
}
Event: 9.045 GC heap after
{Heap after GC invocations=40 (full 0):
 garbage-first heap   total 114688K, used 59690K [0x00000000a0000000, 0x0000000100000000)
  region size 1024K, 2 young (2048K), 2 survivors (2048K)
 Metaspace       used 66878K, capacity 68557K, committed 68688K, reserved 1110016K
  class space    used 8410K, capacity 9043K, committed 9120K, reserved 1048576K
}
Event: 9.221 GC heap before
{Heap before GC invocations=40 (full 0):
 garbage-first heap   total 114688K, used 87338K [0x00000000a0000000, 0x0000000100000000)
  region size 1024K, 29 young (29696K), 2 survivors (2048K)
 Metaspace       used 67677K, capacity 69350K, committed 69456K, reserved 1110016K
  class space    used 8508K, capacity 9112K, committed 9120K, reserved 1048576K
}
Event: 9.225 GC heap after
{Heap after GC invocations=41 (full 0):
 garbage-first heap   total 114688K, used 61652K [0x00000000a0000000, 0x0000000100000000)
  region size 1024K, 4 young (4096K), 4 survivors (4096K)
 Metaspace       used 67677K, capacity 69350K, committed 69456K, reserved 1110016K
  class space    used 8508K, capacity 9112K, committed 9120K, reserved 1048576K
}
Event: 9.334 GC heap before
{Heap before GC invocations=42 (full 0):
 garbage-first heap   total 114688K, used 89300K [0x00000000a0000000, 0x0000000100000000)
  region size 1024K, 31 young (31744K), 4 survivors (4096K)
 Metaspace       used 67783K, capacity 69513K, committed 69840K, reserved 1110016K
  class space    used 8523K, capacity 9146K, committed 9248K, reserved 1048576K
}
Event: 9.340 GC heap after
{Heap after GC invocations=43 (full 0):
 garbage-first heap   total 138240K, used 63696K [0x00000000a0000000, 0x0000000100000000)
  region size 1024K, 4 young (4096K), 4 survivors (4096K)
 Metaspace       used 67783K, capacity 69513K, committed 69840K, reserved 1110016K
  class space    used 8523K, capacity 9146K, committed 9248K, reserved 1048576K
}
Event: 9.761 GC heap before
{Heap before GC invocations=43 (full 0):
 garbage-first heap   total 138240K, used 101584K [0x00000000a0000000, 0x0000000100000000)
  region size 1024K, 41 young (41984K), 4 survivors (4096K)
 Metaspace       used 72227K, capacity 73934K, committed 74192K, reserved 1114112K
  class space    used 9283K, capacity 9934K, committed 10016K, reserved 1048576K
}
Event: 9.767 GC heap after
{Heap after GC invocations=44 (full 0):
 garbage-first heap   total 138240K, used 66055K [0x00000000a0000000, 0x0000000100000000)
  region size 1024K, 5 young (5120K), 5 survivors (5120K)
 Metaspace       used 72227K, capacity 73934K, committed 74192K, reserved 1114112K
  class space    used 9283K, capacity 9934K, committed 10016K, reserved 1048576K
}
Event: 10.251 GC heap before
{Heap before GC invocations=44 (full 0):
 garbage-first heap   total 138240K, used 104967K [0x00000000a0000000, 0x0000000100000000)
  region size 1024K, 43 young (44032K), 5 survivors (5120K)
 Metaspace       used 76775K, capacity 78581K, committed 78800K, reserved 1118208K
  class space    used 9830K, capacity 10509K, committed 10528K, reserved 1048576K
}
Event: 10.262 GC heap after
{Heap after GC invocations=45 (full 0):
 garbage-first heap   total 138240K, used 68902K [0x00000000a0000000, 0x0000000100000000)
  region size 1024K, 5 young (5120K), 5 survivors (5120K)
 Metaspace       used 76775K, capacity 78581K, committed 78800K, reserved 1118208K
  class space    used 9830K, capacity 10509K, committed 10528K, reserved 1048576K
}
Event: 10.708 GC heap before
{Heap before GC invocations=46 (full 0):
 garbage-first heap   total 138240K, used 108838K [0x00000000a0000000, 0x0000000100000000)
  region size 1024K, 44 young (45056K), 5 survivors (5120K)
 Metaspace       used 80759K, capacity 82703K, committed 82768K, reserved 1120256K
  class space    used 10393K, capacity 11117K, committed 11168K, reserved 1048576K
}
Event: 10.714 GC heap after
{Heap after GC invocations=47 (full 0):
 garbage-first heap   total 138240K, used 70832K [0x00000000a0000000, 0x0000000100000000)
  region size 1024K, 5 young (5120K), 5 survivors (5120K)
 Metaspace       used 80759K, capacity 82703K, committed 82768K, reserved 1120256K
  class space    used 10393K, capacity 11117K, committed 11168K, reserved 1048576K
}
Event: 11.239 GC heap before
{Heap before GC invocations=47 (full 0):
 garbage-first heap   total 138240K, used 109744K [0x00000000a0000000, 0x0000000100000000)
  region size 1024K, 43 young (44032K), 5 survivors (5120K)
 Metaspace       used 83748K, capacity 85756K, committed 86096K, reserved 1124352K
  class space    used 10798K, capacity 11570K, committed 11680K, reserved 1048576K
}
Event: 11.246 GC heap after
{Heap after GC invocations=48 (full 0):
 garbage-first heap   total 171008K, used 73837K [0x00000000a0000000, 0x0000000100000000)
  region size 1024K, 6 young (6144K), 6 survivors (6144K)
 Metaspace       used 83748K, capacity 85756K, committed 86096K, reserved 1124352K
  class space    used 10798K, capacity 11570K, committed 11680K, reserved 1048576K
}
Event: 12.477 GC heap before
{Heap before GC invocations=49 (full 0):
 garbage-first heap   total 171008K, used 121965K [0x00000000a0000000, 0x0000000100000000)
  region size 1024K, 54 young (55296K), 6 survivors (6144K)
 Metaspace       used 86299K, capacity 88669K, committed 88912K, reserved 1126400K
  class space    used 11194K, capacity 12065K, committed 12192K, reserved 1048576K
}
Event: 12.486 GC heap after
{Heap after GC invocations=50 (full 0):
 garbage-first heap   total 171008K, used 77698K [0x00000000a0000000, 0x0000000100000000)
  region size 1024K, 7 young (7168K), 7 survivors (7168K)
 Metaspace       used 86299K, capacity 88669K, committed 88912K, reserved 1126400K
  class space    used 11194K, capacity 12065K, committed 12192K, reserved 1048576K
}

