# JRE version: OpenJDK Runtime Environment (11.0.13) (build 11.0.13+0-b1751.21-8125866)
# Java VM: OpenJDK 64-Bit Server VM (11.0.13+0-b1751.21-8125866, mixed mode, tiered, compressed oops, g1 gc, windows-amd64)
Heap:
 garbage-first heap   total 114688K, used 54406K [0x00000000a0000000, 0x0000000100000000)
  region size 1024K, 4 young (4096K), 4 survivors (4096K)
 Metaspace       used 59408K, capacity 61069K, committed 61392K, reserved 1101824K
  class space    used 7516K, capacity 8136K, committed 8224K, reserved 1048576K
GC Heap History (20 events):
Event: 4.597 GC heap after
{Heap after GC invocations=16 (full 0):
 garbage-first heap   total 65536K, used 27042K [0x00000000a0000000, 0x0000000100000000)
  region size 1024K, 2 young (2048K), 2 survivors (2048K)
 Metaspace       used 38943K, capacity 39843K, committed 40016K, reserved 1083392K
  class space    used 4903K, capacity 5246K, committed 5280K, reserved 1048576K
}
Event: 4.774 GC heap before
{Heap before GC invocations=16 (full 0):
 garbage-first heap   total 65536K, used 46498K [0x00000000a0000000, 0x0000000100000000)
  region size 1024K, 21 young (21504K), 2 survivors (2048K)
 Metaspace       used 40746K, capacity 41744K, committed 41808K, reserved 1085440K
  class space    used 5166K, capacity 5530K, committed 5536K, reserved 1048576K
}
Event: 4.777 GC heap after
{Heap after GC invocations=17 (full 0):
 garbage-first heap   total 65536K, used 28029K [0x00000000a0000000, 0x0000000100000000)
  region size 1024K, 3 young (3072K), 3 survivors (3072K)
 Metaspace       used 40746K, capacity 41744K, committed 41808K, reserved 1085440K
  class space    used 5166K, capacity 5530K, committed 5536K, reserved 1048576K
}
Event: 4.976 GC heap before
{Heap before GC invocations=17 (full 0):
 garbage-first heap   total 65536K, used 47485K [0x00000000a0000000, 0x0000000100000000)
  region size 1024K, 22 young (22528K), 3 survivors (3072K)
 Metaspace       used 43021K, capacity 44001K, committed 44112K, reserved 1087488K
  class space    used 5401K, capacity 5791K, committed 5792K, reserved 1048576K
}
Event: 4.979 GC heap after
{Heap after GC invocations=18 (full 0):
 garbage-first heap   total 78848K, used 28869K [0x00000000a0000000, 0x0000000100000000)
  region size 1024K, 2 young (2048K), 2 survivors (2048K)
 Metaspace       used 43021K, capacity 44001K, committed 44112K, reserved 1087488K
  class space    used 5401K, capacity 5791K, committed 5792K, reserved 1048576K
}
Event: 5.145 GC heap before
{Heap before GC invocations=18 (full 0):
 garbage-first heap   total 78848K, used 53445K [0x00000000a0000000, 0x0000000100000000)
  region size 1024K, 27 young (27648K), 2 survivors (2048K)
 Metaspace       used 44379K, capacity 45431K, committed 45648K, reserved 1089536K
  class space    used 5594K, capacity 5971K, committed 6048K, reserved 1048576K
}
Event: 5.148 GC heap after
{Heap after GC invocations=19 (full 0):
 garbage-first heap   total 78848K, used 30620K [0x00000000a0000000, 0x0000000100000000)
  region size 1024K, 4 young (4096K), 4 survivors (4096K)
 Metaspace       used 44379K, capacity 45431K, committed 45648K, reserved 1089536K
  class space    used 5594K, capacity 5971K, committed 6048K, reserved 1048576K
}
Event: 5.335 GC heap before
{Heap before GC invocations=19 (full 0):
 garbage-first heap   total 78848K, used 55196K [0x00000000a0000000, 0x0000000100000000)
  region size 1024K, 29 young (29696K), 4 survivors (4096K)
 Metaspace       used 46198K, capacity 47368K, committed 47440K, reserved 1091584K
  class space    used 5861K, capacity 6279K, committed 6304K, reserved 1048576K
}
Event: 5.338 GC heap after
{Heap after GC invocations=20 (full 0):
 garbage-first heap   total 78848K, used 31501K [0x00000000a0000000, 0x0000000100000000)
  region size 1024K, 3 young (3072K), 3 survivors (3072K)
 Metaspace       used 46198K, capacity 47368K, committed 47440K, reserved 1091584K
  class space    used 5861K, capacity 6279K, committed 6304K, reserved 1048576K
}
Event: 5.907 GC heap before
{Heap before GC invocations=20 (full 0):
 garbage-first heap   total 78848K, used 58125K [0x00000000a0000000, 0x0000000100000000)
  region size 1024K, 29 young (29696K), 3 survivors (3072K)
 Metaspace       used 47862K, capacity 49092K, committed 49232K, reserved 1091584K
  class space    used 6040K, capacity 6486K, committed 6560K, reserved 1048576K
}
Event: 5.912 GC heap after
{Heap after GC invocations=21 (full 0):
 garbage-first heap   total 78848K, used 33805K [0x00000000a0000000, 0x0000000100000000)
  region size 1024K, 4 young (4096K), 4 survivors (4096K)
 Metaspace       used 47862K, capacity 49092K, committed 49232K, reserved 1091584K
  class space    used 6040K, capacity 6486K, committed 6560K, reserved 1048576K
}
Event: 6.329 GC heap before
{Heap before GC invocations=21 (full 0):
 garbage-first heap   total 78848K, used 58381K [0x00000000a0000000, 0x0000000100000000)
  region size 1024K, 29 young (29696K), 4 survivors (4096K)
 Metaspace       used 48521K, capacity 49832K, committed 50128K, reserved 1093632K
  class space    used 6113K, capacity 6579K, committed 6688K, reserved 1048576K
}
Event: 6.333 GC heap after
{Heap after GC invocations=22 (full 0):
 garbage-first heap   total 95232K, used 35224K [0x00000000a0000000, 0x0000000100000000)
  region size 1024K, 3 young (3072K), 3 survivors (3072K)
 Metaspace       used 48521K, capacity 49832K, committed 50128K, reserved 1093632K
  class space    used 6113K, capacity 6579K, committed 6688K, reserved 1048576K
}
Event: 7.084 GC heap before
{Heap before GC invocations=22 (full 0):
 garbage-first heap   total 95232K, used 74136K [0x00000000a0000000, 0x0000000100000000)
  region size 1024K, 34 young (34816K), 3 survivors (3072K)
 Metaspace       used 49900K, capacity 51438K, committed 51664K, reserved 1093632K
  class space    used 6299K, capacity 6847K, committed 6944K, reserved 1048576K
}
Event: 7.093 GC heap after
{Heap after GC invocations=23 (full 0):
 garbage-first heap   total 95232K, used 51107K [0x00000000a0000000, 0x0000000100000000)
  region size 1024K, 5 young (5120K), 5 survivors (5120K)
 Metaspace       used 49900K, capacity 51438K, committed 51664K, reserved 1093632K
  class space    used 6299K, capacity 6847K, committed 6944K, reserved 1048576K
}
Event: 7.389 GC heap before
{Heap before GC invocations=23 (full 0):
 garbage-first heap   total 95232K, used 74659K [0x00000000a0000000, 0x0000000100000000)
  region size 1024K, 28 young (28672K), 5 survivors (5120K)
 Metaspace       used 52989K, capacity 54496K, committed 54608K, reserved 1097728K
  class space    used 6690K, capacity 7251K, committed 7328K, reserved 1048576K
}
Event: 7.397 GC heap after
{Heap after GC invocations=24 (full 0):
 garbage-first heap   total 95232K, used 52371K [0x00000000a0000000, 0x0000000100000000)
  region size 1024K, 2 young (2048K), 2 survivors (2048K)
 Metaspace       used 52989K, capacity 54496K, committed 54608K, reserved 1097728K
  class space    used 6690K, capacity 7251K, committed 7328K, reserved 1048576K
}
Event: 7.828 GC heap before
{Heap before GC invocations=25 (full 0):
 garbage-first heap   total 95232K, used 73875K [0x00000000a0000000, 0x0000000100000000)
  region size 1024K, 24 young (24576K), 2 survivors (2048K)
 Metaspace       used 56421K, capacity 57980K, committed 58064K, reserved 1099776K
  class space    used 7109K, capacity 7664K, committed 7712K, reserved 1048576K
}
Event: 7.835 GC heap after
{Heap after GC invocations=26 (full 0):
 garbage-first heap   total 95232K, used 52803K [0x00000000a0000000, 0x0000000100000000)
  region size 1024K, 2 young (2048K), 2 survivors (2048K)
 Metaspace       used 56421K, capacity 57980K, committed 58064K, reserved 1099776K
  class space    used 7109K, capacity 7664K, committed 7712K, reserved 1048576K
}
Event: 8.176 GC heap before
{Heap before GC invocations=26 (full 0):
 garbage-first heap   total 95232K, used 76355K [0x00000000a0000000, 0x0000000100000000)
  region size 1024K, 25 young (25600K), 2 survivors (2048K)
 Metaspace       used 59408K, capacity 61069K, committed 61392K, reserved 1101824K
  class space    used 7516K, capacity 8136K, committed 8224K, reserved 1048576K
}

