# JRE version: OpenJDK Runtime Environment (11.0.13) (build 11.0.13+0-b1751.21-8125866)
# Java VM: OpenJDK 64-Bit Server VM (11.0.13+0-b1751.21-8125866, mixed mode, tiered, compressed oops, g1 gc, windows-amd64)
Heap:
 garbage-first heap   total 607232K, used 228352K [0x00000000a0000000, 0x0000000100000000)
  region size 1024K, 4 young (4096K), 4 survivors (4096K)
 Metaspace       used 97603K, capacity 100061K, committed 100176K, reserved 1136640K
  class space    used 12665K, capacity 13613K, committed 13728K, reserved 1048576K
GC Heap History (20 events):
Event: 10.603 GC heap after
{Heap after GC invocations=42 (full 0):
 garbage-first heap   total 165888K, used 89452K [0x00000000a0000000, 0x0000000100000000)
  region size 1024K, 5 young (5120K), 5 survivors (5120K)
 Metaspace       used 86518K, capacity 88898K, committed 89168K, reserved 1126400K
  class space    used 11206K, capacity 12092K, committed 12192K, reserved 1048576K
}
Event: 10.894 GC heap before
{Heap before GC invocations=42 (full 0):
 garbage-first heap   total 165888K, used 133484K [0x00000000a0000000, 0x0000000100000000)
  region size 1024K, 49 young (50176K), 5 survivors (5120K)
 Metaspace       used 88415K, capacity 90856K, committed 91088K, reserved 1128448K
  class space    used 11373K, capacity 12254K, committed 12320K, reserved 1048576K
}
Event: 10.911 GC heap after
{Heap after GC invocations=43 (full 0):
 garbage-first heap   total 199680K, used 92808K [0x00000000a0000000, 0x0000000100000000)
  region size 1024K, 4 young (4096K), 4 survivors (4096K)
 Metaspace       used 88415K, capacity 90856K, committed 91088K, reserved 1128448K
  class space    used 11373K, capacity 12254K, committed 12320K, reserved 1048576K
}
Event: 11.313 GC heap before
{Heap before GC invocations=44 (full 0):
 garbage-first heap   total 199680K, used 151176K [0x00000000a0000000, 0x0000000100000000)
  region size 1024K, 62 young (63488K), 4 survivors (4096K)
 Metaspace       used 89229K, capacity 91477K, committed 91984K, reserved 1128448K
  class space    used 11427K, capacity 12233K, committed 12448K, reserved 1048576K
}
Event: 11.319 GC heap after
{Heap after GC invocations=45 (full 0):
 garbage-first heap   total 199680K, used 94954K [0x00000000a0000000, 0x0000000100000000)
  region size 1024K, 6 young (6144K), 6 survivors (6144K)
 Metaspace       used 89229K, capacity 91477K, committed 91984K, reserved 1128448K
  class space    used 11427K, capacity 12233K, committed 12448K, reserved 1048576K
}
Event: 11.452 GC heap before
{Heap before GC invocations=45 (full 0):
 garbage-first heap   total 199680K, used 126698K [0x00000000a0000000, 0x0000000100000000)
  region size 1024K, 39 young (39936K), 6 survivors (6144K)
 Metaspace       used 90453K, capacity 92714K, committed 93136K, reserved 1130496K
  class space    used 11570K, capacity 12405K, committed 12576K, reserved 1048576K
}
Event: 11.463 GC heap after
{Heap after GC invocations=46 (full 0):
 garbage-first heap   total 199680K, used 97232K [0x00000000a0000000, 0x0000000100000000)
  region size 1024K, 5 young (5120K), 5 survivors (5120K)
 Metaspace       used 90453K, capacity 92714K, committed 93136K, reserved 1130496K
  class space    used 11570K, capacity 12405K, committed 12576K, reserved 1048576K
}
Event: 11.950 GC heap before
{Heap before GC invocations=47 (full 0):
 garbage-first heap   total 199680K, used 149456K [0x00000000a0000000, 0x0000000100000000)
  region size 1024K, 46 young (47104K), 5 survivors (5120K)
 Metaspace       used 94812K, capacity 97197K, committed 97488K, reserved 1134592K
  class space    used 12137K, capacity 12988K, committed 13088K, reserved 1048576K
}
Event: 11.981 GC heap after
{Heap after GC invocations=48 (full 0):
 garbage-first heap   total 199680K, used 119597K [0x00000000a0000000, 0x0000000100000000)
  region size 1024K, 8 young (8192K), 8 survivors (8192K)
 Metaspace       used 94812K, capacity 97197K, committed 97488K, reserved 1134592K
  class space    used 12137K, capacity 12988K, committed 13088K, reserved 1048576K
}
Event: 12.228 GC heap before
{Heap before GC invocations=49 (full 0):
 garbage-first heap   total 199680K, used 190253K [0x00000000a0000000, 0x0000000100000000)
  region size 1024K, 49 young (50176K), 8 survivors (8192K)
 Metaspace       used 95101K, capacity 97429K, committed 97872K, reserved 1134592K
  class space    used 12164K, capacity 13022K, committed 13216K, reserved 1048576K
}
Event: 12.246 GC heap after
{Heap after GC invocations=50 (full 0):
 garbage-first heap   total 216064K, used 148230K [0x00000000a0000000, 0x0000000100000000)
  region size 1024K, 7 young (7168K), 7 survivors (7168K)
 Metaspace       used 95101K, capacity 97429K, committed 97872K, reserved 1134592K
  class space    used 12164K, capacity 13022K, committed 13216K, reserved 1048576K
}
Event: 12.277 GC heap before
{Heap before GC invocations=50 (full 0):
 garbage-first heap   total 216064K, used 157446K [0x00000000a0000000, 0x0000000100000000)
  region size 1024K, 17 young (17408K), 7 survivors (7168K)
 Metaspace       used 95113K, capacity 97435K, committed 97872K, reserved 1134592K
  class space    used 12169K, capacity 13024K, committed 13216K, reserved 1048576K
}
Event: 12.289 GC heap after
{Heap after GC invocations=51 (full 0):
 garbage-first heap   total 302080K, used 153009K [0x00000000a0000000, 0x0000000100000000)
  region size 1024K, 4 young (4096K), 4 survivors (4096K)
 Metaspace       used 95113K, capacity 97435K, committed 97872K, reserved 1134592K
  class space    used 12169K, capacity 13024K, committed 13216K, reserved 1048576K
}
Event: 12.699 GC heap before
{Heap before GC invocations=52 (full 0):
 garbage-first heap   total 302080K, used 205233K [0x00000000a0000000, 0x0000000100000000)
  region size 1024K, 54 young (55296K), 4 survivors (4096K)
 Metaspace       used 97442K, capacity 99916K, committed 100176K, reserved 1136640K
  class space    used 12664K, capacity 13613K, committed 13728K, reserved 1048576K
}
Event: 12.767 GC heap after
{Heap after GC invocations=53 (full 0):
 garbage-first heap   total 302080K, used 174080K [0x00000000a0000000, 0x0000000100000000)
  region size 1024K, 7 young (7168K), 7 survivors (7168K)
 Metaspace       used 97442K, capacity 99916K, committed 100176K, reserved 1136640K
  class space    used 12664K, capacity 13613K, committed 13728K, reserved 1048576K
}
Event: 12.871 GC heap before
{Heap before GC invocations=53 (full 0):
 garbage-first heap   total 302080K, used 217088K [0x00000000a0000000, 0x0000000100000000)
  region size 1024K, 50 young (51200K), 7 survivors (7168K)
 Metaspace       used 97583K, capacity 100058K, committed 100176K, reserved 1136640K
  class space    used 12664K, capacity 13613K, committed 13728K, reserved 1048576K
}
Event: 12.930 GC heap after
{Heap after GC invocations=54 (full 0):
 garbage-first heap   total 302080K, used 196909K [0x00000000a0000000, 0x0000000100000000)
  region size 1024K, 7 young (7168K), 7 survivors (7168K)
 Metaspace       used 97583K, capacity 100058K, committed 100176K, reserved 1136640K
  class space    used 12664K, capacity 13613K, committed 13728K, reserved 1048576K
}
Event: 13.029 GC heap before
{Heap before GC invocations=54 (full 0):
 garbage-first heap   total 302080K, used 230701K [0x00000000a0000000, 0x0000000100000000)
  region size 1024K, 40 young (40960K), 7 survivors (7168K)
 Metaspace       used 97600K, capacity 100061K, committed 100176K, reserved 1136640K
  class space    used 12664K, capacity 13613K, committed 13728K, reserved 1048576K
}
Event: 13.100 GC heap after
{Heap after GC invocations=55 (full 0):
 garbage-first heap   total 302080K, used 215040K [0x00000000a0000000, 0x0000000100000000)
  region size 1024K, 5 young (5120K), 5 survivors (5120K)
 Metaspace       used 97600K, capacity 100061K, committed 100176K, reserved 1136640K
  class space    used 12664K, capacity 13613K, committed 13728K, reserved 1048576K
}
Event: 13.221 GC heap before
{Heap before GC invocations=55 (full 0):
 garbage-first heap   total 302080K, used 239616K [0x00000000a0000000, 0x0000000100000000)
  region size 1024K, 30 young (30720K), 5 survivors (5120K)
 Metaspace       used 97603K, capacity 100061K, committed 100176K, reserved 1136640K
  class space    used 12665K, capacity 13613K, committed 13728K, reserved 1048576K
}

