# JRE version: OpenJDK Runtime Environment (11.0.13) (build 11.0.13+0-b1751.21-8125866)
# Java VM: OpenJDK 64-Bit Server VM (11.0.13+0-b1751.21-8125866, mixed mode, tiered, compressed oops, g1 gc, windows-amd64)
Heap:
 garbage-first heap   total 607232K, used 253217K [0x00000000a0000000, 0x0000000100000000)
  region size 1024K, 5 young (5120K), 5 survivors (5120K)
 Metaspace       used 110140K, capacity 112880K, committed 113020K, reserved 1146880K
  class space    used 13750K, capacity 14758K, committed 14796K, reserved 1048576K
GC Heap History (20 events):
Event: 92.089 GC heap after
{Heap after GC invocations=117 (full 0):
 garbage-first heap   total 256000K, used 225764K [0x00000000a0000000, 0x0000000100000000)
  region size 1024K, 2 young (2048K), 2 survivors (2048K)
 Metaspace       used 107826K, capacity 110616K, committed 110844K, reserved 1144832K
  class space    used 13581K, capacity 14570K, committed 14668K, reserved 1048576K
}
Event: 92.195 GC heap before
{Heap before GC invocations=117 (full 0):
 garbage-first heap   total 256000K, used 234980K [0x00000000a0000000, 0x0000000100000000)
  region size 1024K, 12 young (12288K), 2 survivors (2048K)
 Metaspace       used 107867K, capacity 110621K, committed 110844K, reserved 1144832K
  class space    used 13581K, capacity 14570K, committed 14668K, reserved 1048576K
}
Event: 92.207 GC heap after
{Heap after GC invocations=118 (full 0):
 garbage-first heap   total 256000K, used 227573K [0x00000000a0000000, 0x0000000100000000)
  region size 1024K, 2 young (2048K), 2 survivors (2048K)
 Metaspace       used 107867K, capacity 110621K, committed 110844K, reserved 1144832K
  class space    used 13581K, capacity 14570K, committed 14668K, reserved 1048576K
}
Event: 92.340 GC heap before
{Heap before GC invocations=118 (full 0):
 garbage-first heap   total 256000K, used 237813K [0x00000000a0000000, 0x0000000100000000)
  region size 1024K, 12 young (12288K), 2 survivors (2048K)
 Metaspace       used 107897K, capacity 110686K, committed 110844K, reserved 1144832K
  class space    used 13581K, capacity 14570K, committed 14668K, reserved 1048576K
}
Event: 92.350 GC heap after
{Heap after GC invocations=119 (full 0):
 garbage-first heap   total 307200K, used 229199K [0x00000000a0000000, 0x0000000100000000)
  region size 1024K, 2 young (2048K), 2 survivors (2048K)
 Metaspace       used 107897K, capacity 110686K, committed 110844K, reserved 1144832K
  class space    used 13581K, capacity 14570K, committed 14668K, reserved 1048576K
}
Event: 92.597 GC heap before
{Heap before GC invocations=119 (full 0):
 garbage-first heap   total 307200K, used 248655K [0x00000000a0000000, 0x0000000100000000)
  region size 1024K, 21 young (21504K), 2 survivors (2048K)
 Metaspace       used 107954K, capacity 110764K, committed 111100K, reserved 1146880K
  class space    used 13582K, capacity 14572K, committed 14668K, reserved 1048576K
}
Event: 92.607 GC heap after
{Heap after GC invocations=120 (full 0):
 garbage-first heap   total 307200K, used 231216K [0x00000000a0000000, 0x0000000100000000)
  region size 1024K, 3 young (3072K), 3 survivors (3072K)
 Metaspace       used 107954K, capacity 110764K, committed 111100K, reserved 1146880K
  class space    used 13582K, capacity 14572K, committed 14668K, reserved 1048576K
}
Event: 92.836 GC heap before
{Heap before GC invocations=120 (full 0):
 garbage-first heap   total 307200K, used 251696K [0x00000000a0000000, 0x0000000100000000)
  region size 1024K, 23 young (23552K), 3 survivors (3072K)
 Metaspace       used 107975K, capacity 110766K, committed 111100K, reserved 1146880K
  class space    used 13582K, capacity 14572K, committed 14668K, reserved 1048576K
}
Event: 92.851 GC heap after
{Heap after GC invocations=121 (full 0):
 garbage-first heap   total 307200K, used 234614K [0x00000000a0000000, 0x0000000100000000)
  region size 1024K, 3 young (3072K), 3 survivors (3072K)
 Metaspace       used 107975K, capacity 110766K, committed 111100K, reserved 1146880K
  class space    used 13582K, capacity 14572K, committed 14668K, reserved 1048576K
}
Event: 93.039 GC heap before
{Heap before GC invocations=121 (full 0):
 garbage-first heap   total 307200K, used 254070K [0x00000000a0000000, 0x0000000100000000)
  region size 1024K, 22 young (22528K), 3 survivors (3072K)
 Metaspace       used 107990K, capacity 110768K, committed 111100K, reserved 1146880K
  class space    used 13582K, capacity 14572K, committed 14668K, reserved 1048576K
}
Event: 93.049 GC heap after
{Heap after GC invocations=122 (full 0):
 garbage-first heap   total 307200K, used 237165K [0x00000000a0000000, 0x0000000100000000)
  region size 1024K, 3 young (3072K), 3 survivors (3072K)
 Metaspace       used 107990K, capacity 110768K, committed 111100K, reserved 1146880K
  class space    used 13582K, capacity 14572K, committed 14668K, reserved 1048576K
}
Event: 93.344 GC heap before
{Heap before GC invocations=122 (full 0):
 garbage-first heap   total 307200K, used 256621K [0x00000000a0000000, 0x0000000100000000)
  region size 1024K, 22 young (22528K), 3 survivors (3072K)
 Metaspace       used 108000K, capacity 110772K, committed 111100K, reserved 1146880K
  class space    used 13582K, capacity 14573K, committed 14668K, reserved 1048576K
}
Event: 93.382 GC heap after
{Heap after GC invocations=123 (full 0):
 garbage-first heap   total 365568K, used 239932K [0x00000000a0000000, 0x0000000100000000)
  region size 1024K, 3 young (3072K), 3 survivors (3072K)
 Metaspace       used 108000K, capacity 110772K, committed 111100K, reserved 1146880K
  class space    used 13582K, capacity 14573K, committed 14668K, reserved 1048576K
}
Event: 93.785 GC heap before
{Heap before GC invocations=124 (full 0):
 garbage-first heap   total 365568K, used 275772K [0x00000000a0000000, 0x0000000100000000)
  region size 1024K, 38 young (38912K), 3 survivors (3072K)
 Metaspace       used 108047K, capacity 110837K, committed 111100K, reserved 1146880K
  class space    used 13587K, capacity 14573K, committed 14668K, reserved 1048576K
}
Event: 93.839 GC heap after
{Heap after GC invocations=125 (full 0):
 garbage-first heap   total 365568K, used 245028K [0x00000000a0000000, 0x0000000100000000)
  region size 1024K, 5 young (5120K), 5 survivors (5120K)
 Metaspace       used 108047K, capacity 110837K, committed 111100K, reserved 1146880K
  class space    used 13587K, capacity 14573K, committed 14668K, reserved 1048576K
}
Event: 94.124 GC heap before
{Heap before GC invocations=125 (full 0):
 garbage-first heap   total 365568K, used 281892K [0x00000000a0000000, 0x0000000100000000)
  region size 1024K, 41 young (41984K), 5 survivors (5120K)
 Metaspace       used 108288K, capacity 111052K, committed 111356K, reserved 1146880K
  class space    used 13602K, capacity 14578K, committed 14668K, reserved 1048576K
}
Event: 94.139 GC heap after
{Heap after GC invocations=126 (full 0):
 garbage-first heap   total 365568K, used 248728K [0x00000000a0000000, 0x0000000100000000)
  region size 1024K, 6 young (6144K), 6 survivors (6144K)
 Metaspace       used 108288K, capacity 111052K, committed 111356K, reserved 1146880K
  class space    used 13602K, capacity 14578K, committed 14668K, reserved 1048576K
}
Event: 94.943 GC heap before
{Heap before GC invocations=126 (full 0):
 garbage-first heap   total 365568K, used 286616K [0x00000000a0000000, 0x0000000100000000)
  region size 1024K, 43 young (44032K), 6 survivors (6144K)
 Metaspace       used 109782K, capacity 112555K, committed 112764K, reserved 1146880K
  class space    used 13744K, capacity 14758K, committed 14796K, reserved 1048576K
}
Event: 94.954 GC heap after
{Heap after GC invocations=127 (full 0):
 garbage-first heap   total 365568K, used 252207K [0x00000000a0000000, 0x0000000100000000)
  region size 1024K, 4 young (4096K), 4 survivors (4096K)
 Metaspace       used 109782K, capacity 112555K, committed 112764K, reserved 1146880K
  class space    used 13744K, capacity 14758K, committed 14796K, reserved 1048576K
}
Event: 95.440 GC heap before
{Heap before GC invocations=127 (full 0):
 garbage-first heap   total 365568K, used 291119K [0x00000000a0000000, 0x0000000100000000)
  region size 1024K, 42 young (43008K), 4 survivors (4096K)
 Metaspace       used 110140K, capacity 112880K, committed 113020K, reserved 1146880K
  class space    used 13750K, capacity 14758K, committed 14796K, reserved 1048576K
}

