# JRE version: OpenJDK Runtime Environment (11.0.13) (build 11.0.13+0-b1751.21-8125866)
# Java VM: OpenJDK 64-Bit Server VM (11.0.13+0-b1751.21-8125866, mixed mode, tiered, compressed oops, g1 gc, windows-amd64)
Heap:
 garbage-first heap   total 165888K, used 85382K [0x00000000a0000000, 0x0000000100000000)
  region size 1024K, 17 young (17408K), 6 survivors (6144K)
 Metaspace       used 85868K, capacity 88202K, committed 88316K, reserved 1126400K
  class space    used 11158K, capacity 12036K, committed 12108K, reserved 1048576K
GC Heap History (20 events):
Event: 6.911 GC heap before
{Heap before GC invocations=22 (full 0):
 garbage-first heap   total 114688K, used 85113K [0x00000000a0000000, 0x0000000100000000)
  region size 1024K, 36 young (36864K), 4 survivors (4096K)
 Metaspace       used 62686K, capacity 64288K, committed 64508K, reserved 1105920K
  class space    used 7875K, capacity 8482K, committed 8524K, reserved 1048576K
}
Event: 6.915 GC heap after
{Heap after GC invocations=23 (full 0):
 garbage-first heap   total 114688K, used 56071K [0x00000000a0000000, 0x0000000100000000)
  region size 1024K, 5 young (5120K), 5 survivors (5120K)
 Metaspace       used 62686K, capacity 64288K, committed 64508K, reserved 1105920K
  class space    used 7875K, capacity 8482K, committed 8524K, reserved 1048576K
}
Event: 7.094 GC heap before
{Heap before GC invocations=23 (full 0):
 garbage-first heap   total 114688K, used 77575K [0x00000000a0000000, 0x0000000100000000)
  region size 1024K, 27 young (27648K), 5 survivors (5120K)
 Metaspace       used 64317K, capacity 65950K, committed 66044K, reserved 1105920K
  class space    used 8087K, capacity 8691K, committed 8780K, reserved 1048576K
}
Event: 7.100 GC heap after
{Heap after GC invocations=24 (full 0):
 garbage-first heap   total 114688K, used 58140K [0x00000000a0000000, 0x0000000100000000)
  region size 1024K, 2 young (2048K), 2 survivors (2048K)
 Metaspace       used 64317K, capacity 65950K, committed 66044K, reserved 1105920K
  class space    used 8087K, capacity 8691K, committed 8780K, reserved 1048576K
}
Event: 7.464 GC heap before
{Heap before GC invocations=25 (full 0):
 garbage-first heap   total 114688K, used 87836K [0x00000000a0000000, 0x0000000100000000)
  region size 1024K, 30 young (30720K), 2 survivors (2048K)
 Metaspace       used 66959K, capacity 68561K, committed 68732K, reserved 1110016K
  class space    used 8420K, capacity 9044K, committed 9164K, reserved 1048576K
}
Event: 7.467 GC heap after
{Heap after GC invocations=26 (full 0):
 garbage-first heap   total 114688K, used 58734K [0x00000000a0000000, 0x0000000100000000)
  region size 1024K, 3 young (3072K), 3 survivors (3072K)
 Metaspace       used 66959K, capacity 68561K, committed 68732K, reserved 1110016K
  class space    used 8420K, capacity 9044K, committed 9164K, reserved 1048576K
}
Event: 7.657 GC heap before
{Heap before GC invocations=26 (full 0):
 garbage-first heap   total 114688K, used 87406K [0x00000000a0000000, 0x0000000100000000)
  region size 1024K, 31 young (31744K), 3 survivors (3072K)
 Metaspace       used 67641K, capacity 69318K, committed 69500K, reserved 1110016K
  class space    used 8513K, capacity 9146K, committed 9164K, reserved 1048576K
}
Event: 7.663 GC heap after
{Heap after GC invocations=27 (full 0):
 garbage-first heap   total 114688K, used 61334K [0x00000000a0000000, 0x0000000100000000)
  region size 1024K, 4 young (4096K), 4 survivors (4096K)
 Metaspace       used 67641K, capacity 69318K, committed 69500K, reserved 1110016K
  class space    used 8513K, capacity 9146K, committed 9164K, reserved 1048576K
}
Event: 7.805 GC heap before
{Heap before GC invocations=28 (full 0):
 garbage-first heap   total 114688K, used 90006K [0x00000000a0000000, 0x0000000100000000)
  region size 1024K, 32 young (32768K), 4 survivors (4096K)
 Metaspace       used 68192K, capacity 69910K, committed 70140K, reserved 1110016K
  class space    used 8572K, capacity 9214K, committed 9292K, reserved 1048576K
}
Event: 7.810 GC heap after
{Heap after GC invocations=29 (full 0):
 garbage-first heap   total 114688K, used 63262K [0x00000000a0000000, 0x0000000100000000)
  region size 1024K, 2 young (2048K), 2 survivors (2048K)
 Metaspace       used 68192K, capacity 69910K, committed 70140K, reserved 1110016K
  class space    used 8572K, capacity 9214K, committed 9292K, reserved 1048576K
}
Event: 8.144 GC heap before
{Heap before GC invocations=29 (full 0):
 garbage-first heap   total 114688K, used 91934K [0x00000000a0000000, 0x0000000100000000)
  region size 1024K, 30 young (30720K), 2 survivors (2048K)
 Metaspace       used 71829K, capacity 73527K, committed 73596K, reserved 1114112K
  class space    used 9232K, capacity 9866K, committed 9932K, reserved 1048576K
}
Event: 8.148 GC heap after
{Heap after GC invocations=30 (full 0):
 garbage-first heap   total 138240K, used 64629K [0x00000000a0000000, 0x0000000100000000)
  region size 1024K, 4 young (4096K), 4 survivors (4096K)
 Metaspace       used 71829K, capacity 73527K, committed 73596K, reserved 1114112K
  class space    used 9232K, capacity 9866K, committed 9932K, reserved 1048576K
}
Event: 8.620 GC heap before
{Heap before GC invocations=31 (full 0):
 garbage-first heap   total 138240K, used 101493K [0x00000000a0000000, 0x0000000100000000)
  region size 1024K, 40 young (40960K), 4 survivors (4096K)
 Metaspace       used 76332K, capacity 78123K, committed 78332K, reserved 1118208K
  class space    used 9777K, capacity 10463K, committed 10572K, reserved 1048576K
}
Event: 8.626 GC heap after
{Heap after GC invocations=32 (full 0):
 garbage-first heap   total 138240K, used 67151K [0x00000000a0000000, 0x0000000100000000)
  region size 1024K, 5 young (5120K), 5 survivors (5120K)
 Metaspace       used 76332K, capacity 78123K, committed 78332K, reserved 1118208K
  class space    used 9777K, capacity 10463K, committed 10572K, reserved 1048576K
}
Event: 8.935 GC heap before
{Heap before GC invocations=32 (full 0):
 garbage-first heap   total 138240K, used 104015K [0x00000000a0000000, 0x0000000100000000)
  region size 1024K, 41 young (41984K), 5 survivors (5120K)
 Metaspace       used 79177K, capacity 81052K, committed 81276K, reserved 1120256K
  class space    used 10165K, capacity 10871K, committed 10956K, reserved 1048576K
}
Event: 8.952 GC heap after
{Heap after GC invocations=33 (full 0):
 garbage-first heap   total 138240K, used 69665K [0x00000000a0000000, 0x0000000100000000)
  region size 1024K, 5 young (5120K), 5 survivors (5120K)
 Metaspace       used 79177K, capacity 81052K, committed 81276K, reserved 1120256K
  class space    used 10165K, capacity 10871K, committed 10956K, reserved 1048576K
}
Event: 9.502 GC heap before
{Heap before GC invocations=34 (full 0):
 garbage-first heap   total 138240K, used 107553K [0x00000000a0000000, 0x0000000100000000)
  region size 1024K, 42 young (43008K), 5 survivors (5120K)
 Metaspace       used 82737K, capacity 84612K, committed 84860K, reserved 1122304K
  class space    used 10641K, capacity 11341K, committed 11468K, reserved 1048576K
}
Event: 9.509 GC heap after
{Heap after GC invocations=35 (full 0):
 garbage-first heap   total 138240K, used 71817K [0x00000000a0000000, 0x0000000100000000)
  region size 1024K, 5 young (5120K), 5 survivors (5120K)
 Metaspace       used 82737K, capacity 84612K, committed 84860K, reserved 1122304K
  class space    used 10641K, capacity 11341K, committed 11468K, reserved 1048576K
}
Event: 10.849 GC heap before
{Heap before GC invocations=35 (full 0):
 garbage-first heap   total 138240K, used 108681K [0x00000000a0000000, 0x0000000100000000)
  region size 1024K, 41 young (41984K), 5 survivors (5120K)
 Metaspace       used 85338K, capacity 87431K, committed 87548K, reserved 1124352K
  class space    used 11038K, capacity 11820K, committed 11852K, reserved 1048576K
}
Event: 10.859 GC heap after
{Heap after GC invocations=36 (full 0):
 garbage-first heap   total 165888K, used 75142K [0x00000000a0000000, 0x0000000100000000)
  region size 1024K, 6 young (6144K), 6 survivors (6144K)
 Metaspace       used 85338K, capacity 87431K, committed 87548K, reserved 1124352K
  class space    used 11038K, capacity 11820K, committed 11852K, reserved 1048576K
}

