# JRE version: OpenJDK Runtime Environment (11.0.13) (build 11.0.13+0-b1751.21-8125866)
# Java VM: OpenJDK 64-Bit Server VM (11.0.13+0-b1751.21-8125866, mixed mode, tiered, compressed oops, g1 gc, windows-amd64)
Heap:
 garbage-first heap   total 95232K, used 71741K [0x00000000a0000000, 0x0000000100000000)
  region size 1024K, 27 young (27648K), 5 survivors (5120K)
 Metaspace       used 50781K, capacity 52218K, committed 52508K, reserved 1095680K
  class space    used 6413K, capacity 6940K, committed 6988K, reserved 1048576K
GC Heap History (20 events):
Event: 3.198 GC heap before
{Heap before GC invocations=8 (full 0):
 garbage-first heap   total 65536K, used 46238K [0x00000000a0000000, 0x0000000100000000)
  region size 1024K, 29 young (29696K), 3 survivors (3072K)
 Metaspace       used 28546K, capacity 29228K, committed 29440K, reserved 1075200K
  class space    used 3743K, capacity 3991K, committed 4096K, reserved 1048576K
}
Event: 3.201 GC heap after
{Heap after GC invocations=9 (full 0):
 garbage-first heap   total 65536K, used 20373K [0x00000000a0000000, 0x0000000100000000)
  region size 1024K, 3 young (3072K), 3 survivors (3072K)
 Metaspace       used 28546K, capacity 29228K, committed 29440K, reserved 1075200K
  class space    used 3743K, capacity 3991K, committed 4096K, reserved 1048576K
}
Event: 3.427 GC heap before
{Heap before GC invocations=9 (full 0):
 garbage-first heap   total 65536K, used 46997K [0x00000000a0000000, 0x0000000100000000)
  region size 1024K, 29 young (29696K), 3 survivors (3072K)
 Metaspace       used 31440K, capacity 32129K, committed 32384K, reserved 1077248K
  class space    used 4172K, capacity 4446K, committed 4480K, reserved 1048576K
}
Event: 3.431 GC heap after
{Heap after GC invocations=10 (full 0):
 garbage-first heap   total 65536K, used 21380K [0x00000000a0000000, 0x0000000100000000)
  region size 1024K, 3 young (3072K), 3 survivors (3072K)
 Metaspace       used 31440K, capacity 32129K, committed 32384K, reserved 1077248K
  class space    used 4172K, capacity 4446K, committed 4480K, reserved 1048576K
}
Event: 3.673 GC heap before
{Heap before GC invocations=10 (full 0):
 garbage-first heap   total 65536K, used 30596K [0x00000000a0000000, 0x0000000100000000)
  region size 1024K, 14 young (14336K), 3 survivors (3072K)
 Metaspace       used 35187K, capacity 35981K, committed 36048K, reserved 1081344K
  class space    used 4519K, capacity 4838K, committed 4864K, reserved 1048576K
}
Event: 3.678 GC heap after
{Heap after GC invocations=11 (full 0):
 garbage-first heap   total 65536K, used 23212K [0x00000000a0000000, 0x0000000100000000)
  region size 1024K, 4 young (4096K), 4 survivors (4096K)
 Metaspace       used 35187K, capacity 35981K, committed 36048K, reserved 1081344K
  class space    used 4519K, capacity 4838K, committed 4864K, reserved 1048576K
}
Event: 3.849 GC heap before
{Heap before GC invocations=12 (full 0):
 garbage-first heap   total 65536K, used 43692K [0x00000000a0000000, 0x0000000100000000)
  region size 1024K, 25 young (25600K), 4 survivors (4096K)
 Metaspace       used 36893K, capacity 37760K, committed 38044K, reserved 1083392K
  class space    used 4697K, capacity 5024K, committed 5068K, reserved 1048576K
}
Event: 3.854 GC heap after
{Heap after GC invocations=13 (full 0):
 garbage-first heap   total 78848K, used 26071K [0x00000000a0000000, 0x0000000100000000)
  region size 1024K, 4 young (4096K), 4 survivors (4096K)
 Metaspace       used 36893K, capacity 37760K, committed 38044K, reserved 1083392K
  class space    used 4697K, capacity 5024K, committed 5068K, reserved 1048576K
}
Event: 4.099 GC heap before
{Heap before GC invocations=13 (full 0):
 garbage-first heap   total 78848K, used 54743K [0x00000000a0000000, 0x0000000100000000)
  region size 1024K, 30 young (30720K), 4 survivors (4096K)
 Metaspace       used 39821K, capacity 40711K, committed 40988K, reserved 1085440K
  class space    used 5025K, capacity 5386K, committed 5452K, reserved 1048576K
}
Event: 4.104 GC heap after
{Heap after GC invocations=14 (full 0):
 garbage-first heap   total 78848K, used 27705K [0x00000000a0000000, 0x0000000100000000)
  region size 1024K, 4 young (4096K), 4 survivors (4096K)
 Metaspace       used 39821K, capacity 40711K, committed 40988K, reserved 1085440K
  class space    used 5025K, capacity 5386K, committed 5452K, reserved 1048576K
}
Event: 4.303 GC heap before
{Heap before GC invocations=14 (full 0):
 garbage-first heap   total 78848K, used 54329K [0x00000000a0000000, 0x0000000100000000)
  region size 1024K, 30 young (30720K), 4 survivors (4096K)
 Metaspace       used 42821K, capacity 43837K, committed 44188K, reserved 1087488K
  class space    used 5370K, capacity 5738K, committed 5836K, reserved 1048576K
}
Event: 4.307 GC heap after
{Heap after GC invocations=15 (full 0):
 garbage-first heap   total 78848K, used 28533K [0x00000000a0000000, 0x0000000100000000)
  region size 1024K, 3 young (3072K), 3 survivors (3072K)
 Metaspace       used 42821K, capacity 43837K, committed 44188K, reserved 1087488K
  class space    used 5370K, capacity 5738K, committed 5836K, reserved 1048576K
}
Event: 4.726 GC heap before
{Heap before GC invocations=15 (full 0):
 garbage-first heap   total 78848K, used 57205K [0x00000000a0000000, 0x0000000100000000)
  region size 1024K, 31 young (31744K), 3 survivors (3072K)
 Metaspace       used 44282K, capacity 45331K, committed 45596K, reserved 1089536K
  class space    used 5578K, capacity 5938K, committed 5964K, reserved 1048576K
}
Event: 4.730 GC heap after
{Heap after GC invocations=16 (full 0):
 garbage-first heap   total 78848K, used 30807K [0x00000000a0000000, 0x0000000100000000)
  region size 1024K, 4 young (4096K), 4 survivors (4096K)
 Metaspace       used 44282K, capacity 45331K, committed 45596K, reserved 1089536K
  class space    used 5578K, capacity 5938K, committed 5964K, reserved 1048576K
}
Event: 4.905 GC heap before
{Heap before GC invocations=16 (full 0):
 garbage-first heap   total 78848K, used 58455K [0x00000000a0000000, 0x0000000100000000)
  region size 1024K, 31 young (31744K), 4 survivors (4096K)
 Metaspace       used 46201K, capacity 47368K, committed 47516K, reserved 1091584K
  class space    used 5860K, capacity 6279K, committed 6348K, reserved 1048576K
}
Event: 4.909 GC heap after
{Heap after GC invocations=17 (full 0):
 garbage-first heap   total 95232K, used 31622K [0x00000000a0000000, 0x0000000100000000)
  region size 1024K, 1 young (1024K), 1 survivors (1024K)
 Metaspace       used 46201K, capacity 47368K, committed 47516K, reserved 1091584K
  class space    used 5860K, capacity 6279K, committed 6348K, reserved 1048576K
}
Event: 5.230 GC heap before
{Heap before GC invocations=17 (full 0):
 garbage-first heap   total 95232K, used 65414K [0x00000000a0000000, 0x0000000100000000)
  region size 1024K, 34 young (34816K), 1 survivors (1024K)
 Metaspace       used 48108K, capacity 49380K, committed 49564K, reserved 1091584K
  class space    used 6087K, capacity 6562K, committed 6604K, reserved 1048576K
}
Event: 5.233 GC heap after
{Heap after GC invocations=18 (full 0):
 garbage-first heap   total 95232K, used 32978K [0x00000000a0000000, 0x0000000100000000)
  region size 1024K, 3 young (3072K), 3 survivors (3072K)
 Metaspace       used 48108K, capacity 49380K, committed 49564K, reserved 1091584K
  class space    used 6087K, capacity 6562K, committed 6604K, reserved 1048576K
}
Event: 5.812 GC heap before
{Heap before GC invocations=18 (full 0):
 garbage-first heap   total 95232K, used 74962K [0x00000000a0000000, 0x0000000100000000)
  region size 1024K, 37 young (37888K), 3 survivors (3072K)
 Metaspace       used 48572K, capacity 49921K, committed 50204K, reserved 1093632K
  class space    used 6120K, capacity 6611K, committed 6732K, reserved 1048576K
}
Event: 5.816 GC heap after
{Heap after GC invocations=19 (full 0):
 garbage-first heap   total 95232K, used 50237K [0x00000000a0000000, 0x0000000100000000)
  region size 1024K, 5 young (5120K), 5 survivors (5120K)
 Metaspace       used 48572K, capacity 49921K, committed 50204K, reserved 1093632K
  class space    used 6120K, capacity 6611K, committed 6732K, reserved 1048576K
}

