# JRE version: OpenJDK Runtime Environment (11.0.13) (build 11.0.13+0-b1751.21-8125866)
# Java VM: OpenJDK 64-Bit Server VM (11.0.13+0-b1751.21-8125866, mixed mode, tiered, compressed oops, g1 gc, windows-amd64)
Heap:
 garbage-first heap   total 132096K, used 54776K [0x00000000c1600000, 0x0000000100000000)
  region size 1024K, 4 young (4096K), 4 survivors (4096K)
 Metaspace       used 52296K, capacity 52930K, committed 53200K, reserved 1095680K
  class space    used 5858K, capacity 6099K, committed 6144K, reserved 1048576K
GC Heap History (20 events):
Event: 1.088 GC heap after
{Heap after GC invocations=3 (full 0):
 garbage-first heap   total 65536K, used 9701K [0x00000000c1600000, 0x0000000100000000)
  region size 1024K, 1 young (1024K), 1 survivors (1024K)
 Metaspace       used 20989K, capacity 21222K, committed 21248K, reserved 1069056K
  class space    used 2210K, capacity 2293K, committed 2304K, reserved 1048576K
}
Event: 1.571 GC heap before
{Heap before GC invocations=4 (full 0):
 garbage-first heap   total 65536K, used 41445K [0x00000000c1600000, 0x0000000100000000)
  region size 1024K, 29 young (29696K), 1 survivors (1024K)
 Metaspace       used 30094K, capacity 30646K, committed 30972K, reserved 1077248K
  class space    used 3548K, capacity 3747K, committed 3840K, reserved 1048576K
}
Event: 1.576 GC heap after
{Heap after GC invocations=5 (full 0):
 garbage-first heap   total 65536K, used 14373K [0x00000000c1600000, 0x0000000100000000)
  region size 1024K, 3 young (3072K), 3 survivors (3072K)
 Metaspace       used 30094K, capacity 30646K, committed 30972K, reserved 1077248K
  class space    used 3548K, capacity 3747K, committed 3840K, reserved 1048576K
}
Event: 1.966 GC heap before
{Heap before GC invocations=5 (full 0):
 garbage-first heap   total 65536K, used 44069K [0x00000000c1600000, 0x0000000100000000)
  region size 1024K, 31 young (31744K), 3 survivors (3072K)
 Metaspace       used 33755K, capacity 34316K, committed 34684K, reserved 1079296K
  class space    used 4169K, capacity 4392K, committed 4480K, reserved 1048576K
}
Event: 1.977 GC heap after
{Heap after GC invocations=6 (full 0):
 garbage-first heap   total 78848K, used 21575K [0x00000000c1600000, 0x0000000100000000)
  region size 1024K, 4 young (4096K), 4 survivors (4096K)
 Metaspace       used 33755K, capacity 34316K, committed 34684K, reserved 1079296K
  class space    used 4169K, capacity 4392K, committed 4480K, reserved 1048576K
}
Event: 2.092 GC heap before
{Heap before GC invocations=6 (full 0):
 garbage-first heap   total 78848K, used 29767K [0x00000000c1600000, 0x0000000100000000)
  region size 1024K, 13 young (13312K), 4 survivors (4096K)
 Metaspace       used 35402K, capacity 35895K, committed 36048K, reserved 1081344K
  class space    used 4335K, capacity 4556K, committed 4608K, reserved 1048576K
}
Event: 2.100 GC heap after
{Heap after GC invocations=7 (full 0):
 garbage-first heap   total 78848K, used 21126K [0x00000000c1600000, 0x0000000100000000)
  region size 1024K, 2 young (2048K), 2 survivors (2048K)
 Metaspace       used 35402K, capacity 35895K, committed 36048K, reserved 1081344K
  class space    used 4335K, capacity 4556K, committed 4608K, reserved 1048576K
}
Event: 2.361 GC heap before
{Heap before GC invocations=8 (full 0):
 garbage-first heap   total 78848K, used 44678K [0x00000000c1600000, 0x0000000100000000)
  region size 1024K, 26 young (26624K), 2 survivors (2048K)
 Metaspace       used 40040K, capacity 40563K, committed 40784K, reserved 1085440K
  class space    used 4765K, capacity 4978K, committed 4992K, reserved 1048576K
}
Event: 2.366 GC heap after
{Heap after GC invocations=9 (full 0):
 garbage-first heap   total 78848K, used 23420K [0x00000000c1600000, 0x0000000100000000)
  region size 1024K, 4 young (4096K), 4 survivors (4096K)
 Metaspace       used 40040K, capacity 40563K, committed 40784K, reserved 1085440K
  class space    used 4765K, capacity 4978K, committed 4992K, reserved 1048576K
}
Event: 2.760 GC heap before
{Heap before GC invocations=9 (full 0):
 garbage-first heap   total 78848K, used 49020K [0x00000000c1600000, 0x0000000100000000)
  region size 1024K, 29 young (29696K), 4 survivors (4096K)
 Metaspace       used 44346K, capacity 44898K, committed 45008K, reserved 1089536K
  class space    used 5173K, capacity 5375K, committed 5376K, reserved 1048576K
}
Event: 2.771 GC heap after
{Heap after GC invocations=10 (full 0):
 garbage-first heap   total 78848K, used 27913K [0x00000000c1600000, 0x0000000100000000)
  region size 1024K, 4 young (4096K), 4 survivors (4096K)
 Metaspace       used 44346K, capacity 44898K, committed 45008K, reserved 1089536K
  class space    used 5173K, capacity 5375K, committed 5376K, reserved 1048576K
}
Event: 3.013 GC heap before
{Heap before GC invocations=10 (full 0):
 garbage-first heap   total 78848K, used 53513K [0x00000000c1600000, 0x0000000100000000)
  region size 1024K, 27 young (27648K), 4 survivors (4096K)
 Metaspace       used 47430K, capacity 48015K, committed 48208K, reserved 1091584K
  class space    used 5536K, capacity 5752K, committed 5760K, reserved 1048576K
}
Event: 3.025 GC heap after
{Heap after GC invocations=11 (full 0):
 garbage-first heap   total 97280K, used 34716K [0x00000000c1600000, 0x0000000100000000)
  region size 1024K, 4 young (4096K), 4 survivors (4096K)
 Metaspace       used 47430K, capacity 48015K, committed 48208K, reserved 1091584K
  class space    used 5536K, capacity 5752K, committed 5760K, reserved 1048576K
}
Event: 3.213 GC heap before
{Heap before GC invocations=11 (full 0):
 garbage-first heap   total 97280K, used 62364K [0x00000000c1600000, 0x0000000100000000)
  region size 1024K, 31 young (31744K), 4 survivors (4096K)
 Metaspace       used 48995K, capacity 49546K, committed 49744K, reserved 1093632K
  class space    used 5679K, capacity 5896K, committed 6016K, reserved 1048576K
}
Event: 3.220 GC heap after
{Heap after GC invocations=12 (full 0):
 garbage-first heap   total 97280K, used 34930K [0x00000000c1600000, 0x0000000100000000)
  region size 1024K, 2 young (2048K), 2 survivors (2048K)
 Metaspace       used 48995K, capacity 49546K, committed 49744K, reserved 1093632K
  class space    used 5679K, capacity 5896K, committed 6016K, reserved 1048576K
}
Event: 3.809 GC heap before
{Heap before GC invocations=12 (full 0):
 garbage-first heap   total 97280K, used 66674K [0x00000000c1600000, 0x0000000100000000)
  region size 1024K, 31 young (31744K), 2 survivors (2048K)
 Metaspace       used 50042K, capacity 50658K, committed 51024K, reserved 1093632K
  class space    used 5688K, capacity 5898K, committed 6016K, reserved 1048576K
}
Event: 3.825 GC heap after
{Heap after GC invocations=13 (full 0):
 garbage-first heap   total 97280K, used 44289K [0x00000000c1600000, 0x0000000100000000)
  region size 1024K, 4 young (4096K), 4 survivors (4096K)
 Metaspace       used 50042K, capacity 50658K, committed 51024K, reserved 1093632K
  class space    used 5688K, capacity 5898K, committed 6016K, reserved 1048576K
}
Event: 4.092 GC heap before
{Heap before GC invocations=13 (full 0):
 garbage-first heap   total 97280K, used 67841K [0x00000000c1600000, 0x0000000100000000)
  region size 1024K, 28 young (28672K), 4 survivors (4096K)
 Metaspace       used 51149K, capacity 51773K, committed 51920K, reserved 1095680K
  class space    used 5808K, capacity 6033K, committed 6144K, reserved 1048576K
}
Event: 4.109 GC heap after
{Heap after GC invocations=14 (full 0):
 garbage-first heap   total 97280K, used 50068K [0x00000000c1600000, 0x0000000100000000)
  region size 1024K, 4 young (4096K), 4 survivors (4096K)
 Metaspace       used 51149K, capacity 51773K, committed 51920K, reserved 1095680K
  class space    used 5808K, capacity 6033K, committed 6144K, reserved 1048576K
}
Event: 4.424 GC heap before
{Heap before GC invocations=14 (full 0):
 garbage-first heap   total 97280K, used 72596K [0x00000000c1600000, 0x0000000100000000)
  region size 1024K, 26 young (26624K), 4 survivors (4096K)
 Metaspace       used 52296K, capacity 52930K, committed 53200K, reserved 1095680K
  class space    used 5858K, capacity 6099K, committed 6144K, reserved 1048576K
}

