# JRE version: OpenJDK Runtime Environment (8.0_242-b01) (build 1.8.0_242-release-1644-b01)
# Java VM: OpenJDK 64-Bit Server VM (25.242-b01 mixed mode windows-amd64 compressed oops)
Heap:
 PSYoungGen      total 437760K, used 302338K [0x00000000e0000000, 0x00000000ffc80000, 0x0000000100000000)
  eden space 364544K, 74% used [0x00000000e0000000,0x00000000f0910c80,0x00000000f6400000)
  from space 73216K, 42% used [0x00000000f6400000,0x00000000f822fef0,0x00000000fab80000)
  to   space 69632K, 0% used [0x00000000fb880000,0x00000000fb880000,0x00000000ffc80000)
 ParOldGen       total 379392K, used 325260K [0x00000000a0000000, 0x00000000b7280000, 0x00000000e0000000)
  object space 379392K, 85% used [0x00000000a0000000,0x00000000b3da33a0,0x00000000b7280000)
 Metaspace       used 174269K, capacity 186538K, committed 186648K, reserved 1210368K
  class space    used 22626K, capacity 24801K, committed 24872K, reserved 1048576K
GC Heap History (10 events):
Event: 3309.003 GC heap before
{Heap before GC invocations=57 (full 6):
 PSYoungGen      total 433664K, used 354193K [0x00000000e0000000, 0x00000000ffe00000, 0x0000000100000000)
  eden space 345088K, 100% used [0x00000000e0000000,0x00000000f5100000,0x00000000f5100000)
  from space 88576K, 10% used [0x00000000fa780000,0x00000000fb0646f8,0x00000000ffe00000)
  to   space 88576K, 0% used [0x00000000f5100000,0x00000000f5100000,0x00000000fa780000)
 ParOldGen       total 379392K, used 325028K [0x00000000a0000000, 0x00000000b7280000, 0x00000000e0000000)
  object space 379392K, 85% used [0x00000000a0000000,0x00000000b3d693a0,0x00000000b7280000)
 Metaspace       used 174046K, capacity 186236K, committed 186392K, reserved 1210368K
  class space    used 22601K, capacity 24760K, committed 24872K, reserved 1048576K
Event: 3309.030 GC heap after
Heap after GC invocations=57 (full 6):
 PSYoungGen      total 433664K, used 10792K [0x00000000e0000000, 0x00000000ffe00000, 0x0000000100000000)
  eden space 345088K, 0% used [0x00000000e0000000,0x00000000e0000000,0x00000000f5100000)
  from space 88576K, 12% used [0x00000000f5100000,0x00000000f5b8a080,0x00000000fa780000)
  to   space 87552K, 0% used [0x00000000fa880000,0x00000000fa880000,0x00000000ffe00000)
 ParOldGen       total 379392K, used 325092K [0x00000000a0000000, 0x00000000b7280000, 0x00000000e0000000)
  object space 379392K, 85% used [0x00000000a0000000,0x00000000b3d793a0,0x00000000b7280000)
 Metaspace       used 174046K, capacity 186236K, committed 186392K, reserved 1210368K
  class space    used 22601K, capacity 24760K, committed 24872K, reserved 1048576K
}
Event: 4114.914 GC heap before
{Heap before GC invocations=58 (full 6):
 PSYoungGen      total 433664K, used 355880K [0x00000000e0000000, 0x00000000ffe00000, 0x0000000100000000)
  eden space 345088K, 100% used [0x00000000e0000000,0x00000000f5100000,0x00000000f5100000)
  from space 88576K, 12% used [0x00000000f5100000,0x00000000f5b8a080,0x00000000fa780000)
  to   space 87552K, 0% used [0x00000000fa880000,0x00000000fa880000,0x00000000ffe00000)
 ParOldGen       total 379392K, used 325092K [0x00000000a0000000, 0x00000000b7280000, 0x00000000e0000000)
  object space 379392K, 85% used [0x00000000a0000000,0x00000000b3d793a0,0x00000000b7280000)
 Metaspace       used 174243K, capacity 186530K, committed 186648K, reserved 1210368K
  class space    used 22625K, capacity 24801K, committed 24872K, reserved 1048576K
Event: 4114.965 GC heap after
Heap after GC invocations=58 (full 6):
 PSYoungGen      total 425472K, used 32244K [0x00000000e0000000, 0x00000000ff400000, 0x0000000100000000)
  eden space 348160K, 0% used [0x00000000e0000000,0x00000000e0000000,0x00000000f5400000)
  from space 77312K, 41% used [0x00000000fa880000,0x00000000fc7fd188,0x00000000ff400000)
  to   space 81920K, 0% used [0x00000000f5400000,0x00000000f5400000,0x00000000fa400000)
 ParOldGen       total 379392K, used 325140K [0x00000000a0000000, 0x00000000b7280000, 0x00000000e0000000)
  object space 379392K, 85% used [0x00000000a0000000,0x00000000b3d853a0,0x00000000b7280000)
 Metaspace       used 174243K, capacity 186530K, committed 186648K, reserved 1210368K
  class space    used 22625K, capacity 24801K, committed 24872K, reserved 1048576K
}
Event: 4115.940 GC heap before
{Heap before GC invocations=59 (full 6):
 PSYoungGen      total 425472K, used 380404K [0x00000000e0000000, 0x00000000ff400000, 0x0000000100000000)
  eden space 348160K, 100% used [0x00000000e0000000,0x00000000f5400000,0x00000000f5400000)
  from space 77312K, 41% used [0x00000000fa880000,0x00000000fc7fd188,0x00000000ff400000)
  to   space 81920K, 0% used [0x00000000f5400000,0x00000000f5400000,0x00000000fa400000)
 ParOldGen       total 379392K, used 325140K [0x00000000a0000000, 0x00000000b7280000, 0x00000000e0000000)
  object space 379392K, 85% used [0x00000000a0000000,0x00000000b3d853a0,0x00000000b7280000)
 Metaspace       used 174248K, capacity 186530K, committed 186648K, reserved 1210368K
  class space    used 22626K, capacity 24801K, committed 24872K, reserved 1048576K
Event: 4115.995 GC heap after
Heap after GC invocations=59 (full 6):
 PSYoungGen      total 430080K, used 31232K [0x00000000e0000000, 0x00000000ffa80000, 0x0000000100000000)
  eden space 348160K, 0% used [0x00000000e0000000,0x00000000e0000000,0x00000000f5400000)
  from space 81920K, 38% used [0x00000000f5400000,0x00000000f72800d8,0x00000000fa400000)
  to   space 77312K, 0% used [0x00000000faf00000,0x00000000faf00000,0x00000000ffa80000)
 ParOldGen       total 379392K, used 325156K [0x00000000a0000000, 0x00000000b7280000, 0x00000000e0000000)
  object space 379392K, 85% used [0x00000000a0000000,0x00000000b3d893a0,0x00000000b7280000)
 Metaspace       used 174248K, capacity 186530K, committed 186648K, reserved 1210368K
  class space    used 22626K, capacity 24801K, committed 24872K, reserved 1048576K
}
Event: 4116.989 GC heap before
{Heap before GC invocations=60 (full 6):
 PSYoungGen      total 430080K, used 379392K [0x00000000e0000000, 0x00000000ffa80000, 0x0000000100000000)
  eden space 348160K, 100% used [0x00000000e0000000,0x00000000f5400000,0x00000000f5400000)
  from space 81920K, 38% used [0x00000000f5400000,0x00000000f72800d8,0x00000000fa400000)
  to   space 77312K, 0% used [0x00000000faf00000,0x00000000faf00000,0x00000000ffa80000)
 ParOldGen       total 379392K, used 325156K [0x00000000a0000000, 0x00000000b7280000, 0x00000000e0000000)
  object space 379392K, 85% used [0x00000000a0000000,0x00000000b3d893a0,0x00000000b7280000)
 Metaspace       used 174252K, capacity 186530K, committed 186648K, reserved 1210368K
  class space    used 22626K, capacity 24801K, committed 24872K, reserved 1048576K
Event: 4117.020 GC heap after
Heap after GC invocations=60 (full 6):
 PSYoungGen      total 434176K, used 27657K [0x00000000e0000000, 0x00000000ff300000, 0x0000000100000000)
  eden space 364544K, 0% used [0x00000000e0000000,0x00000000e0000000,0x00000000f6400000)
  from space 69632K, 39% used [0x00000000faf00000,0x00000000fca02530,0x00000000ff300000)
  to   space 73216K, 0% used [0x00000000f6400000,0x00000000f6400000,0x00000000fab80000)
 ParOldGen       total 379392K, used 325196K [0x00000000a0000000, 0x00000000b7280000, 0x00000000e0000000)
  object space 379392K, 85% used [0x00000000a0000000,0x00000000b3d933a0,0x00000000b7280000)
 Metaspace       used 174252K, capacity 186530K, committed 186648K, reserved 1210368K
  class space    used 22626K, capacity 24801K, committed 24872K, reserved 1048576K
}
Event: 4117.901 GC heap before
{Heap before GC invocations=61 (full 6):
 PSYoungGen      total 434176K, used 392201K [0x00000000e0000000, 0x00000000ff300000, 0x0000000100000000)
  eden space 364544K, 100% used [0x00000000e0000000,0x00000000f6400000,0x00000000f6400000)
  from space 69632K, 39% used [0x00000000faf00000,0x00000000fca02530,0x00000000ff300000)
  to   space 73216K, 0% used [0x00000000f6400000,0x00000000f6400000,0x00000000fab80000)
 ParOldGen       total 379392K, used 325196K [0x00000000a0000000, 0x00000000b7280000, 0x00000000e0000000)
  object space 379392K, 85% used [0x00000000a0000000,0x00000000b3d933a0,0x00000000b7280000)
 Metaspace       used 174255K, capacity 186530K, committed 186648K, reserved 1210368K
  class space    used 22626K, capacity 24801K, committed 24872K, reserved 1048576K
Event: 4117.939 GC heap after
Heap after GC invocations=61 (full 6):
 PSYoungGen      total 437760K, used 30911K [0x00000000e0000000, 0x00000000ffc80000, 0x0000000100000000)
  eden space 364544K, 0% used [0x00000000e0000000,0x00000000e0000000,0x00000000f6400000)
  from space 73216K, 42% used [0x00000000f6400000,0x00000000f822fef0,0x00000000fab80000)
  to   space 69632K, 0% used [0x00000000fb880000,0x00000000fb880000,0x00000000ffc80000)
 ParOldGen       total 379392K, used 325260K [0x00000000a0000000, 0x00000000b7280000, 0x00000000e0000000)
  object space 379392K, 85% used [0x00000000a0000000,0x00000000b3da33a0,0x00000000b7280000)
 Metaspace       used 174255K, capacity 186530K, committed 186648K, reserved 1210368K
  class space    used 22626K, capacity 24801K, committed 24872K, reserved 1048576K
}

