# JRE version: OpenJDK Runtime Environment (11.0.13) (build 11.0.13+0-b1751.21-8125866)
# Java VM: OpenJDK 64-Bit Server VM (11.0.13+0-b1751.21-8125866, mixed mode, tiered, compressed oops, g1 gc, windows-amd64)
Heap:
 garbage-first heap   total 473088K, used 272384K [0x00000000a0000000, 0x0000000100000000)
  region size 1024K, 3 young (3072K), 3 survivors (3072K)
 Metaspace       used 103360K, capacity 105939K, committed 106236K, reserved 1140736K
  class space    used 13322K, capacity 14299K, committed 14412K, reserved 1048576K
GC Heap History (20 events):
Event: 16.662 GC heap after
{Heap after GC invocations=70 (full 0):
 garbage-first heap   total 215040K, used 158086K [0x00000000a0000000, 0x0000000100000000)
  region size 1024K, 4 young (4096K), 4 survivors (4096K)
 Metaspace       used 99111K, capacity 101512K, committed 102268K, reserved 1138688K
  class space    used 12601K, capacity 13507K, committed 13772K, reserved 1048576K
}
Event: 16.785 GC heap before
{Heap before GC invocations=70 (full 0):
 garbage-first heap   total 215040K, used 180614K [0x00000000a0000000, 0x0000000100000000)
  region size 1024K, 25 young (25600K), 4 survivors (4096K)
 Metaspace       used 99153K, capacity 101591K, committed 102268K, reserved 1138688K
  class space    used 12603K, capacity 13510K, committed 13772K, reserved 1048576K
}
Event: 16.799 GC heap after
{Heap after GC invocations=71 (full 0):
 garbage-first heap   total 215040K, used 168254K [0x00000000a0000000, 0x0000000100000000)
  region size 1024K, 4 young (4096K), 4 survivors (4096K)
 Metaspace       used 99153K, capacity 101591K, committed 102268K, reserved 1138688K
  class space    used 12603K, capacity 13510K, committed 13772K, reserved 1048576K
}
Event: 16.885 GC heap before
{Heap before GC invocations=71 (full 0):
 garbage-first heap   total 215040K, used 180542K [0x00000000a0000000, 0x0000000100000000)
  region size 1024K, 17 young (17408K), 4 survivors (4096K)
 Metaspace       used 99153K, capacity 101591K, committed 102268K, reserved 1138688K
  class space    used 12603K, capacity 13510K, committed 13772K, reserved 1048576K
}
Event: 16.904 GC heap after
{Heap after GC invocations=72 (full 0):
 garbage-first heap   total 258048K, used 173934K [0x00000000a0000000, 0x0000000100000000)
  region size 1024K, 3 young (3072K), 3 survivors (3072K)
 Metaspace       used 99153K, capacity 101591K, committed 102268K, reserved 1138688K
  class space    used 12603K, capacity 13510K, committed 13772K, reserved 1048576K
}
Event: 17.902 GC heap before
{Heap before GC invocations=73 (full 0):
 garbage-first heap   total 258048K, used 204654K [0x00000000a0000000, 0x0000000100000000)
  region size 1024K, 32 young (32768K), 3 survivors (3072K)
 Metaspace       used 101502K, capacity 104020K, committed 104572K, reserved 1140736K
  class space    used 13071K, capacity 14025K, committed 14284K, reserved 1048576K
}
Event: 17.921 GC heap after
{Heap after GC invocations=74 (full 0):
 garbage-first heap   total 258048K, used 188416K [0x00000000a0000000, 0x0000000100000000)
  region size 1024K, 4 young (4096K), 4 survivors (4096K)
 Metaspace       used 101502K, capacity 104020K, committed 104572K, reserved 1140736K
  class space    used 13071K, capacity 14025K, committed 14284K, reserved 1048576K
}
Event: 18.028 GC heap before
{Heap before GC invocations=74 (full 0):
 garbage-first heap   total 258048K, used 210944K [0x00000000a0000000, 0x0000000100000000)
  region size 1024K, 26 young (26624K), 4 survivors (4096K)
 Metaspace       used 101524K, capacity 104085K, committed 104572K, reserved 1140736K
  class space    used 13071K, capacity 14025K, committed 14284K, reserved 1048576K
}
Event: 18.047 GC heap after
{Heap after GC invocations=75 (full 0):
 garbage-first heap   total 258048K, used 200587K [0x00000000a0000000, 0x0000000100000000)
  region size 1024K, 4 young (4096K), 4 survivors (4096K)
 Metaspace       used 101524K, capacity 104085K, committed 104572K, reserved 1140736K
  class space    used 13071K, capacity 14025K, committed 14284K, reserved 1048576K
}
Event: 18.146 GC heap before
{Heap before GC invocations=75 (full 0):
 garbage-first heap   total 258048K, used 215947K [0x00000000a0000000, 0x0000000100000000)
  region size 1024K, 19 young (19456K), 4 survivors (4096K)
 Metaspace       used 101525K, capacity 104085K, committed 104572K, reserved 1140736K
  class space    used 13071K, capacity 14025K, committed 14284K, reserved 1048576K
}
Event: 18.155 GC heap after
{Heap after GC invocations=76 (full 0):
 garbage-first heap   total 258048K, used 208896K [0x00000000a0000000, 0x0000000100000000)
  region size 1024K, 3 young (3072K), 3 survivors (3072K)
 Metaspace       used 101525K, capacity 104085K, committed 104572K, reserved 1140736K
  class space    used 13071K, capacity 14025K, committed 14284K, reserved 1048576K
}
Event: 18.194 GC heap before
{Heap before GC invocations=76 (full 0):
 garbage-first heap   total 258048K, used 219136K [0x00000000a0000000, 0x0000000100000000)
  region size 1024K, 13 young (13312K), 3 survivors (3072K)
 Metaspace       used 101535K, capacity 104085K, committed 104572K, reserved 1140736K
  class space    used 13071K, capacity 14025K, committed 14284K, reserved 1048576K
}
Event: 18.206 GC heap after
{Heap after GC invocations=77 (full 0):
 garbage-first heap   total 343040K, used 214672K [0x00000000a0000000, 0x0000000100000000)
  region size 1024K, 2 young (2048K), 2 survivors (2048K)
 Metaspace       used 101535K, capacity 104085K, committed 104572K, reserved 1140736K
  class space    used 13071K, capacity 14025K, committed 14284K, reserved 1048576K
}
Event: 18.348 GC heap before
{Heap before GC invocations=77 (full 0):
 garbage-first heap   total 343040K, used 250512K [0x00000000a0000000, 0x0000000100000000)
  region size 1024K, 39 young (39936K), 2 survivors (2048K)
 Metaspace       used 101581K, capacity 104089K, committed 104572K, reserved 1140736K
  class space    used 13071K, capacity 14025K, committed 14284K, reserved 1048576K
}
Event: 18.365 GC heap after
{Heap after GC invocations=78 (full 0):
 garbage-first heap   total 343040K, used 233110K [0x00000000a0000000, 0x0000000100000000)
  region size 1024K, 5 young (5120K), 5 survivors (5120K)
 Metaspace       used 101581K, capacity 104089K, committed 104572K, reserved 1140736K
  class space    used 13071K, capacity 14025K, committed 14284K, reserved 1048576K
}
Event: 18.445 GC heap before
{Heap before GC invocations=78 (full 0):
 garbage-first heap   total 343040K, used 264854K [0x00000000a0000000, 0x0000000100000000)
  region size 1024K, 37 young (37888K), 5 survivors (5120K)
 Metaspace       used 101585K, capacity 104089K, committed 104572K, reserved 1140736K
  class space    used 13071K, capacity 14025K, committed 14284K, reserved 1048576K
}
Event: 18.466 GC heap after
{Heap after GC invocations=79 (full 0):
 garbage-first heap   total 343040K, used 250848K [0x00000000a0000000, 0x0000000100000000)
  region size 1024K, 5 young (5120K), 5 survivors (5120K)
 Metaspace       used 101585K, capacity 104089K, committed 104572K, reserved 1140736K
  class space    used 13071K, capacity 14025K, committed 14284K, reserved 1048576K
}
Event: 18.526 GC heap before
{Heap before GC invocations=80 (full 0):
 garbage-first heap   total 343040K, used 276448K [0x00000000a0000000, 0x0000000100000000)
  region size 1024K, 30 young (30720K), 5 survivors (5120K)
 Metaspace       used 101587K, capacity 104089K, committed 104572K, reserved 1140736K
  class space    used 13072K, capacity 14025K, committed 14284K, reserved 1048576K
}
Event: 18.543 GC heap after
{Heap after GC invocations=81 (full 0):
 garbage-first heap   total 343040K, used 264584K [0x00000000a0000000, 0x0000000100000000)
  region size 1024K, 4 young (4096K), 4 survivors (4096K)
 Metaspace       used 101587K, capacity 104089K, committed 104572K, reserved 1140736K
  class space    used 13072K, capacity 14025K, committed 14284K, reserved 1048576K
}
Event: 18.778 GC heap before
{Heap before GC invocations=81 (full 0):
 garbage-first heap   total 343040K, used 283016K [0x00000000a0000000, 0x0000000100000000)
  region size 1024K, 23 young (23552K), 4 survivors (4096K)
 Metaspace       used 103360K, capacity 105939K, committed 106236K, reserved 1140736K
  class space    used 13322K, capacity 14299K, committed 14412K, reserved 1048576K
}

