# JRE version: OpenJDK Runtime Environment (8.0_202-b03) (build 1.8.0_202-release-1483-b03)
# Java VM: OpenJDK 64-Bit Server VM (25.202-b03 mixed mode windows-amd64 compressed oops)
Heap:
 PSYoungGen      total 396288K, used 263900K [0x00000000e0000000, 0x00000000ffe00000, 0x0000000100000000)
  eden space 299520K, 84% used [0x00000000e0000000,0x00000000ef6e29f8,0x00000000f2480000)
  from space 96768K, 11% used [0x00000000f2480000,0x00000000f2f54920,0x00000000f8300000)
  to   space 96256K, 0% used [0x00000000fa000000,0x00000000fa000000,0x00000000ffe00000)
 ParOldGen       total 136704K, used 58702K [0x00000000a0000000, 0x00000000a8580000, 0x00000000e0000000)
  object space 136704K, 42% used [0x00000000a0000000,0x00000000a3953988,0x00000000a8580000)
 Metaspace       used 109136K, capacity 115808K, committed 118232K, reserved 1153024K
  class space    used 13611K, capacity 14711K, committed 15360K, reserved 1048576K
GC Heap History (10 events):
Event: 20078.199 GC heap before
{Heap before GC invocations=53 (full 7):
 PSYoungGen      total 354304K, used 324149K [0x00000000e0000000, 0x00000000fe980000, 0x0000000100000000)
  eden space 258048K, 100% used [0x00000000e0000000,0x00000000efc00000,0x00000000efc00000)
  from space 96256K, 68% used [0x00000000efc00000,0x00000000f3c8d4c8,0x00000000f5a00000)
  to   space 99840K, 0% used [0x00000000f8800000,0x00000000f8800000,0x00000000fe980000)
 ParOldGen       total 135680K, used 95807K [0x00000000a0000000, 0x00000000a8480000, 0x00000000e0000000)
  object space 135680K, 70% used [0x00000000a0000000,0x00000000a5d8fd20,0x00000000a8480000)
 Metaspace       used 108468K, capacity 114458K, committed 117976K, reserved 1153024K
  class space    used 13518K, capacity 14540K, committed 15360K, reserved 1048576K
Event: 20078.295 GC heap after
Heap after GC invocations=53 (full 7):
 PSYoungGen      total 393216K, used 56746K [0x00000000e0000000, 0x00000000fe480000, 0x0000000100000000)
  eden space 298496K, 0% used [0x00000000e0000000,0x00000000e0000000,0x00000000f2380000)
  from space 94720K, 59% used [0x00000000f8800000,0x00000000fbf6a918,0x00000000fe480000)
  to   space 98816K, 0% used [0x00000000f2380000,0x00000000f2380000,0x00000000f8400000)
 ParOldGen       total 135680K, used 104997K [0x00000000a0000000, 0x00000000a8480000, 0x00000000e0000000)
  object space 135680K, 77% used [0x00000000a0000000,0x00000000a6689658,0x00000000a8480000)
 Metaspace       used 108468K, capacity 114458K, committed 117976K, reserved 1153024K
  class space    used 13518K, capacity 14540K, committed 15360K, reserved 1048576K
}
Event: 20518.751 GC heap before
{Heap before GC invocations=54 (full 7):
 PSYoungGen      total 393216K, used 191767K [0x00000000e0000000, 0x00000000fe480000, 0x0000000100000000)
  eden space 298496K, 45% used [0x00000000e0000000,0x00000000e83db420,0x00000000f2380000)
  from space 94720K, 59% used [0x00000000f8800000,0x00000000fbf6a918,0x00000000fe480000)
  to   space 98816K, 0% used [0x00000000f2380000,0x00000000f2380000,0x00000000f8400000)
 ParOldGen       total 135680K, used 104997K [0x00000000a0000000, 0x00000000a8480000, 0x00000000e0000000)
  object space 135680K, 77% used [0x00000000a0000000,0x00000000a6689658,0x00000000a8480000)
 Metaspace       used 108795K, capacity 115062K, committed 117976K, reserved 1153024K
  class space    used 13573K, capacity 14640K, committed 15360K, reserved 1048576K
Event: 20518.891 GC heap after
Heap after GC invocations=54 (full 7):
 PSYoungGen      total 319488K, used 20692K [0x00000000e0000000, 0x00000000fe280000, 0x0000000100000000)
  eden space 298496K, 0% used [0x00000000e0000000,0x00000000e0000000,0x00000000f2380000)
  from space 20992K, 98% used [0x00000000f2380000,0x00000000f37b5020,0x00000000f3800000)
  to   space 97792K, 0% used [0x00000000f8300000,0x00000000f8300000,0x00000000fe280000)
 ParOldGen       total 136704K, used 136060K [0x00000000a0000000, 0x00000000a8580000, 0x00000000e0000000)
  object space 136704K, 99% used [0x00000000a0000000,0x00000000a84df010,0x00000000a8580000)
 Metaspace       used 108795K, capacity 115062K, committed 117976K, reserved 1153024K
  class space    used 13573K, capacity 14640K, committed 15360K, reserved 1048576K
}
Event: 20518.891 GC heap before
{Heap before GC invocations=55 (full 8):
 PSYoungGen      total 319488K, used 20692K [0x00000000e0000000, 0x00000000fe280000, 0x0000000100000000)
  eden space 298496K, 0% used [0x00000000e0000000,0x00000000e0000000,0x00000000f2380000)
  from space 20992K, 98% used [0x00000000f2380000,0x00000000f37b5020,0x00000000f3800000)
  to   space 97792K, 0% used [0x00000000f8300000,0x00000000f8300000,0x00000000fe280000)
 ParOldGen       total 136704K, used 136060K [0x00000000a0000000, 0x00000000a8580000, 0x00000000e0000000)
  object space 136704K, 99% used [0x00000000a0000000,0x00000000a84df010,0x00000000a8580000)
 Metaspace       used 108795K, capacity 115062K, committed 117976K, reserved 1153024K
  class space    used 13573K, capacity 14640K, committed 15360K, reserved 1048576K
Event: 20526.259 GC heap after
Heap after GC invocations=55 (full 8):
 PSYoungGen      total 319488K, used 0K [0x00000000e0000000, 0x00000000fe280000, 0x0000000100000000)
  eden space 298496K, 0% used [0x00000000e0000000,0x00000000e0000000,0x00000000f2380000)
  from space 20992K, 0% used [0x00000000f2380000,0x00000000f2380000,0x00000000f3800000)
  to   space 97792K, 0% used [0x00000000f8300000,0x00000000f8300000,0x00000000fe280000)
 ParOldGen       total 136704K, used 58686K [0x00000000a0000000, 0x00000000a8580000, 0x00000000e0000000)
  object space 136704K, 42% used [0x00000000a0000000,0x00000000a394f988,0x00000000a8580000)
 Metaspace       used 108618K, capacity 114750K, committed 117976K, reserved 1153024K
  class space    used 13539K, capacity 14578K, committed 15360K, reserved 1048576K
}
Event: 20635.168 GC heap before
{Heap before GC invocations=56 (full 8):
 PSYoungGen      total 319488K, used 298496K [0x00000000e0000000, 0x00000000fe280000, 0x0000000100000000)
  eden space 298496K, 100% used [0x00000000e0000000,0x00000000f2380000,0x00000000f2380000)
  from space 20992K, 0% used [0x00000000f2380000,0x00000000f2380000,0x00000000f3800000)
  to   space 97792K, 0% used [0x00000000f8300000,0x00000000f8300000,0x00000000fe280000)
 ParOldGen       total 136704K, used 58686K [0x00000000a0000000, 0x00000000a8580000, 0x00000000e0000000)
  object space 136704K, 42% used [0x00000000a0000000,0x00000000a394f988,0x00000000a8580000)
 Metaspace       used 108766K, capacity 114994K, committed 117976K, reserved 1153024K
  class space    used 13560K, capacity 14618K, committed 15360K, reserved 1048576K
Event: 20635.243 GC heap after
Heap after GC invocations=56 (full 8):
 PSYoungGen      total 397312K, used 17022K [0x00000000e0000000, 0x0000000100000000, 0x0000000100000000)
  eden space 299520K, 0% used [0x00000000e0000000,0x00000000e0000000,0x00000000f2480000)
  from space 97792K, 17% used [0x00000000f8300000,0x00000000f939fa78,0x00000000fe280000)
  to   space 96768K, 0% used [0x00000000f2480000,0x00000000f2480000,0x00000000f8300000)
 ParOldGen       total 136704K, used 58694K [0x00000000a0000000, 0x00000000a8580000, 0x00000000e0000000)
  object space 136704K, 42% used [0x00000000a0000000,0x00000000a3951988,0x00000000a8580000)
 Metaspace       used 108766K, capacity 114994K, committed 117976K, reserved 1153024K
  class space    used 13560K, capacity 14618K, committed 15360K, reserved 1048576K
}
Event: 20843.156 GC heap before
{Heap before GC invocations=57 (full 8):
 PSYoungGen      total 397312K, used 316542K [0x00000000e0000000, 0x0000000100000000, 0x0000000100000000)
  eden space 299520K, 100% used [0x00000000e0000000,0x00000000f2480000,0x00000000f2480000)
  from space 97792K, 17% used [0x00000000f8300000,0x00000000f939fa78,0x00000000fe280000)
  to   space 96768K, 0% used [0x00000000f2480000,0x00000000f2480000,0x00000000f8300000)
 ParOldGen       total 136704K, used 58694K [0x00000000a0000000, 0x00000000a8580000, 0x00000000e0000000)
  object space 136704K, 42% used [0x00000000a0000000,0x00000000a3951988,0x00000000a8580000)
 Metaspace       used 109069K, capacity 115616K, committed 117976K, reserved 1153024K
  class space    used 13610K, capacity 14711K, committed 15360K, reserved 1048576K
Event: 20843.173 GC heap after
Heap after GC invocations=57 (full 8):
 PSYoungGen      total 396288K, used 11090K [0x00000000e0000000, 0x00000000ffe00000, 0x0000000100000000)
  eden space 299520K, 0% used [0x00000000e0000000,0x00000000e0000000,0x00000000f2480000)
  from space 96768K, 11% used [0x00000000f2480000,0x00000000f2f54920,0x00000000f8300000)
  to   space 96256K, 0% used [0x00000000fa000000,0x00000000fa000000,0x00000000ffe00000)
 ParOldGen       total 136704K, used 58702K [0x00000000a0000000, 0x00000000a8580000, 0x00000000e0000000)
  object space 136704K, 42% used [0x00000000a0000000,0x00000000a3953988,0x00000000a8580000)
 Metaspace       used 109069K, capacity 115616K, committed 117976K, reserved 1153024K
  class space    used 13610K, capacity 14711K, committed 15360K, reserved 1048576K
}

