# JRE version: OpenJDK Runtime Environment (11.0.13) (build 11.0.13+0-b1751.21-8125866)
# Java VM: OpenJDK 64-Bit Server VM (11.0.13+0-b1751.21-8125866, mixed mode, tiered, compressed oops, g1 gc, windows-amd64)
Heap:
 garbage-first heap   total 95232K, used 72046K [0x00000000a0000000, 0x0000000100000000)
  region size 1024K, 16 young (16384K), 2 survivors (2048K)
 Metaspace       used 63232K, capacity 64811K, committed 65148K, reserved 1105920K
  class space    used 7939K, capacity 8549K, committed 8652K, reserved 1048576K
GC Heap History (20 events):
Event: 9.908 GC heap before
{Heap before GC invocations=18 (full 0):
 garbage-first heap   total 65536K, used 51368K [0x00000000a0000000, 0x0000000100000000)
  region size 1024K, 22 young (22528K), 2 survivors (2048K)
 Metaspace       used 47391K, capacity 48637K, committed 48892K, reserved 1091584K
  class space    used 5990K, capacity 6425K, committed 6476K, reserved 1048576K
}
Event: 9.913 GC heap after
{Heap after GC invocations=19 (full 0):
 garbage-first heap   total 78848K, used 32155K [0x00000000a0000000, 0x0000000100000000)
  region size 1024K, 2 young (2048K), 2 survivors (2048K)
 Metaspace       used 47391K, capacity 48637K, committed 48892K, reserved 1091584K
  class space    used 5990K, capacity 6425K, committed 6476K, reserved 1048576K
}
Event: 10.196 GC heap before
{Heap before GC invocations=20 (full 0):
 garbage-first heap   total 78848K, used 56731K [0x00000000a0000000, 0x0000000100000000)
  region size 1024K, 27 young (27648K), 2 survivors (2048K)
 Metaspace       used 48251K, capacity 49609K, committed 49788K, reserved 1093632K
  class space    used 6112K, capacity 6575K, committed 6604K, reserved 1048576K
}
Event: 10.199 GC heap after
{Heap after GC invocations=21 (full 0):
 garbage-first heap   total 78848K, used 33769K [0x00000000a0000000, 0x0000000100000000)
  region size 1024K, 4 young (4096K), 4 survivors (4096K)
 Metaspace       used 48251K, capacity 49609K, committed 49788K, reserved 1093632K
  class space    used 6112K, capacity 6575K, committed 6604K, reserved 1048576K
}
Event: 10.495 GC heap before
{Heap before GC invocations=21 (full 0):
 garbage-first heap   total 78848K, used 53225K [0x00000000a0000000, 0x0000000100000000)
  region size 1024K, 22 young (22528K), 4 survivors (4096K)
 Metaspace       used 48585K, capacity 49980K, committed 50044K, reserved 1093632K
  class space    used 6139K, capacity 6590K, committed 6604K, reserved 1048576K
}
Event: 10.503 GC heap after
{Heap after GC invocations=22 (full 0):
 garbage-first heap   total 78848K, used 41148K [0x00000000a0000000, 0x0000000100000000)
  region size 1024K, 4 young (4096K), 4 survivors (4096K)
 Metaspace       used 48585K, capacity 49980K, committed 50044K, reserved 1093632K
  class space    used 6139K, capacity 6590K, committed 6604K, reserved 1048576K
}
Event: 10.599 GC heap before
{Heap before GC invocations=23 (full 0):
 garbage-first heap   total 78848K, used 46268K [0x00000000a0000000, 0x0000000100000000)
  region size 1024K, 8 young (8192K), 4 survivors (4096K)
 Metaspace       used 48585K, capacity 49980K, committed 50044K, reserved 1093632K
  class space    used 6139K, capacity 6590K, committed 6604K, reserved 1048576K
}
Event: 10.604 GC heap after
{Heap after GC invocations=24 (full 0):
 garbage-first heap   total 78848K, used 46774K [0x00000000a0000000, 0x0000000100000000)
  region size 1024K, 3 young (3072K), 3 survivors (3072K)
 Metaspace       used 48585K, capacity 49980K, committed 50044K, reserved 1093632K
  class space    used 6139K, capacity 6590K, committed 6604K, reserved 1048576K
}
Event: 10.759 GC heap before
{Heap before GC invocations=25 (full 0):
 garbage-first heap   total 78848K, used 58038K [0x00000000a0000000, 0x0000000100000000)
  region size 1024K, 13 young (13312K), 3 survivors (3072K)
 Metaspace       used 48788K, capacity 50112K, committed 50428K, reserved 1093632K
  class space    used 6151K, capacity 6612K, committed 6732K, reserved 1048576K
}
Event: 10.762 GC heap after
{Heap after GC invocations=26 (full 0):
 garbage-first heap   total 95232K, used 50553K [0x00000000a0000000, 0x0000000100000000)
  region size 1024K, 2 young (2048K), 2 survivors (2048K)
 Metaspace       used 48788K, capacity 50112K, committed 50428K, reserved 1093632K
  class space    used 6151K, capacity 6612K, committed 6732K, reserved 1048576K
}
Event: 12.380 GC heap before
{Heap before GC invocations=26 (full 0):
 garbage-first heap   total 95232K, used 66937K [0x00000000a0000000, 0x0000000100000000)
  region size 1024K, 18 young (18432K), 2 survivors (2048K)
 Metaspace       used 50636K, capacity 52044K, committed 52220K, reserved 1095680K
  class space    used 6391K, capacity 6906K, committed 6988K, reserved 1048576K
}
Event: 12.385 GC heap after
{Heap after GC invocations=27 (full 0):
 garbage-first heap   total 95232K, used 51370K [0x00000000a0000000, 0x0000000100000000)
  region size 1024K, 1 young (1024K), 1 survivors (1024K)
 Metaspace       used 50636K, capacity 52044K, committed 52220K, reserved 1095680K
  class space    used 6391K, capacity 6906K, committed 6988K, reserved 1048576K
}
Event: 12.861 GC heap before
{Heap before GC invocations=28 (full 0):
 garbage-first heap   total 95232K, used 68778K [0x00000000a0000000, 0x0000000100000000)
  region size 1024K, 18 young (18432K), 1 survivors (1024K)
 Metaspace       used 52823K, capacity 54254K, committed 54524K, reserved 1097728K
  class space    used 6671K, capacity 7175K, committed 7244K, reserved 1048576K
}
Event: 12.863 GC heap after
{Heap after GC invocations=29 (full 0):
 garbage-first heap   total 95232K, used 51961K [0x00000000a0000000, 0x0000000100000000)
  region size 1024K, 2 young (2048K), 2 survivors (2048K)
 Metaspace       used 52823K, capacity 54254K, committed 54524K, reserved 1097728K
  class space    used 6671K, capacity 7175K, committed 7244K, reserved 1048576K
}
Event: 13.602 GC heap before
{Heap before GC invocations=29 (full 0):
 garbage-first heap   total 95232K, used 69369K [0x00000000a0000000, 0x0000000100000000)
  region size 1024K, 20 young (20480K), 2 survivors (2048K)
 Metaspace       used 55505K, capacity 57019K, committed 57212K, reserved 1099776K
  class space    used 6988K, capacity 7518K, committed 7628K, reserved 1048576K
}
Event: 13.605 GC heap after
{Heap after GC invocations=30 (full 0):
 garbage-first heap   total 95232K, used 52452K [0x00000000a0000000, 0x0000000100000000)
  region size 1024K, 2 young (2048K), 2 survivors (2048K)
 Metaspace       used 55505K, capacity 57019K, committed 57212K, reserved 1099776K
  class space    used 6988K, capacity 7518K, committed 7628K, reserved 1048576K
}
Event: 15.118 GC heap before
{Heap before GC invocations=31 (full 0):
 garbage-first heap   total 95232K, used 71908K [0x00000000a0000000, 0x0000000100000000)
  region size 1024K, 21 young (21504K), 2 survivors (2048K)
 Metaspace       used 58536K, capacity 60116K, committed 60156K, reserved 1101824K
  class space    used 7379K, capacity 7973K, committed 8012K, reserved 1048576K
}
Event: 15.121 GC heap after
{Heap after GC invocations=32 (full 0):
 garbage-first heap   total 95232K, used 53273K [0x00000000a0000000, 0x0000000100000000)
  region size 1024K, 2 young (2048K), 2 survivors (2048K)
 Metaspace       used 58536K, capacity 60116K, committed 60156K, reserved 1101824K
  class space    used 7379K, capacity 7973K, committed 8012K, reserved 1048576K
}
Event: 15.569 GC heap before
{Heap before GC invocations=32 (full 0):
 garbage-first heap   total 95232K, used 71705K [0x00000000a0000000, 0x0000000100000000)
  region size 1024K, 21 young (21504K), 2 survivors (2048K)
 Metaspace       used 60571K, capacity 62178K, committed 62460K, reserved 1103872K
  class space    used 7618K, capacity 8189K, committed 8268K, reserved 1048576K
}
Event: 15.574 GC heap after
{Heap after GC invocations=33 (full 0):
 garbage-first heap   total 95232K, used 57836K [0x00000000a0000000, 0x0000000100000000)
  region size 1024K, 3 young (3072K), 3 survivors (3072K)
 Metaspace       used 60571K, capacity 62178K, committed 62460K, reserved 1103872K
  class space    used 7618K, capacity 8189K, committed 8268K, reserved 1048576K
}

