# JRE version: OpenJDK Runtime Environment (8.0_202-b03) (build 1.8.0_202-release-1483-b03)
# Java VM: OpenJDK 64-Bit Server VM (25.202-b03 mixed mode windows-amd64 compressed oops)
Heap:
 PSYoungGen      total 133120K, used 117760K [0x00000000e0000000, 0x00000000e9100000, 0x0000000100000000)
  eden space 117760K, 100% used [0x00000000e0000000,0x00000000e7300000,0x00000000e7300000)
  from space 15360K, 0% used [0x00000000e8200000,0x00000000e8200000,0x00000000e9100000)
  to   space 15360K, 58% used [0x00000000e7300000,0x00000000e7bc8020,0x00000000e8200000)
 ParOldGen       total 124928K, used 37253K [0x00000000a0000000, 0x00000000a7a00000, 0x00000000e0000000)
  object space 124928K, 29% used [0x00000000a0000000,0x00000000a2461660,0x00000000a7a00000)
 Metaspace       used 97129K, capacity 102852K, committed 105560K, reserved 1140736K
  class space    used 12292K, capacity 13269K, committed 13696K, reserved 1048576K
GC Heap History (10 events):
Event: 8767.747 GC heap after
Heap after GC invocations=57 (full 6):
 PSYoungGen      total 108032K, used 8978K [0x00000000e0000000, 0x00000000e7f80000, 0x0000000100000000)
  eden space 98816K, 0% used [0x00000000e0000000,0x00000000e0000000,0x00000000e6080000)
  from space 9216K, 97% used [0x00000000e6400000,0x00000000e6cc4bf8,0x00000000e6d00000)
  to   space 15872K, 0% used [0x00000000e7000000,0x00000000e7000000,0x00000000e7f80000)
 ParOldGen       total 124928K, used 48731K [0x00000000a0000000, 0x00000000a7a00000, 0x00000000e0000000)
  object space 124928K, 39% used [0x00000000a0000000,0x00000000a2f96cd8,0x00000000a7a00000)
 Metaspace       used 96858K, capacity 102528K, committed 105304K, reserved 1140736K
  class space    used 12289K, capacity 13269K, committed 13696K, reserved 1048576K
}
Event: 8768.542 GC heap before
{Heap before GC invocations=58 (full 6):
 PSYoungGen      total 108032K, used 107794K [0x00000000e0000000, 0x00000000e7f80000, 0x0000000100000000)
  eden space 98816K, 100% used [0x00000000e0000000,0x00000000e6080000,0x00000000e6080000)
  from space 9216K, 97% used [0x00000000e6400000,0x00000000e6cc4bf8,0x00000000e6d00000)
  to   space 15872K, 0% used [0x00000000e7000000,0x00000000e7000000,0x00000000e7f80000)
 ParOldGen       total 124928K, used 48731K [0x00000000a0000000, 0x00000000a7a00000, 0x00000000e0000000)
  object space 124928K, 39% used [0x00000000a0000000,0x00000000a2f96cd8,0x00000000a7a00000)
 Metaspace       used 96961K, capacity 102730K, committed 105304K, reserved 1140736K
  class space    used 12302K, capacity 13292K, committed 13696K, reserved 1048576K
Event: 8768.563 GC heap after
Heap after GC invocations=58 (full 6):
 PSYoungGen      total 114688K, used 1936K [0x00000000e0000000, 0x00000000e9200000, 0x0000000100000000)
  eden space 98816K, 0% used [0x00000000e0000000,0x00000000e0000000,0x00000000e6080000)
  from space 15872K, 12% used [0x00000000e7000000,0x00000000e71e4010,0x00000000e7f80000)
  to   space 15872K, 0% used [0x00000000e6080000,0x00000000e6080000,0x00000000e7000000)
 ParOldGen       total 124928K, used 57153K [0x00000000a0000000, 0x00000000a7a00000, 0x00000000e0000000)
  object space 124928K, 45% used [0x00000000a0000000,0x00000000a37d06b8,0x00000000a7a00000)
 Metaspace       used 96961K, capacity 102730K, committed 105304K, reserved 1140736K
  class space    used 12302K, capacity 13292K, committed 13696K, reserved 1048576K
}
Event: 8770.621 GC heap before
{Heap before GC invocations=59 (full 6):
 PSYoungGen      total 114688K, used 100752K [0x00000000e0000000, 0x00000000e9200000, 0x0000000100000000)
  eden space 98816K, 100% used [0x00000000e0000000,0x00000000e6080000,0x00000000e6080000)
  from space 15872K, 12% used [0x00000000e7000000,0x00000000e71e4010,0x00000000e7f80000)
  to   space 15872K, 0% used [0x00000000e6080000,0x00000000e6080000,0x00000000e7000000)
 ParOldGen       total 124928K, used 57153K [0x00000000a0000000, 0x00000000a7a00000, 0x00000000e0000000)
  object space 124928K, 45% used [0x00000000a0000000,0x00000000a37d06b8,0x00000000a7a00000)
 Metaspace       used 97331K, capacity 103254K, committed 105304K, reserved 1140736K
  class space    used 12337K, capacity 13358K, committed 13696K, reserved 1048576K
Event: 8770.633 GC heap after
Heap after GC invocations=59 (full 6):
 PSYoungGen      total 114688K, used 7521K [0x00000000e0000000, 0x00000000e9100000, 0x0000000100000000)
  eden space 98816K, 0% used [0x00000000e0000000,0x00000000e0000000,0x00000000e6080000)
  from space 15872K, 47% used [0x00000000e6080000,0x00000000e67d84c8,0x00000000e7000000)
  to   space 15360K, 0% used [0x00000000e8200000,0x00000000e8200000,0x00000000e9100000)
 ParOldGen       total 124928K, used 58954K [0x00000000a0000000, 0x00000000a7a00000, 0x00000000e0000000)
  object space 124928K, 47% used [0x00000000a0000000,0x00000000a3992a40,0x00000000a7a00000)
 Metaspace       used 97331K, capacity 103254K, committed 105304K, reserved 1140736K
  class space    used 12337K, capacity 13358K, committed 13696K, reserved 1048576K
}
Event: 12018.047 GC heap before
{Heap before GC invocations=60 (full 6):
 PSYoungGen      total 114688K, used 105783K [0x00000000e0000000, 0x00000000e9100000, 0x0000000100000000)
  eden space 98816K, 99% used [0x00000000e0000000,0x00000000e5ff5960,0x00000000e6080000)
  from space 15872K, 47% used [0x00000000e6080000,0x00000000e67d84c8,0x00000000e7000000)
  to   space 15360K, 0% used [0x00000000e8200000,0x00000000e8200000,0x00000000e9100000)
 ParOldGen       total 124928K, used 58954K [0x00000000a0000000, 0x00000000a7a00000, 0x00000000e0000000)
  object space 124928K, 47% used [0x00000000a0000000,0x00000000a3992a40,0x00000000a7a00000)
 Metaspace       used 97928K, capacity 103988K, committed 105560K, reserved 1140736K
  class space    used 12439K, capacity 13469K, committed 13696K, reserved 1048576K
Event: 12018.142 GC heap after
Heap after GC invocations=60 (full 6):
 PSYoungGen      total 133120K, used 1536K [0x00000000e0000000, 0x00000000e9100000, 0x0000000100000000)
  eden space 117760K, 0% used [0x00000000e0000000,0x00000000e0000000,0x00000000e7300000)
  from space 15360K, 10% used [0x00000000e8200000,0x00000000e8380070,0x00000000e9100000)
  to   space 15360K, 0% used [0x00000000e7300000,0x00000000e7300000,0x00000000e8200000)
 ParOldGen       total 124928K, used 61582K [0x00000000a0000000, 0x00000000a7a00000, 0x00000000e0000000)
  object space 124928K, 49% used [0x00000000a0000000,0x00000000a3c23920,0x00000000a7a00000)
 Metaspace       used 97928K, capacity 103988K, committed 105560K, reserved 1140736K
  class space    used 12439K, capacity 13469K, committed 13696K, reserved 1048576K
}
Event: 12018.142 GC heap before
{Heap before GC invocations=61 (full 7):
 PSYoungGen      total 133120K, used 1536K [0x00000000e0000000, 0x00000000e9100000, 0x0000000100000000)
  eden space 117760K, 0% used [0x00000000e0000000,0x00000000e0000000,0x00000000e7300000)
  from space 15360K, 10% used [0x00000000e8200000,0x00000000e8380070,0x00000000e9100000)
  to   space 15360K, 0% used [0x00000000e7300000,0x00000000e7300000,0x00000000e8200000)
 ParOldGen       total 124928K, used 61582K [0x00000000a0000000, 0x00000000a7a00000, 0x00000000e0000000)
  object space 124928K, 49% used [0x00000000a0000000,0x00000000a3c23920,0x00000000a7a00000)
 Metaspace       used 97928K, capacity 103988K, committed 105560K, reserved 1140736K
  class space    used 12439K, capacity 13469K, committed 13696K, reserved 1048576K
Event: 12018.524 GC heap after
Heap after GC invocations=61 (full 7):
 PSYoungGen      total 133120K, used 0K [0x00000000e0000000, 0x00000000e9100000, 0x0000000100000000)
  eden space 117760K, 0% used [0x00000000e0000000,0x00000000e0000000,0x00000000e7300000)
  from space 15360K, 0% used [0x00000000e8200000,0x00000000e8200000,0x00000000e9100000)
  to   space 15360K, 0% used [0x00000000e7300000,0x00000000e7300000,0x00000000e8200000)
 ParOldGen       total 124928K, used 37245K [0x00000000a0000000, 0x00000000a7a00000, 0x00000000e0000000)
  object space 124928K, 29% used [0x00000000a0000000,0x00000000a245f660,0x00000000a7a00000)
 Metaspace       used 96738K, capacity 102240K, committed 105560K, reserved 1140736K
  class space    used 12233K, capacity 13161K, committed 13696K, reserved 1048576K
}
Event: 13144.306 GC heap before
{Heap before GC invocations=62 (full 7):
 PSYoungGen      total 133120K, used 117760K [0x00000000e0000000, 0x00000000e9100000, 0x0000000100000000)
  eden space 117760K, 100% used [0x00000000e0000000,0x00000000e7300000,0x00000000e7300000)
  from space 15360K, 0% used [0x00000000e8200000,0x00000000e8200000,0x00000000e9100000)
  to   space 15360K, 0% used [0x00000000e7300000,0x00000000e7300000,0x00000000e8200000)
 ParOldGen       total 124928K, used 37245K [0x00000000a0000000, 0x00000000a7a00000, 0x00000000e0000000)
  object space 124928K, 29% used [0x00000000a0000000,0x00000000a245f660,0x00000000a7a00000)
 Metaspace       used 97129K, capacity 102852K, committed 105560K, reserved 1140736K
  class space    used 12292K, capacity 13269K, committed 13696K, reserved 1048576K

