# JRE version: OpenJDK Runtime Environment (11.0.13) (build 11.0.13+0-b1751.21-8125866)
# Java VM: OpenJDK 64-Bit Server VM (11.0.13+0-b1751.21-8125866, mixed mode, tiered, compressed oops, g1 gc, windows-amd64)
Heap:
 garbage-first heap   total 656384K, used 313230K [0x00000000a0000000, 0x0000000100000000)
  region size 1024K, 3 young (3072K), 3 survivors (3072K)
 Metaspace       used 113400K, capacity 116177K, committed 116604K, reserved 1150976K
  class space    used 14082K, capacity 15129K, committed 15308K, reserved 1048576K
GC Heap History (20 events):
Event: 47.803 GC heap after
{Heap after GC invocations=145 (full 0):
 garbage-first heap   total 427008K, used 358400K [0x00000000a0000000, 0x0000000100000000)
  region size 1024K, 4 young (4096K), 4 survivors (4096K)
 Metaspace       used 112994K, capacity 115905K, committed 115964K, reserved 1150976K
  class space    used 14057K, capacity 15157K, committed 15180K, reserved 1048576K
}
Event: 47.832 GC heap before
{Heap before GC invocations=145 (full 0):
 garbage-first heap   total 427008K, used 375808K [0x00000000a0000000, 0x0000000100000000)
  region size 1024K, 21 young (21504K), 4 survivors (4096K)
 Metaspace       used 113266K, capacity 116183K, committed 116348K, reserved 1150976K
  class space    used 14113K, capacity 15207K, committed 15308K, reserved 1048576K
}
Event: 47.838 GC heap after
{Heap after GC invocations=146 (full 0):
 garbage-first heap   total 427008K, used 361698K [0x00000000a0000000, 0x0000000100000000)
  region size 1024K, 3 young (3072K), 3 survivors (3072K)
 Metaspace       used 113266K, capacity 116183K, committed 116348K, reserved 1150976K
  class space    used 14113K, capacity 15207K, committed 15308K, reserved 1048576K
}
Event: 47.858 GC heap before
{Heap before GC invocations=146 (full 0):
 garbage-first heap   total 427008K, used 379106K [0x00000000a0000000, 0x0000000100000000)
  region size 1024K, 20 young (20480K), 3 survivors (3072K)
 Metaspace       used 113272K, capacity 116183K, committed 116348K, reserved 1150976K
  class space    used 14113K, capacity 15207K, committed 15308K, reserved 1048576K
}
Event: 47.862 GC heap after
{Heap after GC invocations=147 (full 0):
 garbage-first heap   total 427008K, used 364737K [0x00000000a0000000, 0x0000000100000000)
  region size 1024K, 3 young (3072K), 3 survivors (3072K)
 Metaspace       used 113272K, capacity 116183K, committed 116348K, reserved 1150976K
  class space    used 14113K, capacity 15207K, committed 15308K, reserved 1048576K
}
Event: 47.877 GC heap before
{Heap before GC invocations=147 (full 0):
 garbage-first heap   total 427008K, used 382145K [0x00000000a0000000, 0x0000000100000000)
  region size 1024K, 20 young (20480K), 3 survivors (3072K)
 Metaspace       used 113279K, capacity 116183K, committed 116348K, reserved 1150976K
  class space    used 14113K, capacity 15207K, committed 15308K, reserved 1048576K
}
Event: 47.882 GC heap after
{Heap after GC invocations=148 (full 0):
 garbage-first heap   total 427008K, used 366661K [0x00000000a0000000, 0x0000000100000000)
  region size 1024K, 3 young (3072K), 3 survivors (3072K)
 Metaspace       used 113279K, capacity 116183K, committed 116348K, reserved 1150976K
  class space    used 14113K, capacity 15207K, committed 15308K, reserved 1048576K
}
Event: 47.901 GC heap before
{Heap before GC invocations=148 (full 0):
 garbage-first heap   total 427008K, used 384069K [0x00000000a0000000, 0x0000000100000000)
  region size 1024K, 20 young (20480K), 3 survivors (3072K)
 Metaspace       used 113291K, capacity 116248K, committed 116604K, reserved 1150976K
  class space    used 14113K, capacity 15207K, committed 15308K, reserved 1048576K
}
Event: 47.903 GC heap after
{Heap after GC invocations=149 (full 0):
 garbage-first heap   total 427008K, used 368125K [0x00000000a0000000, 0x0000000100000000)
  region size 1024K, 2 young (2048K), 2 survivors (2048K)
 Metaspace       used 113291K, capacity 116248K, committed 116604K, reserved 1150976K
  class space    used 14113K, capacity 15207K, committed 15308K, reserved 1048576K
}
Event: 47.922 GC heap before
{Heap before GC invocations=149 (full 0):
 garbage-first heap   total 427008K, used 386557K [0x00000000a0000000, 0x0000000100000000)
  region size 1024K, 20 young (20480K), 2 survivors (2048K)
 Metaspace       used 113291K, capacity 116248K, committed 116604K, reserved 1150976K
  class space    used 14113K, capacity 15207K, committed 15308K, reserved 1048576K
}
Event: 47.923 GC heap after
{Heap after GC invocations=150 (full 0):
 garbage-first heap   total 427008K, used 369466K [0x00000000a0000000, 0x0000000100000000)
  region size 1024K, 3 young (3072K), 3 survivors (3072K)
 Metaspace       used 113291K, capacity 116248K, committed 116604K, reserved 1150976K
  class space    used 14113K, capacity 15207K, committed 15308K, reserved 1048576K
}
Event: 47.961 GC heap before
{Heap before GC invocations=150 (full 0):
 garbage-first heap   total 427008K, used 386874K [0x00000000a0000000, 0x0000000100000000)
  region size 1024K, 20 young (20480K), 3 survivors (3072K)
 Metaspace       used 113535K, capacity 116461K, committed 116604K, reserved 1150976K
  class space    used 14151K, capacity 15257K, committed 15308K, reserved 1048576K
}
Event: 47.963 GC heap after
{Heap after GC invocations=151 (full 0):
 garbage-first heap   total 427008K, used 371314K [0x00000000a0000000, 0x0000000100000000)
  region size 1024K, 3 young (3072K), 3 survivors (3072K)
 Metaspace       used 113535K, capacity 116461K, committed 116604K, reserved 1150976K
  class space    used 14151K, capacity 15257K, committed 15308K, reserved 1048576K
}
Event: 48.006 GC heap before
{Heap before GC invocations=151 (full 0):
 garbage-first heap   total 427008K, used 388722K [0x00000000a0000000, 0x0000000100000000)
  region size 1024K, 20 young (20480K), 3 survivors (3072K)
 Metaspace       used 113552K, capacity 116475K, committed 116604K, reserved 1150976K
  class space    used 14155K, capacity 15263K, committed 15308K, reserved 1048576K
}
Event: 48.011 GC heap after
{Heap after GC invocations=152 (full 0):
 garbage-first heap   total 427008K, used 376141K [0x00000000a0000000, 0x0000000100000000)
  region size 1024K, 3 young (3072K), 3 survivors (3072K)
 Metaspace       used 113552K, capacity 116475K, committed 116604K, reserved 1150976K
  class space    used 14155K, capacity 15263K, committed 15308K, reserved 1048576K
}
Event: 48.058 GC heap before
{Heap before GC invocations=152 (full 0):
 garbage-first heap   total 427008K, used 393549K [0x00000000a0000000, 0x0000000100000000)
  region size 1024K, 20 young (20480K), 3 survivors (3072K)
 Metaspace       used 113587K, capacity 116550K, committed 116604K, reserved 1150976K
  class space    used 14157K, capacity 15265K, committed 15308K, reserved 1048576K
}
Event: 48.067 GC heap after
{Heap after GC invocations=153 (full 0):
 garbage-first heap   total 427008K, used 381498K [0x00000000a0000000, 0x0000000100000000)
  region size 1024K, 3 young (3072K), 3 survivors (3072K)
 Metaspace       used 113587K, capacity 116550K, committed 116604K, reserved 1150976K
  class space    used 14157K, capacity 15265K, committed 15308K, reserved 1048576K
}
Event: 48.107 GC heap before
{Heap before GC invocations=153 (full 0):
 garbage-first heap   total 427008K, used 398906K [0x00000000a0000000, 0x0000000100000000)
  region size 1024K, 20 young (20480K), 3 survivors (3072K)
 Metaspace       used 113596K, capacity 116550K, committed 116604K, reserved 1150976K
  class space    used 14158K, capacity 15265K, committed 15308K, reserved 1048576K
}
Event: 48.115 GC heap after
{Heap after GC invocations=154 (full 0):
 garbage-first heap   total 427008K, used 385818K [0x00000000a0000000, 0x0000000100000000)
  region size 1024K, 3 young (3072K), 3 survivors (3072K)
 Metaspace       used 113596K, capacity 116550K, committed 116604K, reserved 1150976K
  class space    used 14158K, capacity 15265K, committed 15308K, reserved 1048576K
}
Event: 48.206 GC heap before
{Heap before GC invocations=154 (full 0):
 garbage-first heap   total 427008K, used 326426K [0x00000000a0000000, 0x0000000100000000)
  region size 1024K, 20 young (20480K), 3 survivors (3072K)
 Metaspace       used 113400K, capacity 116177K, committed 116604K, reserved 1150976K
  class space    used 14082K, capacity 15129K, committed 15308K, reserved 1048576K
}

