# JRE version: OpenJDK Runtime Environment (11.0.13) (build 11.0.13+0-b1751.21-8125866)
# Java VM: OpenJDK 64-Bit Server VM (11.0.13+0-b1751.21-8125866, mixed mode, tiered, compressed oops, g1 gc, windows-amd64)
Heap:
 garbage-first heap   total 656384K, used 251904K [0x00000000a0000000, 0x0000000100000000)
  region size 1024K, 6 young (6144K), 6 survivors (6144K)
 Metaspace       used 114138K, capacity 117652K, committed 117884K, reserved 1150976K
  class space    used 14679K, capacity 16074K, committed 16076K, reserved 1048576K
GC Heap History (20 events):
Event: 52.434 GC heap after
{Heap after GC invocations=81 (full 0):
 garbage-first heap   total 239616K, used 157197K [0x00000000a0000000, 0x0000000100000000)
  region size 1024K, 5 young (5120K), 5 survivors (5120K)
 Metaspace       used 103959K, capacity 106776K, committed 106876K, reserved 1142784K
  class space    used 13234K, capacity 14278K, committed 14284K, reserved 1048576K
}
Event: 52.548 GC heap before
{Heap before GC invocations=81 (full 0):
 garbage-first heap   total 239616K, used 190989K [0x00000000a0000000, 0x0000000100000000)
  region size 1024K, 39 young (39936K), 5 survivors (5120K)
 Metaspace       used 105181K, capacity 107974K, committed 108156K, reserved 1142784K
  class space    used 13379K, capacity 14422K, committed 14540K, reserved 1048576K
}
Event: 52.555 GC heap after
{Heap after GC invocations=82 (full 0):
 garbage-first heap   total 239616K, used 160984K [0x00000000a0000000, 0x0000000100000000)
  region size 1024K, 4 young (4096K), 4 survivors (4096K)
 Metaspace       used 105181K, capacity 107974K, committed 108156K, reserved 1142784K
  class space    used 13379K, capacity 14422K, committed 14540K, reserved 1048576K
}
Event: 52.725 GC heap before
{Heap before GC invocations=82 (full 0):
 garbage-first heap   total 239616K, used 194776K [0x00000000a0000000, 0x0000000100000000)
  region size 1024K, 37 young (37888K), 4 survivors (4096K)
 Metaspace       used 106484K, capacity 109384K, committed 109692K, reserved 1144832K
  class space    used 13570K, capacity 14669K, committed 14796K, reserved 1048576K
}
Event: 52.737 GC heap after
{Heap after GC invocations=83 (full 0):
 garbage-first heap   total 287744K, used 164474K [0x00000000a0000000, 0x0000000100000000)
  region size 1024K, 4 young (4096K), 4 survivors (4096K)
 Metaspace       used 106484K, capacity 109384K, committed 109692K, reserved 1144832K
  class space    used 13570K, capacity 14669K, committed 14796K, reserved 1048576K
}
Event: 52.969 GC heap before
{Heap before GC invocations=83 (full 0):
 garbage-first heap   total 287744K, used 214650K [0x00000000a0000000, 0x0000000100000000)
  region size 1024K, 53 young (54272K), 4 survivors (4096K)
 Metaspace       used 106742K, capacity 109654K, committed 109948K, reserved 1144832K
  class space    used 13585K, capacity 14673K, committed 14796K, reserved 1048576K
}
Event: 52.999 GC heap after
{Heap after GC invocations=84 (full 0):
 garbage-first heap   total 287744K, used 175370K [0x00000000a0000000, 0x0000000100000000)
  region size 1024K, 7 young (7168K), 7 survivors (7168K)
 Metaspace       used 106742K, capacity 109654K, committed 109948K, reserved 1144832K
  class space    used 13585K, capacity 14673K, committed 14796K, reserved 1048576K
}
Event: 53.191 GC heap before
{Heap before GC invocations=84 (full 0):
 garbage-first heap   total 287744K, used 222474K [0x00000000a0000000, 0x0000000100000000)
  region size 1024K, 53 young (54272K), 7 survivors (7168K)
 Metaspace       used 107297K, capacity 110226K, committed 110460K, reserved 1144832K
  class space    used 13680K, capacity 14778K, committed 14796K, reserved 1048576K
}
Event: 53.207 GC heap after
{Heap after GC invocations=85 (full 0):
 garbage-first heap   total 287744K, used 182230K [0x00000000a0000000, 0x0000000100000000)
  region size 1024K, 7 young (7168K), 7 survivors (7168K)
 Metaspace       used 107297K, capacity 110226K, committed 110460K, reserved 1144832K
  class space    used 13680K, capacity 14778K, committed 14796K, reserved 1048576K
}
Event: 53.367 GC heap before
{Heap before GC invocations=85 (full 0):
 garbage-first heap   total 287744K, used 228310K [0x00000000a0000000, 0x0000000100000000)
  region size 1024K, 52 young (53248K), 7 survivors (7168K)
 Metaspace       used 107634K, capacity 110640K, committed 110844K, reserved 1144832K
  class space    used 13735K, capacity 14856K, committed 14924K, reserved 1048576K
}
Event: 53.384 GC heap after
{Heap after GC invocations=86 (full 0):
 garbage-first heap   total 287744K, used 191959K [0x00000000a0000000, 0x0000000100000000)
  region size 1024K, 7 young (7168K), 7 survivors (7168K)
 Metaspace       used 107634K, capacity 110640K, committed 110844K, reserved 1144832K
  class space    used 13735K, capacity 14856K, committed 14924K, reserved 1048576K
}
Event: 53.465 GC heap before
{Heap before GC invocations=86 (full 0):
 garbage-first heap   total 287744K, used 231895K [0x00000000a0000000, 0x0000000100000000)
  region size 1024K, 47 young (48128K), 7 survivors (7168K)
 Metaspace       used 107833K, capacity 110849K, committed 111100K, reserved 1144832K
  class space    used 13766K, capacity 14905K, committed 14924K, reserved 1048576K
}
Event: 53.483 GC heap after
{Heap after GC invocations=87 (full 0):
 garbage-first heap   total 425984K, used 201086K [0x00000000a0000000, 0x0000000100000000)
  region size 1024K, 6 young (6144K), 6 survivors (6144K)
 Metaspace       used 107833K, capacity 110849K, committed 111100K, reserved 1144832K
  class space    used 13766K, capacity 14905K, committed 14924K, reserved 1048576K
}
Event: 53.780 GC heap before
{Heap before GC invocations=87 (full 0):
 garbage-first heap   total 425984K, used 286078K [0x00000000a0000000, 0x0000000100000000)
  region size 1024K, 89 young (91136K), 6 survivors (6144K)
 Metaspace       used 109751K, capacity 112798K, committed 112892K, reserved 1146880K
  class space    used 13992K, capacity 15146K, committed 15180K, reserved 1048576K
}
Event: 53.882 GC heap after
{Heap after GC invocations=88 (full 0):
 garbage-first heap   total 425984K, used 217754K [0x00000000a0000000, 0x0000000100000000)
  region size 1024K, 12 young (12288K), 12 survivors (12288K)
 Metaspace       used 109751K, capacity 112798K, committed 112892K, reserved 1146880K
  class space    used 13992K, capacity 15146K, committed 15180K, reserved 1048576K
}
Event: 54.275 GC heap before
{Heap before GC invocations=88 (full 0):
 garbage-first heap   total 425984K, used 305818K [0x00000000a0000000, 0x0000000100000000)
  region size 1024K, 98 young (100352K), 12 survivors (12288K)
 Metaspace       used 110692K, capacity 114020K, committed 114300K, reserved 1148928K
  class space    used 14192K, capacity 15475K, committed 15564K, reserved 1048576K
}
Event: 54.310 GC heap after
{Heap after GC invocations=89 (full 0):
 garbage-first heap   total 425984K, used 232687K [0x00000000a0000000, 0x0000000100000000)
  region size 1024K, 13 young (13312K), 13 survivors (13312K)
 Metaspace       used 110692K, capacity 114020K, committed 114300K, reserved 1148928K
  class space    used 14192K, capacity 15475K, committed 15564K, reserved 1048576K
}
Event: 54.554 GC heap before
{Heap before GC invocations=89 (full 0):
 garbage-first heap   total 425984K, used 319727K [0x00000000a0000000, 0x0000000100000000)
  region size 1024K, 98 young (100352K), 13 survivors (13312K)
 Metaspace       used 113149K, capacity 116558K, committed 116860K, reserved 1150976K
  class space    used 14591K, capacity 15944K, committed 16076K, reserved 1048576K
}
Event: 54.581 GC heap after
{Heap after GC invocations=90 (full 0):
 garbage-first heap   total 425984K, used 245760K [0x00000000a0000000, 0x0000000100000000)
  region size 1024K, 12 young (12288K), 12 survivors (12288K)
 Metaspace       used 113149K, capacity 116558K, committed 116860K, reserved 1150976K
  class space    used 14591K, capacity 15944K, committed 16076K, reserved 1048576K
}
Event: 54.860 GC heap before
{Heap before GC invocations=90 (full 0):
 garbage-first heap   total 425984K, used 331776K [0x00000000a0000000, 0x0000000100000000)
  region size 1024K, 96 young (98304K), 12 survivors (12288K)
 Metaspace       used 114138K, capacity 117652K, committed 117884K, reserved 1150976K
  class space    used 14679K, capacity 16074K, committed 16076K, reserved 1048576K
}

