# JRE version: OpenJDK Runtime Environment (11.0.13) (build 11.0.13+0-b1751.21-8125866)
# Java VM: OpenJDK 64-Bit Server VM (11.0.13+0-b1751.21-8125866, mixed mode, tiered, compressed oops, g1 gc, windows-amd64)
Heap:
 garbage-first heap   total 116736K, used 65877K [0x00000000a0000000, 0x0000000100000000)
  region size 1024K, 14 young (14336K), 4 survivors (4096K)
 Metaspace       used 61535K, capacity 63154K, committed 63312K, reserved 1103872K
  class space    used 7729K, capacity 8318K, committed 8352K, reserved 1048576K
GC Heap History (20 events):
Event: 5.495 GC heap before
{Heap before GC invocations=15 (full 0):
 garbage-first heap   total 78848K, used 56728K [0x00000000a0000000, 0x0000000100000000)
  region size 1024K, 31 young (31744K), 3 survivors (3072K)
 Metaspace       used 44551K, capacity 45604K, committed 45648K, reserved 1089536K
  class space    used 5612K, capacity 6007K, committed 6048K, reserved 1048576K
}
Event: 5.502 GC heap after
{Heap after GC invocations=16 (full 0):
 garbage-first heap   total 78848K, used 30232K [0x00000000a0000000, 0x0000000100000000)
  region size 1024K, 4 young (4096K), 4 survivors (4096K)
 Metaspace       used 44551K, capacity 45604K, committed 45648K, reserved 1089536K
  class space    used 5612K, capacity 6007K, committed 6048K, reserved 1048576K
}
Event: 5.732 GC heap before
{Heap before GC invocations=16 (full 0):
 garbage-first heap   total 78848K, used 57880K [0x00000000a0000000, 0x0000000100000000)
  region size 1024K, 31 young (31744K), 4 survivors (4096K)
 Metaspace       used 46559K, capacity 47673K, committed 47824K, reserved 1091584K
  class space    used 5908K, capacity 6316K, committed 6432K, reserved 1048576K
}
Event: 5.737 GC heap after
{Heap after GC invocations=17 (full 0):
 garbage-first heap   total 78848K, used 30915K [0x00000000a0000000, 0x0000000100000000)
  region size 1024K, 1 young (1024K), 1 survivors (1024K)
 Metaspace       used 46559K, capacity 47673K, committed 47824K, reserved 1091584K
  class space    used 5908K, capacity 6316K, committed 6432K, reserved 1048576K
}
Event: 6.167 GC heap before
{Heap before GC invocations=17 (full 0):
 garbage-first heap   total 78848K, used 59587K [0x00000000a0000000, 0x0000000100000000)
  region size 1024K, 29 young (29696K), 1 survivors (1024K)
 Metaspace       used 48113K, capacity 49374K, committed 49488K, reserved 1091584K
  class space    used 6083K, capacity 6558K, committed 6560K, reserved 1048576K
}
Event: 6.170 GC heap after
{Heap after GC invocations=18 (full 0):
 garbage-first heap   total 78848K, used 32027K [0x00000000a0000000, 0x0000000100000000)
  region size 1024K, 2 young (2048K), 2 survivors (2048K)
 Metaspace       used 48113K, capacity 49374K, committed 49488K, reserved 1091584K
  class space    used 6083K, capacity 6558K, committed 6560K, reserved 1048576K
}
Event: 6.568 GC heap before
{Heap before GC invocations=18 (full 0):
 garbage-first heap   total 78848K, used 59675K [0x00000000a0000000, 0x0000000100000000)
  region size 1024K, 28 young (28672K), 2 survivors (2048K)
 Metaspace       used 48561K, capacity 49816K, committed 50128K, reserved 1093632K
  class space    used 6115K, capacity 6575K, committed 6688K, reserved 1048576K
}
Event: 6.580 GC heap after
{Heap after GC invocations=19 (full 0):
 garbage-first heap   total 78848K, used 40803K [0x00000000a0000000, 0x0000000100000000)
  region size 1024K, 4 young (4096K), 4 survivors (4096K)
 Metaspace       used 48561K, capacity 49816K, committed 50128K, reserved 1093632K
  class space    used 6115K, capacity 6575K, committed 6688K, reserved 1048576K
}
Event: 6.757 GC heap before
{Heap before GC invocations=20 (full 0):
 garbage-first heap   total 78848K, used 45923K [0x00000000a0000000, 0x0000000100000000)
  region size 1024K, 8 young (8192K), 4 survivors (4096K)
 Metaspace       used 48561K, capacity 49816K, committed 50128K, reserved 1093632K
  class space    used 6115K, capacity 6575K, committed 6688K, reserved 1048576K
}
Event: 6.769 GC heap after
{Heap after GC invocations=21 (full 0):
 garbage-first heap   total 95232K, used 46542K [0x00000000a0000000, 0x0000000100000000)
  region size 1024K, 3 young (3072K), 3 survivors (3072K)
 Metaspace       used 48561K, capacity 49816K, committed 50128K, reserved 1093632K
  class space    used 6115K, capacity 6575K, committed 6688K, reserved 1048576K
}
Event: 7.162 GC heap before
{Heap before GC invocations=22 (full 0):
 garbage-first heap   total 95232K, used 63950K [0x00000000a0000000, 0x0000000100000000)
  region size 1024K, 19 young (19456K), 3 survivors (3072K)
 Metaspace       used 49426K, capacity 50881K, committed 51024K, reserved 1093632K
  class space    used 6231K, capacity 6769K, committed 6816K, reserved 1048576K
}
Event: 7.166 GC heap after
{Heap after GC invocations=23 (full 0):
 garbage-first heap   total 95232K, used 50684K [0x00000000a0000000, 0x0000000100000000)
  region size 1024K, 3 young (3072K), 3 survivors (3072K)
 Metaspace       used 49426K, capacity 50881K, committed 51024K, reserved 1093632K
  class space    used 6231K, capacity 6769K, committed 6816K, reserved 1048576K
}
Event: 7.359 GC heap before
{Heap before GC invocations=23 (full 0):
 garbage-first heap   total 95232K, used 67068K [0x00000000a0000000, 0x0000000100000000)
  region size 1024K, 19 young (19456K), 3 survivors (3072K)
 Metaspace       used 51432K, capacity 52834K, committed 53072K, reserved 1095680K
  class space    used 6502K, capacity 7037K, committed 7072K, reserved 1048576K
}
Event: 7.363 GC heap after
{Heap after GC invocations=24 (full 0):
 garbage-first heap   total 95232K, used 51281K [0x00000000a0000000, 0x0000000100000000)
  region size 1024K, 1 young (1024K), 1 survivors (1024K)
 Metaspace       used 51432K, capacity 52834K, committed 53072K, reserved 1095680K
  class space    used 6502K, capacity 7037K, committed 7072K, reserved 1048576K
}
Event: 7.656 GC heap before
{Heap before GC invocations=25 (full 0):
 garbage-first heap   total 95232K, used 67665K [0x00000000a0000000, 0x0000000100000000)
  region size 1024K, 18 young (18432K), 1 survivors (1024K)
 Metaspace       used 53712K, capacity 55161K, committed 55376K, reserved 1097728K
  class space    used 6790K, capacity 7303K, committed 7328K, reserved 1048576K
}
Event: 7.666 GC heap after
{Heap after GC invocations=26 (full 0):
 garbage-first heap   total 95232K, used 51721K [0x00000000a0000000, 0x0000000100000000)
  region size 1024K, 2 young (2048K), 2 survivors (2048K)
 Metaspace       used 53712K, capacity 55161K, committed 55376K, reserved 1097728K
  class space    used 6790K, capacity 7303K, committed 7328K, reserved 1048576K
}
Event: 8.177 GC heap before
{Heap before GC invocations=26 (full 0):
 garbage-first heap   total 95232K, used 70153K [0x00000000a0000000, 0x0000000100000000)
  region size 1024K, 20 young (20480K), 2 survivors (2048K)
 Metaspace       used 56721K, capacity 58268K, committed 58576K, reserved 1099776K
  class space    used 7123K, capacity 7654K, committed 7712K, reserved 1048576K
}
Event: 8.183 GC heap after
{Heap after GC invocations=27 (full 0):
 garbage-first heap   total 116736K, used 52371K [0x00000000a0000000, 0x0000000100000000)
  region size 1024K, 2 young (2048K), 2 survivors (2048K)
 Metaspace       used 56721K, capacity 58268K, committed 58576K, reserved 1099776K
  class space    used 7123K, capacity 7654K, committed 7712K, reserved 1048576K
}
Event: 8.732 GC heap before
{Heap before GC invocations=28 (full 0):
 garbage-first heap   total 116736K, used 82067K [0x00000000a0000000, 0x0000000100000000)
  region size 1024K, 32 young (32768K), 2 survivors (2048K)
 Metaspace       used 60562K, capacity 62219K, committed 62416K, reserved 1103872K
  class space    used 7620K, capacity 8221K, committed 8224K, reserved 1048576K
}
Event: 8.738 GC heap after
{Heap after GC invocations=29 (full 0):
 garbage-first heap   total 116736K, used 56661K [0x00000000a0000000, 0x0000000100000000)
  region size 1024K, 4 young (4096K), 4 survivors (4096K)
 Metaspace       used 60562K, capacity 62219K, committed 62416K, reserved 1103872K
  class space    used 7620K, capacity 8221K, committed 8224K, reserved 1048576K
}

