# JRE version: OpenJDK Runtime Environment (11.0.13) (build 11.0.13+0-b1751.21-8125866)
# Java VM: OpenJDK 64-Bit Server VM (11.0.13+0-b1751.21-8125866, mixed mode, tiered, compressed oops, g1 gc, windows-amd64)
Heap:
 garbage-first heap   total 135168K, used 54555K [0x00000000c1600000, 0x0000000100000000)
  region size 1024K, 4 young (4096K), 4 survivors (4096K)
 Metaspace       used 52241K, capacity 52814K, committed 52944K, reserved 1095680K
  class space    used 5859K, capacity 6103K, committed 6144K, reserved 1048576K
GC Heap History (20 events):
Event: 1.190 GC heap after
{Heap after GC invocations=3 (full 0):
 garbage-first heap   total 65536K, used 9786K [0x00000000c1600000, 0x0000000100000000)
  region size 1024K, 1 young (1024K), 1 survivors (1024K)
 Metaspace       used 20972K, capacity 21222K, committed 21248K, reserved 1069056K
  class space    used 2210K, capacity 2293K, committed 2304K, reserved 1048576K
}
Event: 1.755 GC heap before
{Heap before GC invocations=4 (full 0):
 garbage-first heap   total 65536K, used 41530K [0x00000000c1600000, 0x0000000100000000)
  region size 1024K, 29 young (29696K), 1 survivors (1024K)
 Metaspace       used 30112K, capacity 30646K, committed 30972K, reserved 1077248K
  class space    used 3548K, capacity 3747K, committed 3840K, reserved 1048576K
}
Event: 1.760 GC heap after
{Heap after GC invocations=5 (full 0):
 garbage-first heap   total 65536K, used 14460K [0x00000000c1600000, 0x0000000100000000)
  region size 1024K, 3 young (3072K), 3 survivors (3072K)
 Metaspace       used 30112K, capacity 30646K, committed 30972K, reserved 1077248K
  class space    used 3548K, capacity 3747K, committed 3840K, reserved 1048576K
}
Event: 2.281 GC heap before
{Heap before GC invocations=5 (full 0):
 garbage-first heap   total 65536K, used 44156K [0x00000000c1600000, 0x0000000100000000)
  region size 1024K, 31 young (31744K), 3 survivors (3072K)
 Metaspace       used 33542K, capacity 34092K, committed 34428K, reserved 1079296K
  class space    used 4141K, capacity 4360K, committed 4480K, reserved 1048576K
}
Event: 2.295 GC heap after
{Heap after GC invocations=6 (full 0):
 garbage-first heap   total 78848K, used 21945K [0x00000000c1600000, 0x0000000100000000)
  region size 1024K, 4 young (4096K), 4 survivors (4096K)
 Metaspace       used 33542K, capacity 34092K, committed 34428K, reserved 1079296K
  class space    used 4141K, capacity 4360K, committed 4480K, reserved 1048576K
}
Event: 2.462 GC heap before
{Heap before GC invocations=6 (full 0):
 garbage-first heap   total 78848K, used 29113K [0x00000000c1600000, 0x0000000100000000)
  region size 1024K, 12 young (12288K), 4 survivors (4096K)
 Metaspace       used 35363K, capacity 35895K, committed 36048K, reserved 1081344K
  class space    used 4335K, capacity 4556K, committed 4608K, reserved 1048576K
}
Event: 2.469 GC heap after
{Heap after GC invocations=7 (full 0):
 garbage-first heap   total 78848K, used 23239K [0x00000000c1600000, 0x0000000100000000)
  region size 1024K, 1 young (1024K), 1 survivors (1024K)
 Metaspace       used 35363K, capacity 35895K, committed 36048K, reserved 1081344K
  class space    used 4335K, capacity 4556K, committed 4608K, reserved 1048576K
}
Event: 2.789 GC heap before
{Heap before GC invocations=8 (full 0):
 garbage-first heap   total 78848K, used 44743K [0x00000000c1600000, 0x0000000100000000)
  region size 1024K, 23 young (23552K), 1 survivors (1024K)
 Metaspace       used 39205K, capacity 39667K, committed 40016K, reserved 1085440K
  class space    used 4703K, capacity 4914K, committed 4992K, reserved 1048576K
}
Event: 2.794 GC heap after
{Heap after GC invocations=9 (full 0):
 garbage-first heap   total 78848K, used 23920K [0x00000000c1600000, 0x0000000100000000)
  region size 1024K, 3 young (3072K), 3 survivors (3072K)
 Metaspace       used 39205K, capacity 39667K, committed 40016K, reserved 1085440K
  class space    used 4703K, capacity 4914K, committed 4992K, reserved 1048576K
}
Event: 3.406 GC heap before
{Heap before GC invocations=9 (full 0):
 garbage-first heap   total 78848K, used 46448K [0x00000000c1600000, 0x0000000100000000)
  region size 1024K, 26 young (26624K), 3 survivors (3072K)
 Metaspace       used 44057K, capacity 44542K, committed 44752K, reserved 1089536K
  class space    used 5161K, capacity 5342K, committed 5376K, reserved 1048576K
}
Event: 3.414 GC heap after
{Heap after GC invocations=10 (full 0):
 garbage-first heap   total 78848K, used 27426K [0x00000000c1600000, 0x0000000100000000)
  region size 1024K, 4 young (4096K), 4 survivors (4096K)
 Metaspace       used 44057K, capacity 44542K, committed 44752K, reserved 1089536K
  class space    used 5161K, capacity 5342K, committed 5376K, reserved 1048576K
}
Event: 3.804 GC heap before
{Heap before GC invocations=10 (full 0):
 garbage-first heap   total 78848K, used 54050K [0x00000000c1600000, 0x0000000100000000)
  region size 1024K, 27 young (27648K), 4 survivors (4096K)
 Metaspace       used 47494K, capacity 48092K, committed 48208K, reserved 1091584K
  class space    used 5542K, capacity 5755K, committed 5760K, reserved 1048576K
}
Event: 3.815 GC heap after
{Heap after GC invocations=11 (full 0):
 garbage-first heap   total 95232K, used 33498K [0x00000000c1600000, 0x0000000100000000)
  region size 1024K, 4 young (4096K), 4 survivors (4096K)
 Metaspace       used 47494K, capacity 48092K, committed 48208K, reserved 1091584K
  class space    used 5542K, capacity 5755K, committed 5760K, reserved 1048576K
}
Event: 4.017 GC heap before
{Heap before GC invocations=11 (full 0):
 garbage-first heap   total 95232K, used 62170K [0x00000000c1600000, 0x0000000100000000)
  region size 1024K, 32 young (32768K), 4 survivors (4096K)
 Metaspace       used 48961K, capacity 49559K, committed 49744K, reserved 1093632K
  class space    used 5677K, capacity 5899K, committed 6016K, reserved 1048576K
}
Event: 4.025 GC heap after
{Heap after GC invocations=12 (full 0):
 garbage-first heap   total 95232K, used 35711K [0x00000000c1600000, 0x0000000100000000)
  region size 1024K, 2 young (2048K), 2 survivors (2048K)
 Metaspace       used 48961K, capacity 49559K, committed 49744K, reserved 1093632K
  class space    used 5677K, capacity 5899K, committed 6016K, reserved 1048576K
}
Event: 4.547 GC heap before
{Heap before GC invocations=12 (full 0):
 garbage-first heap   total 95232K, used 66431K [0x00000000c1600000, 0x0000000100000000)
  region size 1024K, 30 young (30720K), 2 survivors (2048K)
 Metaspace       used 50039K, capacity 50663K, committed 51024K, reserved 1093632K
  class space    used 5686K, capacity 5901K, committed 6016K, reserved 1048576K
}
Event: 4.564 GC heap after
{Heap after GC invocations=13 (full 0):
 garbage-first heap   total 95232K, used 43389K [0x00000000c1600000, 0x0000000100000000)
  region size 1024K, 4 young (4096K), 4 survivors (4096K)
 Metaspace       used 50039K, capacity 50663K, committed 51024K, reserved 1093632K
  class space    used 5686K, capacity 5901K, committed 6016K, reserved 1048576K
}
Event: 4.842 GC heap before
{Heap before GC invocations=13 (full 0):
 garbage-first heap   total 95232K, used 67965K [0x00000000c1600000, 0x0000000100000000)
  region size 1024K, 28 young (28672K), 4 survivors (4096K)
 Metaspace       used 50387K, capacity 50937K, committed 51280K, reserved 1095680K
  class space    used 5707K, capacity 5903K, committed 6016K, reserved 1048576K
}
Event: 4.876 GC heap after
{Heap after GC invocations=14 (full 0):
 garbage-first heap   total 95232K, used 49921K [0x00000000c1600000, 0x0000000100000000)
  region size 1024K, 4 young (4096K), 4 survivors (4096K)
 Metaspace       used 50387K, capacity 50937K, committed 51280K, reserved 1095680K
  class space    used 5707K, capacity 5903K, committed 6016K, reserved 1048576K
}
Event: 5.200 GC heap before
{Heap before GC invocations=14 (full 0):
 garbage-first heap   total 95232K, used 71425K [0x00000000c1600000, 0x0000000100000000)
  region size 1024K, 25 young (25600K), 4 survivors (4096K)
 Metaspace       used 52241K, capacity 52814K, committed 52944K, reserved 1095680K
  class space    used 5859K, capacity 6103K, committed 6144K, reserved 1048576K
}

