# JRE version: OpenJDK Runtime Environment (11.0.13) (build 11.0.13+0-b1751.21-8125866)
# Java VM: OpenJDK 64-Bit Server VM (11.0.13+0-b1751.21-8125866, mixed mode, tiered, compressed oops, g1 gc, windows-amd64)
Heap:
 garbage-first heap   total 229376K, used 61613K [0x00000000a0000000, 0x0000000100000000)
  region size 1024K, 4 young (4096K), 4 survivors (4096K)
 Metaspace       used 67666K, capacity 69354K, committed 69632K, reserved 1110016K
  class space    used 8504K, capacity 9112K, committed 9216K, reserved 1048576K
GC Heap History (20 events):
Event: 8.414 GC heap after
{Heap after GC invocations=26 (full 0):
 garbage-first heap   total 78848K, used 46926K [0x00000000a0000000, 0x0000000100000000)
  region size 1024K, 3 young (3072K), 3 survivors (3072K)
 Metaspace       used 48468K, capacity 49785K, committed 50176K, reserved 1093632K
  class space    used 6099K, capacity 6545K, committed 6656K, reserved 1048576K
}
Event: 8.583 GC heap before
{Heap before GC invocations=27 (full 0):
 garbage-first heap   total 78848K, used 59214K [0x00000000a0000000, 0x0000000100000000)
  region size 1024K, 13 young (13312K), 3 survivors (3072K)
 Metaspace       used 48814K, capacity 50148K, committed 50560K, reserved 1093632K
  class space    used 6153K, capacity 6644K, committed 6784K, reserved 1048576K
}
Event: 8.589 GC heap after
{Heap after GC invocations=28 (full 0):
 garbage-first heap   total 78848K, used 50496K [0x00000000a0000000, 0x0000000100000000)
  region size 1024K, 2 young (2048K), 2 survivors (2048K)
 Metaspace       used 48814K, capacity 50148K, committed 50560K, reserved 1093632K
  class space    used 6153K, capacity 6644K, committed 6784K, reserved 1048576K
}
Event: 8.750 GC heap before
{Heap before GC invocations=28 (full 0):
 garbage-first heap   total 78848K, used 58688K [0x00000000a0000000, 0x0000000100000000)
  region size 1024K, 11 young (11264K), 2 survivors (2048K)
 Metaspace       used 49694K, capacity 51073K, committed 51456K, reserved 1093632K
  class space    used 6268K, capacity 6771K, committed 6912K, reserved 1048576K
}
Event: 8.753 GC heap after
{Heap after GC invocations=29 (full 0):
 garbage-first heap   total 95232K, used 51149K [0x00000000a0000000, 0x0000000100000000)
  region size 1024K, 1 young (1024K), 1 survivors (1024K)
 Metaspace       used 49694K, capacity 51073K, committed 51456K, reserved 1093632K
  class space    used 6268K, capacity 6771K, committed 6912K, reserved 1048576K
}
Event: 8.957 GC heap before
{Heap before GC invocations=30 (full 0):
 garbage-first heap   total 95232K, used 68557K [0x00000000a0000000, 0x0000000100000000)
  region size 1024K, 18 young (18432K), 1 survivors (1024K)
 Metaspace       used 51865K, capacity 53291K, committed 53504K, reserved 1095680K
  class space    used 6547K, capacity 7041K, committed 7168K, reserved 1048576K
}
Event: 8.959 GC heap after
{Heap after GC invocations=31 (full 0):
 garbage-first heap   total 95232K, used 51539K [0x00000000a0000000, 0x0000000100000000)
  region size 1024K, 2 young (2048K), 2 survivors (2048K)
 Metaspace       used 51865K, capacity 53291K, committed 53504K, reserved 1095680K
  class space    used 6547K, capacity 7041K, committed 7168K, reserved 1048576K
}
Event: 9.238 GC heap before
{Heap before GC invocations=31 (full 0):
 garbage-first heap   total 95232K, used 69971K [0x00000000a0000000, 0x0000000100000000)
  region size 1024K, 20 young (20480K), 2 survivors (2048K)
 Metaspace       used 54379K, capacity 55842K, committed 56192K, reserved 1097728K
  class space    used 6890K, capacity 7447K, committed 7552K, reserved 1048576K
}
Event: 9.241 GC heap after
{Heap after GC invocations=32 (full 0):
 garbage-first heap   total 95232K, used 52332K [0x00000000a0000000, 0x0000000100000000)
  region size 1024K, 2 young (2048K), 2 survivors (2048K)
 Metaspace       used 54379K, capacity 55842K, committed 56192K, reserved 1097728K
  class space    used 6890K, capacity 7447K, committed 7552K, reserved 1048576K
}
Event: 9.580 GC heap before
{Heap before GC invocations=33 (full 0):
 garbage-first heap   total 95232K, used 71788K [0x00000000a0000000, 0x0000000100000000)
  region size 1024K, 21 young (21504K), 2 survivors (2048K)
 Metaspace       used 57262K, capacity 58805K, committed 59008K, reserved 1099776K
  class space    used 7206K, capacity 7769K, committed 7808K, reserved 1048576K
}
Event: 9.586 GC heap after
{Heap after GC invocations=34 (full 0):
 garbage-first heap   total 95232K, used 52861K [0x00000000a0000000, 0x0000000100000000)
  region size 1024K, 2 young (2048K), 2 survivors (2048K)
 Metaspace       used 57262K, capacity 58805K, committed 59008K, reserved 1099776K
  class space    used 7206K, capacity 7769K, committed 7808K, reserved 1048576K
}
Event: 9.937 GC heap before
{Heap before GC invocations=34 (full 0):
 garbage-first heap   total 95232K, used 72317K [0x00000000a0000000, 0x0000000100000000)
  region size 1024K, 22 young (22528K), 2 survivors (2048K)
 Metaspace       used 60540K, capacity 62149K, committed 62336K, reserved 1103872K
  class space    used 7615K, capacity 8221K, committed 8320K, reserved 1048576K
}
Event: 9.948 GC heap after
{Heap after GC invocations=35 (full 0):
 garbage-first heap   total 114688K, used 54819K [0x00000000a0000000, 0x0000000100000000)
  region size 1024K, 3 young (3072K), 3 survivors (3072K)
 Metaspace       used 60540K, capacity 62149K, committed 62336K, reserved 1103872K
  class space    used 7615K, capacity 8221K, committed 8320K, reserved 1048576K
}
Event: 10.269 GC heap before
{Heap before GC invocations=36 (full 0):
 garbage-first heap   total 114688K, used 80419K [0x00000000a0000000, 0x0000000100000000)
  region size 1024K, 29 young (29696K), 3 survivors (3072K)
 Metaspace       used 62706K, capacity 64357K, committed 64640K, reserved 1105920K
  class space    used 7871K, capacity 8482K, committed 8576K, reserved 1048576K
}
Event: 10.275 GC heap after
{Heap after GC invocations=37 (full 0):
 garbage-first heap   total 114688K, used 57067K [0x00000000a0000000, 0x0000000100000000)
  region size 1024K, 4 young (4096K), 4 survivors (4096K)
 Metaspace       used 62706K, capacity 64357K, committed 64640K, reserved 1105920K
  class space    used 7871K, capacity 8482K, committed 8576K, reserved 1048576K
}
Event: 10.541 GC heap before
{Heap before GC invocations=37 (full 0):
 garbage-first heap   total 114688K, used 78571K [0x00000000a0000000, 0x0000000100000000)
  region size 1024K, 26 young (26624K), 4 survivors (4096K)
 Metaspace       used 64354K, capacity 65956K, committed 66048K, reserved 1105920K
  class space    used 8085K, capacity 8691K, committed 8704K, reserved 1048576K
}
Event: 10.553 GC heap after
{Heap after GC invocations=38 (full 0):
 garbage-first heap   total 114688K, used 58935K [0x00000000a0000000, 0x0000000100000000)
  region size 1024K, 2 young (2048K), 2 survivors (2048K)
 Metaspace       used 64354K, capacity 65956K, committed 66048K, reserved 1105920K
  class space    used 8085K, capacity 8691K, committed 8704K, reserved 1048576K
}
Event: 11.074 GC heap before
{Heap before GC invocations=39 (full 0):
 garbage-first heap   total 114688K, used 86583K [0x00000000a0000000, 0x0000000100000000)
  region size 1024K, 28 young (28672K), 2 survivors (2048K)
 Metaspace       used 66896K, capacity 68563K, committed 68736K, reserved 1110016K
  class space    used 8411K, capacity 9043K, committed 9088K, reserved 1048576K
}
Event: 11.148 GC heap after
{Heap after GC invocations=40 (full 0):
 garbage-first heap   total 114688K, used 59391K [0x00000000a0000000, 0x0000000100000000)
  region size 1024K, 3 young (3072K), 3 survivors (3072K)
 Metaspace       used 66896K, capacity 68563K, committed 68736K, reserved 1110016K
  class space    used 8411K, capacity 9043K, committed 9088K, reserved 1048576K
}
Event: 11.459 GC heap before
{Heap before GC invocations=40 (full 0):
 garbage-first heap   total 114688K, used 86015K [0x00000000a0000000, 0x0000000100000000)
  region size 1024K, 29 young (29696K), 3 survivors (3072K)
 Metaspace       used 67666K, capacity 69354K, committed 69632K, reserved 1110016K
  class space    used 8504K, capacity 9112K, committed 9216K, reserved 1048576K
}

