# JRE version: OpenJDK Runtime Environment (11.0.13) (build 11.0.13+0-b1751.21-8125866)
# Java VM: OpenJDK 64-Bit Server VM (11.0.13+0-b1751.21-8125866, mixed mode, tiered, compressed oops, g1 gc, windows-amd64)
Heap:
 garbage-first heap   total 114688K, used 53562K [0x00000000a0000000, 0x0000000100000000)
  region size 1024K, 3 young (3072K), 3 survivors (3072K)
 Metaspace       used 58800K, capacity 60426K, committed 60752K, reserved 1101824K
  class space    used 7418K, capacity 8010K, committed 8096K, reserved 1048576K
GC Heap History (20 events):
Event: 3.649 GC heap after
{Heap after GC invocations=10 (full 0):
 garbage-first heap   total 65536K, used 21732K [0x00000000a0000000, 0x0000000100000000)
  region size 1024K, 4 young (4096K), 4 survivors (4096K)
 Metaspace       used 31948K, capacity 32606K, committed 32892K, reserved 1077248K
  class space    used 4230K, capacity 4503K, committed 4556K, reserved 1048576K
}
Event: 3.822 GC heap before
{Heap before GC invocations=10 (full 0):
 garbage-first heap   total 65536K, used 29924K [0x00000000a0000000, 0x0000000100000000)
  region size 1024K, 13 young (13312K), 4 survivors (4096K)
 Metaspace       used 35175K, capacity 35973K, committed 36048K, reserved 1081344K
  class space    used 4521K, capacity 4838K, committed 4896K, reserved 1048576K
}
Event: 3.827 GC heap after
{Heap after GC invocations=11 (full 0):
 garbage-first heap   total 65536K, used 23244K [0x00000000a0000000, 0x0000000100000000)
  region size 1024K, 4 young (4096K), 4 survivors (4096K)
 Metaspace       used 35175K, capacity 35973K, committed 36048K, reserved 1081344K
  class space    used 4521K, capacity 4838K, committed 4896K, reserved 1048576K
}
Event: 4.026 GC heap before
{Heap before GC invocations=12 (full 0):
 garbage-first heap   total 65536K, used 48844K [0x00000000a0000000, 0x0000000100000000)
  region size 1024K, 30 young (30720K), 4 survivors (4096K)
 Metaspace       used 36939K, capacity 37766K, committed 38096K, reserved 1083392K
  class space    used 4703K, capacity 5026K, committed 5152K, reserved 1048576K
}
Event: 4.031 GC heap after
{Heap after GC invocations=13 (full 0):
 garbage-first heap   total 78848K, used 25557K [0x00000000a0000000, 0x0000000100000000)
  region size 1024K, 4 young (4096K), 4 survivors (4096K)
 Metaspace       used 36939K, capacity 37766K, committed 38096K, reserved 1083392K
  class space    used 4703K, capacity 5026K, committed 5152K, reserved 1048576K
}
Event: 4.339 GC heap before
{Heap before GC invocations=13 (full 0):
 garbage-first heap   total 78848K, used 58325K [0x00000000a0000000, 0x0000000100000000)
  region size 1024K, 34 young (34816K), 4 survivors (4096K)
 Metaspace       used 40655K, capacity 41608K, committed 41808K, reserved 1085440K
  class space    used 5159K, capacity 5530K, committed 5536K, reserved 1048576K
}
Event: 4.343 GC heap after
{Heap after GC invocations=14 (full 0):
 garbage-first heap   total 78848K, used 27350K [0x00000000a0000000, 0x0000000100000000)
  region size 1024K, 4 young (4096K), 4 survivors (4096K)
 Metaspace       used 40655K, capacity 41608K, committed 41808K, reserved 1085440K
  class space    used 5159K, capacity 5530K, committed 5536K, reserved 1048576K
}
Event: 4.572 GC heap before
{Heap before GC invocations=14 (full 0):
 garbage-first heap   total 78848K, used 59094K [0x00000000a0000000, 0x0000000100000000)
  region size 1024K, 35 young (35840K), 4 survivors (4096K)
 Metaspace       used 43455K, capacity 44433K, committed 44752K, reserved 1087488K
  class space    used 5443K, capacity 5831K, committed 5920K, reserved 1048576K
}
Event: 4.577 GC heap after
{Heap after GC invocations=15 (full 0):
 garbage-first heap   total 78848K, used 29311K [0x00000000a0000000, 0x0000000100000000)
  region size 1024K, 4 young (4096K), 4 survivors (4096K)
 Metaspace       used 43455K, capacity 44433K, committed 44752K, reserved 1087488K
  class space    used 5443K, capacity 5831K, committed 5920K, reserved 1048576K
}
Event: 4.786 GC heap before
{Heap before GC invocations=15 (full 0):
 garbage-first heap   total 78848K, used 60031K [0x00000000a0000000, 0x0000000100000000)
  region size 1024K, 34 young (34816K), 4 survivors (4096K)
 Metaspace       used 45614K, capacity 46706K, committed 46800K, reserved 1089536K
  class space    used 5767K, capacity 6166K, committed 6176K, reserved 1048576K
}
Event: 4.790 GC heap after
{Heap after GC invocations=16 (full 0):
 garbage-first heap   total 78848K, used 30495K [0x00000000a0000000, 0x0000000100000000)
  region size 1024K, 4 young (4096K), 4 survivors (4096K)
 Metaspace       used 45614K, capacity 46706K, committed 46800K, reserved 1089536K
  class space    used 5767K, capacity 6166K, committed 6176K, reserved 1048576K
}
Event: 5.088 GC heap before
{Heap before GC invocations=16 (full 0):
 garbage-first heap   total 78848K, used 61215K [0x00000000a0000000, 0x0000000100000000)
  region size 1024K, 34 young (34816K), 4 survivors (4096K)
 Metaspace       used 47525K, capacity 48774K, committed 48976K, reserved 1091584K
  class space    used 6009K, capacity 6470K, committed 6560K, reserved 1048576K
}
Event: 5.093 GC heap after
{Heap after GC invocations=17 (full 0):
 garbage-first heap   total 95232K, used 32566K [0x00000000a0000000, 0x0000000100000000)
  region size 1024K, 4 young (4096K), 4 survivors (4096K)
 Metaspace       used 47525K, capacity 48774K, committed 48976K, reserved 1091584K
  class space    used 6009K, capacity 6470K, committed 6560K, reserved 1048576K
}
Event: 5.447 GC heap before
{Heap before GC invocations=17 (full 0):
 garbage-first heap   total 95232K, used 69430K [0x00000000a0000000, 0x0000000100000000)
  region size 1024K, 39 young (39936K), 4 survivors (4096K)
 Metaspace       used 48556K, capacity 49863K, committed 50128K, reserved 1093632K
  class space    used 6125K, capacity 6592K, committed 6688K, reserved 1048576K
}
Event: 5.450 GC heap after
{Heap after GC invocations=18 (full 0):
 garbage-first heap   total 95232K, used 37508K [0x00000000a0000000, 0x0000000100000000)
  region size 1024K, 5 young (5120K), 5 survivors (5120K)
 Metaspace       used 48556K, capacity 49863K, committed 50128K, reserved 1093632K
  class space    used 6125K, capacity 6592K, committed 6688K, reserved 1048576K
}
Event: 5.995 GC heap before
{Heap before GC invocations=18 (full 0):
 garbage-first heap   total 95232K, used 79492K [0x00000000a0000000, 0x0000000100000000)
  region size 1024K, 41 young (41984K), 5 survivors (5120K)
 Metaspace       used 51149K, capacity 52640K, committed 52816K, reserved 1095680K
  class space    used 6468K, capacity 7018K, committed 7072K, reserved 1048576K
}
Event: 6.001 GC heap after
{Heap after GC invocations=19 (full 0):
 garbage-first heap   total 95232K, used 50688K [0x00000000a0000000, 0x0000000100000000)
  region size 1024K, 6 young (6144K), 6 survivors (6144K)
 Metaspace       used 51149K, capacity 52640K, committed 52816K, reserved 1095680K
  class space    used 6468K, capacity 7018K, committed 7072K, reserved 1048576K
}
Event: 6.419 GC heap before
{Heap before GC invocations=19 (full 0):
 garbage-first heap   total 95232K, used 78336K [0x00000000a0000000, 0x0000000100000000)
  region size 1024K, 33 young (33792K), 6 survivors (6144K)
 Metaspace       used 54722K, capacity 56205K, committed 56400K, reserved 1097728K
  class space    used 6946K, capacity 7501K, committed 7584K, reserved 1048576K
}
Event: 6.424 GC heap after
{Heap after GC invocations=20 (full 0):
 garbage-first heap   total 95232K, used 52799K [0x00000000a0000000, 0x0000000100000000)
  region size 1024K, 2 young (2048K), 2 survivors (2048K)
 Metaspace       used 54722K, capacity 56205K, committed 56400K, reserved 1097728K
  class space    used 6946K, capacity 7501K, committed 7584K, reserved 1048576K
}
Event: 6.750 GC heap before
{Heap before GC invocations=21 (full 0):
 garbage-first heap   total 95232K, used 78399K [0x00000000a0000000, 0x0000000100000000)
  region size 1024K, 27 young (27648K), 2 survivors (2048K)
 Metaspace       used 58800K, capacity 60426K, committed 60752K, reserved 1101824K
  class space    used 7418K, capacity 8010K, committed 8096K, reserved 1048576K
}

