# JRE version: OpenJDK Runtime Environment (11.0.13) (build 11.0.13+0-b1751.21-8125866)
# Java VM: OpenJDK 64-Bit Server VM (11.0.13+0-b1751.21-8125866, mixed mode, tiered, compressed oops, g1 gc, windows-amd64)
Heap:
 garbage-first heap   total 285696K, used 193355K [0x00000000a0000000, 0x0000000100000000)
  region size 1024K, 44 young (45056K), 3 survivors (3072K)
 Metaspace       used 133130K, capacity 136990K, committed 137936K, reserved 1169408K
  class space    used 16610K, capacity 18035K, committed 18464K, reserved 1048576K
GC Heap History (20 events):
Event: 728.567 GC heap before
{Heap before GC invocations=197 (full 0):
 garbage-first heap   total 232448K, used 199816K [0x00000000a0000000, 0x0000000100000000)
  region size 1024K, 15 young (15360K), 1 survivors (1024K)
 Metaspace       used 132639K, capacity 136455K, committed 137424K, reserved 1169408K
  class space    used 16588K, capacity 18022K, committed 18464K, reserved 1048576K
}
Event: 728.578 GC heap after
{Heap after GC invocations=198 (full 0):
 garbage-first heap   total 232448K, used 185571K [0x00000000a0000000, 0x0000000100000000)
  region size 1024K, 1 young (1024K), 1 survivors (1024K)
 Metaspace       used 132639K, capacity 136455K, committed 137424K, reserved 1169408K
  class space    used 16588K, capacity 18022K, committed 18464K, reserved 1048576K
}
Event: 728.844 GC heap before
{Heap before GC invocations=198 (full 0):
 garbage-first heap   total 232448K, used 195811K [0x00000000a0000000, 0x0000000100000000)
  region size 1024K, 11 young (11264K), 1 survivors (1024K)
 Metaspace       used 132639K, capacity 136455K, committed 137424K, reserved 1169408K
  class space    used 16588K, capacity 18022K, committed 18464K, reserved 1048576K
}
Event: 728.892 GC heap after
{Heap after GC invocations=199 (full 0):
 garbage-first heap   total 232448K, used 160954K [0x00000000a0000000, 0x0000000100000000)
  region size 1024K, 1 young (1024K), 1 survivors (1024K)
 Metaspace       used 132639K, capacity 136455K, committed 137424K, reserved 1169408K
  class space    used 16588K, capacity 18022K, committed 18464K, reserved 1048576K
}
Event: 728.895 GC heap before
{Heap before GC invocations=199 (full 0):
 garbage-first heap   total 232448K, used 171194K [0x00000000a0000000, 0x0000000100000000)
  region size 1024K, 11 young (11264K), 1 survivors (1024K)
 Metaspace       used 132639K, capacity 136455K, committed 137424K, reserved 1169408K
  class space    used 16588K, capacity 18022K, committed 18464K, reserved 1048576K
}
Event: 729.067 GC heap after
{Heap after GC invocations=200 (full 0):
 garbage-first heap   total 232448K, used 153626K [0x00000000a0000000, 0x0000000100000000)
  region size 1024K, 1 young (1024K), 1 survivors (1024K)
 Metaspace       used 132639K, capacity 136455K, committed 137424K, reserved 1169408K
  class space    used 16588K, capacity 18022K, committed 18464K, reserved 1048576K
}
Event: 729.090 GC heap before
{Heap before GC invocations=200 (full 0):
 garbage-first heap   total 232448K, used 163866K [0x00000000a0000000, 0x0000000100000000)
  region size 1024K, 11 young (11264K), 1 survivors (1024K)
 Metaspace       used 132639K, capacity 136455K, committed 137424K, reserved 1169408K
  class space    used 16588K, capacity 18022K, committed 18464K, reserved 1048576K
}
Event: 729.199 GC heap after
{Heap after GC invocations=201 (full 0):
 garbage-first heap   total 232448K, used 152194K [0x00000000a0000000, 0x0000000100000000)
  region size 1024K, 1 young (1024K), 1 survivors (1024K)
 Metaspace       used 132639K, capacity 136455K, committed 137424K, reserved 1169408K
  class space    used 16588K, capacity 18022K, committed 18464K, reserved 1048576K
}
Event: 729.329 GC heap before
{Heap before GC invocations=201 (full 0):
 garbage-first heap   total 232448K, used 185986K [0x00000000a0000000, 0x0000000100000000)
  region size 1024K, 34 young (34816K), 1 survivors (1024K)
 Metaspace       used 132639K, capacity 136455K, committed 137424K, reserved 1169408K
  class space    used 16588K, capacity 18022K, committed 18464K, reserved 1048576K
}
Event: 729.422 GC heap after
{Heap after GC invocations=202 (full 0):
 garbage-first heap   total 232448K, used 152177K [0x00000000a0000000, 0x0000000100000000)
  region size 1024K, 1 young (1024K), 1 survivors (1024K)
 Metaspace       used 132639K, capacity 136455K, committed 137424K, reserved 1169408K
  class space    used 16588K, capacity 18022K, committed 18464K, reserved 1048576K
}
Event: 729.696 GC heap before
{Heap before GC invocations=202 (full 0):
 garbage-first heap   total 232448K, used 188017K [0x00000000a0000000, 0x0000000100000000)
  region size 1024K, 36 young (36864K), 1 survivors (1024K)
 Metaspace       used 132639K, capacity 136455K, committed 137424K, reserved 1169408K
  class space    used 16588K, capacity 18022K, committed 18464K, reserved 1048576K
}
Event: 729.710 GC heap after
{Heap after GC invocations=203 (full 0):
 garbage-first heap   total 232448K, used 152241K [0x00000000a0000000, 0x0000000100000000)
  region size 1024K, 1 young (1024K), 1 survivors (1024K)
 Metaspace       used 132639K, capacity 136455K, committed 137424K, reserved 1169408K
  class space    used 16588K, capacity 18022K, committed 18464K, reserved 1048576K
}
Event: 730.481 GC heap before
{Heap before GC invocations=203 (full 0):
 garbage-first heap   total 232448K, used 189105K [0x00000000a0000000, 0x0000000100000000)
  region size 1024K, 37 young (37888K), 1 survivors (1024K)
 Metaspace       used 132649K, capacity 136455K, committed 137424K, reserved 1169408K
  class space    used 16588K, capacity 18022K, committed 18464K, reserved 1048576K
}
Event: 730.492 GC heap after
{Heap after GC invocations=204 (full 0):
 garbage-first heap   total 232448K, used 152743K [0x00000000a0000000, 0x0000000100000000)
  region size 1024K, 2 young (2048K), 2 survivors (2048K)
 Metaspace       used 132649K, capacity 136455K, committed 137424K, reserved 1169408K
  class space    used 16588K, capacity 18022K, committed 18464K, reserved 1048576K
}
Event: 737.300 GC heap before
{Heap before GC invocations=205 (full 0):
 garbage-first heap   total 232448K, used 187559K [0x00000000a0000000, 0x0000000100000000)
  region size 1024K, 39 young (39936K), 2 survivors (2048K)
 Metaspace       used 132985K, capacity 136795K, committed 137680K, reserved 1169408K
  class space    used 16588K, capacity 18022K, committed 18464K, reserved 1048576K
}
Event: 737.314 GC heap after
{Heap after GC invocations=206 (full 0):
 garbage-first heap   total 232448K, used 149307K [0x00000000a0000000, 0x0000000100000000)
  region size 1024K, 2 young (2048K), 2 survivors (2048K)
 Metaspace       used 132985K, capacity 136795K, committed 137680K, reserved 1169408K
  class space    used 16588K, capacity 18022K, committed 18464K, reserved 1048576K
}
Event: 740.696 GC heap before
{Heap before GC invocations=206 (full 0):
 garbage-first heap   total 232448K, used 161595K [0x00000000a0000000, 0x0000000100000000)
  region size 1024K, 11 young (11264K), 2 survivors (2048K)
 Metaspace       used 132993K, capacity 136859K, committed 137680K, reserved 1169408K
  class space    used 16588K, capacity 18022K, committed 18464K, reserved 1048576K
}
Event: 740.848 GC heap after
{Heap after GC invocations=207 (full 0):
 garbage-first heap   total 232448K, used 148133K [0x00000000a0000000, 0x0000000100000000)
  region size 1024K, 2 young (2048K), 2 survivors (2048K)
 Metaspace       used 132993K, capacity 136859K, committed 137680K, reserved 1169408K
  class space    used 16588K, capacity 18022K, committed 18464K, reserved 1048576K
}
Event: 740.861 GC heap before
{Heap before GC invocations=207 (full 0):
 garbage-first heap   total 232448K, used 148133K [0x00000000a0000000, 0x0000000100000000)
  region size 1024K, 3 young (3072K), 2 survivors (2048K)
 Metaspace       used 132993K, capacity 136859K, committed 137680K, reserved 1169408K
  class space    used 16588K, capacity 18022K, committed 18464K, reserved 1048576K
}
Event: 740.971 GC heap after
{Heap after GC invocations=208 (full 0):
 garbage-first heap   total 285696K, used 148299K [0x00000000a0000000, 0x0000000100000000)
  region size 1024K, 3 young (3072K), 3 survivors (3072K)
 Metaspace       used 132993K, capacity 136859K, committed 137680K, reserved 1169408K
  class space    used 16588K, capacity 18022K, committed 18464K, reserved 1048576K
}

