# JRE version: OpenJDK Runtime Environment (11.0.13) (build 11.0.13+0-b1751.21-8125866)
# Java VM: OpenJDK 64-Bit Server VM (11.0.13+0-b1751.21-8125866, mixed mode, tiered, compressed oops, g1 gc, windows-amd64)
Heap:
 garbage-first heap   total 579584K, used 199800K [0x00000000a0000000, 0x0000000100000000)
  region size 1024K, 2 young (2048K), 2 survivors (2048K)
 Metaspace       used 113616K, capacity 116260K, committed 116560K, reserved 1150976K
  class space    used 13713K, capacity 14682K, committed 14752K, reserved 1048576K
GC Heap History (20 events):
Event: 483.435 GC heap after
{Heap after GC invocations=69 (full 0):
 garbage-first heap   total 307200K, used 140240K [0x00000000a0000000, 0x0000000100000000)
  region size 1024K, 11 young (11264K), 11 survivors (11264K)
 Metaspace       used 99091K, capacity 101531K, committed 101712K, reserved 1138688K
  class space    used 12222K, capacity 13123K, committed 13216K, reserved 1048576K
}
Event: 484.605 GC heap before
{Heap before GC invocations=69 (full 0):
 garbage-first heap   total 307200K, used 226256K [0x00000000a0000000, 0x0000000100000000)
  region size 1024K, 96 young (98304K), 11 survivors (11264K)
 Metaspace       used 103436K, capacity 105911K, committed 106064K, reserved 1142784K
  class space    used 12562K, capacity 13443K, committed 13472K, reserved 1048576K
}
Event: 484.649 GC heap after
{Heap after GC invocations=70 (full 0):
 garbage-first heap   total 307200K, used 152978K [0x00000000a0000000, 0x0000000100000000)
  region size 1024K, 12 young (12288K), 12 survivors (12288K)
 Metaspace       used 103436K, capacity 105911K, committed 106064K, reserved 1142784K
  class space    used 12562K, capacity 13443K, committed 13472K, reserved 1048576K
}
Event: 485.697 GC heap before
{Heap before GC invocations=70 (full 0):
 garbage-first heap   total 307200K, used 237970K [0x00000000a0000000, 0x0000000100000000)
  region size 1024K, 95 young (97280K), 12 survivors (12288K)
 Metaspace       used 103921K, capacity 106378K, committed 106576K, reserved 1142784K
  class space    used 12571K, capacity 13443K, committed 13472K, reserved 1048576K
}
Event: 485.721 GC heap after
{Heap after GC invocations=71 (full 0):
 garbage-first heap   total 307200K, used 149804K [0x00000000a0000000, 0x0000000100000000)
  region size 1024K, 5 young (5120K), 5 survivors (5120K)
 Metaspace       used 103921K, capacity 106378K, committed 106576K, reserved 1142784K
  class space    used 12571K, capacity 13443K, committed 13472K, reserved 1048576K
}
Event: 486.436 GC heap before
{Heap before GC invocations=71 (full 0):
 garbage-first heap   total 307200K, used 239916K [0x00000000a0000000, 0x0000000100000000)
  region size 1024K, 94 young (96256K), 5 survivors (5120K)
 Metaspace       used 104394K, capacity 106839K, committed 106960K, reserved 1142784K
  class space    used 12626K, capacity 13509K, committed 13600K, reserved 1048576K
}
Event: 486.450 GC heap after
{Heap after GC invocations=72 (full 0):
 garbage-first heap   total 307200K, used 151451K [0x00000000a0000000, 0x0000000100000000)
  region size 1024K, 7 young (7168K), 7 survivors (7168K)
 Metaspace       used 104394K, capacity 106839K, committed 106960K, reserved 1142784K
  class space    used 12626K, capacity 13509K, committed 13600K, reserved 1048576K
}
Event: 487.567 GC heap before
{Heap before GC invocations=72 (full 0):
 garbage-first heap   total 307200K, used 249755K [0x00000000a0000000, 0x0000000100000000)
  region size 1024K, 102 young (104448K), 7 survivors (7168K)
 Metaspace       used 106441K, capacity 108835K, committed 108880K, reserved 1144832K
  class space    used 12817K, capacity 13696K, committed 13728K, reserved 1048576K
}
Event: 487.581 GC heap after
{Heap after GC invocations=73 (full 0):
 garbage-first heap   total 307200K, used 154353K [0x00000000a0000000, 0x0000000100000000)
  region size 1024K, 9 young (9216K), 9 survivors (9216K)
 Metaspace       used 106441K, capacity 108835K, committed 108880K, reserved 1144832K
  class space    used 12817K, capacity 13696K, committed 13728K, reserved 1048576K
}
Event: 487.956 GC heap before
{Heap before GC invocations=73 (full 0):
 garbage-first heap   total 307200K, used 251633K [0x00000000a0000000, 0x0000000100000000)
  region size 1024K, 104 young (106496K), 9 survivors (9216K)
 Metaspace       used 106563K, capacity 109028K, committed 109136K, reserved 1144832K
  class space    used 12817K, capacity 13696K, committed 13728K, reserved 1048576K
}
Event: 487.973 GC heap after
{Heap after GC invocations=74 (full 0):
 garbage-first heap   total 307200K, used 154974K [0x00000000a0000000, 0x0000000100000000)
  region size 1024K, 4 young (4096K), 4 survivors (4096K)
 Metaspace       used 106563K, capacity 109028K, committed 109136K, reserved 1144832K
  class space    used 12817K, capacity 13696K, committed 13728K, reserved 1048576K
}
Event: 488.420 GC heap before
{Heap before GC invocations=74 (full 0):
 garbage-first heap   total 307200K, used 254302K [0x00000000a0000000, 0x0000000100000000)
  region size 1024K, 101 young (103424K), 4 survivors (4096K)
 Metaspace       used 106589K, capacity 109028K, committed 109136K, reserved 1144832K
  class space    used 12817K, capacity 13696K, committed 13728K, reserved 1048576K
}
Event: 488.424 GC heap after
{Heap after GC invocations=75 (full 0):
 garbage-first heap   total 307200K, used 154615K [0x00000000a0000000, 0x0000000100000000)
  region size 1024K, 4 young (4096K), 4 survivors (4096K)
 Metaspace       used 106589K, capacity 109028K, committed 109136K, reserved 1144832K
  class space    used 12817K, capacity 13696K, committed 13728K, reserved 1048576K
}
Event: 491.870 GC heap before
{Heap before GC invocations=75 (full 0):
 garbage-first heap   total 307200K, used 253943K [0x00000000a0000000, 0x0000000100000000)
  region size 1024K, 102 young (104448K), 4 survivors (4096K)
 Metaspace       used 110241K, capacity 112634K, committed 112976K, reserved 1148928K
  class space    used 13265K, capacity 14148K, committed 14240K, reserved 1048576K
}
Event: 491.900 GC heap after
{Heap after GC invocations=76 (full 0):
 garbage-first heap   total 307200K, used 158316K [0x00000000a0000000, 0x0000000100000000)
  region size 1024K, 8 young (8192K), 8 survivors (8192K)
 Metaspace       used 110241K, capacity 112634K, committed 112976K, reserved 1148928K
  class space    used 13265K, capacity 14148K, committed 14240K, reserved 1048576K
}
Event: 499.301 GC heap before
{Heap before GC invocations=76 (full 0):
 garbage-first heap   total 307200K, used 259692K [0x00000000a0000000, 0x0000000100000000)
  region size 1024K, 105 young (107520K), 8 survivors (8192K)
 Metaspace       used 110907K, capacity 113495K, committed 113616K, reserved 1148928K
  class space    used 13339K, capacity 14270K, committed 14368K, reserved 1048576K
}
Event: 499.361 GC heap after
{Heap after GC invocations=77 (full 0):
 garbage-first heap   total 307200K, used 168788K [0x00000000a0000000, 0x0000000100000000)
  region size 1024K, 14 young (14336K), 14 survivors (14336K)
 Metaspace       used 110907K, capacity 113495K, committed 113616K, reserved 1148928K
  class space    used 13339K, capacity 14270K, committed 14368K, reserved 1048576K
}
Event: 505.009 GC heap before
{Heap before GC invocations=77 (full 0):
 garbage-first heap   total 307200K, used 241492K [0x00000000a0000000, 0x0000000100000000)
  region size 1024K, 69 young (70656K), 14 survivors (14336K)
 Metaspace       used 113614K, capacity 116260K, committed 116560K, reserved 1150976K
  class space    used 13713K, capacity 14682K, committed 14752K, reserved 1048576K
}
Event: 506.080 GC heap after
{Heap after GC invocations=78 (full 0):
 garbage-first heap   total 307200K, used 195095K [0x00000000a0000000, 0x0000000100000000)
  region size 1024K, 13 young (13312K), 13 survivors (13312K)
 Metaspace       used 113614K, capacity 116260K, committed 116560K, reserved 1150976K
  class space    used 13713K, capacity 14682K, committed 14752K, reserved 1048576K
}
Event: 506.180 GC heap before
{Heap before GC invocations=78 (full 0):
 garbage-first heap   total 307200K, used 209431K [0x00000000a0000000, 0x0000000100000000)
  region size 1024K, 15 young (15360K), 13 survivors (13312K)
 Metaspace       used 113616K, capacity 116260K, committed 116560K, reserved 1150976K
  class space    used 13713K, capacity 14682K, committed 14752K, reserved 1048576K
}

