# JRE version: OpenJDK Runtime Environment (11.0.13) (build 11.0.13+0-b1751.21-8125866)
# Java VM: OpenJDK 64-Bit Server VM (11.0.13+0-b1751.21-8125866, mixed mode, tiered, compressed oops, g1 gc, windows-amd64)
Heap:
 garbage-first heap   total 148480K, used 58209K [0x00000000c1600000, 0x0000000100000000)
  region size 1024K, 3 young (3072K), 3 survivors (3072K)
 Metaspace       used 52567K, capacity 53127K, committed 53200K, reserved 1095680K
  class space    used 5866K, capacity 6099K, committed 6140K, reserved 1048576K
GC Heap History (20 events):
Event: 2.140 GC heap after
{Heap after GC invocations=5 (full 0):
 garbage-first heap   total 65536K, used 22343K [0x00000000c1600000, 0x0000000100000000)
  region size 1024K, 5 young (5120K), 5 survivors (5120K)
 Metaspace       used 35149K, capacity 35724K, committed 36048K, reserved 1081344K
  class space    used 4304K, capacity 4520K, committed 4604K, reserved 1048576K
}
Event: 2.157 GC heap before
{Heap before GC invocations=5 (full 0):
 garbage-first heap   total 65536K, used 22343K [0x00000000c1600000, 0x0000000100000000)
  region size 1024K, 6 young (6144K), 5 survivors (5120K)
 Metaspace       used 35349K, capacity 35895K, committed 36048K, reserved 1081344K
  class space    used 4331K, capacity 4556K, committed 4604K, reserved 1048576K
}
Event: 2.164 GC heap after
{Heap after GC invocations=6 (full 0):
 garbage-first heap   total 78848K, used 23398K [0x00000000c1600000, 0x0000000100000000)
  region size 1024K, 1 young (1024K), 1 survivors (1024K)
 Metaspace       used 35349K, capacity 35895K, committed 36048K, reserved 1081344K
  class space    used 4331K, capacity 4556K, committed 4604K, reserved 1048576K
}
Event: 2.439 GC heap before
{Heap before GC invocations=7 (full 0):
 garbage-first heap   total 78848K, used 43878K [0x00000000c1600000, 0x0000000100000000)
  region size 1024K, 22 young (22528K), 1 survivors (1024K)
 Metaspace       used 39068K, capacity 39539K, committed 39760K, reserved 1083392K
  class space    used 4694K, capacity 4914K, committed 4988K, reserved 1048576K
}
Event: 2.443 GC heap after
{Heap after GC invocations=8 (full 0):
 garbage-first heap   total 78848K, used 23143K [0x00000000c1600000, 0x0000000100000000)
  region size 1024K, 3 young (3072K), 3 survivors (3072K)
 Metaspace       used 39068K, capacity 39539K, committed 39760K, reserved 1083392K
  class space    used 4694K, capacity 4914K, committed 4988K, reserved 1048576K
}
Event: 2.820 GC heap before
{Heap before GC invocations=8 (full 0):
 garbage-first heap   total 78848K, used 45671K [0x00000000c1600000, 0x0000000100000000)
  region size 1024K, 26 young (26624K), 3 survivors (3072K)
 Metaspace       used 44002K, capacity 44542K, committed 44752K, reserved 1089536K
  class space    used 5160K, capacity 5342K, committed 5372K, reserved 1048576K
}
Event: 2.827 GC heap after
{Heap after GC invocations=9 (full 0):
 garbage-first heap   total 78848K, used 25991K [0x00000000c1600000, 0x0000000100000000)
  region size 1024K, 3 young (3072K), 3 survivors (3072K)
 Metaspace       used 44002K, capacity 44542K, committed 44752K, reserved 1089536K
  class space    used 5160K, capacity 5342K, committed 5372K, reserved 1048576K
}
Event: 3.147 GC heap before
{Heap before GC invocations=9 (full 0):
 garbage-first heap   total 78848K, used 51591K [0x00000000c1600000, 0x0000000100000000)
  region size 1024K, 26 young (26624K), 3 survivors (3072K)
 Metaspace       used 47422K, capacity 47983K, committed 48208K, reserved 1091584K
  class space    used 5534K, capacity 5720K, committed 5756K, reserved 1048576K
}
Event: 3.157 GC heap after
{Heap after GC invocations=10 (full 0):
 garbage-first heap   total 78848K, used 32376K [0x00000000c1600000, 0x0000000100000000)
  region size 1024K, 4 young (4096K), 4 survivors (4096K)
 Metaspace       used 47422K, capacity 47983K, committed 48208K, reserved 1091584K
  class space    used 5534K, capacity 5720K, committed 5756K, reserved 1048576K
}
Event: 3.217 GC heap before
{Heap before GC invocations=10 (full 0):
 garbage-first heap   total 78848K, used 53880K [0x00000000c1600000, 0x0000000100000000)
  region size 1024K, 25 young (25600K), 4 survivors (4096K)
 Metaspace       used 47842K, capacity 48399K, committed 48592K, reserved 1091584K
  class space    used 5553K, capacity 5752K, committed 5884K, reserved 1048576K
}
Event: 3.224 GC heap after
{Heap after GC invocations=11 (full 0):
 garbage-first heap   total 78848K, used 33830K [0x00000000c1600000, 0x0000000100000000)
  region size 1024K, 2 young (2048K), 2 survivors (2048K)
 Metaspace       used 47842K, capacity 48399K, committed 48592K, reserved 1091584K
  class space    used 5553K, capacity 5752K, committed 5884K, reserved 1048576K
}
Event: 3.571 GC heap before
{Heap before GC invocations=11 (full 0):
 garbage-first heap   total 78848K, used 55334K [0x00000000c1600000, 0x0000000100000000)
  region size 1024K, 23 young (23552K), 2 survivors (2048K)
 Metaspace       used 49797K, capacity 50392K, committed 50512K, reserved 1093632K
  class space    used 5688K, capacity 5898K, committed 6012K, reserved 1048576K
}
Event: 3.581 GC heap after
{Heap after GC invocations=12 (full 0):
 garbage-first heap   total 95232K, used 36864K [0x00000000c1600000, 0x0000000100000000)
  region size 1024K, 3 young (3072K), 3 survivors (3072K)
 Metaspace       used 49797K, capacity 50392K, committed 50512K, reserved 1093632K
  class space    used 5688K, capacity 5898K, committed 6012K, reserved 1048576K
}
Event: 3.943 GC heap before
{Heap before GC invocations=12 (full 0):
 garbage-first heap   total 95232K, used 66560K [0x00000000c1600000, 0x0000000100000000)
  region size 1024K, 30 young (30720K), 3 survivors (3072K)
 Metaspace       used 50041K, capacity 50661K, committed 51024K, reserved 1093632K
  class space    used 5688K, capacity 5898K, committed 6012K, reserved 1048576K
}
Event: 3.965 GC heap after
{Heap after GC invocations=13 (full 0):
 garbage-first heap   total 95232K, used 45823K [0x00000000c1600000, 0x0000000100000000)
  region size 1024K, 4 young (4096K), 4 survivors (4096K)
 Metaspace       used 50041K, capacity 50661K, committed 51024K, reserved 1093632K
  class space    used 5688K, capacity 5898K, committed 6012K, reserved 1048576K
}
Event: 4.208 GC heap before
{Heap before GC invocations=13 (full 0):
 garbage-first heap   total 95232K, used 67327K [0x00000000c1600000, 0x0000000100000000)
  region size 1024K, 26 young (26624K), 4 survivors (4096K)
 Metaspace       used 51698K, capacity 52261K, committed 52432K, reserved 1095680K
  class space    used 5842K, capacity 6067K, committed 6140K, reserved 1048576K
}
Event: 4.223 GC heap after
{Heap after GC invocations=14 (full 0):
 garbage-first heap   total 95232K, used 50707K [0x00000000c1600000, 0x0000000100000000)
  region size 1024K, 4 young (4096K), 4 survivors (4096K)
 Metaspace       used 51698K, capacity 52261K, committed 52432K, reserved 1095680K
  class space    used 5842K, capacity 6067K, committed 6140K, reserved 1048576K
}
Event: 4.430 GC heap before
{Heap before GC invocations=14 (full 0):
 garbage-first heap   total 95232K, used 71187K [0x00000000c1600000, 0x0000000100000000)
  region size 1024K, 24 young (24576K), 4 survivors (4096K)
 Metaspace       used 52397K, capacity 52998K, committed 53200K, reserved 1095680K
  class space    used 5858K, capacity 6099K, committed 6140K, reserved 1048576K
}
Event: 4.454 GC heap after
{Heap after GC invocations=15 (full 0):
 garbage-first heap   total 95232K, used 55199K [0x00000000c1600000, 0x0000000100000000)
  region size 1024K, 3 young (3072K), 3 survivors (3072K)
 Metaspace       used 52397K, capacity 52998K, committed 53200K, reserved 1095680K
  class space    used 5858K, capacity 6099K, committed 6140K, reserved 1048576K
}
Event: 4.581 GC heap before
{Heap before GC invocations=16 (full 0):
 garbage-first heap   total 95232K, used 73631K [0x00000000c1600000, 0x0000000100000000)
  region size 1024K, 21 young (21504K), 3 survivors (3072K)
 Metaspace       used 52567K, capacity 53127K, committed 53200K, reserved 1095680K
  class space    used 5866K, capacity 6099K, committed 6140K, reserved 1048576K
}

