# JRE version: OpenJDK Runtime Environment (11.0.13) (build 11.0.13+0-b1751.21-8125866)
# Java VM: OpenJDK 64-Bit Server VM (11.0.13+0-b1751.21-8125866, mixed mode, tiered, compressed oops, g1 gc, windows-amd64)
Heap:
 garbage-first heap   total 114688K, used 58720K [0x00000000a0000000, 0x0000000100000000)
  region size 1024K, 3 young (3072K), 3 survivors (3072K)
 Metaspace       used 63256K, capacity 64854K, committed 65104K, reserved 1105920K
  class space    used 7935K, capacity 8517K, committed 8608K, reserved 1048576K
GC Heap History (20 events):
Event: 8.382 GC heap after
{Heap after GC invocations=22 (full 0):
 garbage-first heap   total 78848K, used 42431K [0x00000000a0000000, 0x0000000100000000)
  region size 1024K, 4 young (4096K), 4 survivors (4096K)
 Metaspace       used 48574K, capacity 49972K, committed 50128K, reserved 1093632K
  class space    used 6132K, capacity 6606K, committed 6688K, reserved 1048576K
}
Event: 8.496 GC heap before
{Heap before GC invocations=23 (full 0):
 garbage-first heap   total 78848K, used 48575K [0x00000000a0000000, 0x0000000100000000)
  region size 1024K, 8 young (8192K), 4 survivors (4096K)
 Metaspace       used 48574K, capacity 49972K, committed 50128K, reserved 1093632K
  class space    used 6132K, capacity 6606K, committed 6688K, reserved 1048576K
}
Event: 8.498 GC heap after
{Heap after GC invocations=24 (full 0):
 garbage-first heap   total 78848K, used 47390K [0x00000000a0000000, 0x0000000100000000)
  region size 1024K, 3 young (3072K), 3 survivors (3072K)
 Metaspace       used 48574K, capacity 49972K, committed 50128K, reserved 1093632K
  class space    used 6132K, capacity 6606K, committed 6688K, reserved 1048576K
}
Event: 8.665 GC heap before
{Heap before GC invocations=25 (full 0):
 garbage-first heap   total 78848K, used 59678K [0x00000000a0000000, 0x0000000100000000)
  region size 1024K, 13 young (13312K), 3 survivors (3072K)
 Metaspace       used 48806K, capacity 50152K, committed 50512K, reserved 1093632K
  class space    used 6153K, capacity 6644K, committed 6816K, reserved 1048576K
}
Event: 8.667 GC heap after
{Heap after GC invocations=26 (full 0):
 garbage-first heap   total 78848K, used 51261K [0x00000000a0000000, 0x0000000100000000)
  region size 1024K, 2 young (2048K), 2 survivors (2048K)
 Metaspace       used 48806K, capacity 50152K, committed 50512K, reserved 1093632K
  class space    used 6153K, capacity 6644K, committed 6816K, reserved 1048576K
}
Event: 8.811 GC heap before
{Heap before GC invocations=26 (full 0):
 garbage-first heap   total 78848K, used 60477K [0x00000000a0000000, 0x0000000100000000)
  region size 1024K, 11 young (11264K), 2 survivors (2048K)
 Metaspace       used 49663K, capacity 51077K, committed 51280K, reserved 1093632K
  class space    used 6266K, capacity 6771K, committed 6816K, reserved 1048576K
}
Event: 8.814 GC heap after
{Heap after GC invocations=27 (full 0):
 garbage-first heap   total 78848K, used 51850K [0x00000000a0000000, 0x0000000100000000)
  region size 1024K, 1 young (1024K), 1 survivors (1024K)
 Metaspace       used 49663K, capacity 51077K, committed 51280K, reserved 1093632K
  class space    used 6266K, capacity 6771K, committed 6816K, reserved 1048576K
}
Event: 8.946 GC heap before
{Heap before GC invocations=28 (full 0):
 garbage-first heap   total 78848K, used 61066K [0x00000000a0000000, 0x0000000100000000)
  region size 1024K, 10 young (10240K), 1 survivors (1024K)
 Metaspace       used 50822K, capacity 52215K, committed 52560K, reserved 1095680K
  class space    used 6416K, capacity 6939K, committed 7072K, reserved 1048576K
}
Event: 8.948 GC heap after
{Heap after GC invocations=29 (full 0):
 garbage-first heap   total 95232K, used 52038K [0x00000000a0000000, 0x0000000100000000)
  region size 1024K, 1 young (1024K), 1 survivors (1024K)
 Metaspace       used 50822K, capacity 52215K, committed 52560K, reserved 1095680K
  class space    used 6416K, capacity 6939K, committed 7072K, reserved 1048576K
}
Event: 9.332 GC heap before
{Heap before GC invocations=29 (full 0):
 garbage-first heap   total 95232K, used 68422K [0x00000000a0000000, 0x0000000100000000)
  region size 1024K, 17 young (17408K), 1 survivors (1024K)
 Metaspace       used 52888K, capacity 54263K, committed 54480K, reserved 1097728K
  class space    used 6678K, capacity 7175K, committed 7200K, reserved 1048576K
}
Event: 9.335 GC heap after
{Heap after GC invocations=30 (full 0):
 garbage-first heap   total 95232K, used 52633K [0x00000000a0000000, 0x0000000100000000)
  region size 1024K, 2 young (2048K), 2 survivors (2048K)
 Metaspace       used 52888K, capacity 54263K, committed 54480K, reserved 1097728K
  class space    used 6678K, capacity 7175K, committed 7200K, reserved 1048576K
}
Event: 9.589 GC heap before
{Heap before GC invocations=31 (full 0):
 garbage-first heap   total 95232K, used 69017K [0x00000000a0000000, 0x0000000100000000)
  region size 1024K, 19 young (19456K), 2 survivors (2048K)
 Metaspace       used 55413K, capacity 56901K, committed 57168K, reserved 1099776K
  class space    used 6977K, capacity 7518K, committed 7584K, reserved 1048576K
}
Event: 9.591 GC heap after
{Heap after GC invocations=32 (full 0):
 garbage-first heap   total 95232K, used 53185K [0x00000000a0000000, 0x0000000100000000)
  region size 1024K, 2 young (2048K), 2 survivors (2048K)
 Metaspace       used 55413K, capacity 56901K, committed 57168K, reserved 1099776K
  class space    used 6977K, capacity 7518K, committed 7584K, reserved 1048576K
}
Event: 9.815 GC heap before
{Heap before GC invocations=32 (full 0):
 garbage-first heap   total 95232K, used 71617K [0x00000000a0000000, 0x0000000100000000)
  region size 1024K, 20 young (20480K), 2 survivors (2048K)
 Metaspace       used 57667K, capacity 59211K, committed 59472K, reserved 1101824K
  class space    used 7276K, capacity 7817K, committed 7840K, reserved 1048576K
}
Event: 9.820 GC heap after
{Heap after GC invocations=33 (full 0):
 garbage-first heap   total 95232K, used 53841K [0x00000000a0000000, 0x0000000100000000)
  region size 1024K, 3 young (3072K), 3 survivors (3072K)
 Metaspace       used 57667K, capacity 59211K, committed 59472K, reserved 1101824K
  class space    used 7276K, capacity 7817K, committed 7840K, reserved 1048576K
}
Event: 10.082 GC heap before
{Heap before GC invocations=34 (full 0):
 garbage-first heap   total 95232K, used 71249K [0x00000000a0000000, 0x0000000100000000)
  region size 1024K, 21 young (21504K), 3 survivors (3072K)
 Metaspace       used 60559K, capacity 62221K, committed 62416K, reserved 1103872K
  class space    used 7620K, capacity 8221K, committed 8224K, reserved 1048576K
}
Event: 10.086 GC heap after
{Heap after GC invocations=35 (full 0):
 garbage-first heap   total 95232K, used 56796K [0x00000000a0000000, 0x0000000100000000)
  region size 1024K, 3 young (3072K), 3 survivors (3072K)
 Metaspace       used 60559K, capacity 62221K, committed 62416K, reserved 1103872K
  class space    used 7620K, capacity 8221K, committed 8224K, reserved 1048576K
}
Event: 10.266 GC heap before
{Heap before GC invocations=35 (full 0):
 garbage-first heap   total 95232K, used 73180K [0x00000000a0000000, 0x0000000100000000)
  region size 1024K, 20 young (20480K), 3 survivors (3072K)
 Metaspace       used 62085K, capacity 63796K, committed 63952K, reserved 1105920K
  class space    used 7801K, capacity 8382K, committed 8480K, reserved 1048576K
}
Event: 10.270 GC heap after
{Heap after GC invocations=36 (full 0):
 garbage-first heap   total 95232K, used 57542K [0x00000000a0000000, 0x0000000100000000)
  region size 1024K, 2 young (2048K), 2 survivors (2048K)
 Metaspace       used 62085K, capacity 63796K, committed 63952K, reserved 1105920K
  class space    used 7801K, capacity 8382K, committed 8480K, reserved 1048576K
}
Event: 10.428 GC heap before
{Heap before GC invocations=37 (full 0):
 garbage-first heap   total 95232K, used 74950K [0x00000000a0000000, 0x0000000100000000)
  region size 1024K, 19 young (19456K), 2 survivors (2048K)
 Metaspace       used 63256K, capacity 64854K, committed 65104K, reserved 1105920K
  class space    used 7935K, capacity 8517K, committed 8608K, reserved 1048576K
}

