# JRE version: OpenJDK Runtime Environment (11.0.13) (build 11.0.13+0-b1751.21-8125866)
# Java VM: OpenJDK 64-Bit Server VM (11.0.13+0-b1751.21-8125866, mixed mode, tiered, compressed oops, g1 gc, windows-amd64)
Heap:
 garbage-first heap   total 467968K, used 177567K [0x00000000a0000000, 0x0000000100000000)
  region size 1024K, 5 young (5120K), 5 survivors (5120K)
 Metaspace       used 109573K, capacity 112186K, committed 112380K, reserved 1146880K
  class space    used 13371K, capacity 14338K, committed 14412K, reserved 1048576K
GC Heap History (20 events):
Event: 116.049 GC heap after
{Heap after GC invocations=53 (full 0):
 garbage-first heap   total 217088K, used 140481K [0x00000000a0000000, 0x0000000100000000)
  region size 1024K, 2 young (2048K), 2 survivors (2048K)
 Metaspace       used 99190K, capacity 101725K, committed 102396K, reserved 1138688K
  class space    used 12234K, capacity 13141K, committed 13388K, reserved 1048576K
}
Event: 116.079 GC heap before
{Heap before GC invocations=53 (full 0):
 garbage-first heap   total 217088K, used 148673K [0x00000000a0000000, 0x0000000100000000)
  region size 1024K, 10 young (10240K), 2 survivors (2048K)
 Metaspace       used 99224K, capacity 101725K, committed 102396K, reserved 1138688K
  class space    used 12238K, capacity 13141K, committed 13388K, reserved 1048576K
}
Event: 116.081 GC heap after
{Heap after GC invocations=54 (full 0):
 garbage-first heap   total 217088K, used 140980K [0x00000000a0000000, 0x0000000100000000)
  region size 1024K, 1 young (1024K), 1 survivors (1024K)
 Metaspace       used 99224K, capacity 101725K, committed 102396K, reserved 1138688K
  class space    used 12238K, capacity 13141K, committed 13388K, reserved 1048576K
}
Event: 116.179 GC heap before
{Heap before GC invocations=54 (full 0):
 garbage-first heap   total 217088K, used 171700K [0x00000000a0000000, 0x0000000100000000)
  region size 1024K, 32 young (32768K), 1 survivors (1024K)
 Metaspace       used 100072K, capacity 102557K, committed 103164K, reserved 1138688K
  class space    used 12295K, capacity 13205K, committed 13388K, reserved 1048576K
}
Event: 116.183 GC heap after
{Heap after GC invocations=55 (full 0):
 garbage-first heap   total 217088K, used 143959K [0x00000000a0000000, 0x0000000100000000)
  region size 1024K, 4 young (4096K), 4 survivors (4096K)
 Metaspace       used 100072K, capacity 102557K, committed 103164K, reserved 1138688K
  class space    used 12295K, capacity 13205K, committed 13388K, reserved 1048576K
}
Event: 116.457 GC heap before
{Heap before GC invocations=55 (full 0):
 garbage-first heap   total 217088K, used 166487K [0x00000000a0000000, 0x0000000100000000)
  region size 1024K, 35 young (35840K), 4 survivors (4096K)
 Metaspace       used 100375K, capacity 102877K, committed 103420K, reserved 1138688K
  class space    used 12312K, capacity 13205K, committed 13388K, reserved 1048576K
}
Event: 116.465 GC heap after
{Heap after GC invocations=56 (full 0):
 garbage-first heap   total 217088K, used 138326K [0x00000000a0000000, 0x0000000100000000)
  region size 1024K, 3 young (3072K), 3 survivors (3072K)
 Metaspace       used 100375K, capacity 102877K, committed 103420K, reserved 1138688K
  class space    used 12312K, capacity 13205K, committed 13388K, reserved 1048576K
}
Event: 116.619 GC heap before
{Heap before GC invocations=57 (full 0):
 garbage-first heap   total 217088K, used 173142K [0x00000000a0000000, 0x0000000100000000)
  region size 1024K, 38 young (38912K), 3 survivors (3072K)
 Metaspace       used 100642K, capacity 103135K, committed 103676K, reserved 1140736K
  class space    used 12320K, capacity 13205K, committed 13388K, reserved 1048576K
}
Event: 116.623 GC heap after
{Heap after GC invocations=58 (full 0):
 garbage-first heap   total 217088K, used 139915K [0x00000000a0000000, 0x0000000100000000)
  region size 1024K, 5 young (5120K), 5 survivors (5120K)
 Metaspace       used 100642K, capacity 103135K, committed 103676K, reserved 1140736K
  class space    used 12320K, capacity 13205K, committed 13388K, reserved 1048576K
}
Event: 116.642 GC heap before
{Heap before GC invocations=58 (full 0):
 garbage-first heap   total 217088K, used 144011K [0x00000000a0000000, 0x0000000100000000)
  region size 1024K, 10 young (10240K), 5 survivors (5120K)
 Metaspace       used 100665K, capacity 103136K, committed 103676K, reserved 1140736K
  class space    used 12320K, capacity 13205K, committed 13388K, reserved 1048576K
}
Event: 116.654 GC heap after
{Heap after GC invocations=59 (full 0):
 garbage-first heap   total 299008K, used 129662K [0x00000000a0000000, 0x0000000100000000)
  region size 1024K, 1 young (1024K), 1 survivors (1024K)
 Metaspace       used 100665K, capacity 103136K, committed 103676K, reserved 1140736K
  class space    used 12320K, capacity 13205K, committed 13388K, reserved 1048576K
}
Event: 117.193 GC heap before
{Heap before GC invocations=59 (full 0):
 garbage-first heap   total 299008K, used 205438K [0x00000000a0000000, 0x0000000100000000)
  region size 1024K, 76 young (77824K), 1 survivors (1024K)
 Metaspace       used 101364K, capacity 103820K, committed 104316K, reserved 1140736K
  class space    used 12386K, capacity 13282K, committed 13516K, reserved 1048576K
}
Event: 117.201 GC heap after
{Heap after GC invocations=60 (full 0):
 garbage-first heap   total 299008K, used 133845K [0x00000000a0000000, 0x0000000100000000)
  region size 1024K, 5 young (5120K), 5 survivors (5120K)
 Metaspace       used 101364K, capacity 103820K, committed 104316K, reserved 1140736K
  class space    used 12386K, capacity 13282K, committed 13516K, reserved 1048576K
}
Event: 117.867 GC heap before
{Heap before GC invocations=60 (full 0):
 garbage-first heap   total 299008K, used 214741K [0x00000000a0000000, 0x0000000100000000)
  region size 1024K, 83 young (84992K), 5 survivors (5120K)
 Metaspace       used 103171K, capacity 105595K, committed 106108K, reserved 1142784K
  class space    used 12618K, capacity 13509K, committed 13772K, reserved 1048576K
}
Event: 117.872 GC heap after
{Heap after GC invocations=61 (full 0):
 garbage-first heap   total 299008K, used 133880K [0x00000000a0000000, 0x0000000100000000)
  region size 1024K, 5 young (5120K), 5 survivors (5120K)
 Metaspace       used 103171K, capacity 105595K, committed 106108K, reserved 1142784K
  class space    used 12618K, capacity 13509K, committed 13772K, reserved 1048576K
}
Event: 118.356 GC heap before
{Heap before GC invocations=61 (full 0):
 garbage-first heap   total 299008K, used 220920K [0x00000000a0000000, 0x0000000100000000)
  region size 1024K, 91 young (93184K), 5 survivors (5120K)
 Metaspace       used 105615K, capacity 108048K, committed 108668K, reserved 1144832K
  class space    used 12878K, capacity 13774K, committed 14028K, reserved 1048576K
}
Event: 118.367 GC heap after
{Heap after GC invocations=62 (full 0):
 garbage-first heap   total 299008K, used 139599K [0x00000000a0000000, 0x0000000100000000)
  region size 1024K, 11 young (11264K), 11 survivors (11264K)
 Metaspace       used 105615K, capacity 108048K, committed 108668K, reserved 1144832K
  class space    used 12878K, capacity 13774K, committed 14028K, reserved 1048576K
}
Event: 118.796 GC heap before
{Heap before GC invocations=62 (full 0):
 garbage-first heap   total 299008K, used 238927K [0x00000000a0000000, 0x0000000100000000)
  region size 1024K, 97 young (99328K), 11 survivors (11264K)
 Metaspace       used 106614K, capacity 109218K, committed 109564K, reserved 1144832K
  class space    used 12997K, capacity 13972K, committed 14156K, reserved 1048576K
}
Event: 118.824 GC heap after
{Heap after GC invocations=63 (full 0):
 garbage-first heap   total 299008K, used 162889K [0x00000000a0000000, 0x0000000100000000)
  region size 1024K, 13 young (13312K), 13 survivors (13312K)
 Metaspace       used 106614K, capacity 109218K, committed 109564K, reserved 1144832K
  class space    used 12997K, capacity 13972K, committed 14156K, reserved 1048576K
}
Event: 119.080 GC heap before
{Heap before GC invocations=63 (full 0):
 garbage-first heap   total 299008K, used 207945K [0x00000000a0000000, 0x0000000100000000)
  region size 1024K, 38 young (38912K), 13 survivors (13312K)
 Metaspace       used 109573K, capacity 112186K, committed 112380K, reserved 1146880K
  class space    used 13371K, capacity 14338K, committed 14412K, reserved 1048576K
}

